[ 2017-05-05T10:22:16+08:00 ] ::1 /school/index.php/Home/Users/user_show
INFO: [ app_init ] --START--
INFO: Run Behavior\BuildLiteBehavior [ RunTime:0.000089s ]
INFO: [ app_init ] --END-- [ RunTime:0.038006s ]
INFO: [ app_begin ] --START--
INFO: Run Behavior\ReadHtmlCacheBehavior [ RunTime:0.060259s ]
INFO: [ app_begin ] --END-- [ RunTime:0.060701s ]
INFO: [ view_parse ] --START--
INFO: [ template_filter ] --START--
INFO: Run Behavior\ContentReplaceBehavior [ RunTime:0.000449s ]
INFO: [ template_filter ] --END-- [ RunTime:0.000635s ]
NOTIC: [8] Undefined variable: sch_data G:\htdocs\school\Application\Runtime\Cache\Home\2f4a68bea95a835f51869101ab6d5f95.php 第 126 行.
NOTIC: [8] Undefined variable: page G:\htdocs\school\Application\Runtime\Cache\Home\2f4a68bea95a835f51869101ab6d5f95.php 第 168 行.
INFO: Run Behavior\ParseTemplateBehavior [ RunTime:0.542408s ]
INFO: [ view_parse ] --END-- [ RunTime:0.542650s ]
INFO: [ view_filter ] --START--
INFO: Run Behavior\WriteHtmlCacheBehavior [ RunTime:0.035569s ]
INFO: [ view_filter ] --END-- [ RunTime:0.035725s ]
INFO: [ app_end ] --START--
INFO: Run Behavior\ShowPageTraceBehavior [ RunTime:0.030206s ]
INFO: [ app_end ] --END-- [ RunTime:0.030420s ]

[ 2017-05-05T10:22:18+08:00 ] ::1 /school/index.php/Home/Users/avatar1.png
INFO: [ app_init ] --START--
INFO: Run Behavior\BuildLiteBehavior [ RunTime:0.000048s ]
INFO: [ app_init ] --END-- [ RunTime:0.001201s ]

[ 2017-05-05T10:22:19+08:00 ] ::1 /school/index.php/Home/Users/person_hover.png
INFO: [ app_init ] --START--
INFO: Run Behavior\BuildLiteBehavior [ RunTime:0.000065s ]
INFO: [ app_init ] --END-- [ RunTime:0.001602s ]

[ 2017-05-05T10:22:57+08:00 ] ::1 /school/index.php/Home/Users/user_show
INFO: [ app_init ] --START--
INFO: Run Behavior\BuildLiteBehavior [ RunTime:0.000050s ]
INFO: [ app_init ] --END-- [ RunTime:0.001206s ]
INFO: [ app_begin ] --START--
INFO: Run Behavior\ReadHtmlCacheBehavior [ RunTime:0.001271s ]
INFO: [ app_begin ] --END-- [ RunTime:0.001457s ]
INFO: [ view_parse ] --START--
INFO: [ template_filter ] --START--
INFO: Run Behavior\ContentReplaceBehavior [ RunTime:0.000433s ]
INFO: [ template_filter ] --END-- [ RunTime:0.000624s ]
NOTIC: [8] Undefined variable: sch_data G:\htdocs\school\Application\Runtime\Cache\Home\2f4a68bea95a835f51869101ab6d5f95.php 第 126 行.
NOTIC: [8] Undefined variable: page G:\htdocs\school\Application\Runtime\Cache\Home\2f4a68bea95a835f51869101ab6d5f95.php 第 168 行.
INFO: Run Behavior\ParseTemplateBehavior [ RunTime:0.207540s ]
INFO: [ view_parse ] --END-- [ RunTime:0.207776s ]
INFO: [ view_filter ] --START--
INFO: Run Behavior\WriteHtmlCacheBehavior [ RunTime:0.001136s ]
INFO: [ view_filter ] --END-- [ RunTime:0.001361s ]
INFO: [ app_end ] --START--
INFO: Run Behavior\ShowPageTraceBehavior [ RunTime:0.001927s ]
INFO: [ app_end ] --END-- [ RunTime:0.002242s ]

[ 2017-05-05T10:22:58+08:00 ] ::1 /school/index.php/Home/Users/avatar1.png
INFO: [ app_init ] --START--
INFO: Run Behavior\BuildLiteBehavior [ RunTime:0.000069s ]
INFO: [ app_init ] --END-- [ RunTime:0.001506s ]

[ 2017-05-05T10:22:59+08:00 ] ::1 /school/index.php/Home/Users/person_hover.png
INFO: [ app_init ] --START--
INFO: Run Behavior\BuildLiteBehavior [ RunTime:0.000072s ]
INFO: [ app_init ] --END-- [ RunTime:0.001470s ]

[ 2017-05-05T10:23:26+08:00 ] ::1 /school/index.php/Home/Users/user_show
INFO: [ app_init ] --START--
INFO: Run Behavior\BuildLiteBehavior [ RunTime:0.000062s ]
INFO: [ app_init ] --END-- [ RunTime:0.001059s ]
INFO: [ app_begin ] --START--
INFO: Run Behavior\ReadHtmlCacheBehavior [ RunTime:0.001453s ]
INFO: [ app_begin ] --END-- [ RunTime:0.001684s ]
INFO: [ view_parse ] --START--
INFO: [ template_filter ] --START--
INFO: Run Behavior\ContentReplaceBehavior [ RunTime:0.000971s ]
INFO: [ template_filter ] --END-- [ RunTime:0.001293s ]
NOTIC: [8] Undefined variable: sch_data G:\htdocs\school\Application\Runtime\Cache\Home\2f4a68bea95a835f51869101ab6d5f95.php 第 126 行.
NOTIC: [8] Undefined variable: page G:\htdocs\school\Application\Runtime\Cache\Home\2f4a68bea95a835f51869101ab6d5f95.php 第 168 行.
INFO: Run Behavior\ParseTemplateBehavior [ RunTime:0.234560s ]
INFO: [ view_parse ] --END-- [ RunTime:0.234729s ]
INFO: [ view_filter ] --START--
INFO: Run Behavior\WriteHtmlCacheBehavior [ RunTime:0.000620s ]
INFO: [ view_filter ] --END-- [ RunTime:0.000764s ]
INFO: [ app_end ] --START--
INFO: Run Behavior\ShowPageTraceBehavior [ RunTime:0.001662s ]
INFO: [ app_end ] --END-- [ RunTime:0.001900s ]

[ 2017-05-05T10:23:26+08:00 ] ::1 /school/index.php/Home/Users/avatar1.png
INFO: [ app_init ] --START--
INFO: Run Behavior\BuildLiteBehavior [ RunTime:0.000064s ]
INFO: [ app_init ] --END-- [ RunTime:0.001593s ]

[ 2017-05-05T10:23:27+08:00 ] ::1 /school/index.php/Home/Users/person_hover.png
INFO: [ app_init ] --START--
INFO: Run Behavior\BuildLiteBehavior [ RunTime:0.000048s ]
INFO: [ app_init ] --END-- [ RunTime:0.001118s ]

[ 2017-05-05T10:45:26+08:00 ] ::1 /school/index.php/Home/Users/user_show
INFO: [ app_init ] --START--
INFO: Run Behavior\BuildLiteBehavior [ RunTime:0.000066s ]
INFO: [ app_init ] --END-- [ RunTime:0.001605s ]
INFO: [ app_begin ] --START--
INFO: Run Behavior\ReadHtmlCacheBehavior [ RunTime:0.002761s ]
INFO: [ app_begin ] --END-- [ RunTime:0.003094s ]

[ 2017-05-05T10:45:55+08:00 ] ::1 /school/index.php/Home/Users/user_show
INFO: [ app_init ] --START--
INFO: Run Behavior\BuildLiteBehavior [ RunTime:0.000062s ]
INFO: [ app_init ] --END-- [ RunTime:0.001346s ]
INFO: [ app_begin ] --START--
INFO: Run Behavior\ReadHtmlCacheBehavior [ RunTime:0.001153s ]
INFO: [ app_begin ] --END-- [ RunTime:0.001325s ]
SQL: SHOW COLUMNS FROM `users` [ RunTime:0.0554s ]
SQL: SELECT * FROM `users` WHERE `u_account` = 123 LIMIT 1   [ RunTime:0.0021s ]
SQL: SHOW COLUMNS FROM `areas` [ RunTime:0.0400s ]
SQL: SELECT * FROM `areas` WHERE `a_pid` = 0  [ RunTime:0.0020s ]
INFO: [ view_parse ] --START--
INFO: [ template_filter ] --START--
INFO: Run Behavior\ContentReplaceBehavior [ RunTime:0.000467s ]
INFO: [ template_filter ] --END-- [ RunTime:0.000656s ]
NOTIC: [8] Undefined variable: sch_id G:\htdocs\school\Application\Runtime\Cache\Home\2f4a68bea95a835f51869101ab6d5f95.php 第 127 行.
NOTIC: [8] Undefined variable: page G:\htdocs\school\Application\Runtime\Cache\Home\2f4a68bea95a835f51869101ab6d5f95.php 第 168 行.
INFO: Run Behavior\ParseTemplateBehavior [ RunTime:0.213528s ]
INFO: [ view_parse ] --END-- [ RunTime:0.213712s ]
INFO: [ view_filter ] --START--
INFO: Run Behavior\WriteHtmlCacheBehavior [ RunTime:0.000879s ]
INFO: [ view_filter ] --END-- [ RunTime:0.001124s ]
INFO: [ app_end ] --START--
INFO: Run Behavior\ShowPageTraceBehavior [ RunTime:0.002095s ]
INFO: [ app_end ] --END-- [ RunTime:0.002381s ]

[ 2017-05-05T10:45:55+08:00 ] ::1 /school/index.php/Home/Users/avatar1.png
INFO: [ app_init ] --START--
INFO: Run Behavior\BuildLiteBehavior [ RunTime:0.000071s ]
INFO: [ app_init ] --END-- [ RunTime:0.001427s ]

[ 2017-05-05T10:45:56+08:00 ] ::1 /school/index.php/Home/Users/person_hover.png
INFO: [ app_init ] --START--
INFO: Run Behavior\BuildLiteBehavior [ RunTime:0.000044s ]
INFO: [ app_init ] --END-- [ RunTime:0.001012s ]

[ 2017-05-05T10:47:54+08:00 ] ::1 /school/index.php/Home/Users/user_show
INFO: [ app_init ] --START--
INFO: Run Behavior\BuildLiteBehavior [ RunTime:0.000046s ]
INFO: [ app_init ] --END-- [ RunTime:0.001216s ]
INFO: [ app_begin ] --START--
INFO: Run Behavior\ReadHtmlCacheBehavior [ RunTime:0.001672s ]
INFO: [ app_begin ] --END-- [ RunTime:0.001891s ]
SQL: SHOW COLUMNS FROM `users` [ RunTime:0.0467s ]
SQL: SELECT * FROM `users` WHERE `u_account` = 123 LIMIT 1   [ RunTime:0.0021s ]
SQL: SHOW COLUMNS FROM `areas` [ RunTime:0.0344s ]
SQL: SELECT * FROM `areas` WHERE `a_pid` = 0  [ RunTime:0.0019s ]
INFO: [ view_parse ] --START--
INFO: [ template_filter ] --START--
INFO: Run Behavior\ContentReplaceBehavior [ RunTime:0.000458s ]
INFO: [ template_filter ] --END-- [ RunTime:0.000641s ]
NOTIC: [8] Undefined variable: sch_id G:\htdocs\school\Application\Runtime\Cache\Home\2f4a68bea95a835f51869101ab6d5f95.php 第 127 行.
NOTIC: [8] Undefined variable: page G:\htdocs\school\Application\Runtime\Cache\Home\2f4a68bea95a835f51869101ab6d5f95.php 第 168 行.
INFO: Run Behavior\ParseTemplateBehavior [ RunTime:0.173450s ]
INFO: [ view_parse ] --END-- [ RunTime:0.173663s ]
INFO: [ view_filter ] --START--
INFO: Run Behavior\WriteHtmlCacheBehavior [ RunTime:0.000787s ]
INFO: [ view_filter ] --END-- [ RunTime:0.000929s ]
INFO: [ app_end ] --START--
INFO: Run Behavior\ShowPageTraceBehavior [ RunTime:0.001993s ]
INFO: [ app_end ] --END-- [ RunTime:0.002271s ]

[ 2017-05-05T10:47:54+08:00 ] ::1 /school/index.php/Home/Users/avatar1.png
INFO: [ app_init ] --START--
INFO: Run Behavior\BuildLiteBehavior [ RunTime:0.000074s ]
INFO: [ app_init ] --END-- [ RunTime:0.001505s ]

[ 2017-05-05T10:47:55+08:00 ] ::1 /school/index.php/Home/Users/person_hover.png
INFO: [ app_init ] --START--
INFO: Run Behavior\BuildLiteBehavior [ RunTime:0.000064s ]
INFO: [ app_init ] --END-- [ RunTime:0.001068s ]

[ 2017-05-05T10:49:01+08:00 ] ::1 /school/index.php/Home/Users/user_show
INFO: [ app_init ] --START--
INFO: Run Behavior\BuildLiteBehavior [ RunTime:0.000047s ]
INFO: [ app_init ] --END-- [ RunTime:0.001156s ]
INFO: [ app_begin ] --START--
INFO: Run Behavior\ReadHtmlCacheBehavior [ RunTime:0.001197s ]
INFO: [ app_begin ] --END-- [ RunTime:0.001372s ]
SQL: SHOW COLUMNS FROM `users` [ RunTime:0.0636s ]
SQL: SELECT * FROM `users` WHERE `u_account` = 123 LIMIT 1   [ RunTime:0.0023s ]
SQL: SHOW COLUMNS FROM `areas` [ RunTime:0.0549s ]
SQL: SELECT * FROM `areas` WHERE `a_pid` = 0  [ RunTime:0.0022s ]
INFO: [ view_parse ] --START--
INFO: [ template_filter ] --START--
INFO: Run Behavior\ContentReplaceBehavior [ RunTime:0.001467s ]
INFO: [ template_filter ] --END-- [ RunTime:0.001800s ]
NOTIC: [8] Undefined variable: sch_id G:\htdocs\school\Application\Runtime\Cache\Home\2f4a68bea95a835f51869101ab6d5f95.php 第 127 行.
NOTIC: [8] Undefined variable: page G:\htdocs\school\Application\Runtime\Cache\Home\2f4a68bea95a835f51869101ab6d5f95.php 第 168 行.
INFO: Run Behavior\ParseTemplateBehavior [ RunTime:0.204140s ]
INFO: [ view_parse ] --END-- [ RunTime:0.204332s ]
INFO: [ view_filter ] --START--
INFO: Run Behavior\WriteHtmlCacheBehavior [ RunTime:0.001266s ]
INFO: [ view_filter ] --END-- [ RunTime:0.001477s ]
INFO: [ app_end ] --START--
INFO: Run Behavior\ShowPageTraceBehavior [ RunTime:0.003195s ]
INFO: [ app_end ] --END-- [ RunTime:0.003497s ]

[ 2017-05-05T10:49:01+08:00 ] ::1 /school/index.php/Home/Users/avatar1.png
INFO: [ app_init ] --START--
INFO: Run Behavior\BuildLiteBehavior [ RunTime:0.000069s ]
INFO: [ app_init ] --END-- [ RunTime:0.001501s ]

[ 2017-05-05T10:49:02+08:00 ] ::1 /school/index.php/Home/Users/person_hover.png
INFO: [ app_init ] --START--
INFO: Run Behavior\BuildLiteBehavior [ RunTime:0.000044s ]
INFO: [ app_init ] --END-- [ RunTime:0.000995s ]

[ 2017-05-05T10:49:19+08:00 ] ::1 /school/index.php/Home/Users/user_show
INFO: [ app_init ] --START--
INFO: Run Behavior\BuildLiteBehavior [ RunTime:0.000072s ]
INFO: [ app_init ] --END-- [ RunTime:0.002279s ]
INFO: [ app_begin ] --START--
INFO: Run Behavior\ReadHtmlCacheBehavior [ RunTime:0.002131s ]
INFO: [ app_begin ] --END-- [ RunTime:0.002746s ]
SQL: SHOW COLUMNS FROM `users` [ RunTime:0.0589s ]
SQL: SELECT * FROM `users` WHERE `u_account` = 123 LIMIT 1   [ RunTime:0.0023s ]
SQL: SHOW COLUMNS FROM `areas` [ RunTime:0.0384s ]
SQL: SELECT * FROM `areas` WHERE `a_pid` = 0  [ RunTime:0.0023s ]
INFO: [ view_parse ] --START--
INFO: [ template_filter ] --START--
INFO: Run Behavior\ContentReplaceBehavior [ RunTime:0.000518s ]
INFO: [ template_filter ] --END-- [ RunTime:0.000711s ]
NOTIC: [8] Undefined variable: sch_id G:\htdocs\school\Application\Runtime\Cache\Home\2f4a68bea95a835f51869101ab6d5f95.php 第 127 行.
NOTIC: [8] Undefined variable: page G:\htdocs\school\Application\Runtime\Cache\Home\2f4a68bea95a835f51869101ab6d5f95.php 第 168 行.
INFO: Run Behavior\ParseTemplateBehavior [ RunTime:0.177393s ]
INFO: [ view_parse ] --END-- [ RunTime:0.177610s ]
INFO: [ view_filter ] --START--
INFO: Run Behavior\WriteHtmlCacheBehavior [ RunTime:0.000749s ]
INFO: [ view_filter ] --END-- [ RunTime:0.000885s ]
INFO: [ app_end ] --START--
INFO: Run Behavior\ShowPageTraceBehavior [ RunTime:0.001916s ]
INFO: [ app_end ] --END-- [ RunTime:0.002207s ]

[ 2017-05-05T10:49:20+08:00 ] ::1 /school/index.php/Home/Users/avatar1.png
INFO: [ app_init ] --START--
INFO: Run Behavior\BuildLiteBehavior [ RunTime:0.000045s ]
INFO: [ app_init ] --END-- [ RunTime:0.000996s ]

[ 2017-05-05T10:49:21+08:00 ] ::1 /school/index.php/Home/Users/person_hover.png
INFO: [ app_init ] --START--
INFO: Run Behavior\BuildLiteBehavior [ RunTime:0.000044s ]
INFO: [ app_init ] --END-- [ RunTime:0.000983s ]

[ 2017-05-05T10:50:01+08:00 ] ::1 /school/index.php/Home/Users/user_show
INFO: [ app_init ] --START--
INFO: Run Behavior\BuildLiteBehavior [ RunTime:0.000073s ]
INFO: [ app_init ] --END-- [ RunTime:0.001556s ]
INFO: [ app_begin ] --START--
INFO: Run Behavior\ReadHtmlCacheBehavior [ RunTime:0.002340s ]
INFO: [ app_begin ] --END-- [ RunTime:0.002806s ]
SQL: SHOW COLUMNS FROM `users` [ RunTime:0.0602s ]
SQL: SELECT * FROM `users` WHERE `u_account` = 123 LIMIT 1   [ RunTime:0.0022s ]
SQL: SHOW COLUMNS FROM `areas` [ RunTime:0.0543s ]
SQL: SELECT * FROM `areas` WHERE `a_pid` = 1  [ RunTime:0.0022s ]
INFO: [ view_parse ] --START--
INFO: [ template_filter ] --START--
INFO: Run Behavior\ContentReplaceBehavior [ RunTime:0.001057s ]
INFO: [ template_filter ] --END-- [ RunTime:0.001384s ]
NOTIC: [8] Undefined variable: sch_id G:\htdocs\school\Application\Runtime\Cache\Home\2f4a68bea95a835f51869101ab6d5f95.php 第 127 行.
NOTIC: [8] Undefined variable: sch_id G:\htdocs\school\Application\Runtime\Cache\Home\2f4a68bea95a835f51869101ab6d5f95.php 第 127 行.
NOTIC: [8] Undefined variable: sch_id G:\htdocs\school\Application\Runtime\Cache\Home\2f4a68bea95a835f51869101ab6d5f95.php 第 127 行.
NOTIC: [8] Undefined variable: page G:\htdocs\school\Application\Runtime\Cache\Home\2f4a68bea95a835f51869101ab6d5f95.php 第 168 行.
INFO: Run Behavior\ParseTemplateBehavior [ RunTime:0.217188s ]
INFO: [ view_parse ] --END-- [ RunTime:0.217374s ]
INFO: [ view_filter ] --START--
INFO: Run Behavior\WriteHtmlCacheBehavior [ RunTime:0.000694s ]
INFO: [ view_filter ] --END-- [ RunTime:0.000821s ]
INFO: [ app_end ] --START--
INFO: Run Behavior\ShowPageTraceBehavior [ RunTime:0.001749s ]
INFO: [ app_end ] --END-- [ RunTime:0.002011s ]

[ 2017-05-05T10:50:01+08:00 ] ::1 /school/index.php/Home/Users/avatar1.png
INFO: [ app_init ] --START--
INFO: Run Behavior\BuildLiteBehavior [ RunTime:0.000195s ]
INFO: [ app_init ] --END-- [ RunTime:0.001492s ]

[ 2017-05-05T10:50:02+08:00 ] ::1 /school/index.php/Home/Users/person_hover.png
INFO: [ app_init ] --START--
INFO: Run Behavior\BuildLiteBehavior [ RunTime:0.000044s ]
INFO: [ app_init ] --END-- [ RunTime:0.000968s ]

[ 2017-05-05T10:50:07+08:00 ] ::1 /school/index.php/Home/Users/user_show
INFO: [ app_init ] --START--
INFO: Run Behavior\BuildLiteBehavior [ RunTime:0.000045s ]
INFO: [ app_init ] --END-- [ RunTime:0.001010s ]
INFO: [ app_begin ] --START--
INFO: Run Behavior\ReadHtmlCacheBehavior [ RunTime:0.002064s ]
INFO: [ app_begin ] --END-- [ RunTime:0.002295s ]
SQL: SHOW COLUMNS FROM `users` [ RunTime:0.0489s ]
SQL: SELECT * FROM `users` WHERE `u_account` = 123 LIMIT 1   [ RunTime:0.0023s ]
SQL: SHOW COLUMNS FROM `areas` [ RunTime:0.0364s ]
SQL: SELECT * FROM `areas` WHERE `a_pid` = 1  [ RunTime:0.0020s ]
INFO: [ view_parse ] --START--
INFO: [ template_filter ] --START--
INFO: Run Behavior\ContentReplaceBehavior [ RunTime:0.000444s ]
INFO: [ template_filter ] --END-- [ RunTime:0.000628s ]
NOTIC: [8] Undefined variable: sch_id G:\htdocs\school\Application\Runtime\Cache\Home\2f4a68bea95a835f51869101ab6d5f95.php 第 127 行.
NOTIC: [8] Undefined variable: sch_id G:\htdocs\school\Application\Runtime\Cache\Home\2f4a68bea95a835f51869101ab6d5f95.php 第 127 行.
NOTIC: [8] Undefined variable: sch_id G:\htdocs\school\Application\Runtime\Cache\Home\2f4a68bea95a835f51869101ab6d5f95.php 第 127 行.
NOTIC: [8] Undefined variable: page G:\htdocs\school\Application\Runtime\Cache\Home\2f4a68bea95a835f51869101ab6d5f95.php 第 168 行.
INFO: Run Behavior\ParseTemplateBehavior [ RunTime:0.170104s ]
INFO: [ view_parse ] --END-- [ RunTime:0.170276s ]
INFO: [ view_filter ] --START--
INFO: Run Behavior\WriteHtmlCacheBehavior [ RunTime:0.000737s ]
INFO: [ view_filter ] --END-- [ RunTime:0.000878s ]
INFO: [ app_end ] --START--
INFO: Run Behavior\ShowPageTraceBehavior [ RunTime:0.001837s ]
INFO: [ app_end ] --END-- [ RunTime:0.002198s ]

[ 2017-05-05T10:50:07+08:00 ] ::1 /school/index.php/Home/Users/avatar1.png
INFO: [ app_init ] --START--
INFO: Run Behavior\BuildLiteBehavior [ RunTime:0.000074s ]
INFO: [ app_init ] --END-- [ RunTime:0.001657s ]

[ 2017-05-05T10:50:08+08:00 ] ::1 /school/index.php/Home/Users/person_hover.png
INFO: [ app_init ] --START--
INFO: Run Behavior\BuildLiteBehavior [ RunTime:0.000048s ]
INFO: [ app_init ] --END-- [ RunTime:0.001059s ]

[ 2017-05-05T10:51:01+08:00 ] ::1 /school/index.php/Home/Users/user_show
INFO: [ app_init ] --START--
INFO: Run Behavior\BuildLiteBehavior [ RunTime:0.000045s ]
INFO: [ app_init ] --END-- [ RunTime:0.001041s ]
INFO: [ app_begin ] --START--
INFO: Run Behavior\ReadHtmlCacheBehavior [ RunTime:0.001209s ]
INFO: [ app_begin ] --END-- [ RunTime:0.001380s ]
SQL: SHOW COLUMNS FROM `users` [ RunTime:0.0631s ]
SQL: SELECT * FROM `users` WHERE `u_account` = 123 LIMIT 1   [ RunTime:0.0024s ]
SQL: SHOW COLUMNS FROM `areas` [ RunTime:0.0454s ]
SQL: SELECT * FROM `areas` WHERE `a_pid` = 1  [ RunTime:0.0022s ]
INFO: [ view_parse ] --START--
INFO: [ template_filter ] --START--
INFO: Run Behavior\ContentReplaceBehavior [ RunTime:0.000463s ]
INFO: [ template_filter ] --END-- [ RunTime:0.000701s ]
NOTIC: [8] Undefined variable: sch_id G:\htdocs\school\Application\Runtime\Cache\Home\2f4a68bea95a835f51869101ab6d5f95.php 第 127 行.
NOTIC: [8] Undefined variable: sch_id G:\htdocs\school\Application\Runtime\Cache\Home\2f4a68bea95a835f51869101ab6d5f95.php 第 127 行.
NOTIC: [8] Undefined variable: sch_id G:\htdocs\school\Application\Runtime\Cache\Home\2f4a68bea95a835f51869101ab6d5f95.php 第 127 行.
NOTIC: [8] Undefined variable: page G:\htdocs\school\Application\Runtime\Cache\Home\2f4a68bea95a835f51869101ab6d5f95.php 第 168 行.
INFO: Run Behavior\ParseTemplateBehavior [ RunTime:0.250333s ]
INFO: [ view_parse ] --END-- [ RunTime:0.250629s ]
INFO: [ view_filter ] --START--
INFO: Run Behavior\WriteHtmlCacheBehavior [ RunTime:0.000987s ]
INFO: [ view_filter ] --END-- [ RunTime:0.001215s ]
INFO: [ app_end ] --START--
INFO: Run Behavior\ShowPageTraceBehavior [ RunTime:0.001657s ]
INFO: [ app_end ] --END-- [ RunTime:0.001901s ]

[ 2017-05-05T10:51:01+08:00 ] ::1 /school/index.php/Home/Users/avatar1.png
INFO: [ app_init ] --START--
INFO: Run Behavior\BuildLiteBehavior [ RunTime:0.000042s ]
INFO: [ app_init ] --END-- [ RunTime:0.000936s ]

[ 2017-05-05T10:51:01+08:00 ] ::1 /school/index.php/Home/Users/person_hover.png
INFO: [ app_init ] --START--
INFO: Run Behavior\BuildLiteBehavior [ RunTime:0.000058s ]
INFO: [ app_init ] --END-- [ RunTime:0.001289s ]

[ 2017-05-05T10:51:14+08:00 ] ::1 /school/index.php/Home/Users/user_show
INFO: [ app_init ] --START--
INFO: Run Behavior\BuildLiteBehavior [ RunTime:0.000045s ]
INFO: [ app_init ] --END-- [ RunTime:0.001318s ]
INFO: [ app_begin ] --START--
INFO: Run Behavior\ReadHtmlCacheBehavior [ RunTime:0.001329s ]
INFO: [ app_begin ] --END-- [ RunTime:0.001515s ]
SQL: SHOW COLUMNS FROM `users` [ RunTime:0.0487s ]
SQL: SELECT * FROM `users` WHERE `u_account` = 123 LIMIT 1   [ RunTime:0.0019s ]
SQL: SHOW COLUMNS FROM `areas` [ RunTime:0.0353s ]
SQL: SELECT * FROM `areas` WHERE `a_pid` = 1  [ RunTime:0.0022s ]
INFO: [ view_parse ] --START--
INFO: [ template_filter ] --START--
INFO: Run Behavior\ContentReplaceBehavior [ RunTime:0.000444s ]
INFO: [ template_filter ] --END-- [ RunTime:0.000623s ]
NOTIC: [8] Undefined variable: sch_id G:\htdocs\school\Application\Runtime\Cache\Home\2f4a68bea95a835f51869101ab6d5f95.php 第 127 行.
NOTIC: [8] Undefined variable: sch_id G:\htdocs\school\Application\Runtime\Cache\Home\2f4a68bea95a835f51869101ab6d5f95.php 第 127 行.
NOTIC: [8] Undefined variable: sch_id G:\htdocs\school\Application\Runtime\Cache\Home\2f4a68bea95a835f51869101ab6d5f95.php 第 127 行.
NOTIC: [8] Undefined variable: page G:\htdocs\school\Application\Runtime\Cache\Home\2f4a68bea95a835f51869101ab6d5f95.php 第 168 行.
INFO: Run Behavior\ParseTemplateBehavior [ RunTime:0.172073s ]
INFO: [ view_parse ] --END-- [ RunTime:0.172247s ]
INFO: [ view_filter ] --START--
INFO: Run Behavior\WriteHtmlCacheBehavior [ RunTime:0.001169s ]
INFO: [ view_filter ] --END-- [ RunTime:0.001423s ]
INFO: [ app_end ] --START--
INFO: Run Behavior\ShowPageTraceBehavior [ RunTime:0.002244s ]
INFO: [ app_end ] --END-- [ RunTime:0.002578s ]

[ 2017-05-05T10:51:15+08:00 ] ::1 /school/index.php/Home/Users/avatar1.png
INFO: [ app_init ] --START--
INFO: Run Behavior\BuildLiteBehavior [ RunTime:0.000065s ]
INFO: [ app_init ] --END-- [ RunTime:0.001984s ]

[ 2017-05-05T10:51:16+08:00 ] ::1 /school/index.php/Home/Users/person_hover.png
INFO: [ app_init ] --START--
INFO: Run Behavior\BuildLiteBehavior [ RunTime:0.000065s ]
INFO: [ app_init ] --END-- [ RunTime:0.001249s ]

[ 2017-05-05T10:53:02+08:00 ] ::1 /school/index.php/Home/Users/user_show
INFO: [ app_init ] --START--
INFO: Run Behavior\BuildLiteBehavior [ RunTime:0.000055s ]
INFO: [ app_init ] --END-- [ RunTime:0.001827s ]
INFO: [ app_begin ] --START--
INFO: Run Behavior\ReadHtmlCacheBehavior [ RunTime:0.003403s ]
INFO: [ app_begin ] --END-- [ RunTime:0.003863s ]
SQL: SHOW COLUMNS FROM `users` [ RunTime:0.0770s ]
SQL: SELECT * FROM `users` WHERE `u_account` = 123 LIMIT 1   [ RunTime:0.0024s ]

[ 2017-05-05T10:53:27+08:00 ] ::1 /school/index.php/Home/Users/user_show
INFO: [ app_init ] --START--
INFO: Run Behavior\BuildLiteBehavior [ RunTime:0.000070s ]
INFO: [ app_init ] --END-- [ RunTime:0.001406s ]
INFO: [ app_begin ] --START--
INFO: Run Behavior\ReadHtmlCacheBehavior [ RunTime:0.001948s ]
INFO: [ app_begin ] --END-- [ RunTime:0.002218s ]
SQL: SHOW COLUMNS FROM `users` [ RunTime:0.0480s ]
SQL: SELECT * FROM `users` WHERE `u_account` = 123 LIMIT 1   [ RunTime:0.0021s ]
SQL: SHOW COLUMNS FROM `areas` [ RunTime:0.0344s ]
SQL: SELECT * FROM `areas` WHERE `a_pid` = 1  [ RunTime:0.0018s ]

[ 2017-05-05T10:58:00+08:00 ] ::1 /school/index.php/Home/Users/user_show
INFO: [ app_init ] --START--
INFO: Run Behavior\BuildLiteBehavior [ RunTime:0.000097s ]
INFO: [ app_init ] --END-- [ RunTime:0.001737s ]
INFO: [ app_begin ] --START--
INFO: Run Behavior\ReadHtmlCacheBehavior [ RunTime:0.001974s ]
INFO: [ app_begin ] --END-- [ RunTime:0.002258s ]
SQL: SHOW COLUMNS FROM `users` [ RunTime:0.0736s ]
SQL: SELECT * FROM `users` WHERE `u_account` = 123 LIMIT 1   [ RunTime:0.0025s ]
SQL: SHOW COLUMNS FROM `areas` [ RunTime:0.0472s ]
SQL: SELECT * FROM `areas` WHERE `a_pid` = 1  [ RunTime:0.0021s ]
INFO: [ view_parse ] --START--
INFO: [ template_filter ] --START--
INFO: Run Behavior\ContentReplaceBehavior [ RunTime:0.000633s ]
INFO: [ template_filter ] --END-- [ RunTime:0.000911s ]
NOTIC: [8] Undefined variable: user_school G:\htdocs\school\Application\Runtime\Cache\Home\2f4a68bea95a835f51869101ab6d5f95.php 第 125 行.
NOTIC: [8] Undefined variable: sch_id G:\htdocs\school\Application\Runtime\Cache\Home\2f4a68bea95a835f51869101ab6d5f95.php 第 129 行.
NOTIC: [8] Undefined variable: sch_id G:\htdocs\school\Application\Runtime\Cache\Home\2f4a68bea95a835f51869101ab6d5f95.php 第 129 行.
NOTIC: [8] Undefined variable: sch_id G:\htdocs\school\Application\Runtime\Cache\Home\2f4a68bea95a835f51869101ab6d5f95.php 第 129 行.
NOTIC: [8] Undefined variable: page G:\htdocs\school\Application\Runtime\Cache\Home\2f4a68bea95a835f51869101ab6d5f95.php 第 170 行.
INFO: Run Behavior\ParseTemplateBehavior [ RunTime:0.398763s ]
INFO: [ view_parse ] --END-- [ RunTime:0.399040s ]
INFO: [ view_filter ] --START--
INFO: Run Behavior\WriteHtmlCacheBehavior [ RunTime:0.001562s ]
INFO: [ view_filter ] --END-- [ RunTime:0.001773s ]
INFO: [ app_end ] --START--
INFO: Run Behavior\ShowPageTraceBehavior [ RunTime:0.001893s ]
INFO: [ app_end ] --END-- [ RunTime:0.002198s ]

[ 2017-05-05T10:58:00+08:00 ] ::1 /school/index.php/Home/Users/person_hover.png
INFO: [ app_init ] --START--
INFO: Run Behavior\BuildLiteBehavior [ RunTime:0.000074s ]
INFO: [ app_init ] --END-- [ RunTime:0.001638s ]

[ 2017-05-05T10:58:01+08:00 ] ::1 /school/index.php/Home/Users/avatar1.png
INFO: [ app_init ] --START--
INFO: Run Behavior\BuildLiteBehavior [ RunTime:0.000051s ]
INFO: [ app_init ] --END-- [ RunTime:0.001151s ]

[ 2017-05-05T10:58:23+08:00 ] ::1 /school/index.php/Home/Users/user_show
INFO: [ app_init ] --START--
INFO: Run Behavior\BuildLiteBehavior [ RunTime:0.000069s ]
INFO: [ app_init ] --END-- [ RunTime:0.001349s ]
INFO: [ app_begin ] --START--
INFO: Run Behavior\ReadHtmlCacheBehavior [ RunTime:0.001231s ]
INFO: [ app_begin ] --END-- [ RunTime:0.001443s ]
SQL: SHOW COLUMNS FROM `users` [ RunTime:0.0575s ]
SQL: SELECT * FROM `users` WHERE `u_account` = 123 LIMIT 1   [ RunTime:0.0021s ]
SQL: SHOW COLUMNS FROM `areas` [ RunTime:0.0473s ]
SQL: SELECT * FROM `areas` WHERE `a_pid` = 1  [ RunTime:0.0021s ]
INFO: [ view_parse ] --START--
INFO: [ template_filter ] --START--
INFO: Run Behavior\ContentReplaceBehavior [ RunTime:0.000729s ]
INFO: [ template_filter ] --END-- [ RunTime:0.001693s ]
NOTIC: [8] Undefined variable: sch_id G:\htdocs\school\Application\Runtime\Cache\Home\2f4a68bea95a835f51869101ab6d5f95.php 第 129 行.
NOTIC: [8] Undefined variable: sch_id G:\htdocs\school\Application\Runtime\Cache\Home\2f4a68bea95a835f51869101ab6d5f95.php 第 129 行.
NOTIC: [8] Undefined variable: sch_id G:\htdocs\school\Application\Runtime\Cache\Home\2f4a68bea95a835f51869101ab6d5f95.php 第 129 行.
NOTIC: [8] Undefined variable: page G:\htdocs\school\Application\Runtime\Cache\Home\2f4a68bea95a835f51869101ab6d5f95.php 第 170 行.
INFO: Run Behavior\ParseTemplateBehavior [ RunTime:0.235818s ]
INFO: [ view_parse ] --END-- [ RunTime:0.236058s ]
INFO: [ view_filter ] --START--
INFO: Run Behavior\WriteHtmlCacheBehavior [ RunTime:0.001021s ]
INFO: [ view_filter ] --END-- [ RunTime:0.001244s ]
INFO: [ app_end ] --START--
INFO: Run Behavior\ShowPageTraceBehavior [ RunTime:0.001801s ]
INFO: [ app_end ] --END-- [ RunTime:0.002073s ]

[ 2017-05-05T10:58:23+08:00 ] ::1 /school/index.php/Home/Users/avatar1.png
INFO: [ app_init ] --START--
INFO: Run Behavior\BuildLiteBehavior [ RunTime:0.000062s ]
INFO: [ app_init ] --END-- [ RunTime:0.001735s ]

[ 2017-05-05T10:58:24+08:00 ] ::1 /school/index.php/Home/Users/person_hover.png
INFO: [ app_init ] --START--
INFO: Run Behavior\BuildLiteBehavior [ RunTime:0.000047s ]
INFO: [ app_init ] --END-- [ RunTime:0.001031s ]

[ 2017-05-05T10:58:40+08:00 ] ::1 /school/index.php/Home/Users/user_show
INFO: [ app_init ] --START--
INFO: Run Behavior\BuildLiteBehavior [ RunTime:0.000069s ]
INFO: [ app_init ] --END-- [ RunTime:0.001163s ]
INFO: [ app_begin ] --START--
INFO: Run Behavior\ReadHtmlCacheBehavior [ RunTime:0.001266s ]
INFO: [ app_begin ] --END-- [ RunTime:0.001453s ]
SQL: SHOW COLUMNS FROM `users` [ RunTime:0.0757s ]
SQL: SELECT * FROM `users` WHERE `u_account` = 123 LIMIT 1   [ RunTime:0.0040s ]
SQL: SHOW COLUMNS FROM `areas` [ RunTime:0.0419s ]
SQL: SELECT * FROM `areas` WHERE `a_pid` = 1  [ RunTime:0.0019s ]
INFO: [ view_parse ] --START--
INFO: [ template_filter ] --START--
INFO: Run Behavior\ContentReplaceBehavior [ RunTime:0.000534s ]
INFO: [ template_filter ] --END-- [ RunTime:0.000756s ]
NOTIC: [8] Undefined variable: sch_id G:\htdocs\school\Application\Runtime\Cache\Home\2f4a68bea95a835f51869101ab6d5f95.php 第 129 行.
NOTIC: [8] Undefined variable: sch_id G:\htdocs\school\Application\Runtime\Cache\Home\2f4a68bea95a835f51869101ab6d5f95.php 第 129 行.
NOTIC: [8] Undefined variable: sch_id G:\htdocs\school\Application\Runtime\Cache\Home\2f4a68bea95a835f51869101ab6d5f95.php 第 129 行.
NOTIC: [8] Undefined variable: page G:\htdocs\school\Application\Runtime\Cache\Home\2f4a68bea95a835f51869101ab6d5f95.php 第 170 行.
INFO: Run Behavior\ParseTemplateBehavior [ RunTime:0.219366s ]
INFO: [ view_parse ] --END-- [ RunTime:0.219575s ]
INFO: [ view_filter ] --START--
INFO: Run Behavior\WriteHtmlCacheBehavior [ RunTime:0.000961s ]
INFO: [ view_filter ] --END-- [ RunTime:0.001165s ]
INFO: [ app_end ] --START--
INFO: Run Behavior\ShowPageTraceBehavior [ RunTime:0.001669s ]
INFO: [ app_end ] --END-- [ RunTime:0.001887s ]

[ 2017-05-05T10:58:40+08:00 ] ::1 /school/index.php/Home/Users/avatar1.png
INFO: [ app_init ] --START--
INFO: Run Behavior\BuildLiteBehavior [ RunTime:0.000058s ]
INFO: [ app_init ] --END-- [ RunTime:0.001200s ]

[ 2017-05-05T10:58:41+08:00 ] ::1 /school/index.php/Home/Users/person_hover.png
INFO: [ app_init ] --START--
INFO: Run Behavior\BuildLiteBehavior [ RunTime:0.000035s ]
INFO: [ app_init ] --END-- [ RunTime:0.000951s ]

[ 2017-05-05T11:00:18+08:00 ] ::1 /school/index.php/Home/Users/user_show
INFO: [ app_init ] --START--
INFO: Run Behavior\BuildLiteBehavior [ RunTime:0.000081s ]
INFO: [ app_init ] --END-- [ RunTime:0.001801s ]
INFO: [ app_begin ] --START--
INFO: Run Behavior\ReadHtmlCacheBehavior [ RunTime:0.002181s ]
INFO: [ app_begin ] --END-- [ RunTime:0.002479s ]
SQL: SHOW COLUMNS FROM `users` [ RunTime:0.1509s ]
SQL: SELECT * FROM `users` WHERE `u_account` = 123 LIMIT 1   [ RunTime:0.0022s ]
SQL: SHOW COLUMNS FROM `areas` [ RunTime:0.0434s ]
SQL: SELECT * FROM `areas` WHERE `a_pid` = 1  [ RunTime:0.0021s ]
INFO: [ view_parse ] --START--
INFO: [ template_filter ] --START--
INFO: Run Behavior\ContentReplaceBehavior [ RunTime:0.000593s ]
INFO: [ template_filter ] --END-- [ RunTime:0.000850s ]
NOTIC: [8] Undefined variable: page G:\htdocs\school\Application\Runtime\Cache\Home\2f4a68bea95a835f51869101ab6d5f95.php 第 170 行.
INFO: Run Behavior\ParseTemplateBehavior [ RunTime:0.288219s ]
INFO: [ view_parse ] --END-- [ RunTime:0.288445s ]
INFO: [ view_filter ] --START--
INFO: Run Behavior\WriteHtmlCacheBehavior [ RunTime:0.000987s ]
INFO: [ view_filter ] --END-- [ RunTime:0.001168s ]
INFO: [ app_end ] --START--
INFO: Run Behavior\ShowPageTraceBehavior [ RunTime:0.002210s ]
INFO: [ app_end ] --END-- [ RunTime:0.002487s ]

[ 2017-05-05T11:00:18+08:00 ] ::1 /school/index.php/Home/Users/avatar1.png
INFO: [ app_init ] --START--
INFO: Run Behavior\BuildLiteBehavior [ RunTime:0.000062s ]
INFO: [ app_init ] --END-- [ RunTime:0.001290s ]

[ 2017-05-05T11:00:19+08:00 ] ::1 /school/index.php/Home/Users/person_hover.png
INFO: [ app_init ] --START--
INFO: Run Behavior\BuildLiteBehavior [ RunTime:0.000059s ]
INFO: [ app_init ] --END-- [ RunTime:0.001240s ]

[ 2017-05-05T11:00:38+08:00 ] ::1 /school/index.php/Home/Users/user_show
INFO: [ app_init ] --START--
INFO: Run Behavior\BuildLiteBehavior [ RunTime:0.000049s ]
INFO: [ app_init ] --END-- [ RunTime:0.001112s ]
INFO: [ app_begin ] --START--
INFO: Run Behavior\ReadHtmlCacheBehavior [ RunTime:0.001287s ]
INFO: [ app_begin ] --END-- [ RunTime:0.001485s ]
SQL: SHOW COLUMNS FROM `users` [ RunTime:0.5492s ]
SQL: SELECT * FROM `users` WHERE `u_account` = 123 LIMIT 1   [ RunTime:0.0026s ]
SQL: SHOW COLUMNS FROM `areas` [ RunTime:0.0587s ]
SQL: SELECT * FROM `areas` WHERE `a_pid` = 1  [ RunTime:0.0020s ]
INFO: [ view_parse ] --START--
INFO: [ template_filter ] --START--
INFO: Run Behavior\ContentReplaceBehavior [ RunTime:0.000469s ]
INFO: [ template_filter ] --END-- [ RunTime:0.000663s ]
NOTIC: [8] Undefined variable: page G:\htdocs\school\Application\Runtime\Cache\Home\2f4a68bea95a835f51869101ab6d5f95.php 第 170 行.
INFO: Run Behavior\ParseTemplateBehavior [ RunTime:0.211551s ]
INFO: [ view_parse ] --END-- [ RunTime:0.213554s ]
INFO: [ view_filter ] --START--
INFO: Run Behavior\WriteHtmlCacheBehavior [ RunTime:0.001188s ]
INFO: [ view_filter ] --END-- [ RunTime:0.001463s ]
INFO: [ app_end ] --START--
INFO: Run Behavior\ShowPageTraceBehavior [ RunTime:0.002268s ]
INFO: [ app_end ] --END-- [ RunTime:0.002635s ]

[ 2017-05-05T11:00:38+08:00 ] ::1 /school/index.php/Home/Users/avatar1.png
INFO: [ app_init ] --START--
INFO: Run Behavior\BuildLiteBehavior [ RunTime:0.000073s ]
INFO: [ app_init ] --END-- [ RunTime:0.002885s ]

[ 2017-05-05T11:00:39+08:00 ] ::1 /school/index.php/Home/Users/person_hover.png
INFO: [ app_init ] --START--
INFO: Run Behavior\BuildLiteBehavior [ RunTime:0.000056s ]
INFO: [ app_init ] --END-- [ RunTime:0.001666s ]

[ 2017-05-05T11:02:03+08:00 ] ::1 /school/index.php/Home/Users/user_show
INFO: [ app_init ] --START--
INFO: Run Behavior\BuildLiteBehavior [ RunTime:0.000090s ]
INFO: [ app_init ] --END-- [ RunTime:0.002752s ]
INFO: [ app_begin ] --START--
INFO: Run Behavior\ReadHtmlCacheBehavior [ RunTime:0.001422s ]
INFO: [ app_begin ] --END-- [ RunTime:0.001691s ]
SQL: SHOW COLUMNS FROM `users` [ RunTime:0.0556s ]
SQL: SELECT * FROM `users` WHERE `u_account` = 123 LIMIT 1   [ RunTime:0.0020s ]
SQL: SHOW COLUMNS FROM `areas` [ RunTime:0.0473s ]
SQL: SELECT * FROM `areas` WHERE `a_pid` = 1  [ RunTime:0.0020s ]
INFO: [ view_parse ] --START--
INFO: [ template_filter ] --START--
INFO: Run Behavior\ContentReplaceBehavior [ RunTime:0.000922s ]
INFO: [ template_filter ] --END-- [ RunTime:0.001629s ]
NOTIC: [8] Undefined variable: sch G:\htdocs\school\Application\Runtime\Cache\Home\2f4a68bea95a835f51869101ab6d5f95.php 第 129 行.
NOTIC: [8] Undefined variable: sch G:\htdocs\school\Application\Runtime\Cache\Home\2f4a68bea95a835f51869101ab6d5f95.php 第 129 行.
NOTIC: [8] Undefined variable: sch G:\htdocs\school\Application\Runtime\Cache\Home\2f4a68bea95a835f51869101ab6d5f95.php 第 129 行.
NOTIC: [8] Undefined variable: page G:\htdocs\school\Application\Runtime\Cache\Home\2f4a68bea95a835f51869101ab6d5f95.php 第 170 行.
INFO: Run Behavior\ParseTemplateBehavior [ RunTime:0.225396s ]
INFO: [ view_parse ] --END-- [ RunTime:0.225646s ]
INFO: [ view_filter ] --START--
INFO: Run Behavior\WriteHtmlCacheBehavior [ RunTime:0.000982s ]
INFO: [ view_filter ] --END-- [ RunTime:0.001200s ]
INFO: [ app_end ] --START--
INFO: Run Behavior\ShowPageTraceBehavior [ RunTime:0.002037s ]
INFO: [ app_end ] --END-- [ RunTime:0.002325s ]

[ 2017-05-05T11:02:03+08:00 ] ::1 /school/index.php/Home/Users/avatar1.png
INFO: [ app_init ] --START--
INFO: Run Behavior\BuildLiteBehavior [ RunTime:0.000046s ]
INFO: [ app_init ] --END-- [ RunTime:0.001120s ]

[ 2017-05-05T11:02:04+08:00 ] ::1 /school/index.php/Home/Users/person_hover.png
INFO: [ app_init ] --START--
INFO: Run Behavior\BuildLiteBehavior [ RunTime:0.000106s ]
INFO: [ app_init ] --END-- [ RunTime:0.001320s ]

[ 2017-05-05T11:02:17+08:00 ] ::1 /school/index.php/Home/Users/user_show
INFO: [ app_init ] --START--
INFO: Run Behavior\BuildLiteBehavior [ RunTime:0.000043s ]
INFO: [ app_init ] --END-- [ RunTime:0.000963s ]
INFO: [ app_begin ] --START--
INFO: Run Behavior\ReadHtmlCacheBehavior [ RunTime:0.001256s ]
INFO: [ app_begin ] --END-- [ RunTime:0.001440s ]
SQL: SHOW COLUMNS FROM `users` [ RunTime:0.0644s ]
SQL: SELECT * FROM `users` WHERE `u_account` = 123 LIMIT 1   [ RunTime:0.0023s ]
SQL: SHOW COLUMNS FROM `areas` [ RunTime:0.0410s ]
SQL: SELECT * FROM `areas` WHERE `a_pid` = 1  [ RunTime:0.0022s ]
INFO: [ view_parse ] --START--
INFO: [ template_filter ] --START--
INFO: Run Behavior\ContentReplaceBehavior [ RunTime:0.000443s ]
INFO: [ template_filter ] --END-- [ RunTime:0.000637s ]
NOTIC: [8] Undefined variable: page G:\htdocs\school\Application\Runtime\Cache\Home\2f4a68bea95a835f51869101ab6d5f95.php 第 170 行.
INFO: Run Behavior\ParseTemplateBehavior [ RunTime:0.198988s ]
INFO: [ view_parse ] --END-- [ RunTime:0.199191s ]
INFO: [ view_filter ] --START--
INFO: Run Behavior\WriteHtmlCacheBehavior [ RunTime:0.000799s ]
INFO: [ view_filter ] --END-- [ RunTime:0.000959s ]
INFO: [ app_end ] --START--
INFO: Run Behavior\ShowPageTraceBehavior [ RunTime:0.002384s ]
INFO: [ app_end ] --END-- [ RunTime:0.002703s ]

[ 2017-05-05T11:02:17+08:00 ] ::1 /school/index.php/Home/Users/avatar1.png
INFO: [ app_init ] --START--
INFO: Run Behavior\BuildLiteBehavior [ RunTime:0.000059s ]
INFO: [ app_init ] --END-- [ RunTime:0.001260s ]

[ 2017-05-05T11:02:18+08:00 ] ::1 /school/index.php/Home/Users/person_hover.png
INFO: [ app_init ] --START--
INFO: Run Behavior\BuildLiteBehavior [ RunTime:0.000047s ]
INFO: [ app_init ] --END-- [ RunTime:0.001132s ]

[ 2017-05-05T11:02:50+08:00 ] ::1 /school/index.php/Home/Users/user_show
INFO: [ app_init ] --START--
INFO: Run Behavior\BuildLiteBehavior [ RunTime:0.000044s ]
INFO: [ app_init ] --END-- [ RunTime:0.000983s ]
INFO: [ app_begin ] --START--
INFO: Run Behavior\ReadHtmlCacheBehavior [ RunTime:0.001380s ]
INFO: [ app_begin ] --END-- [ RunTime:0.001560s ]
SQL: SHOW COLUMNS FROM `users` [ RunTime:0.0548s ]
SQL: SELECT * FROM `users` WHERE `u_account` = 123 LIMIT 1   [ RunTime:0.0023s ]
SQL: SHOW COLUMNS FROM `areas` [ RunTime:0.0447s ]
SQL: SELECT * FROM `areas` WHERE `a_pid` = 1  [ RunTime:0.0019s ]
INFO: [ view_parse ] --START--
INFO: [ template_filter ] --START--
INFO: Run Behavior\ContentReplaceBehavior [ RunTime:0.000710s ]
INFO: [ template_filter ] --END-- [ RunTime:0.001176s ]
NOTIC: [8] Undefined variable: page G:\htdocs\school\Application\Runtime\Cache\Home\2f4a68bea95a835f51869101ab6d5f95.php 第 170 行.
INFO: Run Behavior\ParseTemplateBehavior [ RunTime:0.220077s ]
INFO: [ view_parse ] --END-- [ RunTime:0.220354s ]
INFO: [ view_filter ] --START--
INFO: Run Behavior\WriteHtmlCacheBehavior [ RunTime:0.001106s ]
INFO: [ view_filter ] --END-- [ RunTime:0.001311s ]
INFO: [ app_end ] --START--
INFO: Run Behavior\ShowPageTraceBehavior [ RunTime:0.002027s ]
INFO: [ app_end ] --END-- [ RunTime:0.002260s ]

[ 2017-05-05T11:02:50+08:00 ] ::1 /school/index.php/Home/Users/avatar1.png
INFO: [ app_init ] --START--
INFO: Run Behavior\BuildLiteBehavior [ RunTime:0.000048s ]
INFO: [ app_init ] --END-- [ RunTime:0.001033s ]

[ 2017-05-05T11:02:51+08:00 ] ::1 /school/index.php/Home/Users/person_hover.png
INFO: [ app_init ] --START--
INFO: Run Behavior\BuildLiteBehavior [ RunTime:0.000042s ]
INFO: [ app_init ] --END-- [ RunTime:0.001122s ]

[ 2017-05-05T11:02:54+08:00 ] ::1 /school/index.php/Home/Users/user_show
INFO: [ app_init ] --START--
INFO: Run Behavior\BuildLiteBehavior [ RunTime:0.000065s ]
INFO: [ app_init ] --END-- [ RunTime:0.001174s ]
INFO: [ app_begin ] --START--
INFO: Run Behavior\ReadHtmlCacheBehavior [ RunTime:0.001496s ]
INFO: [ app_begin ] --END-- [ RunTime:0.001732s ]
SQL: SHOW COLUMNS FROM `users` [ RunTime:0.0592s ]
SQL: SELECT * FROM `users` WHERE `u_account` = 123 LIMIT 1   [ RunTime:0.0024s ]
SQL: SHOW COLUMNS FROM `areas` [ RunTime:0.0477s ]
SQL: SELECT * FROM `areas` WHERE `a_pid` = 1  [ RunTime:0.0022s ]
INFO: [ view_parse ] --START--
INFO: [ template_filter ] --START--
INFO: Run Behavior\ContentReplaceBehavior [ RunTime:0.000545s ]
INFO: [ template_filter ] --END-- [ RunTime:0.000779s ]
NOTIC: [8] Undefined variable: page G:\htdocs\school\Application\Runtime\Cache\Home\2f4a68bea95a835f51869101ab6d5f95.php 第 170 行.
INFO: Run Behavior\ParseTemplateBehavior [ RunTime:0.197265s ]
INFO: [ view_parse ] --END-- [ RunTime:0.197716s ]
INFO: [ view_filter ] --START--
INFO: Run Behavior\WriteHtmlCacheBehavior [ RunTime:0.000679s ]
INFO: [ view_filter ] --END-- [ RunTime:0.000816s ]
INFO: [ app_end ] --START--
INFO: Run Behavior\ShowPageTraceBehavior [ RunTime:0.002324s ]
INFO: [ app_end ] --END-- [ RunTime:0.002592s ]

[ 2017-05-05T11:02:55+08:00 ] ::1 /school/index.php/Home/Users/avatar1.png
INFO: [ app_init ] --START--
INFO: Run Behavior\BuildLiteBehavior [ RunTime:0.000075s ]
INFO: [ app_init ] --END-- [ RunTime:0.001798s ]

[ 2017-05-05T11:02:56+08:00 ] ::1 /school/index.php/Home/Users/person_hover.png
INFO: [ app_init ] --START--
INFO: Run Behavior\BuildLiteBehavior [ RunTime:0.000048s ]
INFO: [ app_init ] --END-- [ RunTime:0.001395s ]

[ 2017-05-05T11:03:08+08:00 ] ::1 /school/index.php/Home/Users/user_show
INFO: [ app_init ] --START--
INFO: Run Behavior\BuildLiteBehavior [ RunTime:0.000047s ]
INFO: [ app_init ] --END-- [ RunTime:0.001038s ]
INFO: [ app_begin ] --START--
INFO: Run Behavior\ReadHtmlCacheBehavior [ RunTime:0.001213s ]
INFO: [ app_begin ] --END-- [ RunTime:0.001396s ]
SQL: SHOW COLUMNS FROM `users` [ RunTime:0.0557s ]
SQL: SELECT * FROM `users` WHERE `u_account` = 123 LIMIT 1   [ RunTime:0.0021s ]
SQL: SHOW COLUMNS FROM `areas` [ RunTime:0.0396s ]
SQL: SELECT * FROM `areas` WHERE `a_pid` = 1  [ RunTime:0.0021s ]
INFO: [ view_parse ] --START--
INFO: [ template_filter ] --START--
INFO: Run Behavior\ContentReplaceBehavior [ RunTime:0.000739s ]
INFO: [ template_filter ] --END-- [ RunTime:0.001080s ]
NOTIC: [8] Undefined variable: page G:\htdocs\school\Application\Runtime\Cache\Home\2f4a68bea95a835f51869101ab6d5f95.php 第 170 行.
INFO: Run Behavior\ParseTemplateBehavior [ RunTime:0.194317s ]
INFO: [ view_parse ] --END-- [ RunTime:0.194545s ]
INFO: [ view_filter ] --START--
INFO: Run Behavior\WriteHtmlCacheBehavior [ RunTime:0.000729s ]
INFO: [ view_filter ] --END-- [ RunTime:0.000872s ]
INFO: [ app_end ] --START--
INFO: Run Behavior\ShowPageTraceBehavior [ RunTime:0.001861s ]
INFO: [ app_end ] --END-- [ RunTime:0.002135s ]

[ 2017-05-05T11:03:08+08:00 ] ::1 /school/index.php/Home/Users/avatar1.png
INFO: [ app_init ] --START--
INFO: Run Behavior\BuildLiteBehavior [ RunTime:0.000045s ]
INFO: [ app_init ] --END-- [ RunTime:0.001050s ]

[ 2017-05-05T11:03:09+08:00 ] ::1 /school/index.php/Home/Users/person_hover.png
INFO: [ app_init ] --START--
INFO: Run Behavior\BuildLiteBehavior [ RunTime:0.000048s ]
INFO: [ app_init ] --END-- [ RunTime:0.001167s ]

[ 2017-05-05T11:03:12+08:00 ] ::1 /school/index.php/Home/Users/user_show
INFO: [ app_init ] --START--
INFO: Run Behavior\BuildLiteBehavior [ RunTime:0.000066s ]
INFO: [ app_init ] --END-- [ RunTime:0.001419s ]
INFO: [ app_begin ] --START--
INFO: Run Behavior\ReadHtmlCacheBehavior [ RunTime:0.002179s ]
INFO: [ app_begin ] --END-- [ RunTime:0.002484s ]
SQL: SHOW COLUMNS FROM `users` [ RunTime:0.0555s ]
SQL: SELECT * FROM `users` WHERE `u_account` = 123 LIMIT 1   [ RunTime:0.0022s ]
SQL: SHOW COLUMNS FROM `areas` [ RunTime:0.0457s ]
SQL: SELECT * FROM `areas` WHERE `a_pid` = 1  [ RunTime:0.0021s ]
INFO: [ view_parse ] --START--
INFO: [ template_filter ] --START--
INFO: Run Behavior\ContentReplaceBehavior [ RunTime:0.000458s ]
INFO: [ template_filter ] --END-- [ RunTime:0.000645s ]
NOTIC: [8] Undefined variable: page G:\htdocs\school\Application\Runtime\Cache\Home\2f4a68bea95a835f51869101ab6d5f95.php 第 170 行.
INFO: Run Behavior\ParseTemplateBehavior [ RunTime:0.176471s ]
INFO: [ view_parse ] --END-- [ RunTime:0.176646s ]
INFO: [ view_filter ] --START--
INFO: Run Behavior\WriteHtmlCacheBehavior [ RunTime:0.000675s ]
INFO: [ view_filter ] --END-- [ RunTime:0.000814s ]
INFO: [ app_end ] --START--
INFO: Run Behavior\ShowPageTraceBehavior [ RunTime:0.002037s ]
INFO: [ app_end ] --END-- [ RunTime:0.002262s ]

[ 2017-05-05T11:03:13+08:00 ] ::1 /school/index.php/Home/Users/avatar1.png
INFO: [ app_init ] --START--
INFO: Run Behavior\BuildLiteBehavior [ RunTime:0.000069s ]
INFO: [ app_init ] --END-- [ RunTime:0.001427s ]

[ 2017-05-05T11:03:14+08:00 ] ::1 /school/index.php/Home/Users/person_hover.png
INFO: [ app_init ] --START--
INFO: Run Behavior\BuildLiteBehavior [ RunTime:0.000055s ]
INFO: [ app_init ] --END-- [ RunTime:0.001270s ]

[ 2017-05-05T11:03:17+08:00 ] ::1 /school/index.php/Home/Users/user_show
INFO: [ app_init ] --START--
INFO: Run Behavior\BuildLiteBehavior [ RunTime:0.000105s ]
INFO: [ app_init ] --END-- [ RunTime:0.001817s ]
INFO: [ app_begin ] --START--
INFO: Run Behavior\ReadHtmlCacheBehavior [ RunTime:0.002299s ]
INFO: [ app_begin ] --END-- [ RunTime:0.002607s ]
SQL: SHOW COLUMNS FROM `users` [ RunTime:0.0777s ]
SQL: SELECT * FROM `users` WHERE `u_account` = 123 LIMIT 1   [ RunTime:0.0022s ]
SQL: SHOW COLUMNS FROM `areas` [ RunTime:0.0460s ]
SQL: SELECT * FROM `areas` WHERE `a_pid` = 1  [ RunTime:0.0022s ]
INFO: [ view_parse ] --START--
INFO: [ template_filter ] --START--
INFO: Run Behavior\ContentReplaceBehavior [ RunTime:0.000647s ]
INFO: [ template_filter ] --END-- [ RunTime:0.000952s ]
NOTIC: [8] Undefined variable: page G:\htdocs\school\Application\Runtime\Cache\Home\2f4a68bea95a835f51869101ab6d5f95.php 第 170 行.
INFO: Run Behavior\ParseTemplateBehavior [ RunTime:0.208347s ]
INFO: [ view_parse ] --END-- [ RunTime:0.208582s ]
INFO: [ view_filter ] --START--
INFO: Run Behavior\WriteHtmlCacheBehavior [ RunTime:0.000814s ]
INFO: [ view_filter ] --END-- [ RunTime:0.001056s ]
INFO: [ app_end ] --START--
INFO: Run Behavior\ShowPageTraceBehavior [ RunTime:0.001653s ]
INFO: [ app_end ] --END-- [ RunTime:0.001897s ]

[ 2017-05-05T11:03:18+08:00 ] ::1 /school/index.php/Home/Users/avatar1.png
INFO: [ app_init ] --START--
INFO: Run Behavior\BuildLiteBehavior [ RunTime:0.000078s ]
INFO: [ app_init ] --END-- [ RunTime:0.001580s ]

[ 2017-05-05T11:03:19+08:00 ] ::1 /school/index.php/Home/Users/person_hover.png
INFO: [ app_init ] --START--
INFO: Run Behavior\BuildLiteBehavior [ RunTime:0.000135s ]
INFO: [ app_init ] --END-- [ RunTime:0.001541s ]

[ 2017-05-05T11:03:58+08:00 ] ::1 /school/index.php/Home/Users/user_show
INFO: [ app_init ] --START--
INFO: Run Behavior\BuildLiteBehavior [ RunTime:0.000063s ]
INFO: [ app_init ] --END-- [ RunTime:0.001529s ]
INFO: [ app_begin ] --START--
INFO: Run Behavior\ReadHtmlCacheBehavior [ RunTime:0.001884s ]
INFO: [ app_begin ] --END-- [ RunTime:0.002192s ]
SQL: SHOW COLUMNS FROM `users` [ RunTime:0.0511s ]
SQL: SELECT * FROM `users` WHERE `u_account` = 123 LIMIT 1   [ RunTime:0.0019s ]
SQL: SHOW COLUMNS FROM `areas` [ RunTime:0.0367s ]
SQL: SELECT * FROM `areas` WHERE `a_pid` = 1  [ RunTime:0.0020s ]
INFO: [ view_parse ] --START--
INFO: [ template_filter ] --START--
INFO: Run Behavior\ContentReplaceBehavior [ RunTime:0.000450s ]
INFO: [ template_filter ] --END-- [ RunTime:0.000635s ]
NOTIC: [8] Undefined variable: page G:\htdocs\school\Application\Runtime\Cache\Home\2f4a68bea95a835f51869101ab6d5f95.php 第 170 行.
INFO: Run Behavior\ParseTemplateBehavior [ RunTime:0.175004s ]
INFO: [ view_parse ] --END-- [ RunTime:0.175296s ]
INFO: [ view_filter ] --START--
INFO: Run Behavior\WriteHtmlCacheBehavior [ RunTime:0.000905s ]
INFO: [ view_filter ] --END-- [ RunTime:0.001059s ]
INFO: [ app_end ] --START--
INFO: Run Behavior\ShowPageTraceBehavior [ RunTime:0.001998s ]
INFO: [ app_end ] --END-- [ RunTime:0.002284s ]

[ 2017-05-05T11:03:58+08:00 ] ::1 /school/index.php/Home/Users/avatar1.png
INFO: [ app_init ] --START--
INFO: Run Behavior\BuildLiteBehavior [ RunTime:0.000045s ]
INFO: [ app_init ] --END-- [ RunTime:0.001053s ]

[ 2017-05-05T11:03:59+08:00 ] ::1 /school/index.php/Home/Users/person_hover.png
INFO: [ app_init ] --START--
INFO: Run Behavior\BuildLiteBehavior [ RunTime:0.000046s ]
INFO: [ app_init ] --END-- [ RunTime:0.001033s ]

[ 2017-05-05T11:05:10+08:00 ] ::1 /school/index.php/Home/Users/user_show
INFO: [ app_init ] --START--
INFO: Run Behavior\BuildLiteBehavior [ RunTime:0.000061s ]
INFO: [ app_init ] --END-- [ RunTime:0.001409s ]
INFO: [ app_begin ] --START--
INFO: Run Behavior\ReadHtmlCacheBehavior [ RunTime:0.001907s ]
INFO: [ app_begin ] --END-- [ RunTime:0.002169s ]
SQL: SHOW COLUMNS FROM `users` [ RunTime:0.0651s ]
SQL: SELECT * FROM `users` WHERE `u_account` = 123 LIMIT 1   [ RunTime:0.0022s ]
SQL: SHOW COLUMNS FROM `areas` [ RunTime:0.0597s ]
SQL: SELECT * FROM `areas` WHERE `a_pid` = 1  [ RunTime:0.0022s ]
INFO: [ view_parse ] --START--
INFO: [ template_filter ] --START--
INFO: Run Behavior\ContentReplaceBehavior [ RunTime:0.000511s ]
INFO: [ template_filter ] --END-- [ RunTime:0.000729s ]
NOTIC: [8] Undefined variable: page G:\htdocs\school\Application\Runtime\Cache\Home\2f4a68bea95a835f51869101ab6d5f95.php 第 179 行.
INFO: Run Behavior\ParseTemplateBehavior [ RunTime:0.199117s ]
INFO: [ view_parse ] --END-- [ RunTime:0.199328s ]
INFO: [ view_filter ] --START--
INFO: Run Behavior\WriteHtmlCacheBehavior [ RunTime:0.000901s ]
INFO: [ view_filter ] --END-- [ RunTime:0.001032s ]
INFO: [ app_end ] --START--
INFO: Run Behavior\ShowPageTraceBehavior [ RunTime:0.001849s ]
INFO: [ app_end ] --END-- [ RunTime:0.002113s ]

[ 2017-05-05T11:05:10+08:00 ] ::1 /school/index.php/Home/Users/avatar1.png
INFO: [ app_init ] --START--
INFO: Run Behavior\BuildLiteBehavior [ RunTime:0.000064s ]
INFO: [ app_init ] --END-- [ RunTime:0.001319s ]

[ 2017-05-05T11:05:11+08:00 ] ::1 /school/index.php/Home/Users/person_hover.png
INFO: [ app_init ] --START--
INFO: Run Behavior\BuildLiteBehavior [ RunTime:0.000046s ]
INFO: [ app_init ] --END-- [ RunTime:0.001002s ]

[ 2017-05-05T11:05:56+08:00 ] ::1 /school/index.php/Home/Users/user_show
INFO: [ app_init ] --START--
INFO: Run Behavior\BuildLiteBehavior [ RunTime:0.000044s ]
INFO: [ app_init ] --END-- [ RunTime:0.001043s ]
INFO: [ app_begin ] --START--
INFO: Run Behavior\ReadHtmlCacheBehavior [ RunTime:0.002150s ]
INFO: [ app_begin ] --END-- [ RunTime:0.002459s ]
SQL: SHOW COLUMNS FROM `users` [ RunTime:0.0997s ]
SQL: SELECT * FROM `users` WHERE `u_account` = 123 LIMIT 1   [ RunTime:0.0021s ]
SQL: SHOW COLUMNS FROM `areas` [ RunTime:0.1937s ]
SQL: SELECT * FROM `areas` WHERE `a_pid` = 1  [ RunTime:0.0019s ]
INFO: [ view_parse ] --START--
INFO: [ template_filter ] --START--
INFO: Run Behavior\ContentReplaceBehavior [ RunTime:0.000623s ]
INFO: [ template_filter ] --END-- [ RunTime:0.000867s ]
NOTIC: [8] Undefined variable: page G:\htdocs\school\Application\Runtime\Cache\Home\2f4a68bea95a835f51869101ab6d5f95.php 第 179 行.
INFO: Run Behavior\ParseTemplateBehavior [ RunTime:0.239798s ]
INFO: [ view_parse ] --END-- [ RunTime:0.240045s ]
INFO: [ view_filter ] --START--
INFO: Run Behavior\WriteHtmlCacheBehavior [ RunTime:0.000924s ]
INFO: [ view_filter ] --END-- [ RunTime:0.001152s ]
INFO: [ app_end ] --START--
INFO: Run Behavior\ShowPageTraceBehavior [ RunTime:0.001600s ]
INFO: [ app_end ] --END-- [ RunTime:0.001856s ]

[ 2017-05-05T11:05:56+08:00 ] ::1 /school/index.php/Home/Users/avatar1.png
INFO: [ app_init ] --START--
INFO: Run Behavior\BuildLiteBehavior [ RunTime:0.000062s ]
INFO: [ app_init ] --END-- [ RunTime:0.001287s ]

[ 2017-05-05T11:05:57+08:00 ] ::1 /school/index.php/Home/Users/person_hover.png
INFO: [ app_init ] --START--
INFO: Run Behavior\BuildLiteBehavior [ RunTime:0.000043s ]
INFO: [ app_init ] --END-- [ RunTime:0.000970s ]

[ 2017-05-05T11:06:22+08:00 ] ::1 /school/index.php/Home/Users/user_show
INFO: [ app_init ] --START--
INFO: Run Behavior\BuildLiteBehavior [ RunTime:0.000047s ]
INFO: [ app_init ] --END-- [ RunTime:0.001261s ]
INFO: [ app_begin ] --START--
INFO: Run Behavior\ReadHtmlCacheBehavior [ RunTime:0.002058s ]
INFO: [ app_begin ] --END-- [ RunTime:0.002360s ]
SQL: SHOW COLUMNS FROM `users` [ RunTime:0.0576s ]
SQL: SELECT * FROM `users` WHERE `u_account` = 123 LIMIT 1   [ RunTime:0.0023s ]
SQL: SHOW COLUMNS FROM `areas` [ RunTime:0.0402s ]
SQL: SELECT * FROM `areas` WHERE `a_pid` = 1  [ RunTime:0.0022s ]
INFO: [ view_parse ] --START--
INFO: [ template_filter ] --START--
INFO: Run Behavior\ContentReplaceBehavior [ RunTime:0.000493s ]
INFO: [ template_filter ] --END-- [ RunTime:0.000687s ]
NOTIC: [8] Undefined variable: page G:\htdocs\school\Application\Runtime\Cache\Home\2f4a68bea95a835f51869101ab6d5f95.php 第 179 行.
INFO: Run Behavior\ParseTemplateBehavior [ RunTime:0.271756s ]
INFO: [ view_parse ] --END-- [ RunTime:0.272012s ]
INFO: [ view_filter ] --START--
INFO: Run Behavior\WriteHtmlCacheBehavior [ RunTime:0.000882s ]
INFO: [ view_filter ] --END-- [ RunTime:0.001149s ]
INFO: [ app_end ] --START--
INFO: Run Behavior\ShowPageTraceBehavior [ RunTime:0.001807s ]
INFO: [ app_end ] --END-- [ RunTime:0.002065s ]

[ 2017-05-05T11:06:22+08:00 ] ::1 /school/index.php/Home/Users/avatar1.png
INFO: [ app_init ] --START--
INFO: Run Behavior\BuildLiteBehavior [ RunTime:0.000065s ]
INFO: [ app_init ] --END-- [ RunTime:0.001496s ]

[ 2017-05-05T11:06:23+08:00 ] ::1 /school/index.php/Home/Users/person_hover.png
INFO: [ app_init ] --START--
INFO: Run Behavior\BuildLiteBehavior [ RunTime:0.000045s ]
INFO: [ app_init ] --END-- [ RunTime:0.000975s ]

[ 2017-05-05T11:06:44+08:00 ] ::1 /school/index.php/Home/Users/user_show
INFO: [ app_init ] --START--
INFO: Run Behavior\BuildLiteBehavior [ RunTime:0.000045s ]
INFO: [ app_init ] --END-- [ RunTime:0.001335s ]
INFO: [ app_begin ] --START--
INFO: Run Behavior\ReadHtmlCacheBehavior [ RunTime:0.001434s ]
INFO: [ app_begin ] --END-- [ RunTime:0.001655s ]
SQL: SHOW COLUMNS FROM `users` [ RunTime:0.0579s ]
SQL: SELECT * FROM `users` WHERE `u_account` = 123 LIMIT 1   [ RunTime:0.0020s ]
SQL: SHOW COLUMNS FROM `areas` [ RunTime:0.0384s ]
SQL: SELECT * FROM `areas` WHERE `a_pid` = 1  [ RunTime:0.0020s ]
INFO: [ view_parse ] --START--
INFO: [ template_filter ] --START--
INFO: Run Behavior\ContentReplaceBehavior [ RunTime:0.000438s ]
INFO: [ template_filter ] --END-- [ RunTime:0.000628s ]
NOTIC: [8] Undefined variable: page G:\htdocs\school\Application\Runtime\Cache\Home\2f4a68bea95a835f51869101ab6d5f95.php 第 170 行.
INFO: Run Behavior\ParseTemplateBehavior [ RunTime:0.172307s ]
INFO: [ view_parse ] --END-- [ RunTime:0.172534s ]
INFO: [ view_filter ] --START--
INFO: Run Behavior\WriteHtmlCacheBehavior [ RunTime:0.000753s ]
INFO: [ view_filter ] --END-- [ RunTime:0.000898s ]
INFO: [ app_end ] --START--
INFO: Run Behavior\ShowPageTraceBehavior [ RunTime:0.002060s ]
INFO: [ app_end ] --END-- [ RunTime:0.002417s ]

[ 2017-05-05T11:06:44+08:00 ] ::1 /school/index.php/Home/Users/avatar1.png
INFO: [ app_init ] --START--
INFO: Run Behavior\BuildLiteBehavior [ RunTime:0.000101s ]
INFO: [ app_init ] --END-- [ RunTime:0.001065s ]

[ 2017-05-05T11:06:45+08:00 ] ::1 /school/index.php/Home/Users/person_hover.png
INFO: [ app_init ] --START--
INFO: Run Behavior\BuildLiteBehavior [ RunTime:0.000045s ]
INFO: [ app_init ] --END-- [ RunTime:0.000994s ]

[ 2017-05-05T11:08:06+08:00 ] ::1 /school/index.php/Home/Users/user_show
INFO: [ app_init ] --START--
INFO: Run Behavior\BuildLiteBehavior [ RunTime:0.000052s ]
INFO: [ app_init ] --END-- [ RunTime:0.001420s ]
INFO: [ app_begin ] --START--
INFO: Run Behavior\ReadHtmlCacheBehavior [ RunTime:0.001513s ]
INFO: [ app_begin ] --END-- [ RunTime:0.001723s ]
SQL: SHOW COLUMNS FROM `users` [ RunTime:0.0512s ]
SQL: SELECT * FROM `users` WHERE `u_account` = 123 LIMIT 1   [ RunTime:0.0023s ]
SQL: SHOW COLUMNS FROM `areas` [ RunTime:0.0361s ]
SQL: SELECT * FROM `areas` WHERE `a_pid` = 1  [ RunTime:0.0020s ]
INFO: [ view_parse ] --START--
INFO: [ template_filter ] --START--
INFO: Run Behavior\ContentReplaceBehavior [ RunTime:0.000559s ]
INFO: [ template_filter ] --END-- [ RunTime:0.000821s ]
NOTIC: [8] Undefined variable: page G:\htdocs\school\Application\Runtime\Cache\Home\2f4a68bea95a835f51869101ab6d5f95.php 第 169 行.
INFO: Run Behavior\ParseTemplateBehavior [ RunTime:0.232261s ]
INFO: [ view_parse ] --END-- [ RunTime:0.232584s ]
INFO: [ view_filter ] --START--
INFO: Run Behavior\WriteHtmlCacheBehavior [ RunTime:0.001044s ]
INFO: [ view_filter ] --END-- [ RunTime:0.001231s ]
INFO: [ app_end ] --START--
INFO: Run Behavior\ShowPageTraceBehavior [ RunTime:0.001820s ]
INFO: [ app_end ] --END-- [ RunTime:0.002106s ]

[ 2017-05-05T11:08:06+08:00 ] ::1 /school/index.php/Home/Users/avatar1.png
INFO: [ app_init ] --START--
INFO: Run Behavior\BuildLiteBehavior [ RunTime:0.000041s ]
INFO: [ app_init ] --END-- [ RunTime:0.000986s ]

[ 2017-05-05T11:08:07+08:00 ] ::1 /school/index.php/Home/Users/person_hover.png
INFO: [ app_init ] --START--
INFO: Run Behavior\BuildLiteBehavior [ RunTime:0.000065s ]
INFO: [ app_init ] --END-- [ RunTime:0.001363s ]

[ 2017-05-05T11:21:58+08:00 ] ::1 /school/index.php/Home/Users/user_show
INFO: [ app_init ] --START--
INFO: Run Behavior\BuildLiteBehavior [ RunTime:0.000070s ]
INFO: [ app_init ] --END-- [ RunTime:0.001590s ]
INFO: [ app_begin ] --START--
INFO: Run Behavior\ReadHtmlCacheBehavior [ RunTime:0.003230s ]
INFO: [ app_begin ] --END-- [ RunTime:0.003582s ]
SQL: SHOW COLUMNS FROM `users` [ RunTime:0.0634s ]
SQL: SELECT * FROM `users` WHERE `u_account` = 123 LIMIT 1   [ RunTime:0.0020s ]
SQL: SHOW COLUMNS FROM `areas` [ RunTime:0.0400s ]
SQL: SELECT * FROM `areas` WHERE `a_pid` = 1  [ RunTime:0.0017s ]
INFO: [ view_parse ] --START--
INFO: [ template_filter ] --START--
INFO: Run Behavior\ContentReplaceBehavior [ RunTime:0.000558s ]
INFO: [ template_filter ] --END-- [ RunTime:0.000824s ]
NOTIC: [8] Undefined variable: page G:\htdocs\school\Application\Runtime\Cache\Home\2f4a68bea95a835f51869101ab6d5f95.php 第 169 行.
INFO: Run Behavior\ParseTemplateBehavior [ RunTime:0.323573s ]
INFO: [ view_parse ] --END-- [ RunTime:0.323876s ]
INFO: [ view_filter ] --START--
INFO: Run Behavior\WriteHtmlCacheBehavior [ RunTime:0.000931s ]
INFO: [ view_filter ] --END-- [ RunTime:0.001141s ]
INFO: [ app_end ] --START--
INFO: Run Behavior\ShowPageTraceBehavior [ RunTime:0.001874s ]
INFO: [ app_end ] --END-- [ RunTime:0.002118s ]

[ 2017-05-05T11:21:58+08:00 ] ::1 /school/index.php/Home/Users/avatar1.png
INFO: [ app_init ] --START--
INFO: Run Behavior\BuildLiteBehavior [ RunTime:0.000068s ]
INFO: [ app_init ] --END-- [ RunTime:0.001718s ]

[ 2017-05-05T11:21:59+08:00 ] ::1 /school/index.php/Home/Users/person_hover.png
INFO: [ app_init ] --START--
INFO: Run Behavior\BuildLiteBehavior [ RunTime:0.000076s ]
INFO: [ app_init ] --END-- [ RunTime:0.001657s ]

[ 2017-05-05T11:23:00+08:00 ] ::1 /school/index.php/Home/Users/user_show
INFO: [ app_init ] --START--
INFO: Run Behavior\BuildLiteBehavior [ RunTime:0.000042s ]
INFO: [ app_init ] --END-- [ RunTime:0.000975s ]
INFO: [ app_begin ] --START--
INFO: Run Behavior\ReadHtmlCacheBehavior [ RunTime:0.001149s ]
INFO: [ app_begin ] --END-- [ RunTime:0.001315s ]
SQL: SHOW COLUMNS FROM `users` [ RunTime:0.0777s ]
SQL: SELECT * FROM `users` WHERE `u_account` = 123 LIMIT 1   [ RunTime:0.0024s ]
SQL: SHOW COLUMNS FROM `areas` [ RunTime:0.0400s ]
SQL: SELECT * FROM `areas` WHERE `a_pid` = 1  [ RunTime:0.0024s ]
INFO: [ view_parse ] --START--
INFO: [ template_filter ] --START--
INFO: Run Behavior\ContentReplaceBehavior [ RunTime:0.000356s ]
INFO: [ template_filter ] --END-- [ RunTime:0.000544s ]
NOTIC: [8] Undefined variable: page G:\htdocs\school\Application\Runtime\Cache\Home\2f4a68bea95a835f51869101ab6d5f95.php 第 169 行.
INFO: Run Behavior\ParseTemplateBehavior [ RunTime:0.197471s ]
INFO: [ view_parse ] --END-- [ RunTime:0.197814s ]
INFO: [ view_filter ] --START--
INFO: Run Behavior\WriteHtmlCacheBehavior [ RunTime:0.001110s ]
INFO: [ view_filter ] --END-- [ RunTime:0.001451s ]
INFO: [ app_end ] --START--
INFO: Run Behavior\ShowPageTraceBehavior [ RunTime:0.001780s ]
INFO: [ app_end ] --END-- [ RunTime:0.002036s ]

[ 2017-05-05T11:23:01+08:00 ] ::1 /school/index.php/Home/Users/person_hover.png
INFO: [ app_init ] --START--
INFO: Run Behavior\BuildLiteBehavior [ RunTime:0.000065s ]
INFO: [ app_init ] --END-- [ RunTime:0.001356s ]

[ 2017-05-05T11:23:01+08:00 ] ::1 /school/index.php/Home/Users/avatar1.png
INFO: [ app_init ] --START--
INFO: Run Behavior\BuildLiteBehavior [ RunTime:0.000066s ]
INFO: [ app_init ] --END-- [ RunTime:0.001295s ]

[ 2017-05-05T12:45:31+08:00 ] ::1 /school/index.php/Home/Users/user_show
INFO: [ app_init ] --START--
INFO: Run Behavior\BuildLiteBehavior [ RunTime:0.000030s ]
INFO: [ app_init ] --END-- [ RunTime:0.000751s ]
INFO: [ app_begin ] --START--
INFO: Run Behavior\ReadHtmlCacheBehavior [ RunTime:0.000522s ]
INFO: [ app_begin ] --END-- [ RunTime:0.000598s ]
SQL: SHOW COLUMNS FROM `users` [ RunTime:0.0758s ]
SQL: SELECT * FROM `users` WHERE `u_account` = 123 LIMIT 1   [ RunTime:0.0021s ]
SQL: SHOW COLUMNS FROM `areas` [ RunTime:0.0470s ]
SQL: SELECT * FROM `areas` WHERE `a_pid` = 1  [ RunTime:0.0022s ]
INFO: [ view_parse ] --START--
INFO: [ template_filter ] --START--
INFO: Run Behavior\ContentReplaceBehavior [ RunTime:0.000569s ]
INFO: [ template_filter ] --END-- [ RunTime:0.000874s ]
NOTIC: [8] Undefined variable: page G:\htdocs\school\Application\Runtime\Cache\Home\2f4a68bea95a835f51869101ab6d5f95.php 第 169 行.
INFO: Run Behavior\ParseTemplateBehavior [ RunTime:0.332510s ]
INFO: [ view_parse ] --END-- [ RunTime:0.332742s ]
INFO: [ view_filter ] --START--
INFO: Run Behavior\WriteHtmlCacheBehavior [ RunTime:0.006957s ]
INFO: [ view_filter ] --END-- [ RunTime:0.007180s ]
INFO: [ app_end ] --START--
INFO: Run Behavior\ShowPageTraceBehavior [ RunTime:0.001930s ]
INFO: [ app_end ] --END-- [ RunTime:0.002161s ]

[ 2017-05-05T12:45:31+08:00 ] ::1 /school/index.php/Home/Users/person_hover.png
INFO: [ app_init ] --START--
INFO: Run Behavior\BuildLiteBehavior [ RunTime:0.000053s ]
INFO: [ app_init ] --END-- [ RunTime:0.001079s ]

[ 2017-05-05T12:45:32+08:00 ] ::1 /school/index.php/Home/Users/avatar1.png
INFO: [ app_init ] --START--
INFO: Run Behavior\BuildLiteBehavior [ RunTime:0.000044s ]
INFO: [ app_init ] --END-- [ RunTime:0.001075s ]

[ 2017-05-05T12:45:35+08:00 ] ::1 /school/index.php/Home/Users/user_update/u_nickname/xin/u_qq/668878/u_school/3
INFO: [ app_init ] --START--
INFO: Run Behavior\BuildLiteBehavior [ RunTime:0.000015s ]
INFO: [ app_init ] --END-- [ RunTime:0.000327s ]
INFO: [ app_begin ] --START--
INFO: Run Behavior\ReadHtmlCacheBehavior [ RunTime:0.000376s ]
INFO: [ app_begin ] --END-- [ RunTime:0.000425s ]

[ 2017-05-05T12:45:39+08:00 ] ::1 /school/index.php/Home/Users/user_update/u_nickname/xin/u_qq/668878/u_school/3
INFO: [ app_init ] --START--
INFO: Run Behavior\BuildLiteBehavior [ RunTime:0.000039s ]
INFO: [ app_init ] --END-- [ RunTime:0.000803s ]
INFO: [ app_begin ] --START--
INFO: Run Behavior\ReadHtmlCacheBehavior [ RunTime:0.001011s ]
INFO: [ app_begin ] --END-- [ RunTime:0.001152s ]

[ 2017-05-05T12:46:01+08:00 ] ::1 /school/index.php/Home/Users/user_update/u_nickname/xin/u_qq/668878/u_school/3
INFO: [ app_init ] --START--
INFO: Run Behavior\BuildLiteBehavior [ RunTime:0.000073s ]
INFO: [ app_init ] --END-- [ RunTime:0.001101s ]
INFO: [ app_begin ] --START--
INFO: Run Behavior\ReadHtmlCacheBehavior [ RunTime:0.001394s ]
INFO: [ app_begin ] --END-- [ RunTime:0.001576s ]
INFO: [ view_parse ] --START--
INFO: [ template_filter ] --START--
INFO: Run Behavior\ContentReplaceBehavior [ RunTime:0.000160s ]
INFO: [ template_filter ] --END-- [ RunTime:0.000344s ]
NOTIC: [8] Undefined variable: a_flag G:\htdocs\school\Application\Runtime\Cache\Home\005cb8bc60263ab58167bbcbc0118a0e.php 第 131 行.
INFO: Run Behavior\ParseTemplateBehavior [ RunTime:0.157676s ]
INFO: [ view_parse ] --END-- [ RunTime:0.157873s ]
INFO: [ view_filter ] --START--
INFO: Run Behavior\WriteHtmlCacheBehavior [ RunTime:0.000821s ]
INFO: [ view_filter ] --END-- [ RunTime:0.001082s ]
INFO: [ app_end ] --START--
INFO: Run Behavior\ShowPageTraceBehavior [ RunTime:0.001507s ]
INFO: [ app_end ] --END-- [ RunTime:0.001682s ]

[ 2017-05-05T12:46:07+08:00 ] ::1 /school/index.php/Home/Users/user_show
INFO: [ app_init ] --START--
INFO: Run Behavior\BuildLiteBehavior [ RunTime:0.000036s ]
INFO: [ app_init ] --END-- [ RunTime:0.000917s ]
INFO: [ app_begin ] --START--
INFO: Run Behavior\ReadHtmlCacheBehavior [ RunTime:0.000946s ]
INFO: [ app_begin ] --END-- [ RunTime:0.001085s ]
SQL: SHOW COLUMNS FROM `users` [ RunTime:0.4748s ]
SQL: SELECT * FROM `users` WHERE `u_account` = 123 LIMIT 1   [ RunTime:0.0022s ]
SQL: SHOW COLUMNS FROM `areas` [ RunTime:0.0432s ]
SQL: SELECT * FROM `areas` WHERE `a_pid` = 1  [ RunTime:0.0019s ]
INFO: [ view_parse ] --START--
INFO: [ template_filter ] --START--
INFO: Run Behavior\ContentReplaceBehavior [ RunTime:0.000780s ]
INFO: [ template_filter ] --END-- [ RunTime:0.001011s ]
NOTIC: [8] Undefined variable: page G:\htdocs\school\Application\Runtime\Cache\Home\2f4a68bea95a835f51869101ab6d5f95.php 第 169 行.
INFO: Run Behavior\ParseTemplateBehavior [ RunTime:0.243187s ]
INFO: [ view_parse ] --END-- [ RunTime:0.243445s ]
INFO: [ view_filter ] --START--
INFO: Run Behavior\WriteHtmlCacheBehavior [ RunTime:0.001158s ]
INFO: [ view_filter ] --END-- [ RunTime:0.001404s ]
INFO: [ app_end ] --START--
INFO: Run Behavior\ShowPageTraceBehavior [ RunTime:0.002563s ]
INFO: [ app_end ] --END-- [ RunTime:0.002958s ]

[ 2017-05-05T12:46:08+08:00 ] ::1 /school/index.php/Home/Users/avatar1.png
INFO: [ app_init ] --START--
INFO: Run Behavior\BuildLiteBehavior [ RunTime:0.000064s ]
INFO: [ app_init ] --END-- [ RunTime:0.001281s ]

[ 2017-05-05T12:46:08+08:00 ] ::1 /school/index.php/Home/Users/person_hover.png
INFO: [ app_init ] --START--
INFO: Run Behavior\BuildLiteBehavior [ RunTime:0.000052s ]
INFO: [ app_init ] --END-- [ RunTime:0.001267s ]

[ 2017-05-05T12:46:10+08:00 ] ::1 /school/index.php/Home/Users/user_update/u_nickname/xin/u_qq/668878/u_school/3
INFO: [ app_init ] --START--
INFO: Run Behavior\BuildLiteBehavior [ RunTime:0.000044s ]
INFO: [ app_init ] --END-- [ RunTime:0.000989s ]
INFO: [ app_begin ] --START--
INFO: Run Behavior\ReadHtmlCacheBehavior [ RunTime:0.001260s ]
INFO: [ app_begin ] --END-- [ RunTime:0.001431s ]
INFO: [ view_parse ] --START--
INFO: [ template_filter ] --START--
INFO: Run Behavior\ContentReplaceBehavior [ RunTime:0.000134s ]
INFO: [ template_filter ] --END-- [ RunTime:0.000326s ]
NOTIC: [8] Undefined variable: a_flag G:\htdocs\school\Application\Runtime\Cache\Home\005cb8bc60263ab58167bbcbc0118a0e.php 第 131 行.
INFO: Run Behavior\ParseTemplateBehavior [ RunTime:0.022329s ]
INFO: [ view_parse ] --END-- [ RunTime:0.022492s ]
INFO: [ view_filter ] --START--
INFO: Run Behavior\WriteHtmlCacheBehavior [ RunTime:0.000607s ]
INFO: [ view_filter ] --END-- [ RunTime:0.000795s ]
INFO: [ app_end ] --START--
INFO: Run Behavior\ShowPageTraceBehavior [ RunTime:0.001287s ]
INFO: [ app_end ] --END-- [ RunTime:0.001432s ]

[ 2017-05-05T12:47:12+08:00 ] ::1 /school/index.php/Home/Users/user_show
INFO: [ app_init ] --START--
INFO: Run Behavior\BuildLiteBehavior [ RunTime:0.000037s ]
INFO: [ app_init ] --END-- [ RunTime:0.000809s ]
INFO: [ app_begin ] --START--
INFO: Run Behavior\ReadHtmlCacheBehavior [ RunTime:0.000955s ]
INFO: [ app_begin ] --END-- [ RunTime:0.001108s ]
SQL: SHOW COLUMNS FROM `users` [ RunTime:0.0234s ]
SQL: SELECT * FROM `users` WHERE `u_account` = 123 LIMIT 1   [ RunTime:0.0011s ]
SQL: SHOW COLUMNS FROM `areas` [ RunTime:0.0199s ]
SQL: SELECT * FROM `areas` WHERE `a_pid` = 1  [ RunTime:0.0011s ]
INFO: [ view_parse ] --START--
INFO: [ template_filter ] --START--
INFO: Run Behavior\ContentReplaceBehavior [ RunTime:0.000146s ]
INFO: [ template_filter ] --END-- [ RunTime:0.000225s ]
NOTIC: [8] Undefined variable: page G:\htdocs\school\Application\Runtime\Cache\Home\2f4a68bea95a835f51869101ab6d5f95.php 第 169 行.
INFO: Run Behavior\ParseTemplateBehavior [ RunTime:0.078838s ]
INFO: [ view_parse ] --END-- [ RunTime:0.078925s ]
INFO: [ view_filter ] --START--
INFO: Run Behavior\WriteHtmlCacheBehavior [ RunTime:0.000266s ]
INFO: [ view_filter ] --END-- [ RunTime:0.000318s ]
INFO: [ app_end ] --START--
INFO: Run Behavior\ShowPageTraceBehavior [ RunTime:0.000738s ]
INFO: [ app_end ] --END-- [ RunTime:0.000879s ]

[ 2017-05-05T12:47:12+08:00 ] ::1 /school/index.php/Home/Users/avatar1.png
INFO: [ app_init ] --START--
INFO: Run Behavior\BuildLiteBehavior [ RunTime:0.000026s ]
INFO: [ app_init ] --END-- [ RunTime:0.000497s ]

[ 2017-05-05T12:47:13+08:00 ] ::1 /school/index.php/Home/Users/person_hover.png
INFO: [ app_init ] --START--
INFO: Run Behavior\BuildLiteBehavior [ RunTime:0.000017s ]
INFO: [ app_init ] --END-- [ RunTime:0.000357s ]

[ 2017-05-05T12:47:14+08:00 ] ::1 /school/index.php/Home/Users/user_update/u_nickname/xin/u_qq/668878/u_school/3
INFO: [ app_init ] --START--
INFO: Run Behavior\BuildLiteBehavior [ RunTime:0.000052s ]
INFO: [ app_init ] --END-- [ RunTime:0.001137s ]
INFO: [ app_begin ] --START--
INFO: Run Behavior\ReadHtmlCacheBehavior [ RunTime:0.001402s ]
INFO: [ app_begin ] --END-- [ RunTime:0.001599s ]
INFO: [ app_end ] --START--
INFO: Run Behavior\ShowPageTraceBehavior [ RunTime:0.001328s ]
INFO: [ app_end ] --END-- [ RunTime:0.001538s ]

[ 2017-05-05T12:48:26+08:00 ] ::1 /school/index.php/Home/Users/user_update/u_nickname/xin/u_qq/668878/u_school/3
INFO: [ app_init ] --START--
INFO: Run Behavior\BuildLiteBehavior [ RunTime:0.000040s ]
INFO: [ app_init ] --END-- [ RunTime:0.000798s ]
INFO: [ app_begin ] --START--
INFO: Run Behavior\ReadHtmlCacheBehavior [ RunTime:0.000992s ]
INFO: [ app_begin ] --END-- [ RunTime:0.001121s ]
INFO: [ app_end ] --START--
INFO: Run Behavior\ShowPageTraceBehavior [ RunTime:0.000953s ]
INFO: [ app_end ] --END-- [ RunTime:0.001092s ]

[ 2017-05-05T12:49:14+08:00 ] ::1 /school/index.php/Home/Users/user_show
INFO: [ app_init ] --START--
INFO: Run Behavior\BuildLiteBehavior [ RunTime:0.000050s ]
INFO: [ app_init ] --END-- [ RunTime:0.001109s ]
INFO: [ app_begin ] --START--
INFO: Run Behavior\ReadHtmlCacheBehavior [ RunTime:0.001195s ]
INFO: [ app_begin ] --END-- [ RunTime:0.001390s ]
SQL: SHOW COLUMNS FROM `users` [ RunTime:0.0459s ]
SQL: SELECT * FROM `users` WHERE `u_account` = 123 LIMIT 1   [ RunTime:0.0018s ]
SQL: SHOW COLUMNS FROM `areas` [ RunTime:0.0278s ]
SQL: SELECT * FROM `areas` WHERE `a_pid` = 1  [ RunTime:0.0018s ]
INFO: [ view_parse ] --START--
INFO: [ template_filter ] --START--
INFO: Run Behavior\ContentReplaceBehavior [ RunTime:0.000325s ]
INFO: [ template_filter ] --END-- [ RunTime:0.000491s ]
NOTIC: [8] Undefined variable: page G:\htdocs\school\Application\Runtime\Cache\Home\2f4a68bea95a835f51869101ab6d5f95.php 第 169 行.
INFO: Run Behavior\ParseTemplateBehavior [ RunTime:0.158836s ]
INFO: [ view_parse ] --END-- [ RunTime:0.159018s ]
INFO: [ view_filter ] --START--
INFO: Run Behavior\WriteHtmlCacheBehavior [ RunTime:0.000773s ]
INFO: [ view_filter ] --END-- [ RunTime:0.000921s ]
INFO: [ app_end ] --START--
INFO: Run Behavior\ShowPageTraceBehavior [ RunTime:0.001153s ]
INFO: [ app_end ] --END-- [ RunTime:0.001318s ]

[ 2017-05-05T12:49:14+08:00 ] ::1 /school/index.php/Home/Users/avatar1.png
INFO: [ app_init ] --START--
INFO: Run Behavior\BuildLiteBehavior [ RunTime:0.000036s ]
INFO: [ app_init ] --END-- [ RunTime:0.000733s ]

[ 2017-05-05T12:49:14+08:00 ] ::1 /school/index.php/Home/Users/person_hover.png
INFO: [ app_init ] --START--
INFO: Run Behavior\BuildLiteBehavior [ RunTime:0.000035s ]
INFO: [ app_init ] --END-- [ RunTime:0.000806s ]

[ 2017-05-05T12:49:16+08:00 ] ::1 /school/index.php/Home/Users/user_update/u_nickname/xin/u_qq/668878/u_school/3
INFO: [ app_init ] --START--
INFO: Run Behavior\BuildLiteBehavior [ RunTime:0.000060s ]
INFO: [ app_init ] --END-- [ RunTime:0.001214s ]
INFO: [ app_begin ] --START--
INFO: Run Behavior\ReadHtmlCacheBehavior [ RunTime:0.001342s ]
INFO: [ app_begin ] --END-- [ RunTime:0.001565s ]
INFO: [ app_end ] --START--
INFO: Run Behavior\ShowPageTraceBehavior [ RunTime:0.001582s ]
INFO: [ app_end ] --END-- [ RunTime:0.001829s ]

[ 2017-05-05T12:49:20+08:00 ] ::1 /school/index.php/Home/Users/user_update/u_nickname/xin/u_qq/668878/u_school/3
INFO: [ app_init ] --START--
INFO: Run Behavior\BuildLiteBehavior [ RunTime:0.000052s ]
INFO: [ app_init ] --END-- [ RunTime:0.001101s ]
INFO: [ app_begin ] --START--
INFO: Run Behavior\ReadHtmlCacheBehavior [ RunTime:0.001408s ]
INFO: [ app_begin ] --END-- [ RunTime:0.001623s ]
INFO: [ app_end ] --START--
INFO: Run Behavior\ShowPageTraceBehavior [ RunTime:0.001533s ]
INFO: [ app_end ] --END-- [ RunTime:0.001742s ]

[ 2017-05-05T12:50:45+08:00 ] ::1 /school/index.php/Home/Users/user_update/u_nickname/xin/u_qq/668878/u_school/3
INFO: [ app_init ] --START--
INFO: Run Behavior\BuildLiteBehavior [ RunTime:0.000046s ]
INFO: [ app_init ] --END-- [ RunTime:0.001176s ]
INFO: [ app_begin ] --START--
INFO: Run Behavior\ReadHtmlCacheBehavior [ RunTime:0.002301s ]
INFO: [ app_begin ] --END-- [ RunTime:0.002591s ]
INFO: [ view_parse ] --START--
INFO: [ template_filter ] --START--
INFO: Run Behavior\ContentReplaceBehavior [ RunTime:0.000149s ]
INFO: [ template_filter ] --END-- [ RunTime:0.000407s ]
INFO: Run Behavior\ParseTemplateBehavior [ RunTime:0.044025s ]
INFO: [ view_parse ] --END-- [ RunTime:0.044317s ]
INFO: [ view_filter ] --START--
INFO: Run Behavior\WriteHtmlCacheBehavior [ RunTime:0.000902s ]
INFO: [ view_filter ] --END-- [ RunTime:0.001096s ]
INFO: [ app_end ] --START--
INFO: Run Behavior\ShowPageTraceBehavior [ RunTime:0.001911s ]
INFO: [ app_end ] --END-- [ RunTime:0.002116s ]

[ 2017-05-05T12:50:49+08:00 ] ::1 /school/index.php/Home/Users/user_show
INFO: [ app_init ] --START--
INFO: Run Behavior\BuildLiteBehavior [ RunTime:0.000074s ]
INFO: [ app_init ] --END-- [ RunTime:0.001862s ]
INFO: [ app_begin ] --START--
INFO: Run Behavior\ReadHtmlCacheBehavior [ RunTime:0.001730s ]
INFO: [ app_begin ] --END-- [ RunTime:0.001994s ]
SQL: SHOW COLUMNS FROM `users` [ RunTime:0.1009s ]
SQL: SELECT * FROM `users` WHERE `u_account` = 123 LIMIT 1   [ RunTime:0.0019s ]
SQL: SHOW COLUMNS FROM `areas` [ RunTime:0.0487s ]
SQL: SELECT * FROM `areas` WHERE `a_pid` = 1  [ RunTime:0.0018s ]
INFO: [ view_parse ] --START--
INFO: [ template_filter ] --START--
INFO: Run Behavior\ContentReplaceBehavior [ RunTime:0.000493s ]
INFO: [ template_filter ] --END-- [ RunTime:0.000737s ]
NOTIC: [8] Undefined variable: page G:\htdocs\school\Application\Runtime\Cache\Home\2f4a68bea95a835f51869101ab6d5f95.php 第 169 行.
INFO: Run Behavior\ParseTemplateBehavior [ RunTime:0.199081s ]
INFO: [ view_parse ] --END-- [ RunTime:0.199269s ]
INFO: [ view_filter ] --START--
INFO: Run Behavior\WriteHtmlCacheBehavior [ RunTime:0.000963s ]
INFO: [ view_filter ] --END-- [ RunTime:0.001115s ]
INFO: [ app_end ] --START--
INFO: Run Behavior\ShowPageTraceBehavior [ RunTime:0.002143s ]
INFO: [ app_end ] --END-- [ RunTime:0.002385s ]

[ 2017-05-05T12:50:49+08:00 ] ::1 /school/index.php/Home/Users/person_hover.png
INFO: [ app_init ] --START--
INFO: Run Behavior\BuildLiteBehavior [ RunTime:0.000059s ]
INFO: [ app_init ] --END-- [ RunTime:0.001302s ]

[ 2017-05-05T12:50:50+08:00 ] ::1 /school/index.php/Home/Users/avatar1.png
INFO: [ app_init ] --START--
INFO: Run Behavior\BuildLiteBehavior [ RunTime:0.000057s ]
INFO: [ app_init ] --END-- [ RunTime:0.001150s ]

[ 2017-05-05T12:50:52+08:00 ] ::1 /school/index.php/Home/Users/user_update/u_nickname/xin/u_qq/668878/u_school/3
INFO: [ app_init ] --START--
INFO: Run Behavior\BuildLiteBehavior [ RunTime:0.000041s ]
INFO: [ app_init ] --END-- [ RunTime:0.000837s ]
INFO: [ app_begin ] --START--
INFO: Run Behavior\ReadHtmlCacheBehavior [ RunTime:0.001439s ]
INFO: [ app_begin ] --END-- [ RunTime:0.001618s ]
INFO: [ view_parse ] --START--
INFO: [ template_filter ] --START--
INFO: Run Behavior\ContentReplaceBehavior [ RunTime:0.000095s ]
INFO: [ template_filter ] --END-- [ RunTime:0.000265s ]
INFO: Run Behavior\ParseTemplateBehavior [ RunTime:0.034973s ]
INFO: [ view_parse ] --END-- [ RunTime:0.035172s ]
INFO: [ view_filter ] --START--
INFO: Run Behavior\WriteHtmlCacheBehavior [ RunTime:0.000481s ]
INFO: [ view_filter ] --END-- [ RunTime:0.000580s ]
INFO: [ app_end ] --START--
INFO: Run Behavior\ShowPageTraceBehavior [ RunTime:0.000932s ]
INFO: [ app_end ] --END-- [ RunTime:0.001039s ]

[ 2017-05-05T12:51:01+08:00 ] ::1 /school/index.php/Home/Users/user_show
INFO: [ app_init ] --START--
INFO: Run Behavior\BuildLiteBehavior [ RunTime:0.000053s ]
INFO: [ app_init ] --END-- [ RunTime:0.001161s ]
INFO: [ app_begin ] --START--
INFO: Run Behavior\ReadHtmlCacheBehavior [ RunTime:0.001198s ]
INFO: [ app_begin ] --END-- [ RunTime:0.001378s ]
SQL: SHOW COLUMNS FROM `users` [ RunTime:0.0419s ]
SQL: SELECT * FROM `users` WHERE `u_account` = 123 LIMIT 1   [ RunTime:0.0014s ]
SQL: SHOW COLUMNS FROM `areas` [ RunTime:0.0332s ]
SQL: SELECT * FROM `areas` WHERE `a_pid` = 1  [ RunTime:0.0015s ]
INFO: [ view_parse ] --START--
INFO: [ template_filter ] --START--
INFO: Run Behavior\ContentReplaceBehavior [ RunTime:0.000409s ]
INFO: [ template_filter ] --END-- [ RunTime:0.000581s ]
NOTIC: [8] Undefined variable: page G:\htdocs\school\Application\Runtime\Cache\Home\2f4a68bea95a835f51869101ab6d5f95.php 第 169 行.
INFO: Run Behavior\ParseTemplateBehavior [ RunTime:0.153792s ]
INFO: [ view_parse ] --END-- [ RunTime:0.153976s ]
INFO: [ view_filter ] --START--
INFO: Run Behavior\WriteHtmlCacheBehavior [ RunTime:0.001720s ]
INFO: [ view_filter ] --END-- [ RunTime:0.001886s ]
INFO: [ app_end ] --START--
INFO: Run Behavior\ShowPageTraceBehavior [ RunTime:0.001421s ]
INFO: [ app_end ] --END-- [ RunTime:0.001604s ]

[ 2017-05-05T12:51:01+08:00 ] ::1 /school/index.php/Home/Users/avatar1.png
INFO: [ app_init ] --START--
INFO: Run Behavior\BuildLiteBehavior [ RunTime:0.000045s ]
INFO: [ app_init ] --END-- [ RunTime:0.000954s ]

[ 2017-05-05T12:51:02+08:00 ] ::1 /school/index.php/Home/Users/person_hover.png
INFO: [ app_init ] --START--
INFO: Run Behavior\BuildLiteBehavior [ RunTime:0.000074s ]
INFO: [ app_init ] --END-- [ RunTime:0.001538s ]

[ 2017-05-05T12:52:34+08:00 ] ::1 /school/index.php/Home/Users/user_show
INFO: [ app_init ] --START--
INFO: Run Behavior\BuildLiteBehavior [ RunTime:0.000039s ]
INFO: [ app_init ] --END-- [ RunTime:0.000847s ]
INFO: [ app_begin ] --START--
INFO: Run Behavior\ReadHtmlCacheBehavior [ RunTime:0.001093s ]
INFO: [ app_begin ] --END-- [ RunTime:0.001270s ]
SQL: SHOW COLUMNS FROM `users` [ RunTime:0.0419s ]
SQL: SELECT * FROM `users` WHERE `u_account` = 123 LIMIT 1   [ RunTime:0.0016s ]
SQL: SHOW COLUMNS FROM `areas` [ RunTime:0.0766s ]
SQL: SELECT * FROM `areas` WHERE `a_pid` = 1  [ RunTime:0.0012s ]
INFO: [ view_parse ] --START--
INFO: [ template_filter ] --START--
INFO: Run Behavior\ContentReplaceBehavior [ RunTime:0.000226s ]
INFO: [ template_filter ] --END-- [ RunTime:0.000345s ]
NOTIC: [8] Undefined variable: page G:\htdocs\school\Application\Runtime\Cache\Home\2f4a68bea95a835f51869101ab6d5f95.php 第 169 行.
INFO: Run Behavior\ParseTemplateBehavior [ RunTime:0.108953s ]
INFO: [ view_parse ] --END-- [ RunTime:0.109069s ]
INFO: [ view_filter ] --START--
INFO: Run Behavior\WriteHtmlCacheBehavior [ RunTime:0.000418s ]
INFO: [ view_filter ] --END-- [ RunTime:0.000495s ]
INFO: [ app_end ] --START--
INFO: Run Behavior\ShowPageTraceBehavior [ RunTime:0.000558s ]
INFO: [ app_end ] --END-- [ RunTime:0.000638s ]

[ 2017-05-05T12:52:34+08:00 ] ::1 /school/index.php/Home/Users/person_hover.png
INFO: [ app_init ] --START--
INFO: Run Behavior\BuildLiteBehavior [ RunTime:0.000028s ]
INFO: [ app_init ] --END-- [ RunTime:0.000542s ]

[ 2017-05-05T12:52:35+08:00 ] ::1 /school/index.php/Home/Users/avatar1.png
INFO: [ app_init ] --START--
INFO: Run Behavior\BuildLiteBehavior [ RunTime:0.000068s ]
INFO: [ app_init ] --END-- [ RunTime:0.001497s ]

[ 2017-05-05T12:52:36+08:00 ] ::1 /school/index.php/Home/Users/user_update/u_nickname/xin/u_qq/668878/u_school/3
INFO: [ app_init ] --START--
INFO: Run Behavior\BuildLiteBehavior [ RunTime:0.000068s ]
INFO: [ app_init ] --END-- [ RunTime:0.001476s ]
INFO: [ app_begin ] --START--
INFO: Run Behavior\ReadHtmlCacheBehavior [ RunTime:0.001760s ]
INFO: [ app_begin ] --END-- [ RunTime:0.001986s ]
INFO: [ view_parse ] --START--
INFO: [ template_filter ] --START--
INFO: Run Behavior\ContentReplaceBehavior [ RunTime:0.000142s ]
INFO: [ template_filter ] --END-- [ RunTime:0.000388s ]
INFO: Run Behavior\ParseTemplateBehavior [ RunTime:0.019087s ]
INFO: [ view_parse ] --END-- [ RunTime:0.019350s ]
INFO: [ view_filter ] --START--
INFO: Run Behavior\WriteHtmlCacheBehavior [ RunTime:0.000839s ]
INFO: [ view_filter ] --END-- [ RunTime:0.001015s ]
INFO: [ app_end ] --START--
INFO: Run Behavior\ShowPageTraceBehavior [ RunTime:0.001667s ]
INFO: [ app_end ] --END-- [ RunTime:0.001865s ]

[ 2017-05-05T12:59:47+08:00 ] ::1 /school/index.php/Home/Users/user_show
INFO: [ app_init ] --START--
INFO: Run Behavior\BuildLiteBehavior [ RunTime:0.000052s ]
INFO: [ app_init ] --END-- [ RunTime:0.001385s ]
INFO: [ app_begin ] --START--
INFO: Run Behavior\ReadHtmlCacheBehavior [ RunTime:0.001332s ]
INFO: [ app_begin ] --END-- [ RunTime:0.001513s ]
SQL: SHOW COLUMNS FROM `users` [ RunTime:0.0738s ]
SQL: SELECT * FROM `users` WHERE `u_account` = 123 LIMIT 1   [ RunTime:0.0020s ]
SQL: SHOW COLUMNS FROM `areas` [ RunTime:0.0455s ]
SQL: SELECT * FROM `areas` WHERE `a_pid` = 1  [ RunTime:0.0029s ]
INFO: [ view_parse ] --START--
INFO: [ template_filter ] --START--
INFO: Run Behavior\ContentReplaceBehavior [ RunTime:0.000501s ]
INFO: [ template_filter ] --END-- [ RunTime:0.000773s ]
NOTIC: [8] Undefined variable: page G:\htdocs\school\Application\Runtime\Cache\Home\2f4a68bea95a835f51869101ab6d5f95.php 第 170 行.
INFO: Run Behavior\ParseTemplateBehavior [ RunTime:0.246626s ]
INFO: [ view_parse ] --END-- [ RunTime:0.246917s ]
INFO: [ view_filter ] --START--
INFO: Run Behavior\WriteHtmlCacheBehavior [ RunTime:0.001085s ]
INFO: [ view_filter ] --END-- [ RunTime:0.001266s ]
INFO: [ app_end ] --START--
INFO: Run Behavior\ShowPageTraceBehavior [ RunTime:0.002011s ]
INFO: [ app_end ] --END-- [ RunTime:0.002301s ]

[ 2017-05-05T12:59:48+08:00 ] ::1 /school/index.php/Home/Users/avatar1.png
INFO: [ app_init ] --START--
INFO: Run Behavior\BuildLiteBehavior [ RunTime:0.000056s ]
INFO: [ app_init ] --END-- [ RunTime:0.001288s ]

[ 2017-05-05T12:59:49+08:00 ] ::1 /school/index.php/Home/Users/person_hover.png
INFO: [ app_init ] --START--
INFO: Run Behavior\BuildLiteBehavior [ RunTime:0.000070s ]
INFO: [ app_init ] --END-- [ RunTime:0.001444s ]

[ 2017-05-05T12:59:51+08:00 ] ::1 /school/index.php/Home/Users/user_update/u_nickname/xin/u_qq/668878/u_id/1/u_school/3
INFO: [ app_init ] --START--
INFO: Run Behavior\BuildLiteBehavior [ RunTime:0.000073s ]
INFO: [ app_init ] --END-- [ RunTime:0.001544s ]
INFO: [ app_begin ] --START--
INFO: Run Behavior\ReadHtmlCacheBehavior [ RunTime:0.002323s ]
INFO: [ app_begin ] --END-- [ RunTime:0.002609s ]
SQL: SHOW COLUMNS FROM `users` [ RunTime:0.0540s ]
INFO: [ app_end ] --START--
INFO: Run Behavior\ShowPageTraceBehavior [ RunTime:0.001832s ]
INFO: [ app_end ] --END-- [ RunTime:0.002065s ]

[ 2017-05-05T13:00:48+08:00 ] ::1 /school/index.php/Home/Users/user_update/u_nickname/xin/u_qq/668878/u_id/1/u_school/3
INFO: [ app_init ] --START--
INFO: Run Behavior\BuildLiteBehavior [ RunTime:0.000072s ]
INFO: [ app_init ] --END-- [ RunTime:0.001553s ]
INFO: [ app_begin ] --START--
INFO: Run Behavior\ReadHtmlCacheBehavior [ RunTime:0.002171s ]
INFO: [ app_begin ] --END-- [ RunTime:0.002419s ]
SQL: SHOW COLUMNS FROM `users` [ RunTime:0.0857s ]
INFO: [ app_end ] --START--
INFO: Run Behavior\ShowPageTraceBehavior [ RunTime:0.002033s ]
INFO: [ app_end ] --END-- [ RunTime:0.002305s ]

[ 2017-05-05T13:02:13+08:00 ] ::1 /school/index.php/Home/Users/user_show
INFO: [ app_init ] --START--
INFO: Run Behavior\BuildLiteBehavior [ RunTime:0.000057s ]
INFO: [ app_init ] --END-- [ RunTime:0.001564s ]
INFO: [ app_begin ] --START--
INFO: Run Behavior\ReadHtmlCacheBehavior [ RunTime:0.001470s ]
INFO: [ app_begin ] --END-- [ RunTime:0.001719s ]
SQL: SHOW COLUMNS FROM `users` [ RunTime:0.0538s ]
SQL: SELECT * FROM `users` WHERE `u_account` = 123 LIMIT 1   [ RunTime:0.0020s ]
SQL: SHOW COLUMNS FROM `areas` [ RunTime:0.0418s ]
SQL: SELECT * FROM `areas` WHERE `a_pid` = 1  [ RunTime:0.0020s ]
INFO: [ view_parse ] --START--
INFO: [ template_filter ] --START--
INFO: Run Behavior\ContentReplaceBehavior [ RunTime:0.000455s ]
INFO: [ template_filter ] --END-- [ RunTime:0.000653s ]
NOTIC: [8] Undefined variable: page G:\htdocs\school\Application\Runtime\Cache\Home\2f4a68bea95a835f51869101ab6d5f95.php 第 170 行.
INFO: Run Behavior\ParseTemplateBehavior [ RunTime:0.196264s ]
INFO: [ view_parse ] --END-- [ RunTime:0.196419s ]
INFO: [ view_filter ] --START--
INFO: Run Behavior\WriteHtmlCacheBehavior [ RunTime:0.000688s ]
INFO: [ view_filter ] --END-- [ RunTime:0.000795s ]
INFO: [ app_end ] --START--
INFO: Run Behavior\ShowPageTraceBehavior [ RunTime:0.002441s ]
INFO: [ app_end ] --END-- [ RunTime:0.002638s ]

[ 2017-05-05T13:02:13+08:00 ] ::1 /school/index.php/Home/Users/avatar1.png
INFO: [ app_init ] --START--
INFO: Run Behavior\BuildLiteBehavior [ RunTime:0.000052s ]
INFO: [ app_init ] --END-- [ RunTime:0.001134s ]

[ 2017-05-05T13:02:13+08:00 ] ::1 /school/index.php/Home/Users/person_hover.png
INFO: [ app_init ] --START--
INFO: Run Behavior\BuildLiteBehavior [ RunTime:0.000070s ]
INFO: [ app_init ] --END-- [ RunTime:0.001018s ]

[ 2017-05-05T13:02:16+08:00 ] ::1 /school/index.php/Home/Users/user_update/u_nickname/xin/u_qq/668878/u_id/1/u_school/3
INFO: [ app_init ] --START--
INFO: Run Behavior\BuildLiteBehavior [ RunTime:0.000059s ]
INFO: [ app_init ] --END-- [ RunTime:0.001337s ]
INFO: [ app_begin ] --START--
INFO: Run Behavior\ReadHtmlCacheBehavior [ RunTime:0.001892s ]
INFO: [ app_begin ] --END-- [ RunTime:0.002161s ]
INFO: [ app_end ] --START--
INFO: Run Behavior\ShowPageTraceBehavior [ RunTime:0.001764s ]
INFO: [ app_end ] --END-- [ RunTime:0.002083s ]

[ 2017-05-05T13:03:42+08:00 ] ::1 /school/index.php/Home/Users/user_show
INFO: [ app_init ] --START--
INFO: Run Behavior\BuildLiteBehavior [ RunTime:0.000046s ]
INFO: [ app_init ] --END-- [ RunTime:0.000976s ]
INFO: [ app_begin ] --START--
INFO: Run Behavior\ReadHtmlCacheBehavior [ RunTime:0.001288s ]
INFO: [ app_begin ] --END-- [ RunTime:0.001469s ]
SQL: SHOW COLUMNS FROM `users` [ RunTime:0.1653s ]
SQL: SELECT * FROM `users` WHERE `u_account` = 123 LIMIT 1   [ RunTime:0.0016s ]
SQL: SHOW COLUMNS FROM `areas` [ RunTime:0.0360s ]
SQL: SELECT * FROM `areas` WHERE `a_pid` = 1  [ RunTime:0.0015s ]
INFO: [ view_parse ] --START--
INFO: [ template_filter ] --START--
INFO: Run Behavior\ContentReplaceBehavior [ RunTime:0.000394s ]
INFO: [ template_filter ] --END-- [ RunTime:0.000575s ]
NOTIC: [8] Undefined variable: page G:\htdocs\school\Application\Runtime\Cache\Home\2f4a68bea95a835f51869101ab6d5f95.php 第 170 行.
INFO: Run Behavior\ParseTemplateBehavior [ RunTime:0.154614s ]
INFO: [ view_parse ] --END-- [ RunTime:0.154764s ]
INFO: [ view_filter ] --START--
INFO: Run Behavior\WriteHtmlCacheBehavior [ RunTime:0.001174s ]
INFO: [ view_filter ] --END-- [ RunTime:0.001298s ]
INFO: [ app_end ] --START--
INFO: Run Behavior\ShowPageTraceBehavior [ RunTime:0.001290s ]
INFO: [ app_end ] --END-- [ RunTime:0.001468s ]

[ 2017-05-05T13:03:43+08:00 ] ::1 /school/index.php/Home/Users/avatar1.png
INFO: [ app_init ] --START--
INFO: Run Behavior\BuildLiteBehavior [ RunTime:0.000071s ]
INFO: [ app_init ] --END-- [ RunTime:0.001501s ]

[ 2017-05-05T13:03:43+08:00 ] ::1 /school/index.php/Home/Users/person_hover.png
INFO: [ app_init ] --START--
INFO: Run Behavior\BuildLiteBehavior [ RunTime:0.000060s ]
INFO: [ app_init ] --END-- [ RunTime:0.001315s ]

[ 2017-05-05T13:03:46+08:00 ] ::1 /school/index.php/Home/Users/user_update/u_nickname/xin/u_qq/668878/u_id/1/u_school/3
INFO: [ app_init ] --START--
INFO: Run Behavior\BuildLiteBehavior [ RunTime:0.000061s ]
INFO: [ app_init ] --END-- [ RunTime:0.001435s ]
INFO: [ app_begin ] --START--
INFO: Run Behavior\ReadHtmlCacheBehavior [ RunTime:0.001499s ]
INFO: [ app_begin ] --END-- [ RunTime:0.001777s ]
INFO: [ app_end ] --START--
INFO: Run Behavior\ShowPageTraceBehavior [ RunTime:0.001918s ]
INFO: [ app_end ] --END-- [ RunTime:0.002195s ]

[ 2017-05-05T13:04:00+08:00 ] ::1 /school/index.php/Home/Users/user_show
INFO: [ app_init ] --START--
INFO: Run Behavior\BuildLiteBehavior [ RunTime:0.000061s ]
INFO: [ app_init ] --END-- [ RunTime:0.001285s ]
INFO: [ app_begin ] --START--
INFO: Run Behavior\ReadHtmlCacheBehavior [ RunTime:0.001515s ]
INFO: [ app_begin ] --END-- [ RunTime:0.001743s ]
SQL: SHOW COLUMNS FROM `users` [ RunTime:0.1572s ]
SQL: SELECT * FROM `users` WHERE `u_account` = 123 LIMIT 1   [ RunTime:0.0020s ]
SQL: SHOW COLUMNS FROM `areas` [ RunTime:0.0909s ]
SQL: SELECT * FROM `areas` WHERE `a_pid` = 1  [ RunTime:0.0020s ]
INFO: [ view_parse ] --START--
INFO: [ template_filter ] --START--
INFO: Run Behavior\ContentReplaceBehavior [ RunTime:0.000624s ]
INFO: [ template_filter ] --END-- [ RunTime:0.000874s ]
NOTIC: [8] Undefined variable: page G:\htdocs\school\Application\Runtime\Cache\Home\2f4a68bea95a835f51869101ab6d5f95.php 第 170 行.
INFO: Run Behavior\ParseTemplateBehavior [ RunTime:0.278812s ]
INFO: [ view_parse ] --END-- [ RunTime:0.279047s ]
INFO: [ view_filter ] --START--
INFO: Run Behavior\WriteHtmlCacheBehavior [ RunTime:0.001111s ]
INFO: [ view_filter ] --END-- [ RunTime:0.001329s ]
INFO: [ app_end ] --START--
INFO: Run Behavior\ShowPageTraceBehavior [ RunTime:0.003953s ]
INFO: [ app_end ] --END-- [ RunTime:0.004268s ]

[ 2017-05-05T13:04:02+08:00 ] ::1 /school/index.php/Home/Users/avatar1.png
INFO: [ app_init ] --START--
INFO: Run Behavior\BuildLiteBehavior [ RunTime:0.000066s ]
INFO: [ app_init ] --END-- [ RunTime:0.001483s ]

[ 2017-05-05T13:04:02+08:00 ] ::1 /school/index.php/Home/Users/person_hover.png
INFO: [ app_init ] --START--
INFO: Run Behavior\BuildLiteBehavior [ RunTime:0.000066s ]
INFO: [ app_init ] --END-- [ RunTime:0.001377s ]

[ 2017-05-05T13:04:06+08:00 ] ::1 /school/index.php/Home/Users/user_update/u_nickname/xin/u_qq/668878/u_id/1/u_school/3
INFO: [ app_init ] --START--
INFO: Run Behavior\BuildLiteBehavior [ RunTime:0.000068s ]
INFO: [ app_init ] --END-- [ RunTime:0.001812s ]
INFO: [ app_begin ] --START--
INFO: Run Behavior\ReadHtmlCacheBehavior [ RunTime:0.001906s ]
INFO: [ app_begin ] --END-- [ RunTime:0.002161s ]
INFO: [ app_end ] --START--
INFO: Run Behavior\ShowPageTraceBehavior [ RunTime:0.002239s ]
INFO: [ app_end ] --END-- [ RunTime:0.002549s ]

[ 2017-05-05T13:08:05+08:00 ] ::1 /school/index.php/Home/Users/user_show
INFO: [ app_init ] --START--
INFO: Run Behavior\BuildLiteBehavior [ RunTime:0.000073s ]
INFO: [ app_init ] --END-- [ RunTime:0.001601s ]
INFO: [ app_begin ] --START--
INFO: Run Behavior\ReadHtmlCacheBehavior [ RunTime:0.001984s ]
INFO: [ app_begin ] --END-- [ RunTime:0.002224s ]
SQL: SHOW COLUMNS FROM `users` [ RunTime:0.0726s ]
SQL: SELECT * FROM `users` WHERE `u_account` = 123 LIMIT 1   [ RunTime:0.0023s ]
SQL: SHOW COLUMNS FROM `areas` [ RunTime:0.0650s ]
SQL: SELECT * FROM `areas` WHERE `a_pid` = 1  [ RunTime:0.0023s ]
INFO: [ view_parse ] --START--
INFO: [ template_filter ] --START--
INFO: Run Behavior\ContentReplaceBehavior [ RunTime:0.000648s ]
INFO: [ template_filter ] --END-- [ RunTime:0.000990s ]
NOTIC: [8] Undefined variable: page G:\htdocs\school\Application\Runtime\Cache\Home\2f4a68bea95a835f51869101ab6d5f95.php 第 169 行.
INFO: Run Behavior\ParseTemplateBehavior [ RunTime:0.375911s ]
INFO: [ view_parse ] --END-- [ RunTime:0.376235s ]
INFO: [ view_filter ] --START--
INFO: Run Behavior\WriteHtmlCacheBehavior [ RunTime:0.001591s ]
INFO: [ view_filter ] --END-- [ RunTime:0.001848s ]
INFO: [ app_end ] --START--
INFO: Run Behavior\ShowPageTraceBehavior [ RunTime:0.001901s ]
INFO: [ app_end ] --END-- [ RunTime:0.002158s ]

[ 2017-05-05T13:08:05+08:00 ] ::1 /school/index.php/Home/Users/avatar1.png
INFO: [ app_init ] --START--
INFO: Run Behavior\BuildLiteBehavior [ RunTime:0.000060s ]
INFO: [ app_init ] --END-- [ RunTime:0.002551s ]

[ 2017-05-05T13:08:05+08:00 ] ::1 /school/index.php/Home/Users/person_hover.png
INFO: [ app_init ] --START--
INFO: Run Behavior\BuildLiteBehavior [ RunTime:0.000106s ]
INFO: [ app_init ] --END-- [ RunTime:0.001500s ]

[ 2017-05-05T13:08:08+08:00 ] ::1 /school/index.php/Home/Users/user_update/u_nickname/xin/u_qq/668878/u_school/3
INFO: [ app_init ] --START--
INFO: Run Behavior\BuildLiteBehavior [ RunTime:0.000027s ]
INFO: [ app_init ] --END-- [ RunTime:0.000604s ]
INFO: [ app_begin ] --START--
INFO: Run Behavior\ReadHtmlCacheBehavior [ RunTime:0.000751s ]
INFO: [ app_begin ] --END-- [ RunTime:0.000853s ]
INFO: [ app_end ] --START--
INFO: Run Behavior\ShowPageTraceBehavior [ RunTime:0.000742s ]
INFO: [ app_end ] --END-- [ RunTime:0.000846s ]

[ 2017-05-05T13:08:26+08:00 ] ::1 /school/index.php/Home/Users/user_show
INFO: [ app_init ] --START--
INFO: Run Behavior\BuildLiteBehavior [ RunTime:0.000063s ]
INFO: [ app_init ] --END-- [ RunTime:0.001485s ]
INFO: [ app_begin ] --START--
INFO: Run Behavior\ReadHtmlCacheBehavior [ RunTime:0.001810s ]
INFO: [ app_begin ] --END-- [ RunTime:0.002133s ]
SQL: SHOW COLUMNS FROM `users` [ RunTime:0.0629s ]
SQL: SELECT * FROM `users` WHERE `u_account` = 123 LIMIT 1   [ RunTime:0.0020s ]
SQL: SHOW COLUMNS FROM `areas` [ RunTime:0.0405s ]
SQL: SELECT * FROM `areas` WHERE `a_pid` = 1  [ RunTime:0.0018s ]
INFO: [ view_parse ] --START--
INFO: [ template_filter ] --START--
INFO: Run Behavior\ContentReplaceBehavior [ RunTime:0.000521s ]
INFO: [ template_filter ] --END-- [ RunTime:0.000731s ]
NOTIC: [8] Undefined variable: page G:\htdocs\school\Application\Runtime\Cache\Home\2f4a68bea95a835f51869101ab6d5f95.php 第 169 行.
INFO: Run Behavior\ParseTemplateBehavior [ RunTime:0.212931s ]
INFO: [ view_parse ] --END-- [ RunTime:0.213132s ]
INFO: [ view_filter ] --START--
INFO: Run Behavior\WriteHtmlCacheBehavior [ RunTime:0.000602s ]
INFO: [ view_filter ] --END-- [ RunTime:0.000757s ]
INFO: [ app_end ] --START--
INFO: Run Behavior\ShowPageTraceBehavior [ RunTime:0.001476s ]
INFO: [ app_end ] --END-- [ RunTime:0.001658s ]

[ 2017-05-05T13:08:26+08:00 ] ::1 /school/index.php/Home/Users/avatar1.png
INFO: [ app_init ] --START--
INFO: Run Behavior\BuildLiteBehavior [ RunTime:0.000048s ]
INFO: [ app_init ] --END-- [ RunTime:0.001016s ]

[ 2017-05-05T13:08:26+08:00 ] ::1 /school/index.php/Home/Users/person_hover.png
INFO: [ app_init ] --START--
INFO: Run Behavior\BuildLiteBehavior [ RunTime:0.000043s ]
INFO: [ app_init ] --END-- [ RunTime:0.000945s ]

[ 2017-05-05T13:08:30+08:00 ] ::1 /school/index.php/Home/Users/user_update/u_nickname/xin/u_qq/668878/u_school/3
INFO: [ app_init ] --START--
INFO: Run Behavior\BuildLiteBehavior [ RunTime:0.000026s ]
INFO: [ app_init ] --END-- [ RunTime:0.000537s ]
INFO: [ app_begin ] --START--
INFO: Run Behavior\ReadHtmlCacheBehavior [ RunTime:0.001010s ]
INFO: [ app_begin ] --END-- [ RunTime:0.001356s ]
INFO: [ app_end ] --START--
INFO: Run Behavior\ShowPageTraceBehavior [ RunTime:0.001048s ]
INFO: [ app_end ] --END-- [ RunTime:0.001218s ]

[ 2017-05-05T13:10:00+08:00 ] ::1 /school/index.php/Home/Users/user_update/u_nickname/xin/u_qq/668878/u_school/3
INFO: [ app_init ] --START--
INFO: Run Behavior\BuildLiteBehavior [ RunTime:0.000061s ]
INFO: [ app_init ] --END-- [ RunTime:0.001172s ]
INFO: [ app_begin ] --START--
INFO: Run Behavior\ReadHtmlCacheBehavior [ RunTime:0.001555s ]
INFO: [ app_begin ] --END-- [ RunTime:0.001758s ]
INFO: [ app_end ] --START--
INFO: Run Behavior\ShowPageTraceBehavior [ RunTime:0.001137s ]
INFO: [ app_end ] --END-- [ RunTime:0.001442s ]

