[ 2017-06-18T16:05:25+08:00 ] ::1 /school/index.php/Home/Users/user_show
INFO: [ app_init ] --START--
INFO: Run Behavior\BuildLiteBehavior [ RunTime:0.000028s ]
INFO: [ app_init ] --END-- [ RunTime:0.068155s ]
INFO: [ app_begin ] --START--
INFO: Run Behavior\ReadHtmlCacheBehavior [ RunTime:0.054816s ]
INFO: [ app_begin ] --END-- [ RunTime:0.054931s ]
INFO: [ view_parse ] --START--
INFO: [ template_filter ] --START--
INFO: Run Behavior\ContentReplaceBehavior [ RunTime:0.000078s ]
INFO: [ template_filter ] --END-- [ RunTime:0.000201s ]
INFO: Run Behavior\ParseTemplateBehavior [ RunTime:0.530566s ]
INFO: [ view_parse ] --END-- [ RunTime:0.530680s ]
INFO: [ view_filter ] --START--
INFO: Run Behavior\WriteHtmlCacheBehavior [ RunTime:0.046558s ]
INFO: [ view_filter ] --END-- [ RunTime:0.046629s ]

[ 2017-06-18T16:05:31+08:00 ] ::1 /school/index.php/Home/Login/showlogin.html
INFO: [ app_init ] --START--
INFO: Run Behavior\BuildLiteBehavior [ RunTime:0.000018s ]
INFO: [ app_init ] --END-- [ RunTime:0.000533s ]
INFO: [ app_begin ] --START--
INFO: Run Behavior\ReadHtmlCacheBehavior [ RunTime:0.000899s ]
INFO: [ app_begin ] --END-- [ RunTime:0.001007s ]
SQL: SHOW COLUMNS FROM `areas` [ RunTime:0.0940s ]
SQL: SELECT * FROM `areas` WHERE ( a_pid )  [ RunTime:0.0011s ]
INFO: [ view_parse ] --START--
INFO: [ template_filter ] --START--
INFO: Run Behavior\ContentReplaceBehavior [ RunTime:0.000177s ]
INFO: [ template_filter ] --END-- [ RunTime:0.000245s ]
INFO: Run Behavior\ParseTemplateBehavior [ RunTime:0.361167s ]
INFO: [ view_parse ] --END-- [ RunTime:0.361260s ]
INFO: [ view_filter ] --START--
INFO: Run Behavior\WriteHtmlCacheBehavior [ RunTime:0.000380s ]
INFO: [ view_filter ] --END-- [ RunTime:0.000462s ]
INFO: [ app_end ] --START--
INFO: Run Behavior\ShowPageTraceBehavior [ RunTime:0.041578s ]
INFO: [ app_end ] --END-- [ RunTime:0.041641s ]

[ 2017-06-18T16:05:32+08:00 ] ::1 /school/index.php/Home/Login/checkcode.html
INFO: [ app_init ] --START--
INFO: Run Behavior\BuildLiteBehavior [ RunTime:0.000017s ]
INFO: [ app_init ] --END-- [ RunTime:0.000469s ]
INFO: [ app_begin ] --START--
INFO: Run Behavior\ReadHtmlCacheBehavior [ RunTime:0.000615s ]
INFO: [ app_begin ] --END-- [ RunTime:0.000685s ]
INFO: [ app_end ] --START--
INFO: Run Behavior\ShowPageTraceBehavior [ RunTime:0.000492s ]
INFO: [ app_end ] --END-- [ RunTime:0.000552s ]

[ 2017-06-18T16:06:15+08:00 ] ::1 /school/index.php/Home/Index/index
INFO: [ app_init ] --START--
INFO: Run Behavior\BuildLiteBehavior [ RunTime:0.000028s ]
INFO: [ app_init ] --END-- [ RunTime:0.000846s ]
INFO: [ app_begin ] --START--
INFO: Run Behavior\ReadHtmlCacheBehavior [ RunTime:0.001335s ]
INFO: [ app_begin ] --END-- [ RunTime:0.001515s ]
NOTIC: [2048] Declaration of Home\Model\GoodsModel::_after_insert() should be compatible with Think\Model::_after_insert($data, $options) G:\htdocs\school\Application\Home\Model\GoodsModel.class.php 第 6 行.
SQL: SHOW COLUMNS FROM `goods` [ RunTime:0.1778s ]
SQL: SHOW COLUMNS FROM `goodsuser` [ RunTime:0.1155s ]
SQL: SHOW COLUMNS FROM `helpgoods` [ RunTime:0.0737s ]
SQL: SHOW COLUMNS FROM `areas` [ RunTime:0.0375s ]
SQL: SHOW COLUMNS FROM `categorys` [ RunTime:0.0997s ]
SQL: SHOW COLUMNS FROM `tips` [ RunTime:0.0649s ]
SQL: SHOW COLUMNS FROM `picture` [ RunTime:0.0802s ]
SQL: SELECT * FROM `picture` WHERE `flag` = 'y'  [ RunTime:0.0019s ]
SQL: SELECT * FROM `tips` ORDER BY time desc LIMIT 1   [ RunTime:0.0019s ]
SQL: SELECT * FROM `categorys`  [ RunTime:0.0019s ]
SQL: SELECT `c_id` FROM `categorys` WHERE `c_id` = 1 LIMIT 1   [ RunTime:0.0018s ]
SQL: SELECT `c_id` FROM `categorys` WHERE `c_id` = 1 LIMIT 1   [ RunTime:0.0014s ]
SQL: SELECT `c_id` FROM `categorys` WHERE `c_id` = 1 LIMIT 1   [ RunTime:0.0013s ]
SQL: SELECT `c_id` FROM `categorys` WHERE `c_id` = 3 LIMIT 1   [ RunTime:0.0015s ]
SQL: SELECT `c_id` FROM `categorys` WHERE `c_id` = 3 LIMIT 1   [ RunTime:0.0016s ]
SQL: SELECT `c_id` FROM `categorys` WHERE `c_id` = 4 LIMIT 1   [ RunTime:0.0014s ]
SQL: SELECT `c_id` FROM `categorys` WHERE `c_id` = 4 LIMIT 1   [ RunTime:0.0013s ]
SQL: SELECT `c_id` FROM `categorys` WHERE `c_id` = 4 LIMIT 1   [ RunTime:0.0012s ]
SQL: SELECT `c_id` FROM `categorys` WHERE `c_id` = 4 LIMIT 1   [ RunTime:0.0013s ]
SQL: SELECT `c_id` FROM `categorys` WHERE `c_id` = 4 LIMIT 1   [ RunTime:0.0015s ]
SQL: SELECT `c_id` FROM `categorys` WHERE `c_id` = 4 LIMIT 1   [ RunTime:0.0014s ]
SQL: SELECT `c_id` FROM `categorys` WHERE `c_id` = 4 LIMIT 1   [ RunTime:0.0013s ]
SQL: SELECT `c_id` FROM `categorys` WHERE `c_id` = 5 LIMIT 1   [ RunTime:0.0014s ]
SQL: SELECT `c_id` FROM `categorys` WHERE `c_id` = 5 LIMIT 1   [ RunTime:0.0015s ]
SQL: SELECT `c_id` FROM `categorys` WHERE `c_id` = 5 LIMIT 1   [ RunTime:0.0014s ]
SQL: SELECT `c_id` FROM `categorys` WHERE `c_id` = 5 LIMIT 1   [ RunTime:0.0013s ]
SQL: SELECT `c_id` FROM `categorys` WHERE `c_id` = 5 LIMIT 1   [ RunTime:0.0015s ]
SQL: SELECT `c_id` FROM `categorys` WHERE `c_id` = 5 LIMIT 1   [ RunTime:0.0015s ]
SQL: SELECT `c_id` FROM `categorys` WHERE `c_id` = 5 LIMIT 1   [ RunTime:0.0014s ]
SQL: SELECT `c_id` FROM `categorys` WHERE `c_id` = 5 LIMIT 1   [ RunTime:0.0013s ]
SQL: SELECT `c_id` FROM `categorys` WHERE `c_id` = 6 LIMIT 1   [ RunTime:0.0013s ]
SQL: SELECT `c_id` FROM `categorys` WHERE `c_id` = 6 LIMIT 1   [ RunTime:0.0013s ]
SQL: SELECT `c_id` FROM `categorys` WHERE `c_id` = 6 LIMIT 1   [ RunTime:0.0016s ]
SQL: SELECT `c_id` FROM `categorys` WHERE `c_id` = 6 LIMIT 1   [ RunTime:0.0013s ]
SQL: SELECT `c_id` FROM `categorys` WHERE `c_id` = 6 LIMIT 1   [ RunTime:0.0013s ]
SQL: SELECT `c_id` FROM `categorys` WHERE `c_id` = 6 LIMIT 1   [ RunTime:0.0013s ]
SQL: SELECT `c_id` FROM `categorys` WHERE `c_id` = 6 LIMIT 1   [ RunTime:0.0013s ]
SQL: SELECT `c_id` FROM `categorys` WHERE `c_id` = 6 LIMIT 1   [ RunTime:0.0013s ]
SQL: SELECT `c_id` FROM `categorys` WHERE `c_id` = 6 LIMIT 1   [ RunTime:0.0013s ]
SQL: SELECT `c_id` FROM `categorys` WHERE `c_id` = 6 LIMIT 1   [ RunTime:0.0013s ]
SQL: SELECT `c_id` FROM `categorys` WHERE `c_id` = 7 LIMIT 1   [ RunTime:0.0014s ]
SQL: SELECT `c_id` FROM `categorys` WHERE `c_id` = 7 LIMIT 1   [ RunTime:0.0014s ]
SQL: SELECT `c_id` FROM `categorys` WHERE `c_id` = 7 LIMIT 1   [ RunTime:0.0014s ]
SQL: SELECT `c_id` FROM `categorys` WHERE `c_id` = 7 LIMIT 1   [ RunTime:0.0014s ]
SQL: SELECT `c_id` FROM `categorys` WHERE `c_id` = 7 LIMIT 1   [ RunTime:0.0015s ]
SQL: SELECT `c_id` FROM `categorys` WHERE `c_id` = 7 LIMIT 1   [ RunTime:0.0014s ]
SQL: SELECT `c_id` FROM `categorys` WHERE `c_id` = 8 LIMIT 1   [ RunTime:0.0013s ]
SQL: SELECT `c_id` FROM `categorys` WHERE `c_id` = 8 LIMIT 1   [ RunTime:0.0013s ]
SQL: SELECT `c_id` FROM `categorys` WHERE `c_id` = 8 LIMIT 1   [ RunTime:0.0014s ]
SQL: SELECT `c_id` FROM `categorys` WHERE `c_id` = 8 LIMIT 1   [ RunTime:0.0015s ]
SQL: SELECT `c_id` FROM `categorys` WHERE `c_id` = 8 LIMIT 1   [ RunTime:0.0014s ]
SQL: SELECT `c_id` FROM `categorys` WHERE `c_id` = 8 LIMIT 1   [ RunTime:0.0014s ]
SQL: SELECT `c_id` FROM `categorys` WHERE `c_id` = 8 LIMIT 1   [ RunTime:0.0014s ]
SQL: SELECT `c_id` FROM `categorys` WHERE `c_id` = 9 LIMIT 1   [ RunTime:0.0017s ]
SQL: SELECT `c_id` FROM `categorys` WHERE `c_id` = 9 LIMIT 1   [ RunTime:0.0014s ]
SQL: SELECT `c_id` FROM `categorys` WHERE `c_id` = 9 LIMIT 1   [ RunTime:0.0013s ]
SQL: SELECT `c_id` FROM `categorys` WHERE `c_id` = 9 LIMIT 1   [ RunTime:0.0013s ]
SQL: SELECT `c_id` FROM `categorys` WHERE `c_id` = 9 LIMIT 1   [ RunTime:0.0015s ]
SQL: SELECT `c_id` FROM `categorys` WHERE `c_id` = 9 LIMIT 1   [ RunTime:0.0013s ]
SQL: SELECT `c_id` FROM `categorys` WHERE `c_id` = 9 LIMIT 1   [ RunTime:0.0017s ]
SQL: SELECT `c_id` FROM `categorys` WHERE `c_id` = 2 LIMIT 1   [ RunTime:0.0015s ]
SQL: SELECT `c_id` FROM `categorys` WHERE `c_id` = 1 LIMIT 1   [ RunTime:0.0014s ]
SQL: SELECT * FROM `categorys`  [ RunTime:0.0016s ]
SQL: SELECT * FROM `areas` WHERE `a_name` = '西安工业大学' LIMIT 1   [ RunTime:0.0014s ]
SQL: SELECT `goods_id`,`gu_time` FROM `goodsuser` WHERE `gu_flag` = 'y' AND `school_id` = 6 ORDER BY gu_time desc LIMIT 10   [ RunTime:0.0015s ]
SQL: SELECT `g_id`,`g_logo`,`g_name`,`g_price` FROM `goods` WHERE `g_id` = 24 AND `g_price` > 0  [ RunTime:0.0013s ]
SQL: SELECT `g_id`,`g_logo`,`g_name`,`g_price` FROM `goods` WHERE `g_id` = 23 AND `g_price` > 0  [ RunTime:0.0013s ]
SQL: SELECT `g_id`,`g_logo`,`g_name`,`g_price` FROM `goods` WHERE `g_id` = 22 AND `g_price` > 0  [ RunTime:0.0012s ]
SQL: SELECT `g_id`,`g_logo`,`g_name`,`g_price` FROM `goods` WHERE `g_id` = 21 AND `g_price` > 0  [ RunTime:0.0014s ]
SQL: SELECT `g_id`,`g_logo`,`g_name`,`g_price` FROM `goods` WHERE `g_id` = 20 AND `g_price` > 0  [ RunTime:0.0013s ]
SQL: SELECT `g_id`,`g_logo`,`g_name`,`g_price` FROM `goods` WHERE `g_id` = 19 AND `g_price` > 0  [ RunTime:0.0015s ]
SQL: SELECT `g_id`,`g_logo`,`g_name`,`g_price` FROM `goods` WHERE `g_id` = 16 AND `g_price` > 0  [ RunTime:0.0013s ]
SQL: SELECT `g_id`,`g_logo`,`g_name`,`g_price` FROM `goods` WHERE `g_id` = 12 AND `g_price` > 0  [ RunTime:0.0012s ]
SQL: SELECT `g_id`,`g_logo`,`g_name`,`g_price` FROM `goods` WHERE `g_id` = 11 AND `g_price` > 0  [ RunTime:0.0013s ]
SQL: SELECT `g_id`,`g_logo`,`g_name`,`g_price` FROM `goods` WHERE `g_id` = 13 AND `g_price` > 0  [ RunTime:0.0014s ]
SQL: SELECT * FROM `areas` WHERE `a_name` = '陕西科技大学' LIMIT 1   [ RunTime:0.0015s ]
SQL: SELECT `goods_id`,`gu_time` FROM `goodsuser` WHERE `gu_flag` = 'y' AND `school_id` = 3 ORDER BY gu_time desc LIMIT 10   [ RunTime:0.0014s ]
SQL: SELECT `g_id`,`g_logo`,`g_name`,`g_price` FROM `goods` WHERE `g_id` = 18 AND `g_price` > 0  [ RunTime:0.0014s ]
SQL: SELECT `g_id`,`g_logo`,`g_name`,`g_price` FROM `goods` WHERE `g_id` = 17 AND `g_price` > 0  [ RunTime:0.0016s ]
SQL: SELECT `g_id`,`g_logo`,`g_name`,`g_price` FROM `goods` WHERE `g_id` = 9 AND `g_price` > 0  [ RunTime:0.0015s ]
SQL: SELECT `g_id`,`g_logo`,`g_name`,`g_price` FROM `goods` WHERE `g_id` = 8 AND `g_price` > 0  [ RunTime:0.0015s ]
SQL: SELECT * FROM `areas` WHERE `a_name` = '西安医学院' LIMIT 1   [ RunTime:0.0016s ]
SQL: SELECT `goods_id`,`gu_time` FROM `goodsuser` WHERE `gu_flag` = 'y' AND `school_id` = 4 ORDER BY gu_time desc LIMIT 10   [ RunTime:0.0014s ]
NOTIC: [8] Undefined variable: y_data G:\htdocs\school\Application\Home\Controller\IndexController.class.php 第 105 行.
NOTIC: [2] unlink(./Application/Runtime/Temp/bf49b5ebc57997d43ccbe0fa5b51f0a4.php): No such file or directory G:\htdocs\school\ThinkPHP\Library\Think\Cache\Driver\File.class.php 第 157 行.
SQL: SELECT `goods_id`,`gu_time` FROM `goodsuser` WHERE `gu_flag` = 'y' ORDER BY gu_time desc LIMIT 10   [ RunTime:0.0016s ]
SQL: SELECT `g_id`,`g_logo`,`g_name`,`g_price` FROM `goods` WHERE `g_id` = 24 AND `g_price` = 0 LIMIT 1   [ RunTime:0.0013s ]
SQL: SELECT `g_id`,`g_logo`,`g_name`,`g_price` FROM `goods` WHERE `g_id` = 23 AND `g_price` = 0 LIMIT 1   [ RunTime:0.0012s ]
SQL: SELECT `g_id`,`g_logo`,`g_name`,`g_price` FROM `goods` WHERE `g_id` = 22 AND `g_price` = 0 LIMIT 1   [ RunTime:0.0012s ]
SQL: SELECT `g_id`,`g_logo`,`g_name`,`g_price` FROM `goods` WHERE `g_id` = 21 AND `g_price` = 0 LIMIT 1   [ RunTime:0.0014s ]
SQL: SELECT `g_id`,`g_logo`,`g_name`,`g_price` FROM `goods` WHERE `g_id` = 20 AND `g_price` = 0 LIMIT 1   [ RunTime:0.0014s ]
SQL: SELECT `g_id`,`g_logo`,`g_name`,`g_price` FROM `goods` WHERE `g_id` = 19 AND `g_price` = 0 LIMIT 1   [ RunTime:0.0013s ]
SQL: SELECT `g_id`,`g_logo`,`g_name`,`g_price` FROM `goods` WHERE `g_id` = 16 AND `g_price` = 0 LIMIT 1   [ RunTime:0.0019s ]
SQL: SELECT `g_id`,`g_logo`,`g_name`,`g_price` FROM `goods` WHERE `g_id` = 18 AND `g_price` = 0 LIMIT 1   [ RunTime:0.0013s ]
SQL: SELECT `g_id`,`g_logo`,`g_name`,`g_price` FROM `goods` WHERE `g_id` = 17 AND `g_price` = 0 LIMIT 1   [ RunTime:0.0012s ]
SQL: SELECT `g_id`,`g_logo`,`g_name`,`g_price` FROM `goods` WHERE `g_id` = 12 AND `g_price` = 0 LIMIT 1   [ RunTime:0.0014s ]
SQL: SELECT * FROM `areas`  [ RunTime:0.0017s ]
NOTIC: [8] Undefined variable: y_data G:\htdocs\school\Application\Home\Controller\IndexController.class.php 第 141 行.
INFO: [ view_parse ] --START--
INFO: [ template_filter ] --START--
INFO: Run Behavior\ContentReplaceBehavior [ RunTime:0.000320s ]
INFO: [ template_filter ] --END-- [ RunTime:0.000442s ]
NOTIC: [8] Use of undefined constant y - assumed 'y' G:\htdocs\school\Application\Runtime\Cache\Home\2a94b8bda04ff446dcedd42276fc99ee.php 第 154 行.
NOTIC: [8] Use of undefined constant y - assumed 'y' G:\htdocs\school\Application\Runtime\Cache\Home\2a94b8bda04ff446dcedd42276fc99ee.php 第 154 行.
NOTIC: [8] Use of undefined constant y - assumed 'y' G:\htdocs\school\Application\Runtime\Cache\Home\2a94b8bda04ff446dcedd42276fc99ee.php 第 154 行.
NOTIC: [8] Use of undefined constant y - assumed 'y' G:\htdocs\school\Application\Runtime\Cache\Home\2a94b8bda04ff446dcedd42276fc99ee.php 第 154 行.
INFO: Run Behavior\ParseTemplateBehavior [ RunTime:0.971145s ]
INFO: [ view_parse ] --END-- [ RunTime:0.971349s ]
INFO: [ view_filter ] --START--
INFO: Run Behavior\WriteHtmlCacheBehavior [ RunTime:0.001044s ]
INFO: [ view_filter ] --END-- [ RunTime:0.001168s ]
INFO: [ app_end ] --START--
INFO: Run Behavior\ShowPageTraceBehavior [ RunTime:0.001713s ]
INFO: [ app_end ] --END-- [ RunTime:0.001870s ]

[ 2017-06-18T16:06:16+08:00 ] ::1 /school/index.php/Home/Login/check_online
INFO: [ app_init ] --START--
INFO: Run Behavior\BuildLiteBehavior [ RunTime:0.000038s ]
INFO: [ app_init ] --END-- [ RunTime:0.001129s ]
INFO: [ app_begin ] --START--
INFO: Run Behavior\ReadHtmlCacheBehavior [ RunTime:0.001728s ]
INFO: [ app_begin ] --END-- [ RunTime:0.001864s ]
INFO: [ app_end ] --START--
INFO: Run Behavior\ShowPageTraceBehavior [ RunTime:0.001367s ]
INFO: [ app_end ] --END-- [ RunTime:0.001529s ]

[ 2017-06-18T16:06:23+08:00 ] ::1 /school/index.php/Home/Login/showlogin.html
INFO: [ app_init ] --START--
INFO: Run Behavior\BuildLiteBehavior [ RunTime:0.000039s ]
INFO: [ app_init ] --END-- [ RunTime:0.001086s ]
INFO: [ app_begin ] --START--
INFO: Run Behavior\ReadHtmlCacheBehavior [ RunTime:0.001251s ]
INFO: [ app_begin ] --END-- [ RunTime:0.001388s ]
SQL: SHOW COLUMNS FROM `areas` [ RunTime:0.0523s ]
SQL: SELECT * FROM `areas` WHERE ( a_pid )  [ RunTime:0.0016s ]
INFO: [ view_parse ] --START--
INFO: [ template_filter ] --START--
INFO: Run Behavior\ContentReplaceBehavior [ RunTime:0.000510s ]
INFO: [ template_filter ] --END-- [ RunTime:0.000678s ]
INFO: Run Behavior\ParseTemplateBehavior [ RunTime:0.205294s ]
INFO: [ view_parse ] --END-- [ RunTime:0.205444s ]
INFO: [ view_filter ] --START--
INFO: Run Behavior\WriteHtmlCacheBehavior [ RunTime:0.000577s ]
INFO: [ view_filter ] --END-- [ RunTime:0.000679s ]
INFO: [ app_end ] --START--
INFO: Run Behavior\ShowPageTraceBehavior [ RunTime:0.001671s ]
INFO: [ app_end ] --END-- [ RunTime:0.001831s ]

[ 2017-06-18T16:06:23+08:00 ] ::1 /school/index.php/Home/Login/checkcode.html
INFO: [ app_init ] --START--
INFO: Run Behavior\BuildLiteBehavior [ RunTime:0.000046s ]
INFO: [ app_init ] --END-- [ RunTime:0.001526s ]
INFO: [ app_begin ] --START--
INFO: Run Behavior\ReadHtmlCacheBehavior [ RunTime:0.001608s ]
INFO: [ app_begin ] --END-- [ RunTime:0.001871s ]
INFO: [ app_end ] --START--
INFO: Run Behavior\ShowPageTraceBehavior [ RunTime:0.002002s ]
INFO: [ app_end ] --END-- [ RunTime:0.002194s ]

[ 2017-06-18T16:06:31+08:00 ] ::1 /school/index.php/Home/Index/index
INFO: [ app_init ] --START--
INFO: Run Behavior\BuildLiteBehavior [ RunTime:0.000040s ]
INFO: [ app_init ] --END-- [ RunTime:0.001126s ]
INFO: [ app_begin ] --START--
INFO: Run Behavior\ReadHtmlCacheBehavior [ RunTime:0.001663s ]
INFO: [ app_begin ] --END-- [ RunTime:0.001809s ]
NOTIC: [2048] Declaration of Home\Model\GoodsModel::_after_insert() should be compatible with Think\Model::_after_insert($data, $options) G:\htdocs\school\Application\Home\Model\GoodsModel.class.php 第 6 行.
SQL: SHOW COLUMNS FROM `goods` [ RunTime:0.0675s ]
SQL: SHOW COLUMNS FROM `goodsuser` [ RunTime:0.1852s ]
SQL: SHOW COLUMNS FROM `helpgoods` [ RunTime:0.1176s ]
SQL: SHOW COLUMNS FROM `areas` [ RunTime:0.0520s ]
SQL: SHOW COLUMNS FROM `categorys` [ RunTime:0.0419s ]
SQL: SHOW COLUMNS FROM `tips` [ RunTime:0.0440s ]
SQL: SHOW COLUMNS FROM `picture` [ RunTime:0.0425s ]
SQL: SELECT * FROM `categorys`  [ RunTime:0.0019s ]
SQL: SELECT `c_id` FROM `categorys` WHERE `c_id` = 1 LIMIT 1   [ RunTime:0.0013s ]
SQL: SELECT `c_id` FROM `categorys` WHERE `c_id` = 1 LIMIT 1   [ RunTime:0.0013s ]
SQL: SELECT `c_id` FROM `categorys` WHERE `c_id` = 1 LIMIT 1   [ RunTime:0.0014s ]
SQL: SELECT `c_id` FROM `categorys` WHERE `c_id` = 3 LIMIT 1   [ RunTime:0.0016s ]
SQL: SELECT `c_id` FROM `categorys` WHERE `c_id` = 3 LIMIT 1   [ RunTime:0.0017s ]
SQL: SELECT `c_id` FROM `categorys` WHERE `c_id` = 4 LIMIT 1   [ RunTime:0.0014s ]
SQL: SELECT `c_id` FROM `categorys` WHERE `c_id` = 4 LIMIT 1   [ RunTime:0.0016s ]
SQL: SELECT `c_id` FROM `categorys` WHERE `c_id` = 4 LIMIT 1   [ RunTime:0.0015s ]
SQL: SELECT `c_id` FROM `categorys` WHERE `c_id` = 4 LIMIT 1   [ RunTime:0.0014s ]
SQL: SELECT `c_id` FROM `categorys` WHERE `c_id` = 4 LIMIT 1   [ RunTime:0.0013s ]
SQL: SELECT `c_id` FROM `categorys` WHERE `c_id` = 4 LIMIT 1   [ RunTime:0.0014s ]
SQL: SELECT `c_id` FROM `categorys` WHERE `c_id` = 4 LIMIT 1   [ RunTime:0.0014s ]
SQL: SELECT `c_id` FROM `categorys` WHERE `c_id` = 5 LIMIT 1   [ RunTime:0.0015s ]
SQL: SELECT `c_id` FROM `categorys` WHERE `c_id` = 5 LIMIT 1   [ RunTime:0.0014s ]
SQL: SELECT `c_id` FROM `categorys` WHERE `c_id` = 5 LIMIT 1   [ RunTime:0.0014s ]
SQL: SELECT `c_id` FROM `categorys` WHERE `c_id` = 5 LIMIT 1   [ RunTime:0.0015s ]
SQL: SELECT `c_id` FROM `categorys` WHERE `c_id` = 5 LIMIT 1   [ RunTime:0.0014s ]
SQL: SELECT `c_id` FROM `categorys` WHERE `c_id` = 5 LIMIT 1   [ RunTime:0.0015s ]
SQL: SELECT `c_id` FROM `categorys` WHERE `c_id` = 5 LIMIT 1   [ RunTime:0.0017s ]
SQL: SELECT `c_id` FROM `categorys` WHERE `c_id` = 5 LIMIT 1   [ RunTime:0.0016s ]
SQL: SELECT `c_id` FROM `categorys` WHERE `c_id` = 6 LIMIT 1   [ RunTime:0.0015s ]
SQL: SELECT `c_id` FROM `categorys` WHERE `c_id` = 6 LIMIT 1   [ RunTime:0.0014s ]
SQL: SELECT `c_id` FROM `categorys` WHERE `c_id` = 6 LIMIT 1   [ RunTime:0.0013s ]
SQL: SELECT `c_id` FROM `categorys` WHERE `c_id` = 6 LIMIT 1   [ RunTime:0.0014s ]
SQL: SELECT `c_id` FROM `categorys` WHERE `c_id` = 6 LIMIT 1   [ RunTime:0.0015s ]
SQL: SELECT `c_id` FROM `categorys` WHERE `c_id` = 6 LIMIT 1   [ RunTime:0.0014s ]
SQL: SELECT `c_id` FROM `categorys` WHERE `c_id` = 6 LIMIT 1   [ RunTime:0.0014s ]
SQL: SELECT `c_id` FROM `categorys` WHERE `c_id` = 6 LIMIT 1   [ RunTime:0.0015s ]
SQL: SELECT `c_id` FROM `categorys` WHERE `c_id` = 6 LIMIT 1   [ RunTime:0.0013s ]
SQL: SELECT `c_id` FROM `categorys` WHERE `c_id` = 6 LIMIT 1   [ RunTime:0.0015s ]
SQL: SELECT `c_id` FROM `categorys` WHERE `c_id` = 7 LIMIT 1   [ RunTime:0.0014s ]
SQL: SELECT `c_id` FROM `categorys` WHERE `c_id` = 7 LIMIT 1   [ RunTime:0.0013s ]
SQL: SELECT `c_id` FROM `categorys` WHERE `c_id` = 7 LIMIT 1   [ RunTime:0.0014s ]
SQL: SELECT `c_id` FROM `categorys` WHERE `c_id` = 7 LIMIT 1   [ RunTime:0.0018s ]
SQL: SELECT `c_id` FROM `categorys` WHERE `c_id` = 7 LIMIT 1   [ RunTime:0.0016s ]
SQL: SELECT `c_id` FROM `categorys` WHERE `c_id` = 7 LIMIT 1   [ RunTime:0.0014s ]
SQL: SELECT `c_id` FROM `categorys` WHERE `c_id` = 8 LIMIT 1   [ RunTime:0.0014s ]
SQL: SELECT `c_id` FROM `categorys` WHERE `c_id` = 8 LIMIT 1   [ RunTime:0.0013s ]
SQL: SELECT `c_id` FROM `categorys` WHERE `c_id` = 8 LIMIT 1   [ RunTime:0.0014s ]
SQL: SELECT `c_id` FROM `categorys` WHERE `c_id` = 8 LIMIT 1   [ RunTime:0.0013s ]
SQL: SELECT `c_id` FROM `categorys` WHERE `c_id` = 8 LIMIT 1   [ RunTime:0.0013s ]
SQL: SELECT `c_id` FROM `categorys` WHERE `c_id` = 8 LIMIT 1   [ RunTime:0.0014s ]
SQL: SELECT `c_id` FROM `categorys` WHERE `c_id` = 8 LIMIT 1   [ RunTime:0.0015s ]
SQL: SELECT `c_id` FROM `categorys` WHERE `c_id` = 9 LIMIT 1   [ RunTime:0.0014s ]
SQL: SELECT `c_id` FROM `categorys` WHERE `c_id` = 9 LIMIT 1   [ RunTime:0.0035s ]
SQL: SELECT `c_id` FROM `categorys` WHERE `c_id` = 9 LIMIT 1   [ RunTime:0.0014s ]
SQL: SELECT `c_id` FROM `categorys` WHERE `c_id` = 9 LIMIT 1   [ RunTime:0.0013s ]
SQL: SELECT `c_id` FROM `categorys` WHERE `c_id` = 9 LIMIT 1   [ RunTime:0.0015s ]
SQL: SELECT `c_id` FROM `categorys` WHERE `c_id` = 9 LIMIT 1   [ RunTime:0.0015s ]
SQL: SELECT `c_id` FROM `categorys` WHERE `c_id` = 9 LIMIT 1   [ RunTime:0.0017s ]
SQL: SELECT `c_id` FROM `categorys` WHERE `c_id` = 2 LIMIT 1   [ RunTime:0.0016s ]
SQL: SELECT `c_id` FROM `categorys` WHERE `c_id` = 1 LIMIT 1   [ RunTime:0.0014s ]
SQL: SELECT * FROM `categorys`  [ RunTime:0.0018s ]
SQL: SELECT * FROM `areas` WHERE `a_name` = '西安医学院' LIMIT 1   [ RunTime:0.0014s ]
SQL: SELECT `goods_id`,`gu_time` FROM `goodsuser` WHERE `gu_flag` = 'y' AND `school_id` = 4 ORDER BY gu_time desc LIMIT 10   [ RunTime:0.0015s ]
NOTIC: [8] Undefined variable: y_data G:\htdocs\school\Application\Home\Controller\IndexController.class.php 第 105 行.
NOTIC: [2] unlink(./Application/Runtime/Temp/bf49b5ebc57997d43ccbe0fa5b51f0a4.php): No such file or directory G:\htdocs\school\ThinkPHP\Library\Think\Cache\Driver\File.class.php 第 157 行.
SQL: SELECT * FROM `areas`  [ RunTime:0.0014s ]
NOTIC: [8] Undefined variable: y_data G:\htdocs\school\Application\Home\Controller\IndexController.class.php 第 141 行.
INFO: [ view_parse ] --START--
INFO: [ template_filter ] --START--
INFO: Run Behavior\ContentReplaceBehavior [ RunTime:0.000522s ]
INFO: [ template_filter ] --END-- [ RunTime:0.000688s ]
NOTIC: [8] Use of undefined constant y - assumed 'y' G:\htdocs\school\Application\Runtime\Cache\Home\2a94b8bda04ff446dcedd42276fc99ee.php 第 154 行.
NOTIC: [8] Use of undefined constant y - assumed 'y' G:\htdocs\school\Application\Runtime\Cache\Home\2a94b8bda04ff446dcedd42276fc99ee.php 第 154 行.
NOTIC: [8] Use of undefined constant y - assumed 'y' G:\htdocs\school\Application\Runtime\Cache\Home\2a94b8bda04ff446dcedd42276fc99ee.php 第 154 行.
NOTIC: [8] Use of undefined constant y - assumed 'y' G:\htdocs\school\Application\Runtime\Cache\Home\2a94b8bda04ff446dcedd42276fc99ee.php 第 154 行.
INFO: Run Behavior\ParseTemplateBehavior [ RunTime:0.461799s ]
INFO: [ view_parse ] --END-- [ RunTime:0.461919s ]
INFO: [ view_filter ] --START--
INFO: Run Behavior\WriteHtmlCacheBehavior [ RunTime:0.000628s ]
INFO: [ view_filter ] --END-- [ RunTime:0.000701s ]
INFO: [ app_end ] --START--
INFO: Run Behavior\ShowPageTraceBehavior [ RunTime:0.001455s ]
INFO: [ app_end ] --END-- [ RunTime:0.001604s ]

[ 2017-06-18T16:06:32+08:00 ] ::1 /school/index.php/Home/Login/check_online
INFO: [ app_init ] --START--
INFO: Run Behavior\BuildLiteBehavior [ RunTime:0.000037s ]
INFO: [ app_init ] --END-- [ RunTime:0.001061s ]
INFO: [ app_begin ] --START--
INFO: Run Behavior\ReadHtmlCacheBehavior [ RunTime:0.000863s ]
INFO: [ app_begin ] --END-- [ RunTime:0.000974s ]
INFO: [ app_end ] --START--
INFO: Run Behavior\ShowPageTraceBehavior [ RunTime:0.001292s ]
INFO: [ app_end ] --END-- [ RunTime:0.001467s ]

[ 2017-06-18T16:06:35+08:00 ] ::1 /school/index.php/Home/Login/showlogin.html
INFO: [ app_init ] --START--
INFO: Run Behavior\BuildLiteBehavior [ RunTime:0.000033s ]
INFO: [ app_init ] --END-- [ RunTime:0.001112s ]
INFO: [ app_begin ] --START--
INFO: Run Behavior\ReadHtmlCacheBehavior [ RunTime:0.001478s ]
INFO: [ app_begin ] --END-- [ RunTime:0.001656s ]
SQL: SHOW COLUMNS FROM `areas` [ RunTime:0.0517s ]
SQL: SELECT * FROM `areas` WHERE ( a_pid )  [ RunTime:0.0016s ]
INFO: [ view_parse ] --START--
INFO: [ template_filter ] --START--
INFO: Run Behavior\ContentReplaceBehavior [ RunTime:0.000482s ]
INFO: [ template_filter ] --END-- [ RunTime:0.000640s ]
INFO: Run Behavior\ParseTemplateBehavior [ RunTime:0.200639s ]
INFO: [ view_parse ] --END-- [ RunTime:0.200772s ]
INFO: [ view_filter ] --START--
INFO: Run Behavior\WriteHtmlCacheBehavior [ RunTime:0.000470s ]
INFO: [ view_filter ] --END-- [ RunTime:0.000544s ]
INFO: [ app_end ] --START--
INFO: Run Behavior\ShowPageTraceBehavior [ RunTime:0.001159s ]
INFO: [ app_end ] --END-- [ RunTime:0.001308s ]

[ 2017-06-18T16:06:35+08:00 ] ::1 /school/index.php/Home/Login/checkcode.html
INFO: [ app_init ] --START--
INFO: Run Behavior\BuildLiteBehavior [ RunTime:0.000038s ]
INFO: [ app_init ] --END-- [ RunTime:0.001170s ]
INFO: [ app_begin ] --START--
INFO: Run Behavior\ReadHtmlCacheBehavior [ RunTime:0.001291s ]
INFO: [ app_begin ] --END-- [ RunTime:0.001473s ]
INFO: [ app_end ] --START--
INFO: Run Behavior\ShowPageTraceBehavior [ RunTime:0.001495s ]
INFO: [ app_end ] --END-- [ RunTime:0.001726s ]

[ 2017-06-18T16:06:52+08:00 ] ::1 /school/index.php/Home/Login/login.html
INFO: [ app_init ] --START--
INFO: Run Behavior\BuildLiteBehavior [ RunTime:0.000035s ]
INFO: [ app_init ] --END-- [ RunTime:0.000997s ]
INFO: [ app_begin ] --START--
INFO: Run Behavior\ReadHtmlCacheBehavior [ RunTime:0.003163s ]
INFO: [ app_begin ] --END-- [ RunTime:0.003369s ]
NOTIC: [2048] Declaration of Home\Model\UsersModel::_after_insert() should be compatible with Think\Model::_after_insert($data, $options) G:\htdocs\school\Application\Home\Model\UsersModel.class.php 第 6 行.
SQL: SHOW COLUMNS FROM `users` [ RunTime:0.1014s ]
SQL: SELECT * FROM `users` WHERE `u_account` = '18710643957@163.com' LIMIT 1   [ RunTime:0.0017s ]
INFO: [ view_parse ] --START--
INFO: [ template_filter ] --START--
INFO: Run Behavior\ContentReplaceBehavior [ RunTime:0.000102s ]
INFO: [ template_filter ] --END-- [ RunTime:0.000266s ]
INFO: Run Behavior\ParseTemplateBehavior [ RunTime:0.014277s ]
INFO: [ view_parse ] --END-- [ RunTime:0.014450s ]
INFO: [ view_filter ] --START--
INFO: Run Behavior\WriteHtmlCacheBehavior [ RunTime:0.000628s ]
INFO: [ view_filter ] --END-- [ RunTime:0.000739s ]

[ 2017-06-18T16:07:12+08:00 ] ::1 /school/index.php/Home/Login/showlogin.html
INFO: [ app_init ] --START--
INFO: Run Behavior\BuildLiteBehavior [ RunTime:0.000033s ]
INFO: [ app_init ] --END-- [ RunTime:0.000947s ]
INFO: [ app_begin ] --START--
INFO: Run Behavior\ReadHtmlCacheBehavior [ RunTime:0.001213s ]
INFO: [ app_begin ] --END-- [ RunTime:0.001346s ]
SQL: SHOW COLUMNS FROM `areas` [ RunTime:0.0427s ]
SQL: SELECT * FROM `areas` WHERE ( a_pid )  [ RunTime:0.0017s ]
INFO: [ view_parse ] --START--
INFO: [ template_filter ] --START--
INFO: Run Behavior\ContentReplaceBehavior [ RunTime:0.000250s ]
INFO: [ template_filter ] --END-- [ RunTime:0.000350s ]
INFO: Run Behavior\ParseTemplateBehavior [ RunTime:0.182242s ]
INFO: [ view_parse ] --END-- [ RunTime:0.182402s ]
INFO: [ view_filter ] --START--
INFO: Run Behavior\WriteHtmlCacheBehavior [ RunTime:0.000675s ]
INFO: [ view_filter ] --END-- [ RunTime:0.000790s ]
INFO: [ app_end ] --START--
INFO: Run Behavior\ShowPageTraceBehavior [ RunTime:0.001577s ]
INFO: [ app_end ] --END-- [ RunTime:0.001780s ]

[ 2017-06-18T16:07:13+08:00 ] ::1 /school/index.php/Home/Login/checkcode.html
INFO: [ app_init ] --START--
INFO: Run Behavior\BuildLiteBehavior [ RunTime:0.000039s ]
INFO: [ app_init ] --END-- [ RunTime:0.002197s ]
INFO: [ app_begin ] --START--
INFO: Run Behavior\ReadHtmlCacheBehavior [ RunTime:0.001376s ]
INFO: [ app_begin ] --END-- [ RunTime:0.001558s ]
INFO: [ app_end ] --START--
INFO: Run Behavior\ShowPageTraceBehavior [ RunTime:0.001409s ]
INFO: [ app_end ] --END-- [ RunTime:0.001577s ]

[ 2017-06-18T16:08:40+08:00 ] ::1 /school/index.php/Home/Login/login.html
INFO: [ app_init ] --START--
INFO: Run Behavior\BuildLiteBehavior [ RunTime:0.000101s ]
INFO: [ app_init ] --END-- [ RunTime:0.001916s ]
INFO: [ app_begin ] --START--
INFO: Run Behavior\ReadHtmlCacheBehavior [ RunTime:0.001598s ]
INFO: [ app_begin ] --END-- [ RunTime:0.001777s ]
NOTIC: [2048] Declaration of Home\Model\UsersModel::_after_insert() should be compatible with Think\Model::_after_insert($data, $options) G:\htdocs\school\Application\Home\Model\UsersModel.class.php 第 6 行.
SQL: SHOW COLUMNS FROM `users` [ RunTime:0.0789s ]
INFO: [ view_parse ] --START--
INFO: [ template_filter ] --START--
INFO: Run Behavior\ContentReplaceBehavior [ RunTime:0.000132s ]
INFO: [ template_filter ] --END-- [ RunTime:0.000310s ]
INFO: Run Behavior\ParseTemplateBehavior [ RunTime:0.020782s ]
INFO: [ view_parse ] --END-- [ RunTime:0.021012s ]
INFO: [ view_filter ] --START--
INFO: Run Behavior\WriteHtmlCacheBehavior [ RunTime:0.001013s ]
INFO: [ view_filter ] --END-- [ RunTime:0.001153s ]

[ 2017-06-18T16:08:44+08:00 ] ::1 /school/index.php/Home/Login/checkcode.html
INFO: [ app_init ] --START--
INFO: Run Behavior\BuildLiteBehavior [ RunTime:0.000046s ]
INFO: [ app_init ] --END-- [ RunTime:0.001361s ]
INFO: [ app_begin ] --START--
INFO: Run Behavior\ReadHtmlCacheBehavior [ RunTime:0.001709s ]
INFO: [ app_begin ] --END-- [ RunTime:0.001904s ]
INFO: [ app_end ] --START--
INFO: Run Behavior\ShowPageTraceBehavior [ RunTime:0.001995s ]
INFO: [ app_end ] --END-- [ RunTime:0.002203s ]

[ 2017-06-18T16:08:46+08:00 ] ::1 /school/index.php/Home/Login/checkcode.html
INFO: [ app_init ] --START--
INFO: Run Behavior\BuildLiteBehavior [ RunTime:0.000033s ]
INFO: [ app_init ] --END-- [ RunTime:0.001141s ]
INFO: [ app_begin ] --START--
INFO: Run Behavior\ReadHtmlCacheBehavior [ RunTime:0.001308s ]
INFO: [ app_begin ] --END-- [ RunTime:0.001456s ]
INFO: [ app_end ] --START--
INFO: Run Behavior\ShowPageTraceBehavior [ RunTime:0.001620s ]
INFO: [ app_end ] --END-- [ RunTime:0.001789s ]

[ 2017-06-18T16:08:53+08:00 ] ::1 /school/index.php/Home/Login/login.html
INFO: [ app_init ] --START--
INFO: Run Behavior\BuildLiteBehavior [ RunTime:0.000027s ]
INFO: [ app_init ] --END-- [ RunTime:0.000763s ]
INFO: [ app_begin ] --START--
INFO: Run Behavior\ReadHtmlCacheBehavior [ RunTime:0.000929s ]
INFO: [ app_begin ] --END-- [ RunTime:0.001035s ]
NOTIC: [2048] Declaration of Home\Model\UsersModel::_after_insert() should be compatible with Think\Model::_after_insert($data, $options) G:\htdocs\school\Application\Home\Model\UsersModel.class.php 第 6 行.
SQL: SHOW COLUMNS FROM `users` [ RunTime:0.0754s ]
SQL: SELECT * FROM `users` WHERE `u_account` = '18710643957@163.com' LIMIT 1   [ RunTime:0.0023s ]
INFO: [ view_parse ] --START--
INFO: [ template_filter ] --START--
INFO: Run Behavior\ContentReplaceBehavior [ RunTime:0.000150s ]
INFO: [ template_filter ] --END-- [ RunTime:0.000364s ]
INFO: Run Behavior\ParseTemplateBehavior [ RunTime:0.020707s ]
INFO: [ view_parse ] --END-- [ RunTime:0.020927s ]
INFO: [ view_filter ] --START--
INFO: Run Behavior\WriteHtmlCacheBehavior [ RunTime:0.000768s ]
INFO: [ view_filter ] --END-- [ RunTime:0.000895s ]

[ 2017-06-18T16:08:57+08:00 ] ::1 /school/index.php/Home/Users/user_show.html
INFO: [ app_init ] --START--
INFO: Run Behavior\BuildLiteBehavior [ RunTime:0.000027s ]
INFO: [ app_init ] --END-- [ RunTime:0.000783s ]
INFO: [ app_begin ] --START--
INFO: Run Behavior\ReadHtmlCacheBehavior [ RunTime:0.000937s ]
INFO: [ app_begin ] --END-- [ RunTime:0.001040s ]
NOTIC: [2048] Declaration of Home\Model\UsersModel::_after_insert() should be compatible with Think\Model::_after_insert($data, $options) G:\htdocs\school\Application\Home\Model\UsersModel.class.php 第 6 行.
SQL: SHOW COLUMNS FROM `users` [ RunTime:0.1524s ]
SQL: SELECT * FROM `users` WHERE `u_id` = 31 LIMIT 1   [ RunTime:0.0020s ]
NOTIC: [2048] Declaration of Home\Model\GoodsModel::_after_insert() should be compatible with Think\Model::_after_insert($data, $options) G:\htdocs\school\Application\Home\Model\GoodsModel.class.php 第 220 行.
SQL: SHOW COLUMNS FROM `goods` [ RunTime:0.0504s ]
SQL: SELECT COUNT(*) AS tp_count FROM `goods` WHERE `g_user` = 31 LIMIT 1   [ RunTime:0.0017s ]
SQL: SHOW COLUMNS FROM `areas` [ RunTime:0.0456s ]
SQL: SELECT * FROM `areas` WHERE `a_pid` = 1  [ RunTime:0.0017s ]
INFO: [ view_parse ] --START--
INFO: [ template_filter ] --START--
INFO: Run Behavior\ContentReplaceBehavior [ RunTime:0.000733s ]
INFO: [ template_filter ] --END-- [ RunTime:0.000872s ]
NOTIC: [8] Undefined variable: page G:\htdocs\school\Application\Runtime\Cache\Home\2f4a68bea95a835f51869101ab6d5f95.php 第 252 行.
INFO: Run Behavior\ParseTemplateBehavior [ RunTime:0.623298s ]
INFO: [ view_parse ] --END-- [ RunTime:0.623458s ]
INFO: [ view_filter ] --START--
INFO: Run Behavior\WriteHtmlCacheBehavior [ RunTime:0.000820s ]
INFO: [ view_filter ] --END-- [ RunTime:0.000938s ]
INFO: [ app_end ] --START--
INFO: Run Behavior\ShowPageTraceBehavior [ RunTime:0.002169s ]
INFO: [ app_end ] --END-- [ RunTime:0.002338s ]

[ 2017-06-18T16:08:59+08:00 ] ::1 /school/index.php/Home/Login/check_online
INFO: [ app_init ] --START--
INFO: Run Behavior\BuildLiteBehavior [ RunTime:0.000039s ]
INFO: [ app_init ] --END-- [ RunTime:0.001138s ]
INFO: [ app_begin ] --START--
INFO: Run Behavior\ReadHtmlCacheBehavior [ RunTime:0.001375s ]
INFO: [ app_begin ] --END-- [ RunTime:0.001524s ]
NOTIC: [2048] Declaration of Home\Model\UsersModel::_after_insert() should be compatible with Think\Model::_after_insert($data, $options) G:\htdocs\school\Application\Home\Model\UsersModel.class.php 第 6 行.
SQL: SHOW COLUMNS FROM `users` [ RunTime:0.0555s ]
SQL: SELECT * FROM `users` WHERE `u_id` = 31 LIMIT 1   [ RunTime:0.0022s ]
INFO: [ app_end ] --START--
INFO: Run Behavior\ShowPageTraceBehavior [ RunTime:0.001252s ]
INFO: [ app_end ] --END-- [ RunTime:0.001404s ]

[ 2017-06-18T16:20:28+08:00 ] ::1 /school/index.php/Home/Index/index
INFO: [ app_init ] --START--
INFO: Run Behavior\BuildLiteBehavior [ RunTime:0.000028s ]
INFO: [ app_init ] --END-- [ RunTime:0.000957s ]
INFO: [ app_begin ] --START--
INFO: Run Behavior\ReadHtmlCacheBehavior [ RunTime:0.001073s ]
INFO: [ app_begin ] --END-- [ RunTime:0.001179s ]
NOTIC: [2048] Declaration of Home\Model\GoodsModel::_after_insert() should be compatible with Think\Model::_after_insert($data, $options) G:\htdocs\school\Application\Home\Model\GoodsModel.class.php 第 6 行.
SQL: SHOW COLUMNS FROM `goods` [ RunTime:0.0606s ]
SQL: SHOW COLUMNS FROM `goodsuser` [ RunTime:0.0642s ]
SQL: SHOW COLUMNS FROM `helpgoods` [ RunTime:0.0422s ]
SQL: SHOW COLUMNS FROM `areas` [ RunTime:0.0487s ]
SQL: SHOW COLUMNS FROM `categorys` [ RunTime:0.0615s ]
SQL: SHOW COLUMNS FROM `tips` [ RunTime:0.0485s ]
SQL: SHOW COLUMNS FROM `picture` [ RunTime:0.0637s ]
SQL: SELECT * FROM `picture` WHERE `flag` = 'y'  [ RunTime:0.0017s ]
SQL: SELECT * FROM `tips` ORDER BY time desc LIMIT 1   [ RunTime:0.0017s ]
SQL: SELECT * FROM `categorys`  [ RunTime:0.0021s ]
SQL: SELECT `c_id` FROM `categorys` WHERE `c_id` = 1 LIMIT 1   [ RunTime:0.0014s ]
SQL: SELECT `c_id` FROM `categorys` WHERE `c_id` = 1 LIMIT 1   [ RunTime:0.0013s ]
SQL: SELECT `c_id` FROM `categorys` WHERE `c_id` = 1 LIMIT 1   [ RunTime:0.0013s ]
SQL: SELECT `c_id` FROM `categorys` WHERE `c_id` = 3 LIMIT 1   [ RunTime:0.0013s ]
SQL: SELECT `c_id` FROM `categorys` WHERE `c_id` = 3 LIMIT 1   [ RunTime:0.0014s ]
SQL: SELECT `c_id` FROM `categorys` WHERE `c_id` = 4 LIMIT 1   [ RunTime:0.0015s ]
SQL: SELECT `c_id` FROM `categorys` WHERE `c_id` = 4 LIMIT 1   [ RunTime:0.0015s ]
SQL: SELECT `c_id` FROM `categorys` WHERE `c_id` = 4 LIMIT 1   [ RunTime:0.0015s ]
SQL: SELECT `c_id` FROM `categorys` WHERE `c_id` = 4 LIMIT 1   [ RunTime:0.0015s ]
SQL: SELECT `c_id` FROM `categorys` WHERE `c_id` = 4 LIMIT 1   [ RunTime:0.0015s ]
SQL: SELECT `c_id` FROM `categorys` WHERE `c_id` = 4 LIMIT 1   [ RunTime:0.0013s ]
SQL: SELECT `c_id` FROM `categorys` WHERE `c_id` = 4 LIMIT 1   [ RunTime:0.0012s ]
SQL: SELECT `c_id` FROM `categorys` WHERE `c_id` = 5 LIMIT 1   [ RunTime:0.0012s ]
SQL: SELECT `c_id` FROM `categorys` WHERE `c_id` = 5 LIMIT 1   [ RunTime:0.0012s ]
SQL: SELECT `c_id` FROM `categorys` WHERE `c_id` = 5 LIMIT 1   [ RunTime:0.0012s ]
SQL: SELECT `c_id` FROM `categorys` WHERE `c_id` = 5 LIMIT 1   [ RunTime:0.0012s ]
SQL: SELECT `c_id` FROM `categorys` WHERE `c_id` = 5 LIMIT 1   [ RunTime:0.0012s ]
SQL: SELECT `c_id` FROM `categorys` WHERE `c_id` = 5 LIMIT 1   [ RunTime:0.0013s ]
SQL: SELECT `c_id` FROM `categorys` WHERE `c_id` = 5 LIMIT 1   [ RunTime:0.0013s ]
SQL: SELECT `c_id` FROM `categorys` WHERE `c_id` = 5 LIMIT 1   [ RunTime:0.0014s ]
SQL: SELECT `c_id` FROM `categorys` WHERE `c_id` = 6 LIMIT 1   [ RunTime:0.0014s ]
SQL: SELECT `c_id` FROM `categorys` WHERE `c_id` = 6 LIMIT 1   [ RunTime:0.0014s ]
SQL: SELECT `c_id` FROM `categorys` WHERE `c_id` = 6 LIMIT 1   [ RunTime:0.0013s ]
SQL: SELECT `c_id` FROM `categorys` WHERE `c_id` = 6 LIMIT 1   [ RunTime:0.0013s ]
SQL: SELECT `c_id` FROM `categorys` WHERE `c_id` = 6 LIMIT 1   [ RunTime:0.0013s ]
SQL: SELECT `c_id` FROM `categorys` WHERE `c_id` = 6 LIMIT 1   [ RunTime:0.0014s ]
SQL: SELECT `c_id` FROM `categorys` WHERE `c_id` = 6 LIMIT 1   [ RunTime:0.0015s ]
SQL: SELECT `c_id` FROM `categorys` WHERE `c_id` = 6 LIMIT 1   [ RunTime:0.0019s ]
SQL: SELECT `c_id` FROM `categorys` WHERE `c_id` = 6 LIMIT 1   [ RunTime:0.0013s ]
SQL: SELECT `c_id` FROM `categorys` WHERE `c_id` = 6 LIMIT 1   [ RunTime:0.0014s ]
SQL: SELECT `c_id` FROM `categorys` WHERE `c_id` = 7 LIMIT 1   [ RunTime:0.0013s ]
SQL: SELECT `c_id` FROM `categorys` WHERE `c_id` = 7 LIMIT 1   [ RunTime:0.0013s ]
SQL: SELECT `c_id` FROM `categorys` WHERE `c_id` = 7 LIMIT 1   [ RunTime:0.0013s ]
SQL: SELECT `c_id` FROM `categorys` WHERE `c_id` = 7 LIMIT 1   [ RunTime:0.0014s ]
SQL: SELECT `c_id` FROM `categorys` WHERE `c_id` = 7 LIMIT 1   [ RunTime:0.0013s ]
SQL: SELECT `c_id` FROM `categorys` WHERE `c_id` = 7 LIMIT 1   [ RunTime:0.0014s ]
SQL: SELECT `c_id` FROM `categorys` WHERE `c_id` = 8 LIMIT 1   [ RunTime:0.0013s ]
SQL: SELECT `c_id` FROM `categorys` WHERE `c_id` = 8 LIMIT 1   [ RunTime:0.0013s ]
SQL: SELECT `c_id` FROM `categorys` WHERE `c_id` = 8 LIMIT 1   [ RunTime:0.0013s ]
SQL: SELECT `c_id` FROM `categorys` WHERE `c_id` = 8 LIMIT 1   [ RunTime:0.0013s ]
SQL: SELECT `c_id` FROM `categorys` WHERE `c_id` = 8 LIMIT 1   [ RunTime:0.0014s ]
SQL: SELECT `c_id` FROM `categorys` WHERE `c_id` = 8 LIMIT 1   [ RunTime:0.0013s ]
SQL: SELECT `c_id` FROM `categorys` WHERE `c_id` = 8 LIMIT 1   [ RunTime:0.0013s ]
SQL: SELECT `c_id` FROM `categorys` WHERE `c_id` = 9 LIMIT 1   [ RunTime:0.0014s ]
SQL: SELECT `c_id` FROM `categorys` WHERE `c_id` = 9 LIMIT 1   [ RunTime:0.0014s ]
SQL: SELECT `c_id` FROM `categorys` WHERE `c_id` = 9 LIMIT 1   [ RunTime:0.0014s ]
SQL: SELECT `c_id` FROM `categorys` WHERE `c_id` = 9 LIMIT 1   [ RunTime:0.0012s ]
SQL: SELECT `c_id` FROM `categorys` WHERE `c_id` = 9 LIMIT 1   [ RunTime:0.0012s ]
SQL: SELECT `c_id` FROM `categorys` WHERE `c_id` = 9 LIMIT 1   [ RunTime:0.0012s ]
SQL: SELECT `c_id` FROM `categorys` WHERE `c_id` = 9 LIMIT 1   [ RunTime:0.0012s ]
SQL: SELECT `c_id` FROM `categorys` WHERE `c_id` = 2 LIMIT 1   [ RunTime:0.0012s ]
SQL: SELECT `c_id` FROM `categorys` WHERE `c_id` = 1 LIMIT 1   [ RunTime:0.0012s ]
SQL: SELECT * FROM `categorys`  [ RunTime:0.0016s ]
SQL: SELECT * FROM `areas` WHERE `a_name` = '西安工业大学' LIMIT 1   [ RunTime:0.0016s ]
SQL: SELECT `goods_id`,`gu_time` FROM `goodsuser` WHERE `gu_flag` = 'y' AND `school_id` = 6 ORDER BY gu_time desc LIMIT 10   [ RunTime:0.0016s ]
SQL: SELECT `g_id`,`g_logo`,`g_name`,`g_price` FROM `goods` WHERE `g_id` = 24 AND `g_price` > 0  [ RunTime:0.0015s ]
SQL: SELECT `g_id`,`g_logo`,`g_name`,`g_price` FROM `goods` WHERE `g_id` = 23 AND `g_price` > 0  [ RunTime:0.0014s ]
SQL: SELECT `g_id`,`g_logo`,`g_name`,`g_price` FROM `goods` WHERE `g_id` = 22 AND `g_price` > 0  [ RunTime:0.0013s ]
SQL: SELECT `g_id`,`g_logo`,`g_name`,`g_price` FROM `goods` WHERE `g_id` = 21 AND `g_price` > 0  [ RunTime:0.0014s ]
SQL: SELECT `g_id`,`g_logo`,`g_name`,`g_price` FROM `goods` WHERE `g_id` = 20 AND `g_price` > 0  [ RunTime:0.0015s ]
SQL: SELECT `g_id`,`g_logo`,`g_name`,`g_price` FROM `goods` WHERE `g_id` = 19 AND `g_price` > 0  [ RunTime:0.0014s ]
SQL: SELECT `g_id`,`g_logo`,`g_name`,`g_price` FROM `goods` WHERE `g_id` = 16 AND `g_price` > 0  [ RunTime:0.0015s ]
SQL: SELECT `g_id`,`g_logo`,`g_name`,`g_price` FROM `goods` WHERE `g_id` = 12 AND `g_price` > 0  [ RunTime:0.0013s ]
SQL: SELECT `g_id`,`g_logo`,`g_name`,`g_price` FROM `goods` WHERE `g_id` = 11 AND `g_price` > 0  [ RunTime:0.0013s ]
SQL: SELECT `g_id`,`g_logo`,`g_name`,`g_price` FROM `goods` WHERE `g_id` = 13 AND `g_price` > 0  [ RunTime:0.0014s ]
SQL: SELECT * FROM `areas` WHERE `a_name` = '陕西科技大学' LIMIT 1   [ RunTime:0.0015s ]
SQL: SELECT `goods_id`,`gu_time` FROM `goodsuser` WHERE `gu_flag` = 'y' AND `school_id` = 3 ORDER BY gu_time desc LIMIT 10   [ RunTime:0.0015s ]
SQL: SELECT `g_id`,`g_logo`,`g_name`,`g_price` FROM `goods` WHERE `g_id` = 18 AND `g_price` > 0  [ RunTime:0.0015s ]
SQL: SELECT `g_id`,`g_logo`,`g_name`,`g_price` FROM `goods` WHERE `g_id` = 17 AND `g_price` > 0  [ RunTime:0.0014s ]
SQL: SELECT `g_id`,`g_logo`,`g_name`,`g_price` FROM `goods` WHERE `g_id` = 9 AND `g_price` > 0  [ RunTime:0.0013s ]
SQL: SELECT `g_id`,`g_logo`,`g_name`,`g_price` FROM `goods` WHERE `g_id` = 8 AND `g_price` > 0  [ RunTime:0.0013s ]
SQL: SELECT * FROM `areas` WHERE `a_name` = '西安医学院' LIMIT 1   [ RunTime:0.0014s ]
SQL: SELECT `goods_id`,`gu_time` FROM `goodsuser` WHERE `gu_flag` = 'y' AND `school_id` = 4 ORDER BY gu_time desc LIMIT 10   [ RunTime:0.0013s ]
NOTIC: [8] Undefined variable: y_data G:\htdocs\school\Application\Home\Controller\IndexController.class.php 第 105 行.
NOTIC: [2] unlink(./Application/Runtime/Temp/bf49b5ebc57997d43ccbe0fa5b51f0a4.php): No such file or directory G:\htdocs\school\ThinkPHP\Library\Think\Cache\Driver\File.class.php 第 157 行.
SQL: SELECT `goods_id`,`gu_time` FROM `goodsuser` WHERE `gu_flag` = 'y' ORDER BY gu_time desc LIMIT 10   [ RunTime:0.0014s ]
SQL: SELECT `g_id`,`g_logo`,`g_name`,`g_price` FROM `goods` WHERE `g_id` = 24 AND `g_price` = 0 LIMIT 1   [ RunTime:0.0012s ]
SQL: SELECT `g_id`,`g_logo`,`g_name`,`g_price` FROM `goods` WHERE `g_id` = 23 AND `g_price` = 0 LIMIT 1   [ RunTime:0.0011s ]
SQL: SELECT `g_id`,`g_logo`,`g_name`,`g_price` FROM `goods` WHERE `g_id` = 22 AND `g_price` = 0 LIMIT 1   [ RunTime:0.0014s ]
SQL: SELECT `g_id`,`g_logo`,`g_name`,`g_price` FROM `goods` WHERE `g_id` = 21 AND `g_price` = 0 LIMIT 1   [ RunTime:0.0014s ]
SQL: SELECT `g_id`,`g_logo`,`g_name`,`g_price` FROM `goods` WHERE `g_id` = 20 AND `g_price` = 0 LIMIT 1   [ RunTime:0.0014s ]
SQL: SELECT `g_id`,`g_logo`,`g_name`,`g_price` FROM `goods` WHERE `g_id` = 19 AND `g_price` = 0 LIMIT 1   [ RunTime:0.0014s ]
SQL: SELECT `g_id`,`g_logo`,`g_name`,`g_price` FROM `goods` WHERE `g_id` = 16 AND `g_price` = 0 LIMIT 1   [ RunTime:0.0015s ]
SQL: SELECT `g_id`,`g_logo`,`g_name`,`g_price` FROM `goods` WHERE `g_id` = 18 AND `g_price` = 0 LIMIT 1   [ RunTime:0.0016s ]
SQL: SELECT `g_id`,`g_logo`,`g_name`,`g_price` FROM `goods` WHERE `g_id` = 17 AND `g_price` = 0 LIMIT 1   [ RunTime:0.0014s ]
SQL: SELECT `g_id`,`g_logo`,`g_name`,`g_price` FROM `goods` WHERE `g_id` = 12 AND `g_price` = 0 LIMIT 1   [ RunTime:0.0014s ]
SQL: SELECT * FROM `areas`  [ RunTime:0.0015s ]
NOTIC: [8] Undefined variable: y_data G:\htdocs\school\Application\Home\Controller\IndexController.class.php 第 141 行.
INFO: [ view_parse ] --START--
INFO: [ template_filter ] --START--
INFO: Run Behavior\ContentReplaceBehavior [ RunTime:0.000468s ]
INFO: [ template_filter ] --END-- [ RunTime:0.000909s ]
NOTIC: [8] Use of undefined constant y - assumed 'y' G:\htdocs\school\Application\Runtime\Cache\Home\2a94b8bda04ff446dcedd42276fc99ee.php 第 154 行.
NOTIC: [8] Use of undefined constant y - assumed 'y' G:\htdocs\school\Application\Runtime\Cache\Home\2a94b8bda04ff446dcedd42276fc99ee.php 第 154 行.
NOTIC: [8] Use of undefined constant y - assumed 'y' G:\htdocs\school\Application\Runtime\Cache\Home\2a94b8bda04ff446dcedd42276fc99ee.php 第 154 行.
NOTIC: [8] Use of undefined constant y - assumed 'y' G:\htdocs\school\Application\Runtime\Cache\Home\2a94b8bda04ff446dcedd42276fc99ee.php 第 154 行.
INFO: Run Behavior\ParseTemplateBehavior [ RunTime:0.558641s ]
INFO: [ view_parse ] --END-- [ RunTime:0.558773s ]
INFO: [ view_filter ] --START--
INFO: Run Behavior\WriteHtmlCacheBehavior [ RunTime:0.001010s ]
INFO: [ view_filter ] --END-- [ RunTime:0.001116s ]
INFO: [ app_end ] --START--
INFO: Run Behavior\ShowPageTraceBehavior [ RunTime:0.001559s ]
INFO: [ app_end ] --END-- [ RunTime:0.001692s ]

[ 2017-06-18T16:20:29+08:00 ] ::1 /school/index.php/Home/Login/check_online
INFO: [ app_init ] --START--
INFO: Run Behavior\BuildLiteBehavior [ RunTime:0.000031s ]
INFO: [ app_init ] --END-- [ RunTime:0.001022s ]
INFO: [ app_begin ] --START--
INFO: Run Behavior\ReadHtmlCacheBehavior [ RunTime:0.001316s ]
INFO: [ app_begin ] --END-- [ RunTime:0.001456s ]
INFO: [ app_end ] --START--
INFO: Run Behavior\ShowPageTraceBehavior [ RunTime:0.001861s ]
INFO: [ app_end ] --END-- [ RunTime:0.002052s ]

[ 2017-06-18T16:20:59+08:00 ] ::1 /school/index.php/Home/Index/index
INFO: [ app_init ] --START--
INFO: Run Behavior\BuildLiteBehavior [ RunTime:0.000046s ]
INFO: [ app_init ] --END-- [ RunTime:0.001328s ]
INFO: [ app_begin ] --START--
INFO: Run Behavior\ReadHtmlCacheBehavior [ RunTime:0.001525s ]
INFO: [ app_begin ] --END-- [ RunTime:0.001700s ]
NOTIC: [2048] Declaration of Home\Model\GoodsModel::_after_insert() should be compatible with Think\Model::_after_insert($data, $options) G:\htdocs\school\Application\Home\Model\GoodsModel.class.php 第 6 行.
SQL: SHOW COLUMNS FROM `goods` [ RunTime:0.0555s ]
SQL: SHOW COLUMNS FROM `goodsuser` [ RunTime:0.0525s ]
SQL: SHOW COLUMNS FROM `helpgoods` [ RunTime:0.0395s ]
SQL: SHOW COLUMNS FROM `areas` [ RunTime:0.0405s ]
SQL: SHOW COLUMNS FROM `categorys` [ RunTime:0.0463s ]
SQL: SHOW COLUMNS FROM `tips` [ RunTime:0.0430s ]
SQL: SHOW COLUMNS FROM `picture` [ RunTime:0.0508s ]
SQL: SELECT * FROM `categorys`  [ RunTime:0.0022s ]
SQL: SELECT `c_id` FROM `categorys` WHERE `c_id` = 1 LIMIT 1   [ RunTime:0.0015s ]
SQL: SELECT `c_id` FROM `categorys` WHERE `c_id` = 1 LIMIT 1   [ RunTime:0.0015s ]
SQL: SELECT `c_id` FROM `categorys` WHERE `c_id` = 1 LIMIT 1   [ RunTime:0.0014s ]
SQL: SELECT `c_id` FROM `categorys` WHERE `c_id` = 3 LIMIT 1   [ RunTime:0.0016s ]
SQL: SELECT `c_id` FROM `categorys` WHERE `c_id` = 3 LIMIT 1   [ RunTime:0.0016s ]
SQL: SELECT `c_id` FROM `categorys` WHERE `c_id` = 4 LIMIT 1   [ RunTime:0.0013s ]
SQL: SELECT `c_id` FROM `categorys` WHERE `c_id` = 4 LIMIT 1   [ RunTime:0.0015s ]
SQL: SELECT `c_id` FROM `categorys` WHERE `c_id` = 4 LIMIT 1   [ RunTime:0.0014s ]
SQL: SELECT `c_id` FROM `categorys` WHERE `c_id` = 4 LIMIT 1   [ RunTime:0.0013s ]
SQL: SELECT `c_id` FROM `categorys` WHERE `c_id` = 4 LIMIT 1   [ RunTime:0.0015s ]
SQL: SELECT `c_id` FROM `categorys` WHERE `c_id` = 4 LIMIT 1   [ RunTime:0.0013s ]
SQL: SELECT `c_id` FROM `categorys` WHERE `c_id` = 4 LIMIT 1   [ RunTime:0.0014s ]
SQL: SELECT `c_id` FROM `categorys` WHERE `c_id` = 5 LIMIT 1   [ RunTime:0.0014s ]
SQL: SELECT `c_id` FROM `categorys` WHERE `c_id` = 5 LIMIT 1   [ RunTime:0.0014s ]
SQL: SELECT `c_id` FROM `categorys` WHERE `c_id` = 5 LIMIT 1   [ RunTime:0.0014s ]
SQL: SELECT `c_id` FROM `categorys` WHERE `c_id` = 5 LIMIT 1   [ RunTime:0.0039s ]
SQL: SELECT `c_id` FROM `categorys` WHERE `c_id` = 5 LIMIT 1   [ RunTime:0.0015s ]
SQL: SELECT `c_id` FROM `categorys` WHERE `c_id` = 5 LIMIT 1   [ RunTime:0.0018s ]
SQL: SELECT `c_id` FROM `categorys` WHERE `c_id` = 5 LIMIT 1   [ RunTime:0.0016s ]
SQL: SELECT `c_id` FROM `categorys` WHERE `c_id` = 5 LIMIT 1   [ RunTime:0.0017s ]
SQL: SELECT `c_id` FROM `categorys` WHERE `c_id` = 6 LIMIT 1   [ RunTime:0.0016s ]
SQL: SELECT `c_id` FROM `categorys` WHERE `c_id` = 6 LIMIT 1   [ RunTime:0.0014s ]
SQL: SELECT `c_id` FROM `categorys` WHERE `c_id` = 6 LIMIT 1   [ RunTime:0.0014s ]
SQL: SELECT `c_id` FROM `categorys` WHERE `c_id` = 6 LIMIT 1   [ RunTime:0.0014s ]
SQL: SELECT `c_id` FROM `categorys` WHERE `c_id` = 6 LIMIT 1   [ RunTime:0.0014s ]
SQL: SELECT `c_id` FROM `categorys` WHERE `c_id` = 6 LIMIT 1   [ RunTime:0.0015s ]
SQL: SELECT `c_id` FROM `categorys` WHERE `c_id` = 6 LIMIT 1   [ RunTime:0.0015s ]
SQL: SELECT `c_id` FROM `categorys` WHERE `c_id` = 6 LIMIT 1   [ RunTime:0.0014s ]
SQL: SELECT `c_id` FROM `categorys` WHERE `c_id` = 6 LIMIT 1   [ RunTime:0.0014s ]
SQL: SELECT `c_id` FROM `categorys` WHERE `c_id` = 6 LIMIT 1   [ RunTime:0.0015s ]
SQL: SELECT `c_id` FROM `categorys` WHERE `c_id` = 7 LIMIT 1   [ RunTime:0.0014s ]
SQL: SELECT `c_id` FROM `categorys` WHERE `c_id` = 7 LIMIT 1   [ RunTime:0.0015s ]
SQL: SELECT `c_id` FROM `categorys` WHERE `c_id` = 7 LIMIT 1   [ RunTime:0.0016s ]
SQL: SELECT `c_id` FROM `categorys` WHERE `c_id` = 7 LIMIT 1   [ RunTime:0.0017s ]
SQL: SELECT `c_id` FROM `categorys` WHERE `c_id` = 7 LIMIT 1   [ RunTime:0.0016s ]
SQL: SELECT `c_id` FROM `categorys` WHERE `c_id` = 7 LIMIT 1   [ RunTime:0.0014s ]
SQL: SELECT `c_id` FROM `categorys` WHERE `c_id` = 8 LIMIT 1   [ RunTime:0.0013s ]
SQL: SELECT `c_id` FROM `categorys` WHERE `c_id` = 8 LIMIT 1   [ RunTime:0.0013s ]
SQL: SELECT `c_id` FROM `categorys` WHERE `c_id` = 8 LIMIT 1   [ RunTime:0.0015s ]
SQL: SELECT `c_id` FROM `categorys` WHERE `c_id` = 8 LIMIT 1   [ RunTime:0.0015s ]
SQL: SELECT `c_id` FROM `categorys` WHERE `c_id` = 8 LIMIT 1   [ RunTime:0.0015s ]
SQL: SELECT `c_id` FROM `categorys` WHERE `c_id` = 8 LIMIT 1   [ RunTime:0.0017s ]
SQL: SELECT `c_id` FROM `categorys` WHERE `c_id` = 8 LIMIT 1   [ RunTime:0.0017s ]
SQL: SELECT `c_id` FROM `categorys` WHERE `c_id` = 9 LIMIT 1   [ RunTime:0.0015s ]
SQL: SELECT `c_id` FROM `categorys` WHERE `c_id` = 9 LIMIT 1   [ RunTime:0.0016s ]
SQL: SELECT `c_id` FROM `categorys` WHERE `c_id` = 9 LIMIT 1   [ RunTime:0.0015s ]
SQL: SELECT `c_id` FROM `categorys` WHERE `c_id` = 9 LIMIT 1   [ RunTime:0.0013s ]
SQL: SELECT `c_id` FROM `categorys` WHERE `c_id` = 9 LIMIT 1   [ RunTime:0.0013s ]
SQL: SELECT `c_id` FROM `categorys` WHERE `c_id` = 9 LIMIT 1   [ RunTime:0.0015s ]
SQL: SELECT `c_id` FROM `categorys` WHERE `c_id` = 9 LIMIT 1   [ RunTime:0.0013s ]
SQL: SELECT `c_id` FROM `categorys` WHERE `c_id` = 2 LIMIT 1   [ RunTime:0.0014s ]
SQL: SELECT `c_id` FROM `categorys` WHERE `c_id` = 1 LIMIT 1   [ RunTime:0.0014s ]
SQL: SELECT * FROM `categorys`  [ RunTime:0.0018s ]
SQL: SELECT * FROM `areas` WHERE `a_name` = '西安医学院' LIMIT 1   [ RunTime:0.0016s ]
SQL: SELECT `goods_id`,`gu_time` FROM `goodsuser` WHERE `gu_flag` = 'y' AND `school_id` = 4 ORDER BY gu_time desc LIMIT 10   [ RunTime:0.0018s ]
NOTIC: [8] Undefined variable: y_data G:\htdocs\school\Application\Home\Controller\IndexController.class.php 第 105 行.
NOTIC: [2] unlink(./Application/Runtime/Temp/bf49b5ebc57997d43ccbe0fa5b51f0a4.php): No such file or directory G:\htdocs\school\ThinkPHP\Library\Think\Cache\Driver\File.class.php 第 157 行.
SQL: SELECT * FROM `areas`  [ RunTime:0.0016s ]
NOTIC: [8] Undefined variable: y_data G:\htdocs\school\Application\Home\Controller\IndexController.class.php 第 141 行.
INFO: [ view_parse ] --START--
INFO: [ template_filter ] --START--
INFO: Run Behavior\ContentReplaceBehavior [ RunTime:0.000456s ]
INFO: [ template_filter ] --END-- [ RunTime:0.000648s ]
NOTIC: [8] Use of undefined constant y - assumed 'y' G:\htdocs\school\Application\Runtime\Cache\Home\2a94b8bda04ff446dcedd42276fc99ee.php 第 154 行.
NOTIC: [8] Use of undefined constant y - assumed 'y' G:\htdocs\school\Application\Runtime\Cache\Home\2a94b8bda04ff446dcedd42276fc99ee.php 第 154 行.
NOTIC: [8] Use of undefined constant y - assumed 'y' G:\htdocs\school\Application\Runtime\Cache\Home\2a94b8bda04ff446dcedd42276fc99ee.php 第 154 行.
NOTIC: [8] Use of undefined constant y - assumed 'y' G:\htdocs\school\Application\Runtime\Cache\Home\2a94b8bda04ff446dcedd42276fc99ee.php 第 154 行.
INFO: Run Behavior\ParseTemplateBehavior [ RunTime:0.520554s ]
INFO: [ view_parse ] --END-- [ RunTime:0.520715s ]
INFO: [ view_filter ] --START--
INFO: Run Behavior\WriteHtmlCacheBehavior [ RunTime:0.000759s ]
INFO: [ view_filter ] --END-- [ RunTime:0.000858s ]
INFO: [ app_end ] --START--
INFO: Run Behavior\ShowPageTraceBehavior [ RunTime:0.001506s ]
INFO: [ app_end ] --END-- [ RunTime:0.001645s ]

[ 2017-06-18T16:20:59+08:00 ] ::1 /school/index.php/Home/Login/check_online
INFO: [ app_init ] --START--
INFO: Run Behavior\BuildLiteBehavior [ RunTime:0.000063s ]
INFO: [ app_init ] --END-- [ RunTime:0.001202s ]
INFO: [ app_begin ] --START--
INFO: Run Behavior\ReadHtmlCacheBehavior [ RunTime:0.001286s ]
INFO: [ app_begin ] --END-- [ RunTime:0.001424s ]
INFO: [ app_end ] --START--
INFO: Run Behavior\ShowPageTraceBehavior [ RunTime:0.001471s ]
INFO: [ app_end ] --END-- [ RunTime:0.001759s ]

