[ 2017-06-17T20:42:48+08:00 ] ::1 /school/index.php/Home/Index/index
INFO: [ app_init ] --START--
INFO: Run Behavior\BuildLiteBehavior [ RunTime:0.000030s ]
INFO: [ app_init ] --END-- [ RunTime:0.113984s ]
INFO: [ app_begin ] --START--
INFO: Run Behavior\ReadHtmlCacheBehavior [ RunTime:0.124382s ]
INFO: [ app_begin ] --END-- [ RunTime:0.124502s ]
NOTIC: [2048] Declaration of Home\Model\GoodsModel::_after_insert() should be compatible with Think\Model::_after_insert($data, $options) G:\htdocs\school\Application\Home\Model\GoodsModel.class.php 第 6 行.
SQL: SHOW COLUMNS FROM `goods` [ RunTime:0.0488s ]
SQL: SHOW COLUMNS FROM `goodsuser` [ RunTime:0.0282s ]
SQL: SHOW COLUMNS FROM `helpgoods` [ RunTime:0.0185s ]
SQL: SHOW COLUMNS FROM `areas` [ RunTime:0.0214s ]
SQL: SHOW COLUMNS FROM `categorys` [ RunTime:0.0196s ]
SQL: SHOW COLUMNS FROM `tips` [ RunTime:0.0191s ]
SQL: SHOW COLUMNS FROM `picture` [ RunTime:0.0198s ]
SQL: SELECT * FROM `picture` WHERE `flag` = 'y'  [ RunTime:0.0011s ]
SQL: SELECT * FROM `tips` ORDER BY time desc LIMIT 1   [ RunTime:0.0011s ]
SQL: SELECT * FROM `categorys`  [ RunTime:0.0012s ]
SQL: SELECT `c_id` FROM `categorys` WHERE `c_id` = 1 LIMIT 1   [ RunTime:0.0009s ]
SQL: SELECT `c_id` FROM `categorys` WHERE `c_id` = 1 LIMIT 1   [ RunTime:0.0008s ]
SQL: SELECT `c_id` FROM `categorys` WHERE `c_id` = 1 LIMIT 1   [ RunTime:0.0008s ]
SQL: SELECT `c_id` FROM `categorys` WHERE `c_id` = 3 LIMIT 1   [ RunTime:0.0008s ]
SQL: SELECT `c_id` FROM `categorys` WHERE `c_id` = 3 LIMIT 1   [ RunTime:0.0008s ]
SQL: SELECT `c_id` FROM `categorys` WHERE `c_id` = 4 LIMIT 1   [ RunTime:0.0008s ]
SQL: SELECT `c_id` FROM `categorys` WHERE `c_id` = 4 LIMIT 1   [ RunTime:0.0008s ]
SQL: SELECT `c_id` FROM `categorys` WHERE `c_id` = 4 LIMIT 1   [ RunTime:0.0008s ]
SQL: SELECT `c_id` FROM `categorys` WHERE `c_id` = 4 LIMIT 1   [ RunTime:0.0008s ]
SQL: SELECT `c_id` FROM `categorys` WHERE `c_id` = 4 LIMIT 1   [ RunTime:0.0008s ]
SQL: SELECT `c_id` FROM `categorys` WHERE `c_id` = 4 LIMIT 1   [ RunTime:0.0007s ]
SQL: SELECT `c_id` FROM `categorys` WHERE `c_id` = 4 LIMIT 1   [ RunTime:0.0007s ]
SQL: SELECT `c_id` FROM `categorys` WHERE `c_id` = 5 LIMIT 1   [ RunTime:0.0007s ]
SQL: SELECT `c_id` FROM `categorys` WHERE `c_id` = 5 LIMIT 1   [ RunTime:0.0009s ]
SQL: SELECT `c_id` FROM `categorys` WHERE `c_id` = 5 LIMIT 1   [ RunTime:0.0009s ]
SQL: SELECT `c_id` FROM `categorys` WHERE `c_id` = 5 LIMIT 1   [ RunTime:0.0009s ]
SQL: SELECT `c_id` FROM `categorys` WHERE `c_id` = 5 LIMIT 1   [ RunTime:0.0008s ]
SQL: SELECT `c_id` FROM `categorys` WHERE `c_id` = 5 LIMIT 1   [ RunTime:0.0008s ]
SQL: SELECT `c_id` FROM `categorys` WHERE `c_id` = 5 LIMIT 1   [ RunTime:0.0008s ]
SQL: SELECT `c_id` FROM `categorys` WHERE `c_id` = 5 LIMIT 1   [ RunTime:0.0008s ]
SQL: SELECT `c_id` FROM `categorys` WHERE `c_id` = 6 LIMIT 1   [ RunTime:0.0008s ]
SQL: SELECT `c_id` FROM `categorys` WHERE `c_id` = 6 LIMIT 1   [ RunTime:0.0008s ]
SQL: SELECT `c_id` FROM `categorys` WHERE `c_id` = 6 LIMIT 1   [ RunTime:0.0009s ]
SQL: SELECT `c_id` FROM `categorys` WHERE `c_id` = 6 LIMIT 1   [ RunTime:0.0008s ]
SQL: SELECT `c_id` FROM `categorys` WHERE `c_id` = 6 LIMIT 1   [ RunTime:0.0008s ]
SQL: SELECT `c_id` FROM `categorys` WHERE `c_id` = 6 LIMIT 1   [ RunTime:0.0008s ]
SQL: SELECT `c_id` FROM `categorys` WHERE `c_id` = 6 LIMIT 1   [ RunTime:0.0008s ]
SQL: SELECT `c_id` FROM `categorys` WHERE `c_id` = 6 LIMIT 1   [ RunTime:0.0008s ]
SQL: SELECT `c_id` FROM `categorys` WHERE `c_id` = 6 LIMIT 1   [ RunTime:0.0008s ]
SQL: SELECT `c_id` FROM `categorys` WHERE `c_id` = 6 LIMIT 1   [ RunTime:0.0008s ]
SQL: SELECT `c_id` FROM `categorys` WHERE `c_id` = 7 LIMIT 1   [ RunTime:0.0008s ]
SQL: SELECT `c_id` FROM `categorys` WHERE `c_id` = 7 LIMIT 1   [ RunTime:0.0008s ]
SQL: SELECT `c_id` FROM `categorys` WHERE `c_id` = 7 LIMIT 1   [ RunTime:0.0008s ]
SQL: SELECT `c_id` FROM `categorys` WHERE `c_id` = 7 LIMIT 1   [ RunTime:0.0008s ]
SQL: SELECT `c_id` FROM `categorys` WHERE `c_id` = 7 LIMIT 1   [ RunTime:0.0007s ]
SQL: SELECT `c_id` FROM `categorys` WHERE `c_id` = 7 LIMIT 1   [ RunTime:0.0008s ]
SQL: SELECT `c_id` FROM `categorys` WHERE `c_id` = 8 LIMIT 1   [ RunTime:0.0010s ]
SQL: SELECT `c_id` FROM `categorys` WHERE `c_id` = 8 LIMIT 1   [ RunTime:0.0009s ]
SQL: SELECT `c_id` FROM `categorys` WHERE `c_id` = 8 LIMIT 1   [ RunTime:0.0030s ]
SQL: SELECT `c_id` FROM `categorys` WHERE `c_id` = 8 LIMIT 1   [ RunTime:0.0009s ]
SQL: SELECT `c_id` FROM `categorys` WHERE `c_id` = 8 LIMIT 1   [ RunTime:0.0008s ]
SQL: SELECT `c_id` FROM `categorys` WHERE `c_id` = 8 LIMIT 1   [ RunTime:0.0009s ]
SQL: SELECT `c_id` FROM `categorys` WHERE `c_id` = 8 LIMIT 1   [ RunTime:0.0009s ]
SQL: SELECT `c_id` FROM `categorys` WHERE `c_id` = 9 LIMIT 1   [ RunTime:0.0011s ]
SQL: SELECT `c_id` FROM `categorys` WHERE `c_id` = 9 LIMIT 1   [ RunTime:0.0011s ]
SQL: SELECT `c_id` FROM `categorys` WHERE `c_id` = 9 LIMIT 1   [ RunTime:0.0010s ]
SQL: SELECT `c_id` FROM `categorys` WHERE `c_id` = 9 LIMIT 1   [ RunTime:0.0009s ]
SQL: SELECT `c_id` FROM `categorys` WHERE `c_id` = 9 LIMIT 1   [ RunTime:0.0009s ]
SQL: SELECT `c_id` FROM `categorys` WHERE `c_id` = 9 LIMIT 1   [ RunTime:0.0008s ]
SQL: SELECT `c_id` FROM `categorys` WHERE `c_id` = 9 LIMIT 1   [ RunTime:0.0009s ]
SQL: SELECT `c_id` FROM `categorys` WHERE `c_id` = 2 LIMIT 1   [ RunTime:0.0009s ]
SQL: SELECT `c_id` FROM `categorys` WHERE `c_id` = 1 LIMIT 1   [ RunTime:0.0009s ]
SQL: SELECT * FROM `categorys`  [ RunTime:0.0011s ]
SQL: SELECT * FROM `areas` WHERE `a_name` = '西安工业大学' LIMIT 1   [ RunTime:0.0011s ]
SQL: SELECT `goods_id`,`gu_time` FROM `goodsuser` WHERE `gu_flag` = 'y' AND `school_id` = 6 ORDER BY gu_time desc LIMIT 10   [ RunTime:0.0011s ]
SQL: SELECT `g_id`,`g_logo`,`g_name`,`g_price` FROM `goods` WHERE `g_id` = 26 AND `g_price` > 0  [ RunTime:0.0010s ]
SQL: SELECT `g_id`,`g_logo`,`g_name`,`g_price` FROM `goods` WHERE `g_id` = 24 AND `g_price` > 0  [ RunTime:0.0009s ]
SQL: SELECT `g_id`,`g_logo`,`g_name`,`g_price` FROM `goods` WHERE `g_id` = 23 AND `g_price` > 0  [ RunTime:0.0009s ]
SQL: SELECT `g_id`,`g_logo`,`g_name`,`g_price` FROM `goods` WHERE `g_id` = 22 AND `g_price` > 0  [ RunTime:0.0009s ]
SQL: SELECT `g_id`,`g_logo`,`g_name`,`g_price` FROM `goods` WHERE `g_id` = 21 AND `g_price` > 0  [ RunTime:0.0009s ]
SQL: SELECT `g_id`,`g_logo`,`g_name`,`g_price` FROM `goods` WHERE `g_id` = 20 AND `g_price` > 0  [ RunTime:0.0009s ]
SQL: SELECT `g_id`,`g_logo`,`g_name`,`g_price` FROM `goods` WHERE `g_id` = 19 AND `g_price` > 0  [ RunTime:0.0009s ]
SQL: SELECT `g_id`,`g_logo`,`g_name`,`g_price` FROM `goods` WHERE `g_id` = 16 AND `g_price` > 0  [ RunTime:0.0009s ]
SQL: SELECT `g_id`,`g_logo`,`g_name`,`g_price` FROM `goods` WHERE `g_id` = 12 AND `g_price` > 0  [ RunTime:0.0009s ]
SQL: SELECT `g_id`,`g_logo`,`g_name`,`g_price` FROM `goods` WHERE `g_id` = 11 AND `g_price` > 0  [ RunTime:0.0009s ]
SQL: SELECT * FROM `areas` WHERE `a_name` = '陕西科技大学' LIMIT 1   [ RunTime:0.0010s ]
SQL: SELECT `goods_id`,`gu_time` FROM `goodsuser` WHERE `gu_flag` = 'y' AND `school_id` = 3 ORDER BY gu_time desc LIMIT 10   [ RunTime:0.0009s ]
SQL: SELECT `g_id`,`g_logo`,`g_name`,`g_price` FROM `goods` WHERE `g_id` = 18 AND `g_price` > 0  [ RunTime:0.0010s ]
SQL: SELECT `g_id`,`g_logo`,`g_name`,`g_price` FROM `goods` WHERE `g_id` = 17 AND `g_price` > 0  [ RunTime:0.0008s ]
SQL: SELECT `g_id`,`g_logo`,`g_name`,`g_price` FROM `goods` WHERE `g_id` = 9 AND `g_price` > 0  [ RunTime:0.0008s ]
SQL: SELECT `g_id`,`g_logo`,`g_name`,`g_price` FROM `goods` WHERE `g_id` = 8 AND `g_price` > 0  [ RunTime:0.0008s ]
SQL: SELECT * FROM `areas` WHERE `a_name` = '西安医学院' LIMIT 1   [ RunTime:0.0010s ]
SQL: SELECT `goods_id`,`gu_time` FROM `goodsuser` WHERE `gu_flag` = 'y' AND `school_id` = 4 ORDER BY gu_time desc LIMIT 10   [ RunTime:0.0009s ]
NOTIC: [8] Undefined variable: y_data G:\htdocs\school\Application\Home\Controller\IndexController.class.php 第 105 行.
NOTIC: [2] unlink(./Application/Runtime/Temp/bf49b5ebc57997d43ccbe0fa5b51f0a4.php): No such file or directory G:\htdocs\school\ThinkPHP\Library\Think\Cache\Driver\File.class.php 第 157 行.
SQL: SELECT `goods_id`,`gu_time` FROM `goodsuser` WHERE `gu_flag` = 'y' ORDER BY gu_time desc LIMIT 10   [ RunTime:0.0012s ]
SQL: SELECT `g_id`,`g_logo`,`g_name`,`g_price` FROM `goods` WHERE `g_id` = 26 AND `g_price` = 0 LIMIT 1   [ RunTime:0.0008s ]
SQL: SELECT `g_id`,`g_logo`,`g_name`,`g_price` FROM `goods` WHERE `g_id` = 24 AND `g_price` = 0 LIMIT 1   [ RunTime:0.0008s ]
SQL: SELECT `g_id`,`g_logo`,`g_name`,`g_price` FROM `goods` WHERE `g_id` = 23 AND `g_price` = 0 LIMIT 1   [ RunTime:0.0008s ]
SQL: SELECT `g_id`,`g_logo`,`g_name`,`g_price` FROM `goods` WHERE `g_id` = 22 AND `g_price` = 0 LIMIT 1   [ RunTime:0.0008s ]
SQL: SELECT `g_id`,`g_logo`,`g_name`,`g_price` FROM `goods` WHERE `g_id` = 21 AND `g_price` = 0 LIMIT 1   [ RunTime:0.0008s ]
SQL: SELECT `g_id`,`g_logo`,`g_name`,`g_price` FROM `goods` WHERE `g_id` = 20 AND `g_price` = 0 LIMIT 1   [ RunTime:0.0007s ]
SQL: SELECT `g_id`,`g_logo`,`g_name`,`g_price` FROM `goods` WHERE `g_id` = 19 AND `g_price` = 0 LIMIT 1   [ RunTime:0.0008s ]
SQL: SELECT `g_id`,`g_logo`,`g_name`,`g_price` FROM `goods` WHERE `g_id` = 16 AND `g_price` = 0 LIMIT 1   [ RunTime:0.0007s ]
SQL: SELECT `g_id`,`g_logo`,`g_name`,`g_price` FROM `goods` WHERE `g_id` = 18 AND `g_price` = 0 LIMIT 1   [ RunTime:0.0008s ]
SQL: SELECT `g_id`,`g_logo`,`g_name`,`g_price` FROM `goods` WHERE `g_id` = 17 AND `g_price` = 0 LIMIT 1   [ RunTime:0.0008s ]
SQL: SELECT * FROM `areas`  [ RunTime:0.0010s ]
NOTIC: [8] Undefined variable: y_data G:\htdocs\school\Application\Home\Controller\IndexController.class.php 第 141 行.
INFO: [ view_parse ] --START--
INFO: [ template_filter ] --START--
INFO: Run Behavior\ContentReplaceBehavior [ RunTime:0.000202s ]
INFO: [ template_filter ] --END-- [ RunTime:0.000299s ]
NOTIC: [8] Use of undefined constant y - assumed 'y' G:\htdocs\school\Application\Runtime\Cache\Home\2a94b8bda04ff446dcedd42276fc99ee.php 第 154 行.
NOTIC: [8] Use of undefined constant y - assumed 'y' G:\htdocs\school\Application\Runtime\Cache\Home\2a94b8bda04ff446dcedd42276fc99ee.php 第 154 行.
NOTIC: [8] Use of undefined constant y - assumed 'y' G:\htdocs\school\Application\Runtime\Cache\Home\2a94b8bda04ff446dcedd42276fc99ee.php 第 154 行.
NOTIC: [8] Use of undefined constant y - assumed 'y' G:\htdocs\school\Application\Runtime\Cache\Home\2a94b8bda04ff446dcedd42276fc99ee.php 第 154 行.
INFO: Run Behavior\ParseTemplateBehavior [ RunTime:0.768189s ]
INFO: [ view_parse ] --END-- [ RunTime:0.768262s ]
INFO: [ view_filter ] --START--
INFO: Run Behavior\WriteHtmlCacheBehavior [ RunTime:0.061605s ]
INFO: [ view_filter ] --END-- [ RunTime:0.061668s ]
INFO: [ app_end ] --START--
INFO: Run Behavior\ShowPageTraceBehavior [ RunTime:0.016184s ]
INFO: [ app_end ] --END-- [ RunTime:0.016252s ]

[ 2017-06-17T20:42:50+08:00 ] ::1 /school/index.php/Home/Index/index
INFO: [ app_init ] --START--
INFO: Run Behavior\BuildLiteBehavior [ RunTime:0.000032s ]
INFO: [ app_init ] --END-- [ RunTime:0.245510s ]
INFO: [ app_begin ] --START--
INFO: Run Behavior\ReadHtmlCacheBehavior [ RunTime:0.116878s ]
INFO: [ app_begin ] --END-- [ RunTime:0.117007s ]
NOTIC: [2048] Declaration of Home\Model\GoodsModel::_after_insert() should be compatible with Think\Model::_after_insert($data, $options) G:\htdocs\school\Application\Home\Model\GoodsModel.class.php 第 6 行.
SQL: SHOW COLUMNS FROM `goods` [ RunTime:0.0687s ]
SQL: SHOW COLUMNS FROM `goodsuser` [ RunTime:0.1808s ]
SQL: SHOW COLUMNS FROM `helpgoods` [ RunTime:0.0235s ]
SQL: SHOW COLUMNS FROM `areas` [ RunTime:0.0259s ]
SQL: SHOW COLUMNS FROM `categorys` [ RunTime:0.0203s ]
SQL: SHOW COLUMNS FROM `tips` [ RunTime:0.0201s ]
SQL: SHOW COLUMNS FROM `picture` [ RunTime:0.0215s ]
SQL: SELECT * FROM `categorys`  [ RunTime:0.0012s ]
SQL: SELECT `c_id` FROM `categorys` WHERE `c_id` = 1 LIMIT 1   [ RunTime:0.0011s ]
SQL: SELECT `c_id` FROM `categorys` WHERE `c_id` = 1 LIMIT 1   [ RunTime:0.0010s ]
SQL: SELECT `c_id` FROM `categorys` WHERE `c_id` = 1 LIMIT 1   [ RunTime:0.0009s ]
SQL: SELECT `c_id` FROM `categorys` WHERE `c_id` = 3 LIMIT 1   [ RunTime:0.0009s ]
SQL: SELECT `c_id` FROM `categorys` WHERE `c_id` = 3 LIMIT 1   [ RunTime:0.0008s ]
SQL: SELECT `c_id` FROM `categorys` WHERE `c_id` = 4 LIMIT 1   [ RunTime:0.0008s ]
SQL: SELECT `c_id` FROM `categorys` WHERE `c_id` = 4 LIMIT 1   [ RunTime:0.0008s ]
SQL: SELECT `c_id` FROM `categorys` WHERE `c_id` = 4 LIMIT 1   [ RunTime:0.0010s ]
SQL: SELECT `c_id` FROM `categorys` WHERE `c_id` = 4 LIMIT 1   [ RunTime:0.0009s ]
SQL: SELECT `c_id` FROM `categorys` WHERE `c_id` = 4 LIMIT 1   [ RunTime:0.0154s ]
SQL: SELECT `c_id` FROM `categorys` WHERE `c_id` = 4 LIMIT 1   [ RunTime:0.0009s ]
SQL: SELECT `c_id` FROM `categorys` WHERE `c_id` = 4 LIMIT 1   [ RunTime:0.0009s ]
SQL: SELECT `c_id` FROM `categorys` WHERE `c_id` = 5 LIMIT 1   [ RunTime:0.0008s ]
SQL: SELECT `c_id` FROM `categorys` WHERE `c_id` = 5 LIMIT 1   [ RunTime:0.0008s ]
SQL: SELECT `c_id` FROM `categorys` WHERE `c_id` = 5 LIMIT 1   [ RunTime:0.0018s ]
SQL: SELECT `c_id` FROM `categorys` WHERE `c_id` = 5 LIMIT 1   [ RunTime:0.0009s ]
SQL: SELECT `c_id` FROM `categorys` WHERE `c_id` = 5 LIMIT 1   [ RunTime:0.0009s ]
SQL: SELECT `c_id` FROM `categorys` WHERE `c_id` = 5 LIMIT 1   [ RunTime:0.0008s ]
SQL: SELECT `c_id` FROM `categorys` WHERE `c_id` = 5 LIMIT 1   [ RunTime:0.0009s ]
SQL: SELECT `c_id` FROM `categorys` WHERE `c_id` = 5 LIMIT 1   [ RunTime:0.0008s ]
SQL: SELECT `c_id` FROM `categorys` WHERE `c_id` = 6 LIMIT 1   [ RunTime:0.0009s ]
SQL: SELECT `c_id` FROM `categorys` WHERE `c_id` = 6 LIMIT 1   [ RunTime:0.0008s ]
SQL: SELECT `c_id` FROM `categorys` WHERE `c_id` = 6 LIMIT 1   [ RunTime:0.0009s ]
SQL: SELECT `c_id` FROM `categorys` WHERE `c_id` = 6 LIMIT 1   [ RunTime:0.0008s ]
SQL: SELECT `c_id` FROM `categorys` WHERE `c_id` = 6 LIMIT 1   [ RunTime:0.0008s ]
SQL: SELECT `c_id` FROM `categorys` WHERE `c_id` = 6 LIMIT 1   [ RunTime:0.0009s ]
SQL: SELECT `c_id` FROM `categorys` WHERE `c_id` = 6 LIMIT 1   [ RunTime:0.0008s ]
SQL: SELECT `c_id` FROM `categorys` WHERE `c_id` = 6 LIMIT 1   [ RunTime:0.0008s ]
SQL: SELECT `c_id` FROM `categorys` WHERE `c_id` = 6 LIMIT 1   [ RunTime:0.0012s ]
SQL: SELECT `c_id` FROM `categorys` WHERE `c_id` = 6 LIMIT 1   [ RunTime:0.0009s ]
SQL: SELECT `c_id` FROM `categorys` WHERE `c_id` = 7 LIMIT 1   [ RunTime:0.0009s ]
SQL: SELECT `c_id` FROM `categorys` WHERE `c_id` = 7 LIMIT 1   [ RunTime:0.0008s ]
SQL: SELECT `c_id` FROM `categorys` WHERE `c_id` = 7 LIMIT 1   [ RunTime:0.0008s ]
SQL: SELECT `c_id` FROM `categorys` WHERE `c_id` = 7 LIMIT 1   [ RunTime:0.0008s ]
SQL: SELECT `c_id` FROM `categorys` WHERE `c_id` = 7 LIMIT 1   [ RunTime:0.0008s ]
SQL: SELECT `c_id` FROM `categorys` WHERE `c_id` = 7 LIMIT 1   [ RunTime:0.0008s ]
SQL: SELECT `c_id` FROM `categorys` WHERE `c_id` = 8 LIMIT 1   [ RunTime:0.0007s ]
SQL: SELECT `c_id` FROM `categorys` WHERE `c_id` = 8 LIMIT 1   [ RunTime:0.0008s ]
SQL: SELECT `c_id` FROM `categorys` WHERE `c_id` = 8 LIMIT 1   [ RunTime:0.0009s ]
SQL: SELECT `c_id` FROM `categorys` WHERE `c_id` = 8 LIMIT 1   [ RunTime:0.0008s ]
SQL: SELECT `c_id` FROM `categorys` WHERE `c_id` = 8 LIMIT 1   [ RunTime:0.0008s ]
SQL: SELECT `c_id` FROM `categorys` WHERE `c_id` = 8 LIMIT 1   [ RunTime:0.0009s ]
SQL: SELECT `c_id` FROM `categorys` WHERE `c_id` = 8 LIMIT 1   [ RunTime:0.0009s ]
SQL: SELECT `c_id` FROM `categorys` WHERE `c_id` = 9 LIMIT 1   [ RunTime:0.0009s ]
SQL: SELECT `c_id` FROM `categorys` WHERE `c_id` = 9 LIMIT 1   [ RunTime:0.0008s ]
SQL: SELECT `c_id` FROM `categorys` WHERE `c_id` = 9 LIMIT 1   [ RunTime:0.0008s ]
SQL: SELECT `c_id` FROM `categorys` WHERE `c_id` = 9 LIMIT 1   [ RunTime:0.0009s ]
SQL: SELECT `c_id` FROM `categorys` WHERE `c_id` = 9 LIMIT 1   [ RunTime:0.0008s ]
SQL: SELECT `c_id` FROM `categorys` WHERE `c_id` = 9 LIMIT 1   [ RunTime:0.0008s ]
SQL: SELECT `c_id` FROM `categorys` WHERE `c_id` = 9 LIMIT 1   [ RunTime:0.0008s ]
SQL: SELECT `c_id` FROM `categorys` WHERE `c_id` = 2 LIMIT 1   [ RunTime:0.0008s ]
SQL: SELECT `c_id` FROM `categorys` WHERE `c_id` = 1 LIMIT 1   [ RunTime:0.0008s ]
SQL: SELECT * FROM `categorys`  [ RunTime:0.0009s ]
SQL: SELECT * FROM `areas` WHERE `a_name` = '西安医学院' LIMIT 1   [ RunTime:0.0011s ]
SQL: SELECT `goods_id`,`gu_time` FROM `goodsuser` WHERE `gu_flag` = 'y' AND `school_id` = 4 ORDER BY gu_time desc LIMIT 10   [ RunTime:0.0010s ]
NOTIC: [8] Undefined variable: y_data G:\htdocs\school\Application\Home\Controller\IndexController.class.php 第 105 行.
NOTIC: [2] unlink(./Application/Runtime/Temp/bf49b5ebc57997d43ccbe0fa5b51f0a4.php): No such file or directory G:\htdocs\school\ThinkPHP\Library\Think\Cache\Driver\File.class.php 第 157 行.
SQL: SELECT * FROM `areas`  [ RunTime:0.0010s ]
NOTIC: [8] Undefined variable: y_data G:\htdocs\school\Application\Home\Controller\IndexController.class.php 第 141 行.
INFO: [ view_parse ] --START--
INFO: [ template_filter ] --START--
INFO: Run Behavior\ContentReplaceBehavior [ RunTime:0.000196s ]
INFO: [ template_filter ] --END-- [ RunTime:0.000315s ]
NOTIC: [8] Use of undefined constant y - assumed 'y' G:\htdocs\school\Application\Runtime\Cache\Home\2a94b8bda04ff446dcedd42276fc99ee.php 第 154 行.
NOTIC: [8] Use of undefined constant y - assumed 'y' G:\htdocs\school\Application\Runtime\Cache\Home\2a94b8bda04ff446dcedd42276fc99ee.php 第 154 行.
NOTIC: [8] Use of undefined constant y - assumed 'y' G:\htdocs\school\Application\Runtime\Cache\Home\2a94b8bda04ff446dcedd42276fc99ee.php 第 154 行.
NOTIC: [8] Use of undefined constant y - assumed 'y' G:\htdocs\school\Application\Runtime\Cache\Home\2a94b8bda04ff446dcedd42276fc99ee.php 第 154 行.
INFO: Run Behavior\ParseTemplateBehavior [ RunTime:0.250649s ]
INFO: [ view_parse ] --END-- [ RunTime:0.250718s ]
INFO: [ view_filter ] --START--
INFO: Run Behavior\WriteHtmlCacheBehavior [ RunTime:0.000492s ]
INFO: [ view_filter ] --END-- [ RunTime:0.000541s ]
INFO: [ app_end ] --START--
INFO: Run Behavior\ShowPageTraceBehavior [ RunTime:0.000669s ]
INFO: [ app_end ] --END-- [ RunTime:0.000820s ]

[ 2017-06-17T20:42:52+08:00 ] ::1 /school/index.php/Home/Index/index
INFO: [ app_init ] --START--
INFO: Run Behavior\BuildLiteBehavior [ RunTime:0.000023s ]
INFO: [ app_init ] --END-- [ RunTime:0.000916s ]
INFO: [ app_begin ] --START--
INFO: Run Behavior\ReadHtmlCacheBehavior [ RunTime:0.001642s ]
INFO: [ app_begin ] --END-- [ RunTime:0.001768s ]
NOTIC: [2048] Declaration of Home\Model\GoodsModel::_after_insert() should be compatible with Think\Model::_after_insert($data, $options) G:\htdocs\school\Application\Home\Model\GoodsModel.class.php 第 6 行.
SQL: SHOW COLUMNS FROM `goods` [ RunTime:0.0192s ]
SQL: SHOW COLUMNS FROM `goodsuser` [ RunTime:0.0195s ]
SQL: SHOW COLUMNS FROM `helpgoods` [ RunTime:0.0141s ]
SQL: SHOW COLUMNS FROM `areas` [ RunTime:0.0150s ]
SQL: SHOW COLUMNS FROM `categorys` [ RunTime:0.0141s ]
SQL: SHOW COLUMNS FROM `tips` [ RunTime:0.0165s ]
SQL: SHOW COLUMNS FROM `picture` [ RunTime:0.0164s ]
SQL: SELECT * FROM `categorys`  [ RunTime:0.0010s ]
SQL: SELECT `c_id` FROM `categorys` WHERE `c_id` = 1 LIMIT 1   [ RunTime:0.0008s ]
SQL: SELECT `c_id` FROM `categorys` WHERE `c_id` = 1 LIMIT 1   [ RunTime:0.0008s ]
SQL: SELECT `c_id` FROM `categorys` WHERE `c_id` = 1 LIMIT 1   [ RunTime:0.0008s ]
SQL: SELECT `c_id` FROM `categorys` WHERE `c_id` = 3 LIMIT 1   [ RunTime:0.0008s ]
SQL: SELECT `c_id` FROM `categorys` WHERE `c_id` = 3 LIMIT 1   [ RunTime:0.0008s ]
SQL: SELECT `c_id` FROM `categorys` WHERE `c_id` = 4 LIMIT 1   [ RunTime:0.0007s ]
SQL: SELECT `c_id` FROM `categorys` WHERE `c_id` = 4 LIMIT 1   [ RunTime:0.0007s ]
SQL: SELECT `c_id` FROM `categorys` WHERE `c_id` = 4 LIMIT 1   [ RunTime:0.0007s ]
SQL: SELECT `c_id` FROM `categorys` WHERE `c_id` = 4 LIMIT 1   [ RunTime:0.0008s ]
SQL: SELECT `c_id` FROM `categorys` WHERE `c_id` = 4 LIMIT 1   [ RunTime:0.0007s ]
SQL: SELECT `c_id` FROM `categorys` WHERE `c_id` = 4 LIMIT 1   [ RunTime:0.0007s ]
SQL: SELECT `c_id` FROM `categorys` WHERE `c_id` = 4 LIMIT 1   [ RunTime:0.0007s ]
SQL: SELECT `c_id` FROM `categorys` WHERE `c_id` = 5 LIMIT 1   [ RunTime:0.0007s ]
SQL: SELECT `c_id` FROM `categorys` WHERE `c_id` = 5 LIMIT 1   [ RunTime:0.0007s ]
SQL: SELECT `c_id` FROM `categorys` WHERE `c_id` = 5 LIMIT 1   [ RunTime:0.0007s ]
SQL: SELECT `c_id` FROM `categorys` WHERE `c_id` = 5 LIMIT 1   [ RunTime:0.0007s ]
SQL: SELECT `c_id` FROM `categorys` WHERE `c_id` = 5 LIMIT 1   [ RunTime:0.0007s ]
SQL: SELECT `c_id` FROM `categorys` WHERE `c_id` = 5 LIMIT 1   [ RunTime:0.0008s ]
SQL: SELECT `c_id` FROM `categorys` WHERE `c_id` = 5 LIMIT 1   [ RunTime:0.0007s ]
SQL: SELECT `c_id` FROM `categorys` WHERE `c_id` = 5 LIMIT 1   [ RunTime:0.0007s ]
SQL: SELECT `c_id` FROM `categorys` WHERE `c_id` = 6 LIMIT 1   [ RunTime:0.0007s ]
SQL: SELECT `c_id` FROM `categorys` WHERE `c_id` = 6 LIMIT 1   [ RunTime:0.0008s ]
SQL: SELECT `c_id` FROM `categorys` WHERE `c_id` = 6 LIMIT 1   [ RunTime:0.0007s ]
SQL: SELECT `c_id` FROM `categorys` WHERE `c_id` = 6 LIMIT 1   [ RunTime:0.0007s ]
SQL: SELECT `c_id` FROM `categorys` WHERE `c_id` = 6 LIMIT 1   [ RunTime:0.0007s ]
SQL: SELECT `c_id` FROM `categorys` WHERE `c_id` = 6 LIMIT 1   [ RunTime:0.0007s ]
SQL: SELECT `c_id` FROM `categorys` WHERE `c_id` = 6 LIMIT 1   [ RunTime:0.0007s ]
SQL: SELECT `c_id` FROM `categorys` WHERE `c_id` = 6 LIMIT 1   [ RunTime:0.0008s ]
SQL: SELECT `c_id` FROM `categorys` WHERE `c_id` = 6 LIMIT 1   [ RunTime:0.0008s ]
SQL: SELECT `c_id` FROM `categorys` WHERE `c_id` = 6 LIMIT 1   [ RunTime:0.0008s ]
SQL: SELECT `c_id` FROM `categorys` WHERE `c_id` = 7 LIMIT 1   [ RunTime:0.0009s ]
SQL: SELECT `c_id` FROM `categorys` WHERE `c_id` = 7 LIMIT 1   [ RunTime:0.0008s ]
SQL: SELECT `c_id` FROM `categorys` WHERE `c_id` = 7 LIMIT 1   [ RunTime:0.0007s ]
SQL: SELECT `c_id` FROM `categorys` WHERE `c_id` = 7 LIMIT 1   [ RunTime:0.0008s ]
SQL: SELECT `c_id` FROM `categorys` WHERE `c_id` = 7 LIMIT 1   [ RunTime:0.0008s ]
SQL: SELECT `c_id` FROM `categorys` WHERE `c_id` = 7 LIMIT 1   [ RunTime:0.0007s ]
SQL: SELECT `c_id` FROM `categorys` WHERE `c_id` = 8 LIMIT 1   [ RunTime:0.0007s ]
SQL: SELECT `c_id` FROM `categorys` WHERE `c_id` = 8 LIMIT 1   [ RunTime:0.0007s ]
SQL: SELECT `c_id` FROM `categorys` WHERE `c_id` = 8 LIMIT 1   [ RunTime:0.0007s ]
SQL: SELECT `c_id` FROM `categorys` WHERE `c_id` = 8 LIMIT 1   [ RunTime:0.0008s ]
SQL: SELECT `c_id` FROM `categorys` WHERE `c_id` = 8 LIMIT 1   [ RunTime:0.0007s ]
SQL: SELECT `c_id` FROM `categorys` WHERE `c_id` = 8 LIMIT 1   [ RunTime:0.0007s ]
SQL: SELECT `c_id` FROM `categorys` WHERE `c_id` = 8 LIMIT 1   [ RunTime:0.0007s ]
SQL: SELECT `c_id` FROM `categorys` WHERE `c_id` = 9 LIMIT 1   [ RunTime:0.0007s ]
SQL: SELECT `c_id` FROM `categorys` WHERE `c_id` = 9 LIMIT 1   [ RunTime:0.0007s ]
SQL: SELECT `c_id` FROM `categorys` WHERE `c_id` = 9 LIMIT 1   [ RunTime:0.0007s ]
SQL: SELECT `c_id` FROM `categorys` WHERE `c_id` = 9 LIMIT 1   [ RunTime:0.0007s ]
SQL: SELECT `c_id` FROM `categorys` WHERE `c_id` = 9 LIMIT 1   [ RunTime:0.0007s ]
SQL: SELECT `c_id` FROM `categorys` WHERE `c_id` = 9 LIMIT 1   [ RunTime:0.0008s ]
SQL: SELECT `c_id` FROM `categorys` WHERE `c_id` = 9 LIMIT 1   [ RunTime:0.0008s ]
SQL: SELECT `c_id` FROM `categorys` WHERE `c_id` = 2 LIMIT 1   [ RunTime:0.0007s ]
SQL: SELECT `c_id` FROM `categorys` WHERE `c_id` = 1 LIMIT 1   [ RunTime:0.0007s ]
SQL: SELECT * FROM `categorys`  [ RunTime:0.0008s ]
SQL: SELECT * FROM `areas` WHERE `a_name` = '西安医学院' LIMIT 1   [ RunTime:0.0008s ]
SQL: SELECT `goods_id`,`gu_time` FROM `goodsuser` WHERE `gu_flag` = 'y' AND `school_id` = 4 ORDER BY gu_time desc LIMIT 10   [ RunTime:0.0008s ]
NOTIC: [8] Undefined variable: y_data G:\htdocs\school\Application\Home\Controller\IndexController.class.php 第 105 行.
NOTIC: [2] unlink(./Application/Runtime/Temp/bf49b5ebc57997d43ccbe0fa5b51f0a4.php): No such file or directory G:\htdocs\school\ThinkPHP\Library\Think\Cache\Driver\File.class.php 第 157 行.
SQL: SELECT * FROM `areas`  [ RunTime:0.0008s ]
NOTIC: [8] Undefined variable: y_data G:\htdocs\school\Application\Home\Controller\IndexController.class.php 第 141 行.
INFO: [ view_parse ] --START--
INFO: [ template_filter ] --START--
INFO: Run Behavior\ContentReplaceBehavior [ RunTime:0.000114s ]
INFO: [ template_filter ] --END-- [ RunTime:0.000157s ]
NOTIC: [8] Use of undefined constant y - assumed 'y' G:\htdocs\school\Application\Runtime\Cache\Home\2a94b8bda04ff446dcedd42276fc99ee.php 第 154 行.
NOTIC: [8] Use of undefined constant y - assumed 'y' G:\htdocs\school\Application\Runtime\Cache\Home\2a94b8bda04ff446dcedd42276fc99ee.php 第 154 行.
NOTIC: [8] Use of undefined constant y - assumed 'y' G:\htdocs\school\Application\Runtime\Cache\Home\2a94b8bda04ff446dcedd42276fc99ee.php 第 154 行.
NOTIC: [8] Use of undefined constant y - assumed 'y' G:\htdocs\school\Application\Runtime\Cache\Home\2a94b8bda04ff446dcedd42276fc99ee.php 第 154 行.
INFO: Run Behavior\ParseTemplateBehavior [ RunTime:0.182717s ]
INFO: [ view_parse ] --END-- [ RunTime:0.182812s ]
INFO: [ view_filter ] --START--
INFO: Run Behavior\WriteHtmlCacheBehavior [ RunTime:0.001164s ]
INFO: [ view_filter ] --END-- [ RunTime:0.001260s ]
INFO: [ app_end ] --START--
INFO: Run Behavior\ShowPageTraceBehavior [ RunTime:0.000846s ]
INFO: [ app_end ] --END-- [ RunTime:0.000940s ]

[ 2017-06-17T20:42:54+08:00 ] ::1 /school/index.php/Home/Index/index
INFO: [ app_init ] --START--
INFO: Run Behavior\BuildLiteBehavior [ RunTime:0.000027s ]
INFO: [ app_init ] --END-- [ RunTime:0.000824s ]
INFO: [ app_begin ] --START--
INFO: Run Behavior\ReadHtmlCacheBehavior [ RunTime:0.000979s ]
INFO: [ app_begin ] --END-- [ RunTime:0.023634s ]
NOTIC: [2048] Declaration of Home\Model\GoodsModel::_after_insert() should be compatible with Think\Model::_after_insert($data, $options) G:\htdocs\school\Application\Home\Model\GoodsModel.class.php 第 6 行.
SQL: SHOW COLUMNS FROM `goods` [ RunTime:0.0478s ]
SQL: SHOW COLUMNS FROM `goodsuser` [ RunTime:0.0665s ]
SQL: SHOW COLUMNS FROM `helpgoods` [ RunTime:0.0572s ]
SQL: SHOW COLUMNS FROM `areas` [ RunTime:0.0573s ]
SQL: SHOW COLUMNS FROM `categorys` [ RunTime:0.0505s ]
SQL: SHOW COLUMNS FROM `tips` [ RunTime:0.0663s ]
SQL: SHOW COLUMNS FROM `picture` [ RunTime:0.0944s ]
SQL: SELECT * FROM `categorys`  [ RunTime:0.0027s ]
SQL: SELECT `c_id` FROM `categorys` WHERE `c_id` = 1 LIMIT 1   [ RunTime:0.0020s ]
SQL: SELECT `c_id` FROM `categorys` WHERE `c_id` = 1 LIMIT 1   [ RunTime:0.0027s ]
SQL: SELECT `c_id` FROM `categorys` WHERE `c_id` = 1 LIMIT 1   [ RunTime:0.0021s ]
SQL: SELECT `c_id` FROM `categorys` WHERE `c_id` = 3 LIMIT 1   [ RunTime:0.0019s ]
SQL: SELECT `c_id` FROM `categorys` WHERE `c_id` = 3 LIMIT 1   [ RunTime:0.0018s ]
SQL: SELECT `c_id` FROM `categorys` WHERE `c_id` = 4 LIMIT 1   [ RunTime:0.0020s ]
SQL: SELECT `c_id` FROM `categorys` WHERE `c_id` = 4 LIMIT 1   [ RunTime:0.0018s ]
SQL: SELECT `c_id` FROM `categorys` WHERE `c_id` = 4 LIMIT 1   [ RunTime:0.0027s ]
SQL: SELECT `c_id` FROM `categorys` WHERE `c_id` = 4 LIMIT 1   [ RunTime:0.0019s ]
SQL: SELECT `c_id` FROM `categorys` WHERE `c_id` = 4 LIMIT 1   [ RunTime:0.0027s ]
SQL: SELECT `c_id` FROM `categorys` WHERE `c_id` = 4 LIMIT 1   [ RunTime:0.0021s ]
SQL: SELECT `c_id` FROM `categorys` WHERE `c_id` = 4 LIMIT 1   [ RunTime:0.0028s ]
SQL: SELECT `c_id` FROM `categorys` WHERE `c_id` = 5 LIMIT 1   [ RunTime:0.0022s ]
SQL: SELECT `c_id` FROM `categorys` WHERE `c_id` = 5 LIMIT 1   [ RunTime:0.0029s ]
SQL: SELECT `c_id` FROM `categorys` WHERE `c_id` = 5 LIMIT 1   [ RunTime:0.0022s ]
SQL: SELECT `c_id` FROM `categorys` WHERE `c_id` = 5 LIMIT 1   [ RunTime:0.0020s ]
SQL: SELECT `c_id` FROM `categorys` WHERE `c_id` = 5 LIMIT 1   [ RunTime:0.0018s ]
SQL: SELECT `c_id` FROM `categorys` WHERE `c_id` = 5 LIMIT 1   [ RunTime:0.0019s ]
SQL: SELECT `c_id` FROM `categorys` WHERE `c_id` = 5 LIMIT 1   [ RunTime:0.0019s ]
SQL: SELECT `c_id` FROM `categorys` WHERE `c_id` = 5 LIMIT 1   [ RunTime:0.0024s ]
SQL: SELECT `c_id` FROM `categorys` WHERE `c_id` = 6 LIMIT 1   [ RunTime:0.0021s ]
SQL: SELECT `c_id` FROM `categorys` WHERE `c_id` = 6 LIMIT 1   [ RunTime:0.0019s ]
SQL: SELECT `c_id` FROM `categorys` WHERE `c_id` = 6 LIMIT 1   [ RunTime:0.0019s ]
SQL: SELECT `c_id` FROM `categorys` WHERE `c_id` = 6 LIMIT 1   [ RunTime:0.0015s ]
SQL: SELECT `c_id` FROM `categorys` WHERE `c_id` = 6 LIMIT 1   [ RunTime:0.0015s ]
SQL: SELECT `c_id` FROM `categorys` WHERE `c_id` = 6 LIMIT 1   [ RunTime:0.0022s ]
SQL: SELECT `c_id` FROM `categorys` WHERE `c_id` = 6 LIMIT 1   [ RunTime:0.0020s ]
SQL: SELECT `c_id` FROM `categorys` WHERE `c_id` = 6 LIMIT 1   [ RunTime:0.0016s ]
SQL: SELECT `c_id` FROM `categorys` WHERE `c_id` = 6 LIMIT 1   [ RunTime:0.0016s ]
SQL: SELECT `c_id` FROM `categorys` WHERE `c_id` = 6 LIMIT 1   [ RunTime:0.0018s ]
SQL: SELECT `c_id` FROM `categorys` WHERE `c_id` = 7 LIMIT 1   [ RunTime:0.0017s ]
SQL: SELECT `c_id` FROM `categorys` WHERE `c_id` = 7 LIMIT 1   [ RunTime:0.0016s ]
SQL: SELECT `c_id` FROM `categorys` WHERE `c_id` = 7 LIMIT 1   [ RunTime:0.0017s ]
SQL: SELECT `c_id` FROM `categorys` WHERE `c_id` = 7 LIMIT 1   [ RunTime:0.0026s ]
SQL: SELECT `c_id` FROM `categorys` WHERE `c_id` = 7 LIMIT 1   [ RunTime:0.0021s ]
SQL: SELECT `c_id` FROM `categorys` WHERE `c_id` = 7 LIMIT 1   [ RunTime:0.0018s ]
SQL: SELECT `c_id` FROM `categorys` WHERE `c_id` = 8 LIMIT 1   [ RunTime:0.0018s ]
SQL: SELECT `c_id` FROM `categorys` WHERE `c_id` = 8 LIMIT 1   [ RunTime:0.0019s ]
SQL: SELECT `c_id` FROM `categorys` WHERE `c_id` = 8 LIMIT 1   [ RunTime:0.0018s ]
SQL: SELECT `c_id` FROM `categorys` WHERE `c_id` = 8 LIMIT 1   [ RunTime:0.0021s ]
SQL: SELECT `c_id` FROM `categorys` WHERE `c_id` = 8 LIMIT 1   [ RunTime:0.0021s ]
SQL: SELECT `c_id` FROM `categorys` WHERE `c_id` = 8 LIMIT 1   [ RunTime:0.0018s ]
SQL: SELECT `c_id` FROM `categorys` WHERE `c_id` = 8 LIMIT 1   [ RunTime:0.0018s ]
SQL: SELECT `c_id` FROM `categorys` WHERE `c_id` = 9 LIMIT 1   [ RunTime:0.0019s ]
SQL: SELECT `c_id` FROM `categorys` WHERE `c_id` = 9 LIMIT 1   [ RunTime:0.0017s ]
SQL: SELECT `c_id` FROM `categorys` WHERE `c_id` = 9 LIMIT 1   [ RunTime:0.0017s ]
SQL: SELECT `c_id` FROM `categorys` WHERE `c_id` = 9 LIMIT 1   [ RunTime:0.0019s ]
SQL: SELECT `c_id` FROM `categorys` WHERE `c_id` = 9 LIMIT 1   [ RunTime:0.0018s ]
SQL: SELECT `c_id` FROM `categorys` WHERE `c_id` = 9 LIMIT 1   [ RunTime:0.0016s ]
SQL: SELECT `c_id` FROM `categorys` WHERE `c_id` = 9 LIMIT 1   [ RunTime:0.0016s ]
SQL: SELECT `c_id` FROM `categorys` WHERE `c_id` = 2 LIMIT 1   [ RunTime:0.0015s ]
SQL: SELECT `c_id` FROM `categorys` WHERE `c_id` = 1 LIMIT 1   [ RunTime:0.0017s ]
SQL: SELECT * FROM `categorys`  [ RunTime:0.0027s ]
SQL: SELECT * FROM `areas` WHERE `a_name` = '西安医学院' LIMIT 1   [ RunTime:0.0019s ]
SQL: SELECT `goods_id`,`gu_time` FROM `goodsuser` WHERE `gu_flag` = 'y' AND `school_id` = 4 ORDER BY gu_time desc LIMIT 10   [ RunTime:0.0021s ]
NOTIC: [8] Undefined variable: y_data G:\htdocs\school\Application\Home\Controller\IndexController.class.php 第 105 行.
NOTIC: [2] unlink(./Application/Runtime/Temp/bf49b5ebc57997d43ccbe0fa5b51f0a4.php): No such file or directory G:\htdocs\school\ThinkPHP\Library\Think\Cache\Driver\File.class.php 第 157 行.
SQL: SELECT * FROM `areas`  [ RunTime:0.0017s ]
NOTIC: [8] Undefined variable: y_data G:\htdocs\school\Application\Home\Controller\IndexController.class.php 第 141 行.
INFO: [ view_parse ] --START--
INFO: [ template_filter ] --START--
INFO: Run Behavior\ContentReplaceBehavior [ RunTime:0.000457s ]
INFO: [ template_filter ] --END-- [ RunTime:0.000622s ]
NOTIC: [8] Use of undefined constant y - assumed 'y' G:\htdocs\school\Application\Runtime\Cache\Home\2a94b8bda04ff446dcedd42276fc99ee.php 第 154 行.
NOTIC: [8] Use of undefined constant y - assumed 'y' G:\htdocs\school\Application\Runtime\Cache\Home\2a94b8bda04ff446dcedd42276fc99ee.php 第 154 行.
NOTIC: [8] Use of undefined constant y - assumed 'y' G:\htdocs\school\Application\Runtime\Cache\Home\2a94b8bda04ff446dcedd42276fc99ee.php 第 154 行.
NOTIC: [8] Use of undefined constant y - assumed 'y' G:\htdocs\school\Application\Runtime\Cache\Home\2a94b8bda04ff446dcedd42276fc99ee.php 第 154 行.
INFO: Run Behavior\ParseTemplateBehavior [ RunTime:0.743876s ]
INFO: [ view_parse ] --END-- [ RunTime:0.744007s ]
INFO: [ view_filter ] --START--
INFO: Run Behavior\WriteHtmlCacheBehavior [ RunTime:0.000878s ]
INFO: [ view_filter ] --END-- [ RunTime:0.000974s ]
INFO: [ app_end ] --START--
INFO: Run Behavior\ShowPageTraceBehavior [ RunTime:0.002049s ]
INFO: [ app_end ] --END-- [ RunTime:0.002196s ]

[ 2017-06-17T20:42:56+08:00 ] ::1 /school/index.php/Home/Index/index
INFO: [ app_init ] --START--
INFO: Run Behavior\BuildLiteBehavior [ RunTime:0.000015s ]
INFO: [ app_init ] --END-- [ RunTime:0.000411s ]
INFO: [ app_begin ] --START--
INFO: Run Behavior\ReadHtmlCacheBehavior [ RunTime:0.000552s ]
INFO: [ app_begin ] --END-- [ RunTime:0.000615s ]
NOTIC: [2048] Declaration of Home\Model\GoodsModel::_after_insert() should be compatible with Think\Model::_after_insert($data, $options) G:\htdocs\school\Application\Home\Model\GoodsModel.class.php 第 6 行.
SQL: SHOW COLUMNS FROM `goods` [ RunTime:0.0517s ]
SQL: SHOW COLUMNS FROM `goodsuser` [ RunTime:0.0547s ]
SQL: SHOW COLUMNS FROM `helpgoods` [ RunTime:0.0412s ]
SQL: SHOW COLUMNS FROM `areas` [ RunTime:0.0395s ]
SQL: SHOW COLUMNS FROM `categorys` [ RunTime:0.0379s ]
SQL: SHOW COLUMNS FROM `tips` [ RunTime:0.0357s ]
SQL: SHOW COLUMNS FROM `picture` [ RunTime:0.0498s ]
SQL: SELECT * FROM `categorys`  [ RunTime:0.0017s ]
SQL: SELECT `c_id` FROM `categorys` WHERE `c_id` = 1 LIMIT 1   [ RunTime:0.0011s ]
SQL: SELECT `c_id` FROM `categorys` WHERE `c_id` = 1 LIMIT 1   [ RunTime:0.0011s ]
SQL: SELECT `c_id` FROM `categorys` WHERE `c_id` = 1 LIMIT 1   [ RunTime:0.0012s ]
SQL: SELECT `c_id` FROM `categorys` WHERE `c_id` = 3 LIMIT 1   [ RunTime:0.0011s ]
SQL: SELECT `c_id` FROM `categorys` WHERE `c_id` = 3 LIMIT 1   [ RunTime:0.0010s ]
SQL: SELECT `c_id` FROM `categorys` WHERE `c_id` = 4 LIMIT 1   [ RunTime:0.0010s ]
SQL: SELECT `c_id` FROM `categorys` WHERE `c_id` = 4 LIMIT 1   [ RunTime:0.0011s ]
SQL: SELECT `c_id` FROM `categorys` WHERE `c_id` = 4 LIMIT 1   [ RunTime:0.0011s ]
SQL: SELECT `c_id` FROM `categorys` WHERE `c_id` = 4 LIMIT 1   [ RunTime:0.0011s ]
SQL: SELECT `c_id` FROM `categorys` WHERE `c_id` = 4 LIMIT 1   [ RunTime:0.0011s ]
SQL: SELECT `c_id` FROM `categorys` WHERE `c_id` = 4 LIMIT 1   [ RunTime:0.0012s ]
SQL: SELECT `c_id` FROM `categorys` WHERE `c_id` = 4 LIMIT 1   [ RunTime:0.0011s ]
SQL: SELECT `c_id` FROM `categorys` WHERE `c_id` = 5 LIMIT 1   [ RunTime:0.0011s ]
SQL: SELECT `c_id` FROM `categorys` WHERE `c_id` = 5 LIMIT 1   [ RunTime:0.0019s ]
SQL: SELECT `c_id` FROM `categorys` WHERE `c_id` = 5 LIMIT 1   [ RunTime:0.0014s ]
SQL: SELECT `c_id` FROM `categorys` WHERE `c_id` = 5 LIMIT 1   [ RunTime:0.0012s ]
SQL: SELECT `c_id` FROM `categorys` WHERE `c_id` = 5 LIMIT 1   [ RunTime:0.0011s ]
SQL: SELECT `c_id` FROM `categorys` WHERE `c_id` = 5 LIMIT 1   [ RunTime:0.0011s ]
SQL: SELECT `c_id` FROM `categorys` WHERE `c_id` = 5 LIMIT 1   [ RunTime:0.0014s ]
SQL: SELECT `c_id` FROM `categorys` WHERE `c_id` = 5 LIMIT 1   [ RunTime:0.0012s ]
SQL: SELECT `c_id` FROM `categorys` WHERE `c_id` = 6 LIMIT 1   [ RunTime:0.0012s ]
SQL: SELECT `c_id` FROM `categorys` WHERE `c_id` = 6 LIMIT 1   [ RunTime:0.0012s ]
SQL: SELECT `c_id` FROM `categorys` WHERE `c_id` = 6 LIMIT 1   [ RunTime:0.0011s ]
SQL: SELECT `c_id` FROM `categorys` WHERE `c_id` = 6 LIMIT 1   [ RunTime:0.0012s ]
SQL: SELECT `c_id` FROM `categorys` WHERE `c_id` = 6 LIMIT 1   [ RunTime:0.0012s ]
SQL: SELECT `c_id` FROM `categorys` WHERE `c_id` = 6 LIMIT 1   [ RunTime:0.0012s ]
SQL: SELECT `c_id` FROM `categorys` WHERE `c_id` = 6 LIMIT 1   [ RunTime:0.0012s ]
SQL: SELECT `c_id` FROM `categorys` WHERE `c_id` = 6 LIMIT 1   [ RunTime:0.0012s ]
SQL: SELECT `c_id` FROM `categorys` WHERE `c_id` = 6 LIMIT 1   [ RunTime:0.0013s ]
SQL: SELECT `c_id` FROM `categorys` WHERE `c_id` = 6 LIMIT 1   [ RunTime:0.0013s ]
SQL: SELECT `c_id` FROM `categorys` WHERE `c_id` = 7 LIMIT 1   [ RunTime:0.0015s ]
SQL: SELECT `c_id` FROM `categorys` WHERE `c_id` = 7 LIMIT 1   [ RunTime:0.0012s ]
SQL: SELECT `c_id` FROM `categorys` WHERE `c_id` = 7 LIMIT 1   [ RunTime:0.0012s ]
SQL: SELECT `c_id` FROM `categorys` WHERE `c_id` = 7 LIMIT 1   [ RunTime:0.0014s ]
SQL: SELECT `c_id` FROM `categorys` WHERE `c_id` = 7 LIMIT 1   [ RunTime:0.0013s ]
SQL: SELECT `c_id` FROM `categorys` WHERE `c_id` = 7 LIMIT 1   [ RunTime:0.0011s ]
SQL: SELECT `c_id` FROM `categorys` WHERE `c_id` = 8 LIMIT 1   [ RunTime:0.0014s ]
SQL: SELECT `c_id` FROM `categorys` WHERE `c_id` = 8 LIMIT 1   [ RunTime:0.0011s ]
SQL: SELECT `c_id` FROM `categorys` WHERE `c_id` = 8 LIMIT 1   [ RunTime:0.0011s ]
SQL: SELECT `c_id` FROM `categorys` WHERE `c_id` = 8 LIMIT 1   [ RunTime:0.0012s ]
SQL: SELECT `c_id` FROM `categorys` WHERE `c_id` = 8 LIMIT 1   [ RunTime:0.0011s ]
SQL: SELECT `c_id` FROM `categorys` WHERE `c_id` = 8 LIMIT 1   [ RunTime:0.0011s ]
SQL: SELECT `c_id` FROM `categorys` WHERE `c_id` = 8 LIMIT 1   [ RunTime:0.0010s ]
SQL: SELECT `c_id` FROM `categorys` WHERE `c_id` = 9 LIMIT 1   [ RunTime:0.0011s ]
SQL: SELECT `c_id` FROM `categorys` WHERE `c_id` = 9 LIMIT 1   [ RunTime:0.0011s ]
SQL: SELECT `c_id` FROM `categorys` WHERE `c_id` = 9 LIMIT 1   [ RunTime:0.0011s ]
SQL: SELECT `c_id` FROM `categorys` WHERE `c_id` = 9 LIMIT 1   [ RunTime:0.0010s ]
SQL: SELECT `c_id` FROM `categorys` WHERE `c_id` = 9 LIMIT 1   [ RunTime:0.0011s ]
SQL: SELECT `c_id` FROM `categorys` WHERE `c_id` = 9 LIMIT 1   [ RunTime:0.0012s ]
SQL: SELECT `c_id` FROM `categorys` WHERE `c_id` = 9 LIMIT 1   [ RunTime:0.0011s ]
SQL: SELECT `c_id` FROM `categorys` WHERE `c_id` = 2 LIMIT 1   [ RunTime:0.0012s ]
SQL: SELECT `c_id` FROM `categorys` WHERE `c_id` = 1 LIMIT 1   [ RunTime:0.0011s ]
SQL: SELECT * FROM `categorys`  [ RunTime:0.0015s ]
SQL: SELECT * FROM `areas` WHERE `a_name` = '西安医学院' LIMIT 1   [ RunTime:0.0014s ]
SQL: SELECT `goods_id`,`gu_time` FROM `goodsuser` WHERE `gu_flag` = 'y' AND `school_id` = 4 ORDER BY gu_time desc LIMIT 10   [ RunTime:0.0013s ]
NOTIC: [8] Undefined variable: y_data G:\htdocs\school\Application\Home\Controller\IndexController.class.php 第 105 行.
NOTIC: [2] unlink(./Application/Runtime/Temp/bf49b5ebc57997d43ccbe0fa5b51f0a4.php): No such file or directory G:\htdocs\school\ThinkPHP\Library\Think\Cache\Driver\File.class.php 第 157 行.
SQL: SELECT * FROM `areas`  [ RunTime:0.0012s ]
NOTIC: [8] Undefined variable: y_data G:\htdocs\school\Application\Home\Controller\IndexController.class.php 第 141 行.
INFO: [ view_parse ] --START--
INFO: [ template_filter ] --START--
INFO: Run Behavior\ContentReplaceBehavior [ RunTime:0.000302s ]
INFO: [ template_filter ] --END-- [ RunTime:0.000408s ]
NOTIC: [8] Use of undefined constant y - assumed 'y' G:\htdocs\school\Application\Runtime\Cache\Home\2a94b8bda04ff446dcedd42276fc99ee.php 第 154 行.
NOTIC: [8] Use of undefined constant y - assumed 'y' G:\htdocs\school\Application\Runtime\Cache\Home\2a94b8bda04ff446dcedd42276fc99ee.php 第 154 行.
NOTIC: [8] Use of undefined constant y - assumed 'y' G:\htdocs\school\Application\Runtime\Cache\Home\2a94b8bda04ff446dcedd42276fc99ee.php 第 154 行.
NOTIC: [8] Use of undefined constant y - assumed 'y' G:\htdocs\school\Application\Runtime\Cache\Home\2a94b8bda04ff446dcedd42276fc99ee.php 第 154 行.
INFO: Run Behavior\ParseTemplateBehavior [ RunTime:0.556425s ]
INFO: [ view_parse ] --END-- [ RunTime:0.556532s ]
INFO: [ view_filter ] --START--
INFO: Run Behavior\WriteHtmlCacheBehavior [ RunTime:0.000527s ]
INFO: [ view_filter ] --END-- [ RunTime:0.000602s ]
INFO: [ app_end ] --START--
INFO: Run Behavior\ShowPageTraceBehavior [ RunTime:0.002368s ]
INFO: [ app_end ] --END-- [ RunTime:0.002497s ]

[ 2017-06-17T20:43:00+08:00 ] ::1 /school/index.php/Home/Login/check_online
INFO: [ app_init ] --START--
INFO: Run Behavior\BuildLiteBehavior [ RunTime:0.000014s ]
INFO: [ app_init ] --END-- [ RunTime:0.000393s ]
INFO: [ app_begin ] --START--
INFO: Run Behavior\ReadHtmlCacheBehavior [ RunTime:0.000520s ]
INFO: [ app_begin ] --END-- [ RunTime:0.000575s ]
INFO: [ app_end ] --START--
INFO: Run Behavior\ShowPageTraceBehavior [ RunTime:0.000576s ]
INFO: [ app_end ] --END-- [ RunTime:0.000644s ]

[ 2017-06-17T21:13:39+08:00 ] ::1 /school/index.php/Home/Index/Index.html
INFO: [ app_init ] --START--
INFO: Run Behavior\BuildLiteBehavior [ RunTime:0.000027s ]
INFO: [ app_init ] --END-- [ RunTime:0.000932s ]
INFO: [ app_begin ] --START--
INFO: Run Behavior\ReadHtmlCacheBehavior [ RunTime:0.001128s ]
INFO: [ app_begin ] --END-- [ RunTime:0.001235s ]
NOTIC: [2048] Declaration of Home\Model\GoodsModel::_after_insert() should be compatible with Think\Model::_after_insert($data, $options) G:\htdocs\school\Application\Home\Model\GoodsModel.class.php 第 6 行.
SQL: SHOW COLUMNS FROM `goods` [ RunTime:0.0799s ]
SQL: SHOW COLUMNS FROM `goodsuser` [ RunTime:0.0728s ]
SQL: SHOW COLUMNS FROM `helpgoods` [ RunTime:0.0444s ]
SQL: SHOW COLUMNS FROM `areas` [ RunTime:0.0368s ]
SQL: SHOW COLUMNS FROM `categorys` [ RunTime:0.0334s ]
SQL: SHOW COLUMNS FROM `tips` [ RunTime:0.0420s ]
SQL: SHOW COLUMNS FROM `picture` [ RunTime:0.0417s ]
SQL: SELECT * FROM `picture` WHERE `flag` = 'y'  [ RunTime:0.0014s ]
SQL: SELECT * FROM `tips` ORDER BY time desc LIMIT 1   [ RunTime:0.0014s ]
SQL: SELECT * FROM `categorys`  [ RunTime:0.0015s ]
SQL: SELECT `c_id` FROM `categorys` WHERE `c_id` = 1 LIMIT 1   [ RunTime:0.0012s ]
SQL: SELECT `c_id` FROM `categorys` WHERE `c_id` = 1 LIMIT 1   [ RunTime:0.0010s ]
SQL: SELECT `c_id` FROM `categorys` WHERE `c_id` = 1 LIMIT 1   [ RunTime:0.0010s ]
SQL: SELECT `c_id` FROM `categorys` WHERE `c_id` = 3 LIMIT 1   [ RunTime:0.0010s ]
SQL: SELECT `c_id` FROM `categorys` WHERE `c_id` = 3 LIMIT 1   [ RunTime:0.0010s ]
SQL: SELECT `c_id` FROM `categorys` WHERE `c_id` = 4 LIMIT 1   [ RunTime:0.0010s ]
SQL: SELECT `c_id` FROM `categorys` WHERE `c_id` = 4 LIMIT 1   [ RunTime:0.0010s ]
SQL: SELECT `c_id` FROM `categorys` WHERE `c_id` = 4 LIMIT 1   [ RunTime:0.0011s ]
SQL: SELECT `c_id` FROM `categorys` WHERE `c_id` = 4 LIMIT 1   [ RunTime:0.0012s ]
SQL: SELECT `c_id` FROM `categorys` WHERE `c_id` = 4 LIMIT 1   [ RunTime:0.0010s ]
SQL: SELECT `c_id` FROM `categorys` WHERE `c_id` = 4 LIMIT 1   [ RunTime:0.0010s ]
SQL: SELECT `c_id` FROM `categorys` WHERE `c_id` = 4 LIMIT 1   [ RunTime:0.0010s ]
SQL: SELECT `c_id` FROM `categorys` WHERE `c_id` = 5 LIMIT 1   [ RunTime:0.0010s ]
SQL: SELECT `c_id` FROM `categorys` WHERE `c_id` = 5 LIMIT 1   [ RunTime:0.0010s ]
SQL: SELECT `c_id` FROM `categorys` WHERE `c_id` = 5 LIMIT 1   [ RunTime:0.0010s ]
SQL: SELECT `c_id` FROM `categorys` WHERE `c_id` = 5 LIMIT 1   [ RunTime:0.0010s ]
SQL: SELECT `c_id` FROM `categorys` WHERE `c_id` = 5 LIMIT 1   [ RunTime:0.0010s ]
SQL: SELECT `c_id` FROM `categorys` WHERE `c_id` = 5 LIMIT 1   [ RunTime:0.0010s ]
SQL: SELECT `c_id` FROM `categorys` WHERE `c_id` = 5 LIMIT 1   [ RunTime:0.0010s ]
SQL: SELECT `c_id` FROM `categorys` WHERE `c_id` = 5 LIMIT 1   [ RunTime:0.0010s ]
SQL: SELECT `c_id` FROM `categorys` WHERE `c_id` = 6 LIMIT 1   [ RunTime:0.0011s ]
SQL: SELECT `c_id` FROM `categorys` WHERE `c_id` = 6 LIMIT 1   [ RunTime:0.0011s ]
SQL: SELECT `c_id` FROM `categorys` WHERE `c_id` = 6 LIMIT 1   [ RunTime:0.0010s ]
SQL: SELECT `c_id` FROM `categorys` WHERE `c_id` = 6 LIMIT 1   [ RunTime:0.0011s ]
SQL: SELECT `c_id` FROM `categorys` WHERE `c_id` = 6 LIMIT 1   [ RunTime:0.0010s ]
SQL: SELECT `c_id` FROM `categorys` WHERE `c_id` = 6 LIMIT 1   [ RunTime:0.0010s ]
SQL: SELECT `c_id` FROM `categorys` WHERE `c_id` = 6 LIMIT 1   [ RunTime:0.0010s ]
SQL: SELECT `c_id` FROM `categorys` WHERE `c_id` = 6 LIMIT 1   [ RunTime:0.0010s ]
SQL: SELECT `c_id` FROM `categorys` WHERE `c_id` = 6 LIMIT 1   [ RunTime:0.0010s ]
SQL: SELECT `c_id` FROM `categorys` WHERE `c_id` = 6 LIMIT 1   [ RunTime:0.0010s ]
SQL: SELECT `c_id` FROM `categorys` WHERE `c_id` = 7 LIMIT 1   [ RunTime:0.0010s ]
SQL: SELECT `c_id` FROM `categorys` WHERE `c_id` = 7 LIMIT 1   [ RunTime:0.0010s ]
SQL: SELECT `c_id` FROM `categorys` WHERE `c_id` = 7 LIMIT 1   [ RunTime:0.0010s ]
SQL: SELECT `c_id` FROM `categorys` WHERE `c_id` = 7 LIMIT 1   [ RunTime:0.0011s ]
SQL: SELECT `c_id` FROM `categorys` WHERE `c_id` = 7 LIMIT 1   [ RunTime:0.0012s ]
SQL: SELECT `c_id` FROM `categorys` WHERE `c_id` = 7 LIMIT 1   [ RunTime:0.0012s ]
SQL: SELECT `c_id` FROM `categorys` WHERE `c_id` = 8 LIMIT 1   [ RunTime:0.0011s ]
SQL: SELECT `c_id` FROM `categorys` WHERE `c_id` = 8 LIMIT 1   [ RunTime:0.0010s ]
SQL: SELECT `c_id` FROM `categorys` WHERE `c_id` = 8 LIMIT 1   [ RunTime:0.0010s ]
SQL: SELECT `c_id` FROM `categorys` WHERE `c_id` = 8 LIMIT 1   [ RunTime:0.0010s ]
SQL: SELECT `c_id` FROM `categorys` WHERE `c_id` = 8 LIMIT 1   [ RunTime:0.0010s ]
SQL: SELECT `c_id` FROM `categorys` WHERE `c_id` = 8 LIMIT 1   [ RunTime:0.0010s ]
SQL: SELECT `c_id` FROM `categorys` WHERE `c_id` = 8 LIMIT 1   [ RunTime:0.0010s ]
SQL: SELECT `c_id` FROM `categorys` WHERE `c_id` = 9 LIMIT 1   [ RunTime:0.0010s ]
SQL: SELECT `c_id` FROM `categorys` WHERE `c_id` = 9 LIMIT 1   [ RunTime:0.0010s ]
SQL: SELECT `c_id` FROM `categorys` WHERE `c_id` = 9 LIMIT 1   [ RunTime:0.0010s ]
SQL: SELECT `c_id` FROM `categorys` WHERE `c_id` = 9 LIMIT 1   [ RunTime:0.0011s ]
SQL: SELECT `c_id` FROM `categorys` WHERE `c_id` = 9 LIMIT 1   [ RunTime:0.0012s ]
SQL: SELECT `c_id` FROM `categorys` WHERE `c_id` = 9 LIMIT 1   [ RunTime:0.0010s ]
SQL: SELECT `c_id` FROM `categorys` WHERE `c_id` = 9 LIMIT 1   [ RunTime:0.0010s ]
SQL: SELECT `c_id` FROM `categorys` WHERE `c_id` = 2 LIMIT 1   [ RunTime:0.0010s ]
SQL: SELECT `c_id` FROM `categorys` WHERE `c_id` = 1 LIMIT 1   [ RunTime:0.0011s ]
SQL: SELECT * FROM `categorys`  [ RunTime:0.0012s ]
SQL: SELECT * FROM `areas` WHERE `a_name` = '西安工业大学' LIMIT 1   [ RunTime:0.0011s ]
SQL: SELECT `goods_id`,`gu_time` FROM `goodsuser` WHERE `gu_flag` = 'y' AND `school_id` = 6 ORDER BY gu_time desc LIMIT 10   [ RunTime:0.0012s ]
SQL: SELECT `g_id`,`g_logo`,`g_name`,`g_price` FROM `goods` WHERE `g_id` = 26 AND `g_price` > 0  [ RunTime:0.0011s ]
SQL: SELECT `g_id`,`g_logo`,`g_name`,`g_price` FROM `goods` WHERE `g_id` = 24 AND `g_price` > 0  [ RunTime:0.0011s ]
SQL: SELECT `g_id`,`g_logo`,`g_name`,`g_price` FROM `goods` WHERE `g_id` = 23 AND `g_price` > 0  [ RunTime:0.0015s ]
SQL: SELECT `g_id`,`g_logo`,`g_name`,`g_price` FROM `goods` WHERE `g_id` = 22 AND `g_price` > 0  [ RunTime:0.0016s ]
SQL: SELECT `g_id`,`g_logo`,`g_name`,`g_price` FROM `goods` WHERE `g_id` = 21 AND `g_price` > 0  [ RunTime:0.0015s ]
SQL: SELECT `g_id`,`g_logo`,`g_name`,`g_price` FROM `goods` WHERE `g_id` = 20 AND `g_price` > 0  [ RunTime:0.0014s ]
SQL: SELECT `g_id`,`g_logo`,`g_name`,`g_price` FROM `goods` WHERE `g_id` = 19 AND `g_price` > 0  [ RunTime:0.0014s ]
SQL: SELECT `g_id`,`g_logo`,`g_name`,`g_price` FROM `goods` WHERE `g_id` = 16 AND `g_price` > 0  [ RunTime:0.0013s ]
SQL: SELECT `g_id`,`g_logo`,`g_name`,`g_price` FROM `goods` WHERE `g_id` = 12 AND `g_price` > 0  [ RunTime:0.0011s ]
SQL: SELECT `g_id`,`g_logo`,`g_name`,`g_price` FROM `goods` WHERE `g_id` = 11 AND `g_price` > 0  [ RunTime:0.0010s ]
SQL: SELECT * FROM `areas` WHERE `a_name` = '陕西科技大学' LIMIT 1   [ RunTime:0.0012s ]
SQL: SELECT `goods_id`,`gu_time` FROM `goodsuser` WHERE `gu_flag` = 'y' AND `school_id` = 3 ORDER BY gu_time desc LIMIT 10   [ RunTime:0.0011s ]
SQL: SELECT `g_id`,`g_logo`,`g_name`,`g_price` FROM `goods` WHERE `g_id` = 18 AND `g_price` > 0  [ RunTime:0.0010s ]
SQL: SELECT `g_id`,`g_logo`,`g_name`,`g_price` FROM `goods` WHERE `g_id` = 17 AND `g_price` > 0  [ RunTime:0.0011s ]
SQL: SELECT `g_id`,`g_logo`,`g_name`,`g_price` FROM `goods` WHERE `g_id` = 9 AND `g_price` > 0  [ RunTime:0.0011s ]
SQL: SELECT `g_id`,`g_logo`,`g_name`,`g_price` FROM `goods` WHERE `g_id` = 8 AND `g_price` > 0  [ RunTime:0.0010s ]
SQL: SELECT * FROM `areas` WHERE `a_name` = '西安医学院' LIMIT 1   [ RunTime:0.0012s ]
SQL: SELECT `goods_id`,`gu_time` FROM `goodsuser` WHERE `gu_flag` = 'y' AND `school_id` = 4 ORDER BY gu_time desc LIMIT 10   [ RunTime:0.0011s ]
NOTIC: [8] Undefined variable: y_data G:\htdocs\school\Application\Home\Controller\IndexController.class.php 第 105 行.
NOTIC: [2] unlink(./Application/Runtime/Temp/bf49b5ebc57997d43ccbe0fa5b51f0a4.php): No such file or directory G:\htdocs\school\ThinkPHP\Library\Think\Cache\Driver\File.class.php 第 157 行.
SQL: SELECT `goods_id`,`gu_time` FROM `goodsuser` WHERE `gu_flag` = 'y' ORDER BY gu_time desc LIMIT 10   [ RunTime:0.0013s ]
SQL: SELECT `g_id`,`g_logo`,`g_name`,`g_price` FROM `goods` WHERE `g_id` = 26 AND `g_price` = 0 LIMIT 1   [ RunTime:0.0011s ]
SQL: SELECT `g_id`,`g_logo`,`g_name`,`g_price` FROM `goods` WHERE `g_id` = 24 AND `g_price` = 0 LIMIT 1   [ RunTime:0.0010s ]
SQL: SELECT `g_id`,`g_logo`,`g_name`,`g_price` FROM `goods` WHERE `g_id` = 23 AND `g_price` = 0 LIMIT 1   [ RunTime:0.0010s ]
SQL: SELECT `g_id`,`g_logo`,`g_name`,`g_price` FROM `goods` WHERE `g_id` = 22 AND `g_price` = 0 LIMIT 1   [ RunTime:0.0013s ]
SQL: SELECT `g_id`,`g_logo`,`g_name`,`g_price` FROM `goods` WHERE `g_id` = 21 AND `g_price` = 0 LIMIT 1   [ RunTime:0.0011s ]
SQL: SELECT `g_id`,`g_logo`,`g_name`,`g_price` FROM `goods` WHERE `g_id` = 20 AND `g_price` = 0 LIMIT 1   [ RunTime:0.0011s ]
SQL: SELECT `g_id`,`g_logo`,`g_name`,`g_price` FROM `goods` WHERE `g_id` = 19 AND `g_price` = 0 LIMIT 1   [ RunTime:0.0010s ]
SQL: SELECT `g_id`,`g_logo`,`g_name`,`g_price` FROM `goods` WHERE `g_id` = 16 AND `g_price` = 0 LIMIT 1   [ RunTime:0.0010s ]
SQL: SELECT `g_id`,`g_logo`,`g_name`,`g_price` FROM `goods` WHERE `g_id` = 18 AND `g_price` = 0 LIMIT 1   [ RunTime:0.0010s ]
SQL: SELECT `g_id`,`g_logo`,`g_name`,`g_price` FROM `goods` WHERE `g_id` = 17 AND `g_price` = 0 LIMIT 1   [ RunTime:0.0010s ]
SQL: SELECT * FROM `areas`  [ RunTime:0.0012s ]
NOTIC: [8] Undefined variable: y_data G:\htdocs\school\Application\Home\Controller\IndexController.class.php 第 141 行.
INFO: [ view_parse ] --START--
INFO: [ template_filter ] --START--
INFO: Run Behavior\ContentReplaceBehavior [ RunTime:0.000339s ]
INFO: [ template_filter ] --END-- [ RunTime:0.000447s ]
NOTIC: [8] Use of undefined constant y - assumed 'y' G:\htdocs\school\Application\Runtime\Cache\Home\5f5878b563bbd0551b6c84d71156b7e9.php 第 154 行.
NOTIC: [8] Use of undefined constant y - assumed 'y' G:\htdocs\school\Application\Runtime\Cache\Home\5f5878b563bbd0551b6c84d71156b7e9.php 第 154 行.
NOTIC: [8] Use of undefined constant y - assumed 'y' G:\htdocs\school\Application\Runtime\Cache\Home\5f5878b563bbd0551b6c84d71156b7e9.php 第 154 行.
NOTIC: [8] Use of undefined constant y - assumed 'y' G:\htdocs\school\Application\Runtime\Cache\Home\5f5878b563bbd0551b6c84d71156b7e9.php 第 154 行.
INFO: Run Behavior\ParseTemplateBehavior [ RunTime:0.449188s ]
INFO: [ view_parse ] --END-- [ RunTime:0.449280s ]
INFO: [ view_filter ] --START--
INFO: Run Behavior\WriteHtmlCacheBehavior [ RunTime:0.000673s ]
INFO: [ view_filter ] --END-- [ RunTime:0.000738s ]
INFO: [ app_end ] --START--
INFO: Run Behavior\ShowPageTraceBehavior [ RunTime:0.001028s ]
INFO: [ app_end ] --END-- [ RunTime:0.001128s ]

[ 2017-06-17T21:13:49+08:00 ] ::1 /school/index.php/Home/Login/check_online
INFO: [ app_init ] --START--
INFO: Run Behavior\BuildLiteBehavior [ RunTime:0.000034s ]
INFO: [ app_init ] --END-- [ RunTime:0.001185s ]
INFO: [ app_begin ] --START--
INFO: Run Behavior\ReadHtmlCacheBehavior [ RunTime:0.001505s ]
INFO: [ app_begin ] --END-- [ RunTime:0.001645s ]
INFO: [ app_end ] --START--
INFO: Run Behavior\ShowPageTraceBehavior [ RunTime:0.001549s ]
INFO: [ app_end ] --END-- [ RunTime:0.001719s ]

[ 2017-06-17T21:15:05+08:00 ] ::1 /school/index.php/Home/Login/showlogin.html
INFO: [ app_init ] --START--
INFO: Run Behavior\BuildLiteBehavior [ RunTime:0.000028s ]
INFO: [ app_init ] --END-- [ RunTime:0.000777s ]
INFO: [ app_begin ] --START--
INFO: Run Behavior\ReadHtmlCacheBehavior [ RunTime:0.001307s ]
INFO: [ app_begin ] --END-- [ RunTime:0.001460s ]
SQL: SHOW COLUMNS FROM `areas` [ RunTime:0.0586s ]
SQL: SELECT * FROM `areas` WHERE ( a_pid )  [ RunTime:0.0018s ]
INFO: [ view_parse ] --START--
INFO: [ template_filter ] --START--
INFO: Run Behavior\ContentReplaceBehavior [ RunTime:0.000470s ]
INFO: [ template_filter ] --END-- [ RunTime:0.000610s ]
INFO: Run Behavior\ParseTemplateBehavior [ RunTime:0.758277s ]
INFO: [ view_parse ] --END-- [ RunTime:0.758425s ]
INFO: [ view_filter ] --START--
INFO: Run Behavior\WriteHtmlCacheBehavior [ RunTime:0.000721s ]
INFO: [ view_filter ] --END-- [ RunTime:0.000823s ]
INFO: [ app_end ] --START--
INFO: Run Behavior\ShowPageTraceBehavior [ RunTime:0.004705s ]
INFO: [ app_end ] --END-- [ RunTime:0.004857s ]

[ 2017-06-17T21:15:06+08:00 ] ::1 /school/index.php/Home/Login/checkcode.html
INFO: [ app_init ] --START--
INFO: Run Behavior\BuildLiteBehavior [ RunTime:0.000029s ]
INFO: [ app_init ] --END-- [ RunTime:0.000830s ]
INFO: [ app_begin ] --START--
INFO: Run Behavior\ReadHtmlCacheBehavior [ RunTime:0.002880s ]
INFO: [ app_begin ] --END-- [ RunTime:0.003026s ]
INFO: [ app_end ] --START--
INFO: Run Behavior\ShowPageTraceBehavior [ RunTime:0.001047s ]
INFO: [ app_end ] --END-- [ RunTime:0.001190s ]

[ 2017-06-17T21:15:20+08:00 ] ::1 /school/index.php/Home/Login/login.html
INFO: [ app_init ] --START--
INFO: Run Behavior\BuildLiteBehavior [ RunTime:0.000035s ]
INFO: [ app_init ] --END-- [ RunTime:0.001128s ]
INFO: [ app_begin ] --START--
INFO: Run Behavior\ReadHtmlCacheBehavior [ RunTime:0.001347s ]
INFO: [ app_begin ] --END-- [ RunTime:0.001501s ]
NOTIC: [2048] Declaration of Home\Model\UsersModel::_after_insert() should be compatible with Think\Model::_after_insert($data, $options) G:\htdocs\school\Application\Home\Model\UsersModel.class.php 第 6 行.
SQL: SHOW COLUMNS FROM `users` [ RunTime:0.1105s ]
SQL: SELECT * FROM `users` WHERE `u_account` = '18710643957@163.com' LIMIT 1   [ RunTime:0.0015s ]
INFO: [ view_parse ] --START--
INFO: [ template_filter ] --START--
INFO: Run Behavior\ContentReplaceBehavior [ RunTime:0.000080s ]
INFO: [ template_filter ] --END-- [ RunTime:0.000188s ]
INFO: Run Behavior\ParseTemplateBehavior [ RunTime:0.154110s ]
INFO: [ view_parse ] --END-- [ RunTime:0.154277s ]
INFO: [ view_filter ] --START--
INFO: Run Behavior\WriteHtmlCacheBehavior [ RunTime:0.000606s ]
INFO: [ view_filter ] --END-- [ RunTime:0.000718s ]

[ 2017-06-17T21:15:24+08:00 ] ::1 /school/index.php/Home/Users/user_show.html
INFO: [ app_init ] --START--
INFO: Run Behavior\BuildLiteBehavior [ RunTime:0.000029s ]
INFO: [ app_init ] --END-- [ RunTime:0.001671s ]
INFO: [ app_begin ] --START--
INFO: Run Behavior\ReadHtmlCacheBehavior [ RunTime:0.000896s ]
INFO: [ app_begin ] --END-- [ RunTime:0.001000s ]
NOTIC: [2048] Declaration of Home\Model\UsersModel::_after_insert() should be compatible with Think\Model::_after_insert($data, $options) G:\htdocs\school\Application\Home\Model\UsersModel.class.php 第 6 行.
SQL: SHOW COLUMNS FROM `users` [ RunTime:0.0461s ]
SQL: SELECT * FROM `users` WHERE `u_id` = 31 LIMIT 1   [ RunTime:0.0014s ]
NOTIC: [2048] Declaration of Home\Model\GoodsModel::_after_insert() should be compatible with Think\Model::_after_insert($data, $options) G:\htdocs\school\Application\Home\Model\GoodsModel.class.php 第 220 行.
SQL: SHOW COLUMNS FROM `goods` [ RunTime:0.0297s ]
SQL: SELECT COUNT(*) AS tp_count FROM `goods` WHERE `g_user` = 31 LIMIT 1   [ RunTime:0.0013s ]
SQL: SHOW COLUMNS FROM `areas` [ RunTime:0.0320s ]
SQL: SELECT * FROM `areas` WHERE `a_pid` = 1  [ RunTime:0.0012s ]
INFO: [ view_parse ] --START--
INFO: [ template_filter ] --START--
INFO: Run Behavior\ContentReplaceBehavior [ RunTime:0.000358s ]
INFO: [ template_filter ] --END-- [ RunTime:0.000427s ]
NOTIC: [8] Undefined variable: page G:\htdocs\school\Application\Runtime\Cache\Home\2f4a68bea95a835f51869101ab6d5f95.php 第 252 行.
INFO: Run Behavior\ParseTemplateBehavior [ RunTime:0.386105s ]
INFO: [ view_parse ] --END-- [ RunTime:0.386195s ]
INFO: [ view_filter ] --START--
INFO: Run Behavior\WriteHtmlCacheBehavior [ RunTime:0.000294s ]
INFO: [ view_filter ] --END-- [ RunTime:0.000336s ]
INFO: [ app_end ] --START--
INFO: Run Behavior\ShowPageTraceBehavior [ RunTime:0.000629s ]
INFO: [ app_end ] --END-- [ RunTime:0.000692s ]

[ 2017-06-17T21:15:25+08:00 ] ::1 /school/index.php/Home/Login/check_online
INFO: [ app_init ] --START--
INFO: Run Behavior\BuildLiteBehavior [ RunTime:0.000017s ]
INFO: [ app_init ] --END-- [ RunTime:0.000474s ]
INFO: [ app_begin ] --START--
INFO: Run Behavior\ReadHtmlCacheBehavior [ RunTime:0.000587s ]
INFO: [ app_begin ] --END-- [ RunTime:0.000647s ]
NOTIC: [2048] Declaration of Home\Model\UsersModel::_after_insert() should be compatible with Think\Model::_after_insert($data, $options) G:\htdocs\school\Application\Home\Model\UsersModel.class.php 第 6 行.
SQL: SHOW COLUMNS FROM `users` [ RunTime:0.0845s ]
SQL: SELECT * FROM `users` WHERE `u_id` = 31 LIMIT 1   [ RunTime:0.0010s ]
INFO: [ app_end ] --START--
INFO: Run Behavior\ShowPageTraceBehavior [ RunTime:0.000637s ]
INFO: [ app_end ] --END-- [ RunTime:0.000689s ]

[ 2017-06-17T21:15:44+08:00 ] ::1 /school/index.php/Home/Goods/goods_add.html
INFO: [ app_init ] --START--
INFO: Run Behavior\BuildLiteBehavior [ RunTime:0.000036s ]
INFO: [ app_init ] --END-- [ RunTime:0.001355s ]
INFO: [ app_begin ] --START--
INFO: Run Behavior\ReadHtmlCacheBehavior [ RunTime:0.001519s ]
INFO: [ app_begin ] --END-- [ RunTime:0.001673s ]
SQL: SHOW COLUMNS FROM `categorys` [ RunTime:0.0535s ]
SQL: SELECT * FROM `categorys` WHERE `c_pid` = 0  [ RunTime:0.0021s ]
SQL: SHOW COLUMNS FROM `goodsnew` [ RunTime:0.0503s ]
SQL: SELECT * FROM `goodsnew`  [ RunTime:0.0023s ]
SQL: SHOW COLUMNS FROM `areas` [ RunTime:0.0655s ]
SQL: SELECT * FROM `areas` WHERE `a_pid` = 1  [ RunTime:0.0020s ]
INFO: [ view_parse ] --START--
INFO: [ template_filter ] --START--
INFO: Run Behavior\ContentReplaceBehavior [ RunTime:0.000359s ]
INFO: [ template_filter ] --END-- [ RunTime:0.000508s ]
INFO: Run Behavior\ParseTemplateBehavior [ RunTime:0.475085s ]
INFO: [ view_parse ] --END-- [ RunTime:0.475269s ]
INFO: [ view_filter ] --START--
INFO: Run Behavior\WriteHtmlCacheBehavior [ RunTime:0.000740s ]
INFO: [ view_filter ] --END-- [ RunTime:0.000821s ]
INFO: [ app_end ] --START--
INFO: Run Behavior\ShowPageTraceBehavior [ RunTime:0.001741s ]
INFO: [ app_end ] --END-- [ RunTime:0.001864s ]

[ 2017-06-17T21:15:47+08:00 ] ::1 /school/index.php/Home/Login/check_online
INFO: [ app_init ] --START--
INFO: Run Behavior\BuildLiteBehavior [ RunTime:0.000026s ]
INFO: [ app_init ] --END-- [ RunTime:0.000802s ]
INFO: [ app_begin ] --START--
INFO: Run Behavior\ReadHtmlCacheBehavior [ RunTime:0.001284s ]
INFO: [ app_begin ] --END-- [ RunTime:0.001399s ]
NOTIC: [2048] Declaration of Home\Model\UsersModel::_after_insert() should be compatible with Think\Model::_after_insert($data, $options) G:\htdocs\school\Application\Home\Model\UsersModel.class.php 第 6 行.
SQL: SHOW COLUMNS FROM `users` [ RunTime:0.1066s ]
SQL: SELECT * FROM `users` WHERE `u_id` = 31 LIMIT 1   [ RunTime:0.0010s ]
INFO: [ app_end ] --START--
INFO: Run Behavior\ShowPageTraceBehavior [ RunTime:0.000611s ]
INFO: [ app_end ] --END-- [ RunTime:0.000660s ]

[ 2017-06-17T21:15:51+08:00 ] ::1 /school/index.php/Home/Goods/ajaxGetCate/cate_id/1
INFO: [ app_init ] --START--
INFO: Run Behavior\BuildLiteBehavior [ RunTime:0.000014s ]
INFO: [ app_init ] --END-- [ RunTime:0.000451s ]
INFO: [ app_begin ] --START--
INFO: Run Behavior\ReadHtmlCacheBehavior [ RunTime:0.000588s ]
INFO: [ app_begin ] --END-- [ RunTime:0.000653s ]
SQL: SHOW COLUMNS FROM `categorys` [ RunTime:0.0211s ]
SQL: SELECT * FROM `categorys` WHERE `c_pid` = 1  [ RunTime:0.0010s ]
INFO: [ app_end ] --START--
INFO: Run Behavior\ShowPageTraceBehavior [ RunTime:0.000528s ]
INFO: [ app_end ] --END-- [ RunTime:0.000568s ]

[ 2017-06-17T21:16:00+08:00 ] ::1 /school/index.php/Home/Goods/ajaxGetCate/cate_id/5
INFO: [ app_init ] --START--
INFO: Run Behavior\BuildLiteBehavior [ RunTime:0.000031s ]
INFO: [ app_init ] --END-- [ RunTime:0.000850s ]
INFO: [ app_begin ] --START--
INFO: Run Behavior\ReadHtmlCacheBehavior [ RunTime:0.001039s ]
INFO: [ app_begin ] --END-- [ RunTime:0.001143s ]
SQL: SHOW COLUMNS FROM `categorys` [ RunTime:0.3452s ]
SQL: SELECT * FROM `categorys` WHERE `c_pid` = 5  [ RunTime:0.0016s ]
INFO: [ app_end ] --START--
INFO: Run Behavior\ShowPageTraceBehavior [ RunTime:0.000970s ]
INFO: [ app_end ] --END-- [ RunTime:0.001074s ]

[ 2017-06-17T21:16:09+08:00 ] ::1 /school/index.php/Home/Users/user_show.html
INFO: [ app_init ] --START--
INFO: Run Behavior\BuildLiteBehavior [ RunTime:0.000016s ]
INFO: [ app_init ] --END-- [ RunTime:0.000431s ]
INFO: [ app_begin ] --START--
INFO: Run Behavior\ReadHtmlCacheBehavior [ RunTime:0.000534s ]
INFO: [ app_begin ] --END-- [ RunTime:0.000594s ]
NOTIC: [2048] Declaration of Home\Model\UsersModel::_after_insert() should be compatible with Think\Model::_after_insert($data, $options) G:\htdocs\school\Application\Home\Model\UsersModel.class.php 第 6 行.
SQL: SHOW COLUMNS FROM `users` [ RunTime:0.0301s ]
SQL: SELECT * FROM `users` WHERE `u_id` = 31 LIMIT 1   [ RunTime:0.0011s ]
NOTIC: [2048] Declaration of Home\Model\GoodsModel::_after_insert() should be compatible with Think\Model::_after_insert($data, $options) G:\htdocs\school\Application\Home\Model\GoodsModel.class.php 第 220 行.
SQL: SHOW COLUMNS FROM `goods` [ RunTime:0.0221s ]
SQL: SELECT COUNT(*) AS tp_count FROM `goods` WHERE `g_user` = 31 LIMIT 1   [ RunTime:0.0011s ]
SQL: SHOW COLUMNS FROM `areas` [ RunTime:0.0170s ]
SQL: SELECT * FROM `areas` WHERE `a_pid` = 1  [ RunTime:0.0012s ]
INFO: [ view_parse ] --START--
INFO: [ template_filter ] --START--
INFO: Run Behavior\ContentReplaceBehavior [ RunTime:0.000315s ]
INFO: [ template_filter ] --END-- [ RunTime:0.000389s ]
NOTIC: [8] Undefined variable: page G:\htdocs\school\Application\Runtime\Cache\Home\2f4a68bea95a835f51869101ab6d5f95.php 第 252 行.
INFO: Run Behavior\ParseTemplateBehavior [ RunTime:0.086004s ]
INFO: [ view_parse ] --END-- [ RunTime:0.086074s ]
INFO: [ view_filter ] --START--
INFO: Run Behavior\WriteHtmlCacheBehavior [ RunTime:0.000444s ]
INFO: [ view_filter ] --END-- [ RunTime:0.000498s ]
INFO: [ app_end ] --START--
INFO: Run Behavior\ShowPageTraceBehavior [ RunTime:0.000559s ]
INFO: [ app_end ] --END-- [ RunTime:0.000618s ]

[ 2017-06-17T21:16:11+08:00 ] ::1 /school/index.php/Home/Login/check_online
INFO: [ app_init ] --START--
INFO: Run Behavior\BuildLiteBehavior [ RunTime:0.000018s ]
INFO: [ app_init ] --END-- [ RunTime:0.000493s ]
INFO: [ app_begin ] --START--
INFO: Run Behavior\ReadHtmlCacheBehavior [ RunTime:0.000580s ]
INFO: [ app_begin ] --END-- [ RunTime:0.000656s ]
NOTIC: [2048] Declaration of Home\Model\UsersModel::_after_insert() should be compatible with Think\Model::_after_insert($data, $options) G:\htdocs\school\Application\Home\Model\UsersModel.class.php 第 6 行.
SQL: SHOW COLUMNS FROM `users` [ RunTime:0.1100s ]
SQL: SELECT * FROM `users` WHERE `u_id` = 31 LIMIT 1   [ RunTime:0.0010s ]
INFO: [ app_end ] --START--
INFO: Run Behavior\ShowPageTraceBehavior [ RunTime:0.000624s ]
INFO: [ app_end ] --END-- [ RunTime:0.000675s ]

[ 2017-06-17T21:16:13+08:00 ] ::1 /school/index.php/Home/Users/ajaxPutAwayGoods/gu_flag/y
INFO: [ app_init ] --START--
INFO: Run Behavior\BuildLiteBehavior [ RunTime:0.000016s ]
INFO: [ app_init ] --END-- [ RunTime:0.000450s ]
INFO: [ app_begin ] --START--
INFO: Run Behavior\ReadHtmlCacheBehavior [ RunTime:0.000537s ]
INFO: [ app_begin ] --END-- [ RunTime:0.000590s ]
SQL: SHOW COLUMNS FROM `goodsuser` [ RunTime:0.0345s ]
NOTIC: [2048] Declaration of Home\Model\GoodsModel::_after_insert() should be compatible with Think\Model::_after_insert($data, $options) G:\htdocs\school\Application\Home\Model\GoodsModel.class.php 第 220 行.
SQL: SHOW COLUMNS FROM `goods` [ RunTime:0.0239s ]
SQL: SELECT `gu_id`,`goods_id`,`gu_time` FROM `goodsuser` WHERE `users_id` = 31 AND `gu_flag` = 'y' ORDER BY gu_time desc  [ RunTime:0.0011s ]
SQL: SELECT * FROM `goods` WHERE `g_id` = 26 LIMIT 1   [ RunTime:0.0010s ]
SQL: SELECT * FROM `goods` WHERE `g_id` = 24 LIMIT 1   [ RunTime:0.0009s ]
SQL: SELECT * FROM `goods` WHERE `g_id` = 23 LIMIT 1   [ RunTime:0.0009s ]
SQL: SELECT * FROM `goods` WHERE `g_id` = 22 LIMIT 1   [ RunTime:0.0009s ]
SQL: SELECT * FROM `goods` WHERE `g_id` = 21 LIMIT 1   [ RunTime:0.0009s ]
SQL: SELECT * FROM `goods` WHERE `g_id` = 12 LIMIT 1   [ RunTime:0.0009s ]
SQL: SELECT * FROM `goods` WHERE `g_id` = 11 LIMIT 1   [ RunTime:0.0009s ]
SQL: SELECT * FROM `goods` WHERE `g_id` = 13 LIMIT 1   [ RunTime:0.0008s ]
SQL: SHOW COLUMNS FROM `goodsnew` [ RunTime:0.0195s ]
SQL: SELECT * FROM `goodsnew`  [ RunTime:0.0010s ]
SQL: SHOW COLUMNS FROM `categorys` [ RunTime:0.0170s ]
SQL: SELECT * FROM `categorys`  [ RunTime:0.0010s ]
SQL: SHOW COLUMNS FROM `areas` [ RunTime:0.0205s ]
SQL: SELECT * FROM `areas`  [ RunTime:0.0009s ]
INFO: [ app_end ] --START--
INFO: Run Behavior\ShowPageTraceBehavior [ RunTime:0.000663s ]
INFO: [ app_end ] --END-- [ RunTime:0.000731s ]

[ 2017-06-17T21:16:17+08:00 ] ::1 /school/index.php/Home/Users/ajaxGetGoods
INFO: [ app_init ] --START--
INFO: Run Behavior\BuildLiteBehavior [ RunTime:0.000016s ]
INFO: [ app_init ] --END-- [ RunTime:0.000427s ]
INFO: [ app_begin ] --START--
INFO: Run Behavior\ReadHtmlCacheBehavior [ RunTime:0.000503s ]
INFO: [ app_begin ] --END-- [ RunTime:0.000554s ]
NOTIC: [2048] Declaration of Home\Model\GoodsModel::_after_insert() should be compatible with Think\Model::_after_insert($data, $options) G:\htdocs\school\Application\Home\Model\GoodsModel.class.php 第 6 行.
SQL: SHOW COLUMNS FROM `goods` [ RunTime:0.0377s ]
SQL: SELECT * FROM `goods` WHERE `g_user` = 31 ORDER BY g_time desc  [ RunTime:0.0016s ]
SQL: SHOW COLUMNS FROM `goodsnew` [ RunTime:0.0171s ]
SQL: SELECT * FROM `goodsnew`  [ RunTime:0.0009s ]
SQL: SHOW COLUMNS FROM `categorys` [ RunTime:0.0156s ]
SQL: SELECT * FROM `categorys`  [ RunTime:0.0010s ]
SQL: SHOW COLUMNS FROM `areas` [ RunTime:0.0196s ]
SQL: SELECT * FROM `areas`  [ RunTime:0.0010s ]
INFO: [ app_end ] --START--
INFO: Run Behavior\ShowPageTraceBehavior [ RunTime:0.000705s ]
INFO: [ app_end ] --END-- [ RunTime:0.000770s ]

[ 2017-06-17T21:16:21+08:00 ] ::1 /school/index.php/Home/Users/ajaxSoldOutGoods/gu_flag/n
INFO: [ app_init ] --START--
INFO: Run Behavior\BuildLiteBehavior [ RunTime:0.000017s ]
INFO: [ app_init ] --END-- [ RunTime:0.000472s ]
INFO: [ app_begin ] --START--
INFO: Run Behavior\ReadHtmlCacheBehavior [ RunTime:0.000568s ]
INFO: [ app_begin ] --END-- [ RunTime:0.000624s ]
SQL: SHOW COLUMNS FROM `goodsuser` [ RunTime:0.0323s ]
NOTIC: [2048] Declaration of Home\Model\GoodsModel::_after_insert() should be compatible with Think\Model::_after_insert($data, $options) G:\htdocs\school\Application\Home\Model\GoodsModel.class.php 第 220 行.
SQL: SHOW COLUMNS FROM `goods` [ RunTime:0.0208s ]
SQL: SELECT `gu_id`,`goods_id`,`gu_time` FROM `goodsuser` WHERE `users_id` = 31 AND `gu_flag` = 'n' ORDER BY gu_time desc  [ RunTime:0.0011s ]
SQL: SELECT * FROM `goods` WHERE `g_id` = 25 LIMIT 1   [ RunTime:0.0010s ]
SQL: SELECT * FROM `goods` WHERE `g_id` = 14 LIMIT 1   [ RunTime:0.0030s ]
SQL: SHOW COLUMNS FROM `goodsnew` [ RunTime:0.0230s ]
SQL: SELECT * FROM `goodsnew`  [ RunTime:0.0008s ]
SQL: SHOW COLUMNS FROM `categorys` [ RunTime:0.0200s ]
SQL: SELECT * FROM `categorys`  [ RunTime:0.0013s ]
SQL: SHOW COLUMNS FROM `areas` [ RunTime:0.0178s ]
SQL: SELECT * FROM `areas`  [ RunTime:0.0009s ]
INFO: [ app_end ] --START--
INFO: Run Behavior\ShowPageTraceBehavior [ RunTime:0.000664s ]
INFO: [ app_end ] --END-- [ RunTime:0.000721s ]

[ 2017-06-17T21:16:25+08:00 ] ::1 /school/index.php/Home/Users/ajaxPutAwayGoods/gu_flag/y
INFO: [ app_init ] --START--
INFO: Run Behavior\BuildLiteBehavior [ RunTime:0.000017s ]
INFO: [ app_init ] --END-- [ RunTime:0.000499s ]
INFO: [ app_begin ] --START--
INFO: Run Behavior\ReadHtmlCacheBehavior [ RunTime:0.000609s ]
INFO: [ app_begin ] --END-- [ RunTime:0.000671s ]
SQL: SHOW COLUMNS FROM `goodsuser` [ RunTime:0.0823s ]
NOTIC: [2048] Declaration of Home\Model\GoodsModel::_after_insert() should be compatible with Think\Model::_after_insert($data, $options) G:\htdocs\school\Application\Home\Model\GoodsModel.class.php 第 220 行.
SQL: SHOW COLUMNS FROM `goods` [ RunTime:0.0214s ]
SQL: SELECT `gu_id`,`goods_id`,`gu_time` FROM `goodsuser` WHERE `users_id` = 31 AND `gu_flag` = 'y' ORDER BY gu_time desc  [ RunTime:0.0012s ]
SQL: SELECT * FROM `goods` WHERE `g_id` = 26 LIMIT 1   [ RunTime:0.0010s ]
SQL: SELECT * FROM `goods` WHERE `g_id` = 24 LIMIT 1   [ RunTime:0.0010s ]
SQL: SELECT * FROM `goods` WHERE `g_id` = 23 LIMIT 1   [ RunTime:0.0010s ]
SQL: SELECT * FROM `goods` WHERE `g_id` = 22 LIMIT 1   [ RunTime:0.0010s ]
SQL: SELECT * FROM `goods` WHERE `g_id` = 21 LIMIT 1   [ RunTime:0.0009s ]
SQL: SELECT * FROM `goods` WHERE `g_id` = 12 LIMIT 1   [ RunTime:0.0010s ]
SQL: SELECT * FROM `goods` WHERE `g_id` = 11 LIMIT 1   [ RunTime:0.0010s ]
SQL: SELECT * FROM `goods` WHERE `g_id` = 13 LIMIT 1   [ RunTime:0.0009s ]
SQL: SHOW COLUMNS FROM `goodsnew` [ RunTime:0.0815s ]
SQL: SELECT * FROM `goodsnew`  [ RunTime:0.0009s ]
SQL: SHOW COLUMNS FROM `categorys` [ RunTime:0.0181s ]
SQL: SELECT * FROM `categorys`  [ RunTime:0.0010s ]
SQL: SHOW COLUMNS FROM `areas` [ RunTime:0.0190s ]
SQL: SELECT * FROM `areas`  [ RunTime:0.0009s ]
INFO: [ app_end ] --START--
INFO: Run Behavior\ShowPageTraceBehavior [ RunTime:0.000671s ]
INFO: [ app_end ] --END-- [ RunTime:0.000732s ]

[ 2017-06-17T21:16:28+08:00 ] ::1 /school/index.php/Home/Users/soldOutGoods/gu_id/26
INFO: [ app_init ] --START--
INFO: Run Behavior\BuildLiteBehavior [ RunTime:0.000017s ]
INFO: [ app_init ] --END-- [ RunTime:0.000517s ]
INFO: [ app_begin ] --START--
INFO: Run Behavior\ReadHtmlCacheBehavior [ RunTime:0.000576s ]
INFO: [ app_begin ] --END-- [ RunTime:0.000639s ]
SQL: SHOW COLUMNS FROM `goodsuser` [ RunTime:0.0278s ]
NOTIC: [2048] Declaration of Home\Model\GoodsModel::_after_insert() should be compatible with Think\Model::_after_insert($data, $options) G:\htdocs\school\Application\Home\Model\GoodsModel.class.php 第 220 行.
SQL: SHOW COLUMNS FROM `goods` [ RunTime:0.0196s ]
SQL: SELECT `goods_id` FROM `goodsuser` WHERE `gu_id` = 26 LIMIT 1   [ RunTime:0.0011s ]
NOTIC: [8] Undefined index: g_logo G:\htdocs\school\Application\Home\Model\GoodsModel.class.php 第 86 行.
SQL: UPDATE `goods` SET `g_flag`='n' WHERE `g_id` = 26 [ RunTime:0.0957s ]
SQL: UPDATE `goodsuser` SET `gu_flag`='n',`gu_time`='2017-06-17 21:16:27' WHERE `gu_id` = 26 [ RunTime:0.0494s ]
INFO: [ app_end ] --START--
INFO: Run Behavior\ShowPageTraceBehavior [ RunTime:0.000778s ]
INFO: [ app_end ] --END-- [ RunTime:0.000844s ]

[ 2017-06-17T21:16:32+08:00 ] ::1 /school/index.php/Home/Users/ajaxSoldOutGoods/gu_flag/n
INFO: [ app_init ] --START--
INFO: Run Behavior\BuildLiteBehavior [ RunTime:0.000028s ]
INFO: [ app_init ] --END-- [ RunTime:0.000900s ]
INFO: [ app_begin ] --START--
INFO: Run Behavior\ReadHtmlCacheBehavior [ RunTime:0.001283s ]
INFO: [ app_begin ] --END-- [ RunTime:0.001387s ]
SQL: SHOW COLUMNS FROM `goodsuser` [ RunTime:0.0476s ]
NOTIC: [2048] Declaration of Home\Model\GoodsModel::_after_insert() should be compatible with Think\Model::_after_insert($data, $options) G:\htdocs\school\Application\Home\Model\GoodsModel.class.php 第 220 行.
SQL: SHOW COLUMNS FROM `goods` [ RunTime:0.0340s ]
SQL: SELECT `gu_id`,`goods_id`,`gu_time` FROM `goodsuser` WHERE `users_id` = 31 AND `gu_flag` = 'n' ORDER BY gu_time desc  [ RunTime:0.0019s ]
SQL: SELECT * FROM `goods` WHERE `g_id` = 26 LIMIT 1   [ RunTime:0.0015s ]
SQL: SELECT * FROM `goods` WHERE `g_id` = 25 LIMIT 1   [ RunTime:0.0013s ]
SQL: SELECT * FROM `goods` WHERE `g_id` = 14 LIMIT 1   [ RunTime:0.0014s ]
SQL: SHOW COLUMNS FROM `goodsnew` [ RunTime:0.0338s ]
SQL: SELECT * FROM `goodsnew`  [ RunTime:0.0015s ]
SQL: SHOW COLUMNS FROM `categorys` [ RunTime:0.0309s ]
SQL: SELECT * FROM `categorys`  [ RunTime:0.0014s ]
SQL: SHOW COLUMNS FROM `areas` [ RunTime:0.0304s ]
SQL: SELECT * FROM `areas`  [ RunTime:0.0014s ]
INFO: [ app_end ] --START--
INFO: Run Behavior\ShowPageTraceBehavior [ RunTime:0.001038s ]
INFO: [ app_end ] --END-- [ RunTime:0.001135s ]

[ 2017-06-17T21:16:58+08:00 ] ::1 /school/index.php/Home/Login/loginout
INFO: [ app_init ] --START--
INFO: Run Behavior\BuildLiteBehavior [ RunTime:0.000031s ]
INFO: [ app_init ] --END-- [ RunTime:0.000894s ]
INFO: [ app_begin ] --START--
INFO: Run Behavior\ReadHtmlCacheBehavior [ RunTime:0.000883s ]
INFO: [ app_begin ] --END-- [ RunTime:0.000974s ]
NOTIC: [2048] Declaration of Home\Model\UsersModel::_after_insert() should be compatible with Think\Model::_after_insert($data, $options) G:\htdocs\school\Application\Home\Model\UsersModel.class.php 第 6 行.
SQL: SHOW COLUMNS FROM `users` [ RunTime:0.0605s ]
INFO: [ app_end ] --START--
INFO: Run Behavior\ShowPageTraceBehavior [ RunTime:0.001200s ]
INFO: [ app_end ] --END-- [ RunTime:0.001336s ]

[ 2017-06-17T21:17:00+08:00 ] ::1 /school/index.php/Home/Login/showlogin.html
INFO: [ app_init ] --START--
INFO: Run Behavior\BuildLiteBehavior [ RunTime:0.000030s ]
INFO: [ app_init ] --END-- [ RunTime:0.000817s ]
INFO: [ app_begin ] --START--
INFO: Run Behavior\ReadHtmlCacheBehavior [ RunTime:0.000993s ]
INFO: [ app_begin ] --END-- [ RunTime:0.001106s ]
SQL: SHOW COLUMNS FROM `areas` [ RunTime:0.1832s ]
SQL: SELECT * FROM `areas` WHERE ( a_pid )  [ RunTime:0.0013s ]
INFO: [ view_parse ] --START--
INFO: [ template_filter ] --START--
INFO: Run Behavior\ContentReplaceBehavior [ RunTime:0.000275s ]
INFO: [ template_filter ] --END-- [ RunTime:0.000383s ]
INFO: Run Behavior\ParseTemplateBehavior [ RunTime:0.183762s ]
INFO: [ view_parse ] --END-- [ RunTime:0.183875s ]
INFO: [ view_filter ] --START--
INFO: Run Behavior\WriteHtmlCacheBehavior [ RunTime:0.000466s ]
INFO: [ view_filter ] --END-- [ RunTime:0.000540s ]
INFO: [ app_end ] --START--
INFO: Run Behavior\ShowPageTraceBehavior [ RunTime:0.001794s ]
INFO: [ app_end ] --END-- [ RunTime:0.001903s ]

[ 2017-06-17T21:17:01+08:00 ] ::1 /school/index.php/Home/Login/checkcode.html
INFO: [ app_init ] --START--
INFO: Run Behavior\BuildLiteBehavior [ RunTime:0.000020s ]
INFO: [ app_init ] --END-- [ RunTime:0.000608s ]
INFO: [ app_begin ] --START--
INFO: Run Behavior\ReadHtmlCacheBehavior [ RunTime:0.001043s ]
INFO: [ app_begin ] --END-- [ RunTime:0.001134s ]
INFO: [ app_end ] --START--
INFO: Run Behavior\ShowPageTraceBehavior [ RunTime:0.001156s ]
INFO: [ app_end ] --END-- [ RunTime:0.001270s ]

[ 2017-06-17T21:17:04+08:00 ] ::1 /school/index.php/Home/Index/index
INFO: [ app_init ] --START--
INFO: Run Behavior\BuildLiteBehavior [ RunTime:0.000019s ]
INFO: [ app_init ] --END-- [ RunTime:0.000504s ]
INFO: [ app_begin ] --START--
INFO: Run Behavior\ReadHtmlCacheBehavior [ RunTime:0.000570s ]
INFO: [ app_begin ] --END-- [ RunTime:0.000657s ]
NOTIC: [2048] Declaration of Home\Model\GoodsModel::_after_insert() should be compatible with Think\Model::_after_insert($data, $options) G:\htdocs\school\Application\Home\Model\GoodsModel.class.php 第 6 行.
SQL: SHOW COLUMNS FROM `goods` [ RunTime:0.1529s ]
SQL: SHOW COLUMNS FROM `goodsuser` [ RunTime:0.0368s ]
SQL: SHOW COLUMNS FROM `helpgoods` [ RunTime:0.0227s ]
SQL: SHOW COLUMNS FROM `areas` [ RunTime:0.0190s ]
SQL: SHOW COLUMNS FROM `categorys` [ RunTime:0.0171s ]
SQL: SHOW COLUMNS FROM `tips` [ RunTime:0.0194s ]
SQL: SHOW COLUMNS FROM `picture` [ RunTime:0.0234s ]
SQL: SELECT * FROM `categorys`  [ RunTime:0.0011s ]
SQL: SELECT `c_id` FROM `categorys` WHERE `c_id` = 1 LIMIT 1   [ RunTime:0.0008s ]
SQL: SELECT `c_id` FROM `categorys` WHERE `c_id` = 1 LIMIT 1   [ RunTime:0.0008s ]
SQL: SELECT `c_id` FROM `categorys` WHERE `c_id` = 1 LIMIT 1   [ RunTime:0.0008s ]
SQL: SELECT `c_id` FROM `categorys` WHERE `c_id` = 3 LIMIT 1   [ RunTime:0.0007s ]
SQL: SELECT `c_id` FROM `categorys` WHERE `c_id` = 3 LIMIT 1   [ RunTime:0.0007s ]
SQL: SELECT `c_id` FROM `categorys` WHERE `c_id` = 4 LIMIT 1   [ RunTime:0.0007s ]
SQL: SELECT `c_id` FROM `categorys` WHERE `c_id` = 4 LIMIT 1   [ RunTime:0.0007s ]
SQL: SELECT `c_id` FROM `categorys` WHERE `c_id` = 4 LIMIT 1   [ RunTime:0.0009s ]
SQL: SELECT `c_id` FROM `categorys` WHERE `c_id` = 4 LIMIT 1   [ RunTime:0.0008s ]
SQL: SELECT `c_id` FROM `categorys` WHERE `c_id` = 4 LIMIT 1   [ RunTime:0.0008s ]
SQL: SELECT `c_id` FROM `categorys` WHERE `c_id` = 4 LIMIT 1   [ RunTime:0.0008s ]
SQL: SELECT `c_id` FROM `categorys` WHERE `c_id` = 4 LIMIT 1   [ RunTime:0.0007s ]
SQL: SELECT `c_id` FROM `categorys` WHERE `c_id` = 5 LIMIT 1   [ RunTime:0.0008s ]
SQL: SELECT `c_id` FROM `categorys` WHERE `c_id` = 5 LIMIT 1   [ RunTime:0.0007s ]
SQL: SELECT `c_id` FROM `categorys` WHERE `c_id` = 5 LIMIT 1   [ RunTime:0.0008s ]
SQL: SELECT `c_id` FROM `categorys` WHERE `c_id` = 5 LIMIT 1   [ RunTime:0.0008s ]
SQL: SELECT `c_id` FROM `categorys` WHERE `c_id` = 5 LIMIT 1   [ RunTime:0.0007s ]
SQL: SELECT `c_id` FROM `categorys` WHERE `c_id` = 5 LIMIT 1   [ RunTime:0.0007s ]
SQL: SELECT `c_id` FROM `categorys` WHERE `c_id` = 5 LIMIT 1   [ RunTime:0.0007s ]
SQL: SELECT `c_id` FROM `categorys` WHERE `c_id` = 5 LIMIT 1   [ RunTime:0.0009s ]
SQL: SELECT `c_id` FROM `categorys` WHERE `c_id` = 6 LIMIT 1   [ RunTime:0.0009s ]
SQL: SELECT `c_id` FROM `categorys` WHERE `c_id` = 6 LIMIT 1   [ RunTime:0.0008s ]
SQL: SELECT `c_id` FROM `categorys` WHERE `c_id` = 6 LIMIT 1   [ RunTime:0.0008s ]
SQL: SELECT `c_id` FROM `categorys` WHERE `c_id` = 6 LIMIT 1   [ RunTime:0.0008s ]
SQL: SELECT `c_id` FROM `categorys` WHERE `c_id` = 6 LIMIT 1   [ RunTime:0.0009s ]
SQL: SELECT `c_id` FROM `categorys` WHERE `c_id` = 6 LIMIT 1   [ RunTime:0.0009s ]
SQL: SELECT `c_id` FROM `categorys` WHERE `c_id` = 6 LIMIT 1   [ RunTime:0.0008s ]
SQL: SELECT `c_id` FROM `categorys` WHERE `c_id` = 6 LIMIT 1   [ RunTime:0.0008s ]
SQL: SELECT `c_id` FROM `categorys` WHERE `c_id` = 6 LIMIT 1   [ RunTime:0.0008s ]
SQL: SELECT `c_id` FROM `categorys` WHERE `c_id` = 6 LIMIT 1   [ RunTime:0.0007s ]
SQL: SELECT `c_id` FROM `categorys` WHERE `c_id` = 7 LIMIT 1   [ RunTime:0.0008s ]
SQL: SELECT `c_id` FROM `categorys` WHERE `c_id` = 7 LIMIT 1   [ RunTime:0.0007s ]
SQL: SELECT `c_id` FROM `categorys` WHERE `c_id` = 7 LIMIT 1   [ RunTime:0.0007s ]
SQL: SELECT `c_id` FROM `categorys` WHERE `c_id` = 7 LIMIT 1   [ RunTime:0.0007s ]
SQL: SELECT `c_id` FROM `categorys` WHERE `c_id` = 7 LIMIT 1   [ RunTime:0.0007s ]
SQL: SELECT `c_id` FROM `categorys` WHERE `c_id` = 7 LIMIT 1   [ RunTime:0.0007s ]
SQL: SELECT `c_id` FROM `categorys` WHERE `c_id` = 8 LIMIT 1   [ RunTime:0.0007s ]
SQL: SELECT `c_id` FROM `categorys` WHERE `c_id` = 8 LIMIT 1   [ RunTime:0.0008s ]
SQL: SELECT `c_id` FROM `categorys` WHERE `c_id` = 8 LIMIT 1   [ RunTime:0.0008s ]
SQL: SELECT `c_id` FROM `categorys` WHERE `c_id` = 8 LIMIT 1   [ RunTime:0.0008s ]
SQL: SELECT `c_id` FROM `categorys` WHERE `c_id` = 8 LIMIT 1   [ RunTime:0.0008s ]
SQL: SELECT `c_id` FROM `categorys` WHERE `c_id` = 8 LIMIT 1   [ RunTime:0.0008s ]
SQL: SELECT `c_id` FROM `categorys` WHERE `c_id` = 8 LIMIT 1   [ RunTime:0.0009s ]
SQL: SELECT `c_id` FROM `categorys` WHERE `c_id` = 9 LIMIT 1   [ RunTime:0.0009s ]
SQL: SELECT `c_id` FROM `categorys` WHERE `c_id` = 9 LIMIT 1   [ RunTime:0.0008s ]
SQL: SELECT `c_id` FROM `categorys` WHERE `c_id` = 9 LIMIT 1   [ RunTime:0.0009s ]
SQL: SELECT `c_id` FROM `categorys` WHERE `c_id` = 9 LIMIT 1   [ RunTime:0.0008s ]
SQL: SELECT `c_id` FROM `categorys` WHERE `c_id` = 9 LIMIT 1   [ RunTime:0.0008s ]
SQL: SELECT `c_id` FROM `categorys` WHERE `c_id` = 9 LIMIT 1   [ RunTime:0.0008s ]
SQL: SELECT `c_id` FROM `categorys` WHERE `c_id` = 9 LIMIT 1   [ RunTime:0.0008s ]
SQL: SELECT `c_id` FROM `categorys` WHERE `c_id` = 2 LIMIT 1   [ RunTime:0.0008s ]
SQL: SELECT `c_id` FROM `categorys` WHERE `c_id` = 1 LIMIT 1   [ RunTime:0.0008s ]
SQL: SELECT * FROM `categorys`  [ RunTime:0.0010s ]
SQL: SELECT * FROM `areas` WHERE `a_name` = '西安医学院' LIMIT 1   [ RunTime:0.0028s ]
SQL: SELECT `goods_id`,`gu_time` FROM `goodsuser` WHERE `gu_flag` = 'y' AND `school_id` = 4 ORDER BY gu_time desc LIMIT 10   [ RunTime:0.0011s ]
NOTIC: [8] Undefined variable: y_data G:\htdocs\school\Application\Home\Controller\IndexController.class.php 第 105 行.
NOTIC: [2] unlink(./Application/Runtime/Temp/bf49b5ebc57997d43ccbe0fa5b51f0a4.php): No such file or directory G:\htdocs\school\ThinkPHP\Library\Think\Cache\Driver\File.class.php 第 157 行.
SQL: SELECT * FROM `areas`  [ RunTime:0.0011s ]
NOTIC: [8] Undefined variable: y_data G:\htdocs\school\Application\Home\Controller\IndexController.class.php 第 141 行.
INFO: [ view_parse ] --START--
INFO: [ template_filter ] --START--
INFO: Run Behavior\ContentReplaceBehavior [ RunTime:0.000200s ]
INFO: [ template_filter ] --END-- [ RunTime:0.000271s ]
NOTIC: [8] Use of undefined constant y - assumed 'y' G:\htdocs\school\Application\Runtime\Cache\Home\2a94b8bda04ff446dcedd42276fc99ee.php 第 154 行.
NOTIC: [8] Use of undefined constant y - assumed 'y' G:\htdocs\school\Application\Runtime\Cache\Home\2a94b8bda04ff446dcedd42276fc99ee.php 第 154 行.
NOTIC: [8] Use of undefined constant y - assumed 'y' G:\htdocs\school\Application\Runtime\Cache\Home\2a94b8bda04ff446dcedd42276fc99ee.php 第 154 行.
NOTIC: [8] Use of undefined constant y - assumed 'y' G:\htdocs\school\Application\Runtime\Cache\Home\2a94b8bda04ff446dcedd42276fc99ee.php 第 154 行.
INFO: Run Behavior\ParseTemplateBehavior [ RunTime:0.175519s ]
INFO: [ view_parse ] --END-- [ RunTime:0.175589s ]
INFO: [ view_filter ] --START--
INFO: Run Behavior\WriteHtmlCacheBehavior [ RunTime:0.000320s ]
INFO: [ view_filter ] --END-- [ RunTime:0.000368s ]
INFO: [ app_end ] --START--
INFO: Run Behavior\ShowPageTraceBehavior [ RunTime:0.000453s ]
INFO: [ app_end ] --END-- [ RunTime:0.000498s ]

[ 2017-06-17T21:17:04+08:00 ] ::1 /school/index.php/Home/Login/check_online
INFO: [ app_init ] --START--
INFO: Run Behavior\BuildLiteBehavior [ RunTime:0.000016s ]
INFO: [ app_init ] --END-- [ RunTime:0.000463s ]
INFO: [ app_begin ] --START--
INFO: Run Behavior\ReadHtmlCacheBehavior [ RunTime:0.000577s ]
INFO: [ app_begin ] --END-- [ RunTime:0.000635s ]
INFO: [ app_end ] --START--
INFO: Run Behavior\ShowPageTraceBehavior [ RunTime:0.001232s ]
INFO: [ app_end ] --END-- [ RunTime:0.001306s ]

