[ 2017-05-10T01:04:35+08:00 ] ::1 /school/index.php/Home/Users/user_show
INFO: [ app_init ] --START--
INFO: Run Behavior\BuildLiteBehavior [ RunTime:0.000014s ]
INFO: [ app_init ] --END-- [ RunTime:0.000413s ]
INFO: [ app_begin ] --START--
INFO: Run Behavior\ReadHtmlCacheBehavior [ RunTime:0.000789s ]
INFO: [ app_begin ] --END-- [ RunTime:0.000866s ]
SQL: SHOW COLUMNS FROM `users` [ RunTime:0.1413s ]
SQL: SELECT * FROM `users` WHERE `u_account` = 123 LIMIT 1   [ RunTime:0.0022s ]
SQL: SHOW COLUMNS FROM `areas` [ RunTime:0.0529s ]
SQL: SELECT * FROM `areas` WHERE `a_pid` = 1  [ RunTime:0.0019s ]
INFO: [ view_parse ] --START--
INFO: [ template_filter ] --START--
INFO: Run Behavior\ContentReplaceBehavior [ RunTime:0.000699s ]
INFO: [ template_filter ] --END-- [ RunTime:0.000904s ]
NOTIC: [8] Undefined variable: page G:\htdocs\school\Application\Runtime\Cache\Home\2f4a68bea95a835f51869101ab6d5f95.php 第 258 行.
INFO: Run Behavior\ParseTemplateBehavior [ RunTime:0.424782s ]
INFO: [ view_parse ] --END-- [ RunTime:0.424947s ]
INFO: [ view_filter ] --START--
INFO: Run Behavior\WriteHtmlCacheBehavior [ RunTime:0.001016s ]
INFO: [ view_filter ] --END-- [ RunTime:0.001153s ]
INFO: [ app_end ] --START--
INFO: Run Behavior\ShowPageTraceBehavior [ RunTime:0.008312s ]
INFO: [ app_end ] --END-- [ RunTime:0.008510s ]

[ 2017-05-10T01:04:40+08:00 ] ::1 /school/index.php/Home/Users/ajaxGetGoods/user_id/1
INFO: [ app_init ] --START--
INFO: Run Behavior\BuildLiteBehavior [ RunTime:0.000032s ]
INFO: [ app_init ] --END-- [ RunTime:0.000863s ]
INFO: [ app_begin ] --START--
INFO: Run Behavior\ReadHtmlCacheBehavior [ RunTime:0.001193s ]
INFO: [ app_begin ] --END-- [ RunTime:0.001306s ]
NOTIC: [2048] Declaration of Home\Model\GoodsModel::_after_insert() should be compatible with Think\Model::_after_insert($data, $options) G:\htdocs\school\Application\Home\Model\GoodsModel.class.php 第 6 行.
SQL: SHOW COLUMNS FROM `goods` [ RunTime:0.0380s ]
SQL: SELECT * FROM `goods` WHERE `g_user` = 1 ORDER BY g_time desc  [ RunTime:0.0017s ]
SQL: SHOW COLUMNS FROM `goodsnew` [ RunTime:0.0271s ]
SQL: SELECT * FROM `goodsnew`  [ RunTime:0.0012s ]
SQL: SHOW COLUMNS FROM `categorys` [ RunTime:0.0898s ]
SQL: SELECT * FROM `categorys`  [ RunTime:0.0015s ]
SQL: SHOW COLUMNS FROM `areas` [ RunTime:0.0269s ]
SQL: SELECT * FROM `areas`  [ RunTime:0.0012s ]
INFO: [ app_end ] --START--
INFO: Run Behavior\ShowPageTraceBehavior [ RunTime:0.001110s ]
INFO: [ app_end ] --END-- [ RunTime:0.001246s ]

[ 2017-05-10T01:04:43+08:00 ] ::1 /school/index.php/Home/Goods/goods_update.html?g_id=14
INFO: [ app_init ] --START--
INFO: Run Behavior\BuildLiteBehavior [ RunTime:0.000024s ]
INFO: [ app_init ] --END-- [ RunTime:0.000760s ]
INFO: [ app_begin ] --START--
INFO: Run Behavior\ReadHtmlCacheBehavior [ RunTime:0.000581s ]
INFO: [ app_begin ] --END-- [ RunTime:0.000648s ]
NOTIC: [2048] Declaration of Home\Model\GoodsModel::_after_insert() should be compatible with Think\Model::_after_insert($data, $options) G:\htdocs\school\Application\Home\Model\GoodsModel.class.php 第 6 行.
SQL: SHOW COLUMNS FROM `goods` [ RunTime:0.0944s ]
SQL: SELECT * FROM `goods` WHERE `g_id` = 14 LIMIT 1   [ RunTime:0.0025s ]
SQL: SHOW COLUMNS FROM `categorys` [ RunTime:0.2160s ]
SQL: SELECT * FROM `categorys` WHERE `c_pid` = 0  [ RunTime:0.0020s ]
SQL: SELECT * FROM `categorys` WHERE `c_pid` = 3  [ RunTime:0.0017s ]
SQL: SHOW COLUMNS FROM `goodsnew` [ RunTime:0.0895s ]
SQL: SELECT * FROM `goodsnew`  [ RunTime:0.0018s ]
SQL: SHOW COLUMNS FROM `areas` [ RunTime:0.0902s ]
SQL: SELECT * FROM `areas` WHERE `a_flag` = 'n'  [ RunTime:0.0019s ]
INFO: [ view_parse ] --START--
INFO: [ template_filter ] --START--
INFO: Run Behavior\ContentReplaceBehavior [ RunTime:0.000370s ]
INFO: [ template_filter ] --END-- [ RunTime:0.000520s ]
INFO: Run Behavior\ParseTemplateBehavior [ RunTime:0.267082s ]
INFO: [ view_parse ] --END-- [ RunTime:0.267292s ]
INFO: [ view_filter ] --START--
INFO: Run Behavior\WriteHtmlCacheBehavior [ RunTime:0.000652s ]
INFO: [ view_filter ] --END-- [ RunTime:0.000748s ]
INFO: [ app_end ] --START--
INFO: Run Behavior\ShowPageTraceBehavior [ RunTime:0.003131s ]
INFO: [ app_end ] --END-- [ RunTime:0.003296s ]

