[ 2017-06-14T01:44:41+08:00 ] ::1 /school/index.php/Home/Index/index
INFO: [ app_init ] --START--
INFO: Run Behavior\BuildLiteBehavior [ RunTime:0.000049s ]
INFO: [ app_init ] --END-- [ RunTime:0.081882s ]
INFO: [ app_begin ] --START--
INFO: Run Behavior\ReadHtmlCacheBehavior [ RunTime:0.107559s ]
INFO: [ app_begin ] --END-- [ RunTime:0.107732s ]
NOTIC: [2048] Declaration of Home\Model\GoodsModel::_after_insert() should be compatible with Think\Model::_after_insert($data, $options) G:\htdocs\school\Application\Home\Model\GoodsModel.class.php 第 6 行.
SQL: SHOW COLUMNS FROM `goods` [ RunTime:0.0719s ]
SQL: SHOW COLUMNS FROM `goodsuser` [ RunTime:0.1203s ]
SQL: SHOW COLUMNS FROM `helpgoods` [ RunTime:0.0522s ]
SQL: SHOW COLUMNS FROM `areas` [ RunTime:0.0527s ]
SQL: SHOW COLUMNS FROM `categorys` [ RunTime:0.1147s ]
SQL: SHOW COLUMNS FROM `tips` [ RunTime:0.0411s ]
SQL: SHOW COLUMNS FROM `picture` [ RunTime:0.0396s ]
SQL: SELECT * FROM `picture` WHERE `flag` = 'y'  [ RunTime:0.0023s ]
SQL: SELECT * FROM `tips` ORDER BY time desc LIMIT 1   [ RunTime:0.0017s ]
SQL: SELECT * FROM `categorys`  [ RunTime:0.0021s ]
SQL: SELECT `c_id` FROM `categorys` WHERE `c_id` = 1 LIMIT 1   [ RunTime:0.0015s ]
SQL: SELECT `c_id` FROM `categorys` WHERE `c_id` = 1 LIMIT 1   [ RunTime:0.0014s ]
SQL: SELECT `c_id` FROM `categorys` WHERE `c_id` = 1 LIMIT 1   [ RunTime:0.0013s ]
SQL: SELECT `c_id` FROM `categorys` WHERE `c_id` = 3 LIMIT 1   [ RunTime:0.0013s ]
SQL: SELECT `c_id` FROM `categorys` WHERE `c_id` = 3 LIMIT 1   [ RunTime:0.0014s ]
SQL: SELECT `c_id` FROM `categorys` WHERE `c_id` = 4 LIMIT 1   [ RunTime:0.0019s ]
SQL: SELECT `c_id` FROM `categorys` WHERE `c_id` = 4 LIMIT 1   [ RunTime:0.0015s ]
SQL: SELECT `c_id` FROM `categorys` WHERE `c_id` = 4 LIMIT 1   [ RunTime:0.0014s ]
SQL: SELECT `c_id` FROM `categorys` WHERE `c_id` = 4 LIMIT 1   [ RunTime:0.0013s ]
SQL: SELECT `c_id` FROM `categorys` WHERE `c_id` = 4 LIMIT 1   [ RunTime:0.0012s ]
SQL: SELECT `c_id` FROM `categorys` WHERE `c_id` = 4 LIMIT 1   [ RunTime:0.0012s ]
SQL: SELECT `c_id` FROM `categorys` WHERE `c_id` = 4 LIMIT 1   [ RunTime:0.0013s ]
SQL: SELECT `c_id` FROM `categorys` WHERE `c_id` = 5 LIMIT 1   [ RunTime:0.0012s ]
SQL: SELECT `c_id` FROM `categorys` WHERE `c_id` = 5 LIMIT 1   [ RunTime:0.0013s ]
SQL: SELECT `c_id` FROM `categorys` WHERE `c_id` = 5 LIMIT 1   [ RunTime:0.0014s ]
SQL: SELECT `c_id` FROM `categorys` WHERE `c_id` = 5 LIMIT 1   [ RunTime:0.0014s ]
SQL: SELECT `c_id` FROM `categorys` WHERE `c_id` = 5 LIMIT 1   [ RunTime:0.0014s ]
SQL: SELECT `c_id` FROM `categorys` WHERE `c_id` = 5 LIMIT 1   [ RunTime:0.0015s ]
SQL: SELECT `c_id` FROM `categorys` WHERE `c_id` = 5 LIMIT 1   [ RunTime:0.0013s ]
SQL: SELECT `c_id` FROM `categorys` WHERE `c_id` = 5 LIMIT 1   [ RunTime:0.0013s ]
SQL: SELECT `c_id` FROM `categorys` WHERE `c_id` = 6 LIMIT 1   [ RunTime:0.0013s ]
SQL: SELECT `c_id` FROM `categorys` WHERE `c_id` = 6 LIMIT 1   [ RunTime:0.0013s ]
SQL: SELECT `c_id` FROM `categorys` WHERE `c_id` = 6 LIMIT 1   [ RunTime:0.0017s ]
SQL: SELECT `c_id` FROM `categorys` WHERE `c_id` = 6 LIMIT 1   [ RunTime:0.0017s ]
SQL: SELECT `c_id` FROM `categorys` WHERE `c_id` = 6 LIMIT 1   [ RunTime:0.0015s ]
SQL: SELECT `c_id` FROM `categorys` WHERE `c_id` = 6 LIMIT 1   [ RunTime:0.0013s ]
SQL: SELECT `c_id` FROM `categorys` WHERE `c_id` = 6 LIMIT 1   [ RunTime:0.0015s ]
SQL: SELECT `c_id` FROM `categorys` WHERE `c_id` = 6 LIMIT 1   [ RunTime:0.0013s ]
SQL: SELECT `c_id` FROM `categorys` WHERE `c_id` = 6 LIMIT 1   [ RunTime:0.0014s ]
SQL: SELECT `c_id` FROM `categorys` WHERE `c_id` = 6 LIMIT 1   [ RunTime:0.0017s ]
SQL: SELECT `c_id` FROM `categorys` WHERE `c_id` = 7 LIMIT 1   [ RunTime:0.0016s ]
SQL: SELECT `c_id` FROM `categorys` WHERE `c_id` = 7 LIMIT 1   [ RunTime:0.0016s ]
SQL: SELECT `c_id` FROM `categorys` WHERE `c_id` = 7 LIMIT 1   [ RunTime:0.0014s ]
SQL: SELECT `c_id` FROM `categorys` WHERE `c_id` = 7 LIMIT 1   [ RunTime:0.0014s ]
SQL: SELECT `c_id` FROM `categorys` WHERE `c_id` = 7 LIMIT 1   [ RunTime:0.0012s ]
SQL: SELECT `c_id` FROM `categorys` WHERE `c_id` = 7 LIMIT 1   [ RunTime:0.0014s ]
SQL: SELECT `c_id` FROM `categorys` WHERE `c_id` = 8 LIMIT 1   [ RunTime:0.0013s ]
SQL: SELECT `c_id` FROM `categorys` WHERE `c_id` = 8 LIMIT 1   [ RunTime:0.0012s ]
SQL: SELECT `c_id` FROM `categorys` WHERE `c_id` = 8 LIMIT 1   [ RunTime:0.0014s ]
SQL: SELECT `c_id` FROM `categorys` WHERE `c_id` = 8 LIMIT 1   [ RunTime:0.0014s ]
SQL: SELECT `c_id` FROM `categorys` WHERE `c_id` = 8 LIMIT 1   [ RunTime:0.0016s ]
SQL: SELECT `c_id` FROM `categorys` WHERE `c_id` = 8 LIMIT 1   [ RunTime:0.0014s ]
SQL: SELECT `c_id` FROM `categorys` WHERE `c_id` = 8 LIMIT 1   [ RunTime:0.0014s ]
SQL: SELECT `c_id` FROM `categorys` WHERE `c_id` = 9 LIMIT 1   [ RunTime:0.0014s ]
SQL: SELECT `c_id` FROM `categorys` WHERE `c_id` = 9 LIMIT 1   [ RunTime:0.0015s ]
SQL: SELECT `c_id` FROM `categorys` WHERE `c_id` = 9 LIMIT 1   [ RunTime:0.0014s ]
SQL: SELECT `c_id` FROM `categorys` WHERE `c_id` = 9 LIMIT 1   [ RunTime:0.0014s ]
SQL: SELECT `c_id` FROM `categorys` WHERE `c_id` = 9 LIMIT 1   [ RunTime:0.0014s ]
SQL: SELECT `c_id` FROM `categorys` WHERE `c_id` = 9 LIMIT 1   [ RunTime:0.0020s ]
SQL: SELECT `c_id` FROM `categorys` WHERE `c_id` = 9 LIMIT 1   [ RunTime:0.0017s ]
SQL: SELECT `c_id` FROM `categorys` WHERE `c_id` = 2 LIMIT 1   [ RunTime:0.0021s ]
SQL: SELECT `c_id` FROM `categorys` WHERE `c_id` = 1 LIMIT 1   [ RunTime:0.0018s ]
SQL: SELECT * FROM `categorys`  [ RunTime:0.0019s ]
SQL: SELECT * FROM `areas` WHERE `a_name` = '西安工业大学' LIMIT 1   [ RunTime:0.0042s ]
SQL: SELECT `goods_id`,`gu_time` FROM `goodsuser` WHERE `gu_flag` = 'y' AND `school_id` = 6 ORDER BY gu_time desc LIMIT 10   [ RunTime:0.0020s ]
SQL: SELECT `g_id`,`g_logo`,`g_name`,`g_price` FROM `goods` WHERE `g_id` = 25 AND `g_price` > 0  [ RunTime:0.0399s ]
SQL: SELECT `g_id`,`g_logo`,`g_name`,`g_price` FROM `goods` WHERE `g_id` = 26 AND `g_price` > 0  [ RunTime:0.0019s ]
SQL: SELECT `g_id`,`g_logo`,`g_name`,`g_price` FROM `goods` WHERE `g_id` = 24 AND `g_price` > 0  [ RunTime:0.0018s ]
SQL: SELECT `g_id`,`g_logo`,`g_name`,`g_price` FROM `goods` WHERE `g_id` = 23 AND `g_price` > 0  [ RunTime:0.0024s ]
SQL: SELECT `g_id`,`g_logo`,`g_name`,`g_price` FROM `goods` WHERE `g_id` = 22 AND `g_price` > 0  [ RunTime:0.0015s ]
SQL: SELECT `g_id`,`g_logo`,`g_name`,`g_price` FROM `goods` WHERE `g_id` = 21 AND `g_price` > 0  [ RunTime:0.0016s ]
SQL: SELECT `g_id`,`g_logo`,`g_name`,`g_price` FROM `goods` WHERE `g_id` = 20 AND `g_price` > 0  [ RunTime:0.0019s ]
SQL: SELECT `g_id`,`g_logo`,`g_name`,`g_price` FROM `goods` WHERE `g_id` = 19 AND `g_price` > 0  [ RunTime:0.0020s ]
SQL: SELECT `g_id`,`g_logo`,`g_name`,`g_price` FROM `goods` WHERE `g_id` = 16 AND `g_price` > 0  [ RunTime:0.0019s ]
SQL: SELECT `g_id`,`g_logo`,`g_name`,`g_price` FROM `goods` WHERE `g_id` = 12 AND `g_price` > 0  [ RunTime:0.0021s ]
SQL: SELECT * FROM `areas` WHERE `a_name` = '陕西科技大学' LIMIT 1   [ RunTime:0.0016s ]
SQL: SELECT `goods_id`,`gu_time` FROM `goodsuser` WHERE `gu_flag` = 'y' AND `school_id` = 3 ORDER BY gu_time desc LIMIT 10   [ RunTime:0.0014s ]
SQL: SELECT `g_id`,`g_logo`,`g_name`,`g_price` FROM `goods` WHERE `g_id` = 18 AND `g_price` > 0  [ RunTime:0.0013s ]
SQL: SELECT `g_id`,`g_logo`,`g_name`,`g_price` FROM `goods` WHERE `g_id` = 17 AND `g_price` > 0  [ RunTime:0.0014s ]
SQL: SELECT `g_id`,`g_logo`,`g_name`,`g_price` FROM `goods` WHERE `g_id` = 9 AND `g_price` > 0  [ RunTime:0.0013s ]
SQL: SELECT `g_id`,`g_logo`,`g_name`,`g_price` FROM `goods` WHERE `g_id` = 8 AND `g_price` > 0  [ RunTime:0.0012s ]
SQL: SELECT * FROM `areas` WHERE `a_name` = '西安医学院' LIMIT 1   [ RunTime:0.0018s ]
SQL: SELECT `goods_id`,`gu_time` FROM `goodsuser` WHERE `gu_flag` = 'y' AND `school_id` = 4 ORDER BY gu_time desc LIMIT 10   [ RunTime:0.0014s ]
NOTIC: [8] Undefined variable: y_data G:\htdocs\school\Application\Home\Controller\IndexController.class.php 第 105 行.
NOTIC: [2] unlink(./Application/Runtime/Temp/bf49b5ebc57997d43ccbe0fa5b51f0a4.php): No such file or directory G:\htdocs\school\ThinkPHP\Library\Think\Cache\Driver\File.class.php 第 157 行.
SQL: SELECT `goods_id`,`gu_time` FROM `goodsuser` WHERE `gu_flag` = 'y' ORDER BY gu_time desc LIMIT 10   [ RunTime:0.0017s ]
SQL: SELECT `g_id`,`g_logo`,`g_name`,`g_price` FROM `goods` WHERE `g_id` = 25 AND `g_price` = 0 LIMIT 1   [ RunTime:0.0013s ]
SQL: SELECT `g_id`,`g_logo`,`g_name`,`g_price` FROM `goods` WHERE `g_id` = 26 AND `g_price` = 0 LIMIT 1   [ RunTime:0.0015s ]
SQL: SELECT `g_id`,`g_logo`,`g_name`,`g_price` FROM `goods` WHERE `g_id` = 24 AND `g_price` = 0 LIMIT 1   [ RunTime:0.0015s ]
SQL: SELECT `g_id`,`g_logo`,`g_name`,`g_price` FROM `goods` WHERE `g_id` = 23 AND `g_price` = 0 LIMIT 1   [ RunTime:0.0015s ]
SQL: SELECT `g_id`,`g_logo`,`g_name`,`g_price` FROM `goods` WHERE `g_id` = 22 AND `g_price` = 0 LIMIT 1   [ RunTime:0.0014s ]
SQL: SELECT `g_id`,`g_logo`,`g_name`,`g_price` FROM `goods` WHERE `g_id` = 21 AND `g_price` = 0 LIMIT 1   [ RunTime:0.0014s ]
SQL: SELECT `g_id`,`g_logo`,`g_name`,`g_price` FROM `goods` WHERE `g_id` = 20 AND `g_price` = 0 LIMIT 1   [ RunTime:0.0014s ]
SQL: SELECT `g_id`,`g_logo`,`g_name`,`g_price` FROM `goods` WHERE `g_id` = 19 AND `g_price` = 0 LIMIT 1   [ RunTime:0.0014s ]
SQL: SELECT `g_id`,`g_logo`,`g_name`,`g_price` FROM `goods` WHERE `g_id` = 16 AND `g_price` = 0 LIMIT 1   [ RunTime:0.0012s ]
SQL: SELECT `g_id`,`g_logo`,`g_name`,`g_price` FROM `goods` WHERE `g_id` = 18 AND `g_price` = 0 LIMIT 1   [ RunTime:0.0013s ]
SQL: SELECT * FROM `areas`  [ RunTime:0.0015s ]
NOTIC: [8] Undefined variable: y_data G:\htdocs\school\Application\Home\Controller\IndexController.class.php 第 141 行.
INFO: [ view_parse ] --START--
INFO: [ template_filter ] --START--
INFO: Run Behavior\ContentReplaceBehavior [ RunTime:0.000454s ]
INFO: [ template_filter ] --END-- [ RunTime:0.000594s ]
NOTIC: [8] Use of undefined constant y - assumed 'y' G:\htdocs\school\Application\Runtime\Cache\Home\2a94b8bda04ff446dcedd42276fc99ee.php 第 154 行.
NOTIC: [8] Use of undefined constant y - assumed 'y' G:\htdocs\school\Application\Runtime\Cache\Home\2a94b8bda04ff446dcedd42276fc99ee.php 第 154 行.
NOTIC: [8] Use of undefined constant y - assumed 'y' G:\htdocs\school\Application\Runtime\Cache\Home\2a94b8bda04ff446dcedd42276fc99ee.php 第 154 行.
NOTIC: [8] Use of undefined constant y - assumed 'y' G:\htdocs\school\Application\Runtime\Cache\Home\2a94b8bda04ff446dcedd42276fc99ee.php 第 154 行.
INFO: Run Behavior\ParseTemplateBehavior [ RunTime:1.260698s ]
INFO: [ view_parse ] --END-- [ RunTime:1.261025s ]
INFO: [ view_filter ] --START--
INFO: Run Behavior\WriteHtmlCacheBehavior [ RunTime:0.070437s ]
INFO: [ view_filter ] --END-- [ RunTime:0.070514s ]
INFO: [ app_end ] --START--
INFO: Run Behavior\ShowPageTraceBehavior [ RunTime:0.003877s ]
INFO: [ app_end ] --END-- [ RunTime:0.003977s ]

