[ 2017-07-30T13:56:58+08:00 ] ::1 /school/
INFO: [ app_init ] --START--
INFO: Run Behavior\BuildLiteBehavior [ RunTime:0.001000s ]
INFO: [ app_init ] --END-- [ RunTime:0.027002s ]
INFO: [ app_begin ] --START--
INFO: Run Behavior\ReadHtmlCacheBehavior [ RunTime:0.002000s ]
INFO: [ app_begin ] --END-- [ RunTime:0.002000s ]
NOTIC: [2048] Declaration of Home\Model\GoodsModel::_after_insert() should be compatible with Think\Model::_after_insert($data, $options) F:\htdocs\school\Application\Home\Model\GoodsModel.class.php 第 8 行.
SQL: SHOW COLUMNS FROM `goods` [ RunTime:0.0500s ]
SQL: SHOW COLUMNS FROM `goodsuser` [ RunTime:0.0380s ]
SQL: SHOW COLUMNS FROM `helpgoods` [ RunTime:0.0340s ]
SQL: SHOW COLUMNS FROM `areas` [ RunTime:0.0160s ]
SQL: SHOW COLUMNS FROM `categorys` [ RunTime:0.0310s ]
SQL: SHOW COLUMNS FROM `tips` [ RunTime:0.0140s ]
SQL: SHOW COLUMNS FROM `picture` [ RunTime:0.0200s ]
SQL: SELECT * FROM `picture` WHERE `flag` = 'y'  [ RunTime:0.0000s ]
SQL: SELECT * FROM `tips` ORDER BY time desc LIMIT 1   [ RunTime:0.0010s ]
SQL: SELECT * FROM `categorys`  [ RunTime:0.0010s ]
SQL: SELECT `c_id` FROM `categorys` WHERE `c_id` = 1 LIMIT 1   [ RunTime:0.0010s ]
SQL: SELECT `c_id` FROM `categorys` WHERE `c_id` = 1 LIMIT 1   [ RunTime:0.0000s ]
SQL: SELECT `c_id` FROM `categorys` WHERE `c_id` = 1 LIMIT 1   [ RunTime:0.0000s ]
SQL: SELECT `c_id` FROM `categorys` WHERE `c_id` = 3 LIMIT 1   [ RunTime:0.0000s ]
SQL: SELECT `c_id` FROM `categorys` WHERE `c_id` = 3 LIMIT 1   [ RunTime:0.0000s ]
SQL: SELECT `c_id` FROM `categorys` WHERE `c_id` = 4 LIMIT 1   [ RunTime:0.0010s ]
SQL: SELECT `c_id` FROM `categorys` WHERE `c_id` = 4 LIMIT 1   [ RunTime:0.0010s ]
SQL: SELECT `c_id` FROM `categorys` WHERE `c_id` = 4 LIMIT 1   [ RunTime:0.0000s ]
SQL: SELECT `c_id` FROM `categorys` WHERE `c_id` = 4 LIMIT 1   [ RunTime:0.0000s ]
SQL: SELECT `c_id` FROM `categorys` WHERE `c_id` = 4 LIMIT 1   [ RunTime:0.0010s ]
SQL: SELECT `c_id` FROM `categorys` WHERE `c_id` = 4 LIMIT 1   [ RunTime:0.0010s ]
SQL: SELECT `c_id` FROM `categorys` WHERE `c_id` = 4 LIMIT 1   [ RunTime:0.0000s ]
SQL: SELECT `c_id` FROM `categorys` WHERE `c_id` = 5 LIMIT 1   [ RunTime:0.0010s ]
SQL: SELECT `c_id` FROM `categorys` WHERE `c_id` = 5 LIMIT 1   [ RunTime:0.0000s ]
SQL: SELECT `c_id` FROM `categorys` WHERE `c_id` = 5 LIMIT 1   [ RunTime:0.0010s ]
SQL: SELECT `c_id` FROM `categorys` WHERE `c_id` = 5 LIMIT 1   [ RunTime:0.0000s ]
SQL: SELECT `c_id` FROM `categorys` WHERE `c_id` = 5 LIMIT 1   [ RunTime:0.0000s ]
SQL: SELECT `c_id` FROM `categorys` WHERE `c_id` = 5 LIMIT 1   [ RunTime:0.0000s ]
SQL: SELECT `c_id` FROM `categorys` WHERE `c_id` = 5 LIMIT 1   [ RunTime:0.0000s ]
SQL: SELECT `c_id` FROM `categorys` WHERE `c_id` = 5 LIMIT 1   [ RunTime:0.0010s ]
SQL: SELECT `c_id` FROM `categorys` WHERE `c_id` = 6 LIMIT 1   [ RunTime:0.0000s ]
SQL: SELECT `c_id` FROM `categorys` WHERE `c_id` = 6 LIMIT 1   [ RunTime:0.0010s ]
SQL: SELECT `c_id` FROM `categorys` WHERE `c_id` = 6 LIMIT 1   [ RunTime:0.0000s ]
SQL: SELECT `c_id` FROM `categorys` WHERE `c_id` = 6 LIMIT 1   [ RunTime:0.0010s ]
SQL: SELECT `c_id` FROM `categorys` WHERE `c_id` = 6 LIMIT 1   [ RunTime:0.0000s ]
SQL: SELECT `c_id` FROM `categorys` WHERE `c_id` = 6 LIMIT 1   [ RunTime:0.0000s ]
SQL: SELECT `c_id` FROM `categorys` WHERE `c_id` = 6 LIMIT 1   [ RunTime:0.0000s ]
SQL: SELECT `c_id` FROM `categorys` WHERE `c_id` = 6 LIMIT 1   [ RunTime:0.0000s ]
SQL: SELECT `c_id` FROM `categorys` WHERE `c_id` = 6 LIMIT 1   [ RunTime:0.0010s ]
SQL: SELECT `c_id` FROM `categorys` WHERE `c_id` = 6 LIMIT 1   [ RunTime:0.0000s ]
SQL: SELECT `c_id` FROM `categorys` WHERE `c_id` = 7 LIMIT 1   [ RunTime:0.0010s ]
SQL: SELECT `c_id` FROM `categorys` WHERE `c_id` = 7 LIMIT 1   [ RunTime:0.0000s ]
SQL: SELECT `c_id` FROM `categorys` WHERE `c_id` = 7 LIMIT 1   [ RunTime:0.0000s ]
SQL: SELECT `c_id` FROM `categorys` WHERE `c_id` = 7 LIMIT 1   [ RunTime:0.0000s ]
SQL: SELECT `c_id` FROM `categorys` WHERE `c_id` = 7 LIMIT 1   [ RunTime:0.0000s ]
SQL: SELECT `c_id` FROM `categorys` WHERE `c_id` = 7 LIMIT 1   [ RunTime:0.0000s ]
SQL: SELECT `c_id` FROM `categorys` WHERE `c_id` = 8 LIMIT 1   [ RunTime:0.0000s ]
SQL: SELECT `c_id` FROM `categorys` WHERE `c_id` = 8 LIMIT 1   [ RunTime:0.0000s ]
SQL: SELECT `c_id` FROM `categorys` WHERE `c_id` = 8 LIMIT 1   [ RunTime:0.0010s ]
SQL: SELECT `c_id` FROM `categorys` WHERE `c_id` = 8 LIMIT 1   [ RunTime:0.0000s ]
SQL: SELECT `c_id` FROM `categorys` WHERE `c_id` = 8 LIMIT 1   [ RunTime:0.0010s ]
SQL: SELECT `c_id` FROM `categorys` WHERE `c_id` = 8 LIMIT 1   [ RunTime:0.0000s ]
SQL: SELECT `c_id` FROM `categorys` WHERE `c_id` = 8 LIMIT 1   [ RunTime:0.0000s ]
SQL: SELECT `c_id` FROM `categorys` WHERE `c_id` = 9 LIMIT 1   [ RunTime:0.0000s ]
SQL: SELECT `c_id` FROM `categorys` WHERE `c_id` = 9 LIMIT 1   [ RunTime:0.0000s ]
SQL: SELECT `c_id` FROM `categorys` WHERE `c_id` = 9 LIMIT 1   [ RunTime:0.0000s ]
SQL: SELECT `c_id` FROM `categorys` WHERE `c_id` = 9 LIMIT 1   [ RunTime:0.0000s ]
SQL: SELECT `c_id` FROM `categorys` WHERE `c_id` = 9 LIMIT 1   [ RunTime:0.0000s ]
SQL: SELECT `c_id` FROM `categorys` WHERE `c_id` = 9 LIMIT 1   [ RunTime:0.0010s ]
SQL: SELECT `c_id` FROM `categorys` WHERE `c_id` = 9 LIMIT 1   [ RunTime:0.0000s ]
SQL: SELECT `c_id` FROM `categorys` WHERE `c_id` = 2 LIMIT 1   [ RunTime:0.0000s ]
SQL: SELECT `c_id` FROM `categorys` WHERE `c_id` = 1 LIMIT 1   [ RunTime:0.0010s ]
SQL: SELECT * FROM `categorys`  [ RunTime:0.0000s ]
SQL: SELECT * FROM `areas` WHERE `a_name` = '西安工业大学' LIMIT 1   [ RunTime:0.0010s ]
SQL: SELECT `goods_id`,`gu_time` FROM `goodsuser` WHERE `gu_flag` = 'y' AND `school_id` = 6 ORDER BY gu_time desc LIMIT 10   [ RunTime:0.0010s ]
SQL: SELECT `g_id`,`g_logo`,`g_name`,`g_price` FROM `goods` WHERE `g_id` = 26 AND `g_price` > 0  [ RunTime:0.0010s ]
SQL: SELECT `g_id`,`g_logo`,`g_name`,`g_price` FROM `goods` WHERE `g_id` = 24 AND `g_price` > 0  [ RunTime:0.0010s ]
SQL: SELECT `g_id`,`g_logo`,`g_name`,`g_price` FROM `goods` WHERE `g_id` = 23 AND `g_price` > 0  [ RunTime:0.0010s ]
SQL: SELECT `g_id`,`g_logo`,`g_name`,`g_price` FROM `goods` WHERE `g_id` = 22 AND `g_price` > 0  [ RunTime:0.0000s ]
SQL: SELECT `g_id`,`g_logo`,`g_name`,`g_price` FROM `goods` WHERE `g_id` = 21 AND `g_price` > 0  [ RunTime:0.0000s ]
SQL: SELECT `g_id`,`g_logo`,`g_name`,`g_price` FROM `goods` WHERE `g_id` = 20 AND `g_price` > 0  [ RunTime:0.0000s ]
SQL: SELECT `g_id`,`g_logo`,`g_name`,`g_price` FROM `goods` WHERE `g_id` = 19 AND `g_price` > 0  [ RunTime:0.0010s ]
SQL: SELECT `g_id`,`g_logo`,`g_name`,`g_price` FROM `goods` WHERE `g_id` = 16 AND `g_price` > 0  [ RunTime:0.0010s ]
SQL: SELECT `g_id`,`g_logo`,`g_name`,`g_price` FROM `goods` WHERE `g_id` = 12 AND `g_price` > 0  [ RunTime:0.0000s ]
SQL: SELECT `g_id`,`g_logo`,`g_name`,`g_price` FROM `goods` WHERE `g_id` = 11 AND `g_price` > 0  [ RunTime:0.0000s ]
SQL: SELECT * FROM `areas` WHERE `a_name` = '陕西科技大学' LIMIT 1   [ RunTime:0.0010s ]
SQL: SELECT `goods_id`,`gu_time` FROM `goodsuser` WHERE `gu_flag` = 'y' AND `school_id` = 3 ORDER BY gu_time desc LIMIT 10   [ RunTime:0.0010s ]
SQL: SELECT `g_id`,`g_logo`,`g_name`,`g_price` FROM `goods` WHERE `g_id` = 18 AND `g_price` > 0  [ RunTime:0.0000s ]
SQL: SELECT `g_id`,`g_logo`,`g_name`,`g_price` FROM `goods` WHERE `g_id` = 17 AND `g_price` > 0  [ RunTime:0.0010s ]
SQL: SELECT `g_id`,`g_logo`,`g_name`,`g_price` FROM `goods` WHERE `g_id` = 9 AND `g_price` > 0  [ RunTime:0.0010s ]
SQL: SELECT `g_id`,`g_logo`,`g_name`,`g_price` FROM `goods` WHERE `g_id` = 8 AND `g_price` > 0  [ RunTime:0.0000s ]
SQL: SELECT * FROM `areas` WHERE `a_name` = '西安医学院' LIMIT 1   [ RunTime:0.0010s ]
SQL: SELECT `goods_id`,`gu_time` FROM `goodsuser` WHERE `gu_flag` = 'y' AND `school_id` = 4 ORDER BY gu_time desc LIMIT 10   [ RunTime:0.0010s ]
NOTIC: [8] Undefined variable: y_data F:\htdocs\school\Application\Home\Controller\IndexController.class.php 第 105 行.
NOTIC: [2] unlink(./Application/Runtime/Temp/bf49b5ebc57997d43ccbe0fa5b51f0a4.php): No such file or directory F:\htdocs\school\ThinkPHP\Library\Think\Cache\Driver\File.class.php 第 157 行.
SQL: SELECT `goods_id`,`gu_time` FROM `goodsuser` WHERE `gu_flag` = 'y' ORDER BY gu_time desc LIMIT 10   [ RunTime:0.0010s ]
SQL: SELECT `g_id`,`g_logo`,`g_name`,`g_price` FROM `goods` WHERE `g_id` = 26 AND `g_price` = 0 LIMIT 1   [ RunTime:0.0000s ]
SQL: SELECT `g_id`,`g_logo`,`g_name`,`g_price` FROM `goods` WHERE `g_id` = 24 AND `g_price` = 0 LIMIT 1   [ RunTime:0.0000s ]
SQL: SELECT `g_id`,`g_logo`,`g_name`,`g_price` FROM `goods` WHERE `g_id` = 23 AND `g_price` = 0 LIMIT 1   [ RunTime:0.0000s ]
SQL: SELECT `g_id`,`g_logo`,`g_name`,`g_price` FROM `goods` WHERE `g_id` = 22 AND `g_price` = 0 LIMIT 1   [ RunTime:0.0010s ]
SQL: SELECT `g_id`,`g_logo`,`g_name`,`g_price` FROM `goods` WHERE `g_id` = 21 AND `g_price` = 0 LIMIT 1   [ RunTime:0.0000s ]
SQL: SELECT `g_id`,`g_logo`,`g_name`,`g_price` FROM `goods` WHERE `g_id` = 20 AND `g_price` = 0 LIMIT 1   [ RunTime:0.0000s ]
SQL: SELECT `g_id`,`g_logo`,`g_name`,`g_price` FROM `goods` WHERE `g_id` = 19 AND `g_price` = 0 LIMIT 1   [ RunTime:0.0010s ]
SQL: SELECT `g_id`,`g_logo`,`g_name`,`g_price` FROM `goods` WHERE `g_id` = 16 AND `g_price` = 0 LIMIT 1   [ RunTime:0.0010s ]
SQL: SELECT `g_id`,`g_logo`,`g_name`,`g_price` FROM `goods` WHERE `g_id` = 18 AND `g_price` = 0 LIMIT 1   [ RunTime:0.0000s ]
SQL: SELECT `g_id`,`g_logo`,`g_name`,`g_price` FROM `goods` WHERE `g_id` = 17 AND `g_price` = 0 LIMIT 1   [ RunTime:0.0010s ]
SQL: SELECT * FROM `areas`  [ RunTime:0.0000s ]
NOTIC: [8] Undefined variable: y_data F:\htdocs\school\Application\Home\Controller\IndexController.class.php 第 141 行.
INFO: [ view_parse ] --START--
INFO: [ template_filter ] --START--
INFO: Run Behavior\ContentReplaceBehavior [ RunTime:0.001000s ]
INFO: [ template_filter ] --END-- [ RunTime:0.001000s ]
NOTIC: [8] Use of undefined constant y - assumed 'y' F:\htdocs\school\Application\Runtime\Cache\Home\2a94b8bda04ff446dcedd42276fc99ee.php 第 154 行.
NOTIC: [8] Use of undefined constant y - assumed 'y' F:\htdocs\school\Application\Runtime\Cache\Home\2a94b8bda04ff446dcedd42276fc99ee.php 第 154 行.
NOTIC: [8] Use of undefined constant y - assumed 'y' F:\htdocs\school\Application\Runtime\Cache\Home\2a94b8bda04ff446dcedd42276fc99ee.php 第 154 行.
NOTIC: [8] Use of undefined constant y - assumed 'y' F:\htdocs\school\Application\Runtime\Cache\Home\2a94b8bda04ff446dcedd42276fc99ee.php 第 154 行.
INFO: Run Behavior\ParseTemplateBehavior [ RunTime:0.291016s ]
INFO: [ view_parse ] --END-- [ RunTime:0.292016s ]
INFO: [ view_filter ] --START--
INFO: Run Behavior\WriteHtmlCacheBehavior [ RunTime:0.289017s ]
INFO: [ view_filter ] --END-- [ RunTime:0.289017s ]
INFO: [ app_end ] --START--
INFO: Run Behavior\ShowPageTraceBehavior [ RunTime:0.132007s ]
INFO: [ app_end ] --END-- [ RunTime:0.132007s ]

[ 2017-07-30T13:56:59+08:00 ] ::1 /school/index.php/Home/Login/check_online
INFO: [ app_init ] --START--
INFO: Run Behavior\BuildLiteBehavior [ RunTime:0.000000s ]
INFO: [ app_init ] --END-- [ RunTime:0.001000s ]
INFO: [ app_begin ] --START--
INFO: Run Behavior\ReadHtmlCacheBehavior [ RunTime:0.000000s ]
INFO: [ app_begin ] --END-- [ RunTime:0.000000s ]
INFO: [ app_end ] --START--
INFO: Run Behavior\ShowPageTraceBehavior [ RunTime:0.001000s ]
INFO: [ app_end ] --END-- [ RunTime:0.001000s ]

[ 2017-07-30T13:57:34+08:00 ] ::1 /
INFO: [ app_init ] --START--
INFO: Run Behavior\BuildLiteBehavior [ RunTime:0.000000s ]
INFO: [ app_init ] --END-- [ RunTime:0.000000s ]
INFO: [ app_begin ] --START--
INFO: Run Behavior\ReadHtmlCacheBehavior [ RunTime:0.000000s ]
INFO: [ app_begin ] --END-- [ RunTime:0.000000s ]
NOTIC: [2048] Declaration of Home\Model\GoodsModel::_after_insert() should be compatible with Think\Model::_after_insert($data, $options) F:\htdocs\school\Application\Home\Model\GoodsModel.class.php 第 8 行.
SQL: SHOW COLUMNS FROM `goods` [ RunTime:0.0970s ]
SQL: SHOW COLUMNS FROM `goodsuser` [ RunTime:0.0050s ]
SQL: SHOW COLUMNS FROM `helpgoods` [ RunTime:0.0280s ]
SQL: SHOW COLUMNS FROM `areas` [ RunTime:0.0050s ]
SQL: SHOW COLUMNS FROM `categorys` [ RunTime:0.0030s ]
SQL: SHOW COLUMNS FROM `tips` [ RunTime:0.0030s ]
SQL: SHOW COLUMNS FROM `picture` [ RunTime:0.0040s ]
SQL: SELECT * FROM `categorys`  [ RunTime:0.0010s ]
SQL: SELECT `c_id` FROM `categorys` WHERE `c_id` = 1 LIMIT 1   [ RunTime:0.0000s ]
SQL: SELECT `c_id` FROM `categorys` WHERE `c_id` = 1 LIMIT 1   [ RunTime:0.0000s ]
SQL: SELECT `c_id` FROM `categorys` WHERE `c_id` = 1 LIMIT 1   [ RunTime:0.0010s ]
SQL: SELECT `c_id` FROM `categorys` WHERE `c_id` = 3 LIMIT 1   [ RunTime:0.0000s ]
SQL: SELECT `c_id` FROM `categorys` WHERE `c_id` = 3 LIMIT 1   [ RunTime:0.0010s ]
SQL: SELECT `c_id` FROM `categorys` WHERE `c_id` = 4 LIMIT 1   [ RunTime:0.0000s ]
SQL: SELECT `c_id` FROM `categorys` WHERE `c_id` = 4 LIMIT 1   [ RunTime:0.0010s ]
SQL: SELECT `c_id` FROM `categorys` WHERE `c_id` = 4 LIMIT 1   [ RunTime:0.0000s ]
SQL: SELECT `c_id` FROM `categorys` WHERE `c_id` = 4 LIMIT 1   [ RunTime:0.0000s ]
SQL: SELECT `c_id` FROM `categorys` WHERE `c_id` = 4 LIMIT 1   [ RunTime:0.0000s ]
SQL: SELECT `c_id` FROM `categorys` WHERE `c_id` = 4 LIMIT 1   [ RunTime:0.0000s ]
SQL: SELECT `c_id` FROM `categorys` WHERE `c_id` = 4 LIMIT 1   [ RunTime:0.0000s ]
SQL: SELECT `c_id` FROM `categorys` WHERE `c_id` = 5 LIMIT 1   [ RunTime:0.0000s ]
SQL: SELECT `c_id` FROM `categorys` WHERE `c_id` = 5 LIMIT 1   [ RunTime:0.0010s ]
SQL: SELECT `c_id` FROM `categorys` WHERE `c_id` = 5 LIMIT 1   [ RunTime:0.0000s ]
SQL: SELECT `c_id` FROM `categorys` WHERE `c_id` = 5 LIMIT 1   [ RunTime:0.0000s ]
SQL: SELECT `c_id` FROM `categorys` WHERE `c_id` = 5 LIMIT 1   [ RunTime:0.0000s ]
SQL: SELECT `c_id` FROM `categorys` WHERE `c_id` = 5 LIMIT 1   [ RunTime:0.0000s ]
SQL: SELECT `c_id` FROM `categorys` WHERE `c_id` = 5 LIMIT 1   [ RunTime:0.0000s ]
SQL: SELECT `c_id` FROM `categorys` WHERE `c_id` = 5 LIMIT 1   [ RunTime:0.0000s ]
SQL: SELECT `c_id` FROM `categorys` WHERE `c_id` = 6 LIMIT 1   [ RunTime:0.0000s ]
SQL: SELECT `c_id` FROM `categorys` WHERE `c_id` = 6 LIMIT 1   [ RunTime:0.0000s ]
SQL: SELECT `c_id` FROM `categorys` WHERE `c_id` = 6 LIMIT 1   [ RunTime:0.0000s ]
SQL: SELECT `c_id` FROM `categorys` WHERE `c_id` = 6 LIMIT 1   [ RunTime:0.0000s ]
SQL: SELECT `c_id` FROM `categorys` WHERE `c_id` = 6 LIMIT 1   [ RunTime:0.0000s ]
SQL: SELECT `c_id` FROM `categorys` WHERE `c_id` = 6 LIMIT 1   [ RunTime:0.0000s ]
SQL: SELECT `c_id` FROM `categorys` WHERE `c_id` = 6 LIMIT 1   [ RunTime:0.0010s ]
SQL: SELECT `c_id` FROM `categorys` WHERE `c_id` = 6 LIMIT 1   [ RunTime:0.0000s ]
SQL: SELECT `c_id` FROM `categorys` WHERE `c_id` = 6 LIMIT 1   [ RunTime:0.0000s ]
SQL: SELECT `c_id` FROM `categorys` WHERE `c_id` = 6 LIMIT 1   [ RunTime:0.0000s ]
SQL: SELECT `c_id` FROM `categorys` WHERE `c_id` = 7 LIMIT 1   [ RunTime:0.0000s ]
SQL: SELECT `c_id` FROM `categorys` WHERE `c_id` = 7 LIMIT 1   [ RunTime:0.0000s ]
SQL: SELECT `c_id` FROM `categorys` WHERE `c_id` = 7 LIMIT 1   [ RunTime:0.0000s ]
SQL: SELECT `c_id` FROM `categorys` WHERE `c_id` = 7 LIMIT 1   [ RunTime:0.0010s ]
SQL: SELECT `c_id` FROM `categorys` WHERE `c_id` = 7 LIMIT 1   [ RunTime:0.0000s ]
SQL: SELECT `c_id` FROM `categorys` WHERE `c_id` = 7 LIMIT 1   [ RunTime:0.0000s ]
SQL: SELECT `c_id` FROM `categorys` WHERE `c_id` = 8 LIMIT 1   [ RunTime:0.0000s ]
SQL: SELECT `c_id` FROM `categorys` WHERE `c_id` = 8 LIMIT 1   [ RunTime:0.0000s ]
SQL: SELECT `c_id` FROM `categorys` WHERE `c_id` = 8 LIMIT 1   [ RunTime:0.0010s ]
SQL: SELECT `c_id` FROM `categorys` WHERE `c_id` = 8 LIMIT 1   [ RunTime:0.0000s ]
SQL: SELECT `c_id` FROM `categorys` WHERE `c_id` = 8 LIMIT 1   [ RunTime:0.0000s ]
SQL: SELECT `c_id` FROM `categorys` WHERE `c_id` = 8 LIMIT 1   [ RunTime:0.0000s ]
SQL: SELECT `c_id` FROM `categorys` WHERE `c_id` = 8 LIMIT 1   [ RunTime:0.0000s ]
SQL: SELECT `c_id` FROM `categorys` WHERE `c_id` = 9 LIMIT 1   [ RunTime:0.0010s ]
SQL: SELECT `c_id` FROM `categorys` WHERE `c_id` = 9 LIMIT 1   [ RunTime:0.0000s ]
SQL: SELECT `c_id` FROM `categorys` WHERE `c_id` = 9 LIMIT 1   [ RunTime:0.0000s ]
SQL: SELECT `c_id` FROM `categorys` WHERE `c_id` = 9 LIMIT 1   [ RunTime:0.0000s ]
SQL: SELECT `c_id` FROM `categorys` WHERE `c_id` = 9 LIMIT 1   [ RunTime:0.0000s ]
SQL: SELECT `c_id` FROM `categorys` WHERE `c_id` = 9 LIMIT 1   [ RunTime:0.0010s ]
SQL: SELECT `c_id` FROM `categorys` WHERE `c_id` = 9 LIMIT 1   [ RunTime:0.0010s ]
SQL: SELECT `c_id` FROM `categorys` WHERE `c_id` = 2 LIMIT 1   [ RunTime:0.0000s ]
SQL: SELECT `c_id` FROM `categorys` WHERE `c_id` = 1 LIMIT 1   [ RunTime:0.0010s ]
SQL: SELECT * FROM `categorys`  [ RunTime:0.0000s ]
SQL: SELECT * FROM `areas` WHERE `a_name` = '西安医学院' LIMIT 1   [ RunTime:0.0000s ]
SQL: SELECT `goods_id`,`gu_time` FROM `goodsuser` WHERE `gu_flag` = 'y' AND `school_id` = 4 ORDER BY gu_time desc LIMIT 10   [ RunTime:0.0010s ]
NOTIC: [8] Undefined variable: y_data F:\htdocs\school\Application\Home\Controller\IndexController.class.php 第 105 行.
NOTIC: [2] unlink(./Application/Runtime/Temp/bf49b5ebc57997d43ccbe0fa5b51f0a4.php): No such file or directory F:\htdocs\school\ThinkPHP\Library\Think\Cache\Driver\File.class.php 第 157 行.
SQL: SELECT * FROM `areas`  [ RunTime:0.0000s ]
NOTIC: [8] Undefined variable: y_data F:\htdocs\school\Application\Home\Controller\IndexController.class.php 第 141 行.
INFO: [ view_parse ] --START--
INFO: [ template_filter ] --START--
INFO: Run Behavior\ContentReplaceBehavior [ RunTime:0.000000s ]
INFO: [ template_filter ] --END-- [ RunTime:0.000000s ]
NOTIC: [8] Use of undefined constant y - assumed 'y' F:\htdocs\school\Application\Runtime\Cache\Home\2a94b8bda04ff446dcedd42276fc99ee.php 第 154 行.
NOTIC: [8] Use of undefined constant y - assumed 'y' F:\htdocs\school\Application\Runtime\Cache\Home\2a94b8bda04ff446dcedd42276fc99ee.php 第 154 行.
NOTIC: [8] Use of undefined constant y - assumed 'y' F:\htdocs\school\Application\Runtime\Cache\Home\2a94b8bda04ff446dcedd42276fc99ee.php 第 154 行.
NOTIC: [8] Use of undefined constant y - assumed 'y' F:\htdocs\school\Application\Runtime\Cache\Home\2a94b8bda04ff446dcedd42276fc99ee.php 第 154 行.
INFO: Run Behavior\ParseTemplateBehavior [ RunTime:0.028002s ]
INFO: [ view_parse ] --END-- [ RunTime:0.028002s ]
INFO: [ view_filter ] --START--
INFO: Run Behavior\WriteHtmlCacheBehavior [ RunTime:0.000000s ]
INFO: [ view_filter ] --END-- [ RunTime:0.001000s ]
INFO: [ app_end ] --START--
INFO: Run Behavior\ShowPageTraceBehavior [ RunTime:0.001000s ]
INFO: [ app_end ] --END-- [ RunTime:0.001000s ]

[ 2017-07-30T13:57:34+08:00 ] ::1 /index.php/Home/Login/check_online
INFO: [ app_init ] --START--
INFO: Run Behavior\BuildLiteBehavior [ RunTime:0.000000s ]
INFO: [ app_init ] --END-- [ RunTime:0.001000s ]
INFO: [ app_begin ] --START--
INFO: Run Behavior\ReadHtmlCacheBehavior [ RunTime:0.001000s ]
INFO: [ app_begin ] --END-- [ RunTime:0.001000s ]
INFO: [ app_end ] --START--
INFO: Run Behavior\ShowPageTraceBehavior [ RunTime:0.001000s ]
INFO: [ app_end ] --END-- [ RunTime:0.001000s ]

[ 2017-07-30T13:58:28+08:00 ] ::1 /
INFO: [ app_init ] --START--
INFO: Run Behavior\BuildLiteBehavior [ RunTime:0.000000s ]
INFO: [ app_init ] --END-- [ RunTime:0.001000s ]
INFO: [ app_begin ] --START--
INFO: Run Behavior\ReadHtmlCacheBehavior [ RunTime:0.000000s ]
INFO: [ app_begin ] --END-- [ RunTime:0.000000s ]
NOTIC: [2048] Declaration of Home\Model\GoodsModel::_after_insert() should be compatible with Think\Model::_after_insert($data, $options) F:\htdocs\school\Application\Home\Model\GoodsModel.class.php 第 8 行.
SQL: SHOW COLUMNS FROM `goods` [ RunTime:0.1610s ]
SQL: SHOW COLUMNS FROM `goodsuser` [ RunTime:0.0030s ]
SQL: SHOW COLUMNS FROM `helpgoods` [ RunTime:0.0040s ]
SQL: SHOW COLUMNS FROM `areas` [ RunTime:0.0040s ]
SQL: SHOW COLUMNS FROM `categorys` [ RunTime:0.0030s ]
SQL: SHOW COLUMNS FROM `tips` [ RunTime:0.0030s ]
SQL: SHOW COLUMNS FROM `picture` [ RunTime:0.0030s ]
SQL: SELECT * FROM `categorys`  [ RunTime:0.0010s ]
SQL: SELECT `c_id` FROM `categorys` WHERE `c_id` = 1 LIMIT 1   [ RunTime:0.0000s ]
SQL: SELECT `c_id` FROM `categorys` WHERE `c_id` = 1 LIMIT 1   [ RunTime:0.0010s ]
SQL: SELECT `c_id` FROM `categorys` WHERE `c_id` = 1 LIMIT 1   [ RunTime:0.0000s ]
SQL: SELECT `c_id` FROM `categorys` WHERE `c_id` = 3 LIMIT 1   [ RunTime:0.0000s ]
SQL: SELECT `c_id` FROM `categorys` WHERE `c_id` = 3 LIMIT 1   [ RunTime:0.0010s ]
SQL: SELECT `c_id` FROM `categorys` WHERE `c_id` = 4 LIMIT 1   [ RunTime:0.0000s ]
SQL: SELECT `c_id` FROM `categorys` WHERE `c_id` = 4 LIMIT 1   [ RunTime:0.0000s ]
SQL: SELECT `c_id` FROM `categorys` WHERE `c_id` = 4 LIMIT 1   [ RunTime:0.0010s ]
SQL: SELECT `c_id` FROM `categorys` WHERE `c_id` = 4 LIMIT 1   [ RunTime:0.0000s ]
SQL: SELECT `c_id` FROM `categorys` WHERE `c_id` = 4 LIMIT 1   [ RunTime:0.0000s ]
SQL: SELECT `c_id` FROM `categorys` WHERE `c_id` = 4 LIMIT 1   [ RunTime:0.0010s ]
SQL: SELECT `c_id` FROM `categorys` WHERE `c_id` = 4 LIMIT 1   [ RunTime:0.0000s ]
SQL: SELECT `c_id` FROM `categorys` WHERE `c_id` = 5 LIMIT 1   [ RunTime:0.0000s ]
SQL: SELECT `c_id` FROM `categorys` WHERE `c_id` = 5 LIMIT 1   [ RunTime:0.0010s ]
SQL: SELECT `c_id` FROM `categorys` WHERE `c_id` = 5 LIMIT 1   [ RunTime:0.0010s ]
SQL: SELECT `c_id` FROM `categorys` WHERE `c_id` = 5 LIMIT 1   [ RunTime:0.0000s ]
SQL: SELECT `c_id` FROM `categorys` WHERE `c_id` = 5 LIMIT 1   [ RunTime:0.0000s ]
SQL: SELECT `c_id` FROM `categorys` WHERE `c_id` = 5 LIMIT 1   [ RunTime:0.0000s ]
SQL: SELECT `c_id` FROM `categorys` WHERE `c_id` = 5 LIMIT 1   [ RunTime:0.0010s ]
SQL: SELECT `c_id` FROM `categorys` WHERE `c_id` = 5 LIMIT 1   [ RunTime:0.0000s ]
SQL: SELECT `c_id` FROM `categorys` WHERE `c_id` = 6 LIMIT 1   [ RunTime:0.0000s ]
SQL: SELECT `c_id` FROM `categorys` WHERE `c_id` = 6 LIMIT 1   [ RunTime:0.0010s ]
SQL: SELECT `c_id` FROM `categorys` WHERE `c_id` = 6 LIMIT 1   [ RunTime:0.0000s ]
SQL: SELECT `c_id` FROM `categorys` WHERE `c_id` = 6 LIMIT 1   [ RunTime:0.0010s ]
SQL: SELECT `c_id` FROM `categorys` WHERE `c_id` = 6 LIMIT 1   [ RunTime:0.0000s ]
SQL: SELECT `c_id` FROM `categorys` WHERE `c_id` = 6 LIMIT 1   [ RunTime:0.0000s ]
SQL: SELECT `c_id` FROM `categorys` WHERE `c_id` = 6 LIMIT 1   [ RunTime:0.0000s ]
SQL: SELECT `c_id` FROM `categorys` WHERE `c_id` = 6 LIMIT 1   [ RunTime:0.0000s ]
SQL: SELECT `c_id` FROM `categorys` WHERE `c_id` = 6 LIMIT 1   [ RunTime:0.0010s ]
SQL: SELECT `c_id` FROM `categorys` WHERE `c_id` = 6 LIMIT 1   [ RunTime:0.0000s ]
SQL: SELECT `c_id` FROM `categorys` WHERE `c_id` = 7 LIMIT 1   [ RunTime:0.0000s ]
SQL: SELECT `c_id` FROM `categorys` WHERE `c_id` = 7 LIMIT 1   [ RunTime:0.0000s ]
SQL: SELECT `c_id` FROM `categorys` WHERE `c_id` = 7 LIMIT 1   [ RunTime:0.0000s ]
SQL: SELECT `c_id` FROM `categorys` WHERE `c_id` = 7 LIMIT 1   [ RunTime:0.0000s ]
SQL: SELECT `c_id` FROM `categorys` WHERE `c_id` = 7 LIMIT 1   [ RunTime:0.0000s ]
SQL: SELECT `c_id` FROM `categorys` WHERE `c_id` = 7 LIMIT 1   [ RunTime:0.0010s ]
SQL: SELECT `c_id` FROM `categorys` WHERE `c_id` = 8 LIMIT 1   [ RunTime:0.0000s ]
SQL: SELECT `c_id` FROM `categorys` WHERE `c_id` = 8 LIMIT 1   [ RunTime:0.0000s ]
SQL: SELECT `c_id` FROM `categorys` WHERE `c_id` = 8 LIMIT 1   [ RunTime:0.0010s ]
SQL: SELECT `c_id` FROM `categorys` WHERE `c_id` = 8 LIMIT 1   [ RunTime:0.0000s ]
SQL: SELECT `c_id` FROM `categorys` WHERE `c_id` = 8 LIMIT 1   [ RunTime:0.0000s ]
SQL: SELECT `c_id` FROM `categorys` WHERE `c_id` = 8 LIMIT 1   [ RunTime:0.0000s ]
SQL: SELECT `c_id` FROM `categorys` WHERE `c_id` = 8 LIMIT 1   [ RunTime:0.0000s ]
SQL: SELECT `c_id` FROM `categorys` WHERE `c_id` = 9 LIMIT 1   [ RunTime:0.0000s ]
SQL: SELECT `c_id` FROM `categorys` WHERE `c_id` = 9 LIMIT 1   [ RunTime:0.0000s ]
SQL: SELECT `c_id` FROM `categorys` WHERE `c_id` = 9 LIMIT 1   [ RunTime:0.0010s ]
SQL: SELECT `c_id` FROM `categorys` WHERE `c_id` = 9 LIMIT 1   [ RunTime:0.0000s ]
SQL: SELECT `c_id` FROM `categorys` WHERE `c_id` = 9 LIMIT 1   [ RunTime:0.0010s ]
SQL: SELECT `c_id` FROM `categorys` WHERE `c_id` = 9 LIMIT 1   [ RunTime:0.0000s ]
SQL: SELECT `c_id` FROM `categorys` WHERE `c_id` = 9 LIMIT 1   [ RunTime:0.0010s ]
SQL: SELECT `c_id` FROM `categorys` WHERE `c_id` = 2 LIMIT 1   [ RunTime:0.0000s ]
SQL: SELECT `c_id` FROM `categorys` WHERE `c_id` = 1 LIMIT 1   [ RunTime:0.0010s ]
SQL: SELECT * FROM `categorys`  [ RunTime:0.0000s ]
SQL: SELECT * FROM `areas` WHERE `a_name` = '西安医学院' LIMIT 1   [ RunTime:0.0010s ]
SQL: SELECT `goods_id`,`gu_time` FROM `goodsuser` WHERE `gu_flag` = 'y' AND `school_id` = 4 ORDER BY gu_time desc LIMIT 10   [ RunTime:0.0000s ]
NOTIC: [8] Undefined variable: y_data F:\htdocs\school\Application\Home\Controller\IndexController.class.php 第 105 行.
NOTIC: [2] unlink(./Application/Runtime/Temp/bf49b5ebc57997d43ccbe0fa5b51f0a4.php): No such file or directory F:\htdocs\school\ThinkPHP\Library\Think\Cache\Driver\File.class.php 第 157 行.
SQL: SELECT * FROM `areas`  [ RunTime:0.0000s ]
NOTIC: [8] Undefined variable: y_data F:\htdocs\school\Application\Home\Controller\IndexController.class.php 第 141 行.
INFO: [ view_parse ] --START--
INFO: [ template_filter ] --START--
INFO: Run Behavior\ContentReplaceBehavior [ RunTime:0.000000s ]
INFO: [ template_filter ] --END-- [ RunTime:0.000000s ]
NOTIC: [8] Use of undefined constant y - assumed 'y' F:\htdocs\school\Application\Runtime\Cache\Home\2a94b8bda04ff446dcedd42276fc99ee.php 第 154 行.
NOTIC: [8] Use of undefined constant y - assumed 'y' F:\htdocs\school\Application\Runtime\Cache\Home\2a94b8bda04ff446dcedd42276fc99ee.php 第 154 行.
NOTIC: [8] Use of undefined constant y - assumed 'y' F:\htdocs\school\Application\Runtime\Cache\Home\2a94b8bda04ff446dcedd42276fc99ee.php 第 154 行.
NOTIC: [8] Use of undefined constant y - assumed 'y' F:\htdocs\school\Application\Runtime\Cache\Home\2a94b8bda04ff446dcedd42276fc99ee.php 第 154 行.
INFO: Run Behavior\ParseTemplateBehavior [ RunTime:0.029002s ]
INFO: [ view_parse ] --END-- [ RunTime:0.029002s ]
INFO: [ view_filter ] --START--
INFO: Run Behavior\WriteHtmlCacheBehavior [ RunTime:0.000000s ]
INFO: [ view_filter ] --END-- [ RunTime:0.001000s ]
INFO: [ app_end ] --START--
INFO: Run Behavior\ShowPageTraceBehavior [ RunTime:0.000000s ]
INFO: [ app_end ] --END-- [ RunTime:0.000000s ]

[ 2017-07-30T13:58:28+08:00 ] ::1 /index.php/Home/Login/check_online
INFO: [ app_init ] --START--
INFO: Run Behavior\BuildLiteBehavior [ RunTime:0.000000s ]
INFO: [ app_init ] --END-- [ RunTime:0.001000s ]
INFO: [ app_begin ] --START--
INFO: Run Behavior\ReadHtmlCacheBehavior [ RunTime:0.001000s ]
INFO: [ app_begin ] --END-- [ RunTime:0.001000s ]
INFO: [ app_end ] --START--
INFO: Run Behavior\ShowPageTraceBehavior [ RunTime:0.000000s ]
INFO: [ app_end ] --END-- [ RunTime:0.000000s ]

[ 2017-07-30T14:24:05+08:00 ] ::1 /
INFO: [ app_init ] --START--
INFO: Run Behavior\BuildLiteBehavior [ RunTime:0.000000s ]
INFO: [ app_init ] --END-- [ RunTime:0.001000s ]
INFO: [ app_begin ] --START--
INFO: Run Behavior\ReadHtmlCacheBehavior [ RunTime:0.000000s ]
INFO: [ app_begin ] --END-- [ RunTime:0.000000s ]
NOTIC: [2048] Declaration of Home\Model\GoodsModel::_after_insert() should be compatible with Think\Model::_after_insert($data, $options) F:\htdocs\school\Application\Home\Model\GoodsModel.class.php 第 8 行.
SQL: SHOW COLUMNS FROM `goods` [ RunTime:0.3070s ]
SQL: SHOW COLUMNS FROM `goodsuser` [ RunTime:0.0180s ]
SQL: SHOW COLUMNS FROM `helpgoods` [ RunTime:0.0030s ]
SQL: SHOW COLUMNS FROM `areas` [ RunTime:0.0170s ]
SQL: SHOW COLUMNS FROM `categorys` [ RunTime:0.0030s ]
SQL: SHOW COLUMNS FROM `tips` [ RunTime:0.0030s ]
SQL: SHOW COLUMNS FROM `picture` [ RunTime:0.0030s ]
SQL: SELECT * FROM `picture` WHERE `flag` = 'y'  [ RunTime:0.0000s ]
SQL: SELECT * FROM `tips` ORDER BY time desc LIMIT 1   [ RunTime:0.0000s ]
SQL: SELECT * FROM `categorys`  [ RunTime:0.0000s ]
SQL: SELECT `c_id` FROM `categorys` WHERE `c_id` = 1 LIMIT 1   [ RunTime:0.0000s ]
SQL: SELECT `c_id` FROM `categorys` WHERE `c_id` = 1 LIMIT 1   [ RunTime:0.0000s ]
SQL: SELECT `c_id` FROM `categorys` WHERE `c_id` = 1 LIMIT 1   [ RunTime:0.0000s ]
SQL: SELECT `c_id` FROM `categorys` WHERE `c_id` = 3 LIMIT 1   [ RunTime:0.0000s ]
SQL: SELECT `c_id` FROM `categorys` WHERE `c_id` = 3 LIMIT 1   [ RunTime:0.0000s ]
SQL: SELECT `c_id` FROM `categorys` WHERE `c_id` = 4 LIMIT 1   [ RunTime:0.0000s ]
SQL: SELECT `c_id` FROM `categorys` WHERE `c_id` = 4 LIMIT 1   [ RunTime:0.0000s ]
SQL: SELECT `c_id` FROM `categorys` WHERE `c_id` = 4 LIMIT 1   [ RunTime:0.0010s ]
SQL: SELECT `c_id` FROM `categorys` WHERE `c_id` = 4 LIMIT 1   [ RunTime:0.0000s ]
SQL: SELECT `c_id` FROM `categorys` WHERE `c_id` = 4 LIMIT 1   [ RunTime:0.0010s ]
SQL: SELECT `c_id` FROM `categorys` WHERE `c_id` = 4 LIMIT 1   [ RunTime:0.0000s ]
SQL: SELECT `c_id` FROM `categorys` WHERE `c_id` = 4 LIMIT 1   [ RunTime:0.0000s ]
SQL: SELECT `c_id` FROM `categorys` WHERE `c_id` = 5 LIMIT 1   [ RunTime:0.0000s ]
SQL: SELECT `c_id` FROM `categorys` WHERE `c_id` = 5 LIMIT 1   [ RunTime:0.0000s ]
SQL: SELECT `c_id` FROM `categorys` WHERE `c_id` = 5 LIMIT 1   [ RunTime:0.0000s ]
SQL: SELECT `c_id` FROM `categorys` WHERE `c_id` = 5 LIMIT 1   [ RunTime:0.0000s ]
SQL: SELECT `c_id` FROM `categorys` WHERE `c_id` = 5 LIMIT 1   [ RunTime:0.0010s ]
SQL: SELECT `c_id` FROM `categorys` WHERE `c_id` = 5 LIMIT 1   [ RunTime:0.0000s ]
SQL: SELECT `c_id` FROM `categorys` WHERE `c_id` = 5 LIMIT 1   [ RunTime:0.0010s ]
SQL: SELECT `c_id` FROM `categorys` WHERE `c_id` = 5 LIMIT 1   [ RunTime:0.0000s ]
SQL: SELECT `c_id` FROM `categorys` WHERE `c_id` = 6 LIMIT 1   [ RunTime:0.0000s ]
SQL: SELECT `c_id` FROM `categorys` WHERE `c_id` = 6 LIMIT 1   [ RunTime:0.0000s ]
SQL: SELECT `c_id` FROM `categorys` WHERE `c_id` = 6 LIMIT 1   [ RunTime:0.0000s ]
SQL: SELECT `c_id` FROM `categorys` WHERE `c_id` = 6 LIMIT 1   [ RunTime:0.0000s ]
SQL: SELECT `c_id` FROM `categorys` WHERE `c_id` = 6 LIMIT 1   [ RunTime:0.0000s ]
SQL: SELECT `c_id` FROM `categorys` WHERE `c_id` = 6 LIMIT 1   [ RunTime:0.0010s ]
SQL: SELECT `c_id` FROM `categorys` WHERE `c_id` = 6 LIMIT 1   [ RunTime:0.0000s ]
SQL: SELECT `c_id` FROM `categorys` WHERE `c_id` = 6 LIMIT 1   [ RunTime:0.0000s ]
SQL: SELECT `c_id` FROM `categorys` WHERE `c_id` = 6 LIMIT 1   [ RunTime:0.0010s ]
SQL: SELECT `c_id` FROM `categorys` WHERE `c_id` = 6 LIMIT 1   [ RunTime:0.0000s ]
SQL: SELECT `c_id` FROM `categorys` WHERE `c_id` = 7 LIMIT 1   [ RunTime:0.0000s ]
SQL: SELECT `c_id` FROM `categorys` WHERE `c_id` = 7 LIMIT 1   [ RunTime:0.0010s ]
SQL: SELECT `c_id` FROM `categorys` WHERE `c_id` = 7 LIMIT 1   [ RunTime:0.0000s ]
SQL: SELECT `c_id` FROM `categorys` WHERE `c_id` = 7 LIMIT 1   [ RunTime:0.0000s ]
SQL: SELECT `c_id` FROM `categorys` WHERE `c_id` = 7 LIMIT 1   [ RunTime:0.0010s ]
SQL: SELECT `c_id` FROM `categorys` WHERE `c_id` = 7 LIMIT 1   [ RunTime:0.0000s ]
SQL: SELECT `c_id` FROM `categorys` WHERE `c_id` = 8 LIMIT 1   [ RunTime:0.0000s ]
SQL: SELECT `c_id` FROM `categorys` WHERE `c_id` = 8 LIMIT 1   [ RunTime:0.0000s ]
SQL: SELECT `c_id` FROM `categorys` WHERE `c_id` = 8 LIMIT 1   [ RunTime:0.0000s ]
SQL: SELECT `c_id` FROM `categorys` WHERE `c_id` = 8 LIMIT 1   [ RunTime:0.0010s ]
SQL: SELECT `c_id` FROM `categorys` WHERE `c_id` = 8 LIMIT 1   [ RunTime:0.0000s ]
SQL: SELECT `c_id` FROM `categorys` WHERE `c_id` = 8 LIMIT 1   [ RunTime:0.0000s ]
SQL: SELECT `c_id` FROM `categorys` WHERE `c_id` = 8 LIMIT 1   [ RunTime:0.0000s ]
SQL: SELECT `c_id` FROM `categorys` WHERE `c_id` = 9 LIMIT 1   [ RunTime:0.0000s ]
SQL: SELECT `c_id` FROM `categorys` WHERE `c_id` = 9 LIMIT 1   [ RunTime:0.0010s ]
SQL: SELECT `c_id` FROM `categorys` WHERE `c_id` = 9 LIMIT 1   [ RunTime:0.0000s ]
SQL: SELECT `c_id` FROM `categorys` WHERE `c_id` = 9 LIMIT 1   [ RunTime:0.0000s ]
SQL: SELECT `c_id` FROM `categorys` WHERE `c_id` = 9 LIMIT 1   [ RunTime:0.0000s ]
SQL: SELECT `c_id` FROM `categorys` WHERE `c_id` = 9 LIMIT 1   [ RunTime:0.0000s ]
SQL: SELECT `c_id` FROM `categorys` WHERE `c_id` = 9 LIMIT 1   [ RunTime:0.0000s ]
SQL: SELECT `c_id` FROM `categorys` WHERE `c_id` = 2 LIMIT 1   [ RunTime:0.0000s ]
SQL: SELECT `c_id` FROM `categorys` WHERE `c_id` = 1 LIMIT 1   [ RunTime:0.0010s ]
SQL: SELECT * FROM `categorys`  [ RunTime:0.0000s ]
SQL: SELECT * FROM `areas` WHERE `a_name` = '西安工业大学' LIMIT 1   [ RunTime:0.0000s ]
SQL: SELECT `goods_id`,`gu_time` FROM `goodsuser` WHERE `gu_flag` = 'y' AND `school_id` = 6 ORDER BY gu_time desc LIMIT 10   [ RunTime:0.0010s ]
SQL: SELECT `g_id`,`g_logo`,`g_name`,`g_price` FROM `goods` WHERE `g_id` = 26 AND `g_price` > 0  [ RunTime:0.0000s ]
SQL: SELECT `g_id`,`g_logo`,`g_name`,`g_price` FROM `goods` WHERE `g_id` = 24 AND `g_price` > 0  [ RunTime:0.0000s ]
SQL: SELECT `g_id`,`g_logo`,`g_name`,`g_price` FROM `goods` WHERE `g_id` = 23 AND `g_price` > 0  [ RunTime:0.0000s ]
SQL: SELECT `g_id`,`g_logo`,`g_name`,`g_price` FROM `goods` WHERE `g_id` = 22 AND `g_price` > 0  [ RunTime:0.0000s ]
SQL: SELECT `g_id`,`g_logo`,`g_name`,`g_price` FROM `goods` WHERE `g_id` = 21 AND `g_price` > 0  [ RunTime:0.0000s ]
SQL: SELECT `g_id`,`g_logo`,`g_name`,`g_price` FROM `goods` WHERE `g_id` = 20 AND `g_price` > 0  [ RunTime:0.0000s ]
SQL: SELECT `g_id`,`g_logo`,`g_name`,`g_price` FROM `goods` WHERE `g_id` = 19 AND `g_price` > 0  [ RunTime:0.0000s ]
SQL: SELECT `g_id`,`g_logo`,`g_name`,`g_price` FROM `goods` WHERE `g_id` = 16 AND `g_price` > 0  [ RunTime:0.0000s ]
SQL: SELECT `g_id`,`g_logo`,`g_name`,`g_price` FROM `goods` WHERE `g_id` = 12 AND `g_price` > 0  [ RunTime:0.0010s ]
SQL: SELECT `g_id`,`g_logo`,`g_name`,`g_price` FROM `goods` WHERE `g_id` = 11 AND `g_price` > 0  [ RunTime:0.0010s ]
SQL: SELECT * FROM `areas` WHERE `a_name` = '陕西科技大学' LIMIT 1   [ RunTime:0.0000s ]
SQL: SELECT `goods_id`,`gu_time` FROM `goodsuser` WHERE `gu_flag` = 'y' AND `school_id` = 3 ORDER BY gu_time desc LIMIT 10   [ RunTime:0.0000s ]
SQL: SELECT `g_id`,`g_logo`,`g_name`,`g_price` FROM `goods` WHERE `g_id` = 18 AND `g_price` > 0  [ RunTime:0.0000s ]
SQL: SELECT `g_id`,`g_logo`,`g_name`,`g_price` FROM `goods` WHERE `g_id` = 17 AND `g_price` > 0  [ RunTime:0.0010s ]
SQL: SELECT `g_id`,`g_logo`,`g_name`,`g_price` FROM `goods` WHERE `g_id` = 9 AND `g_price` > 0  [ RunTime:0.0000s ]
SQL: SELECT `g_id`,`g_logo`,`g_name`,`g_price` FROM `goods` WHERE `g_id` = 8 AND `g_price` > 0  [ RunTime:0.0000s ]
SQL: SELECT * FROM `areas` WHERE `a_name` = '西安医学院' LIMIT 1   [ RunTime:0.0000s ]
SQL: SELECT `goods_id`,`gu_time` FROM `goodsuser` WHERE `gu_flag` = 'y' AND `school_id` = 4 ORDER BY gu_time desc LIMIT 10   [ RunTime:0.0000s ]
NOTIC: [8] Undefined variable: y_data F:\htdocs\school\Application\Home\Controller\IndexController.class.php 第 105 行.
NOTIC: [2] unlink(./Application/Runtime/Temp/bf49b5ebc57997d43ccbe0fa5b51f0a4.php): No such file or directory F:\htdocs\school\ThinkPHP\Library\Think\Cache\Driver\File.class.php 第 157 行.
SQL: SELECT `goods_id`,`gu_time` FROM `goodsuser` WHERE `gu_flag` = 'y' ORDER BY gu_time desc LIMIT 10   [ RunTime:0.0000s ]
SQL: SELECT `g_id`,`g_logo`,`g_name`,`g_price` FROM `goods` WHERE `g_id` = 26 AND `g_price` = 0 LIMIT 1   [ RunTime:0.0000s ]
SQL: SELECT `g_id`,`g_logo`,`g_name`,`g_price` FROM `goods` WHERE `g_id` = 24 AND `g_price` = 0 LIMIT 1   [ RunTime:0.0010s ]
SQL: SELECT `g_id`,`g_logo`,`g_name`,`g_price` FROM `goods` WHERE `g_id` = 23 AND `g_price` = 0 LIMIT 1   [ RunTime:0.0000s ]
SQL: SELECT `g_id`,`g_logo`,`g_name`,`g_price` FROM `goods` WHERE `g_id` = 22 AND `g_price` = 0 LIMIT 1   [ RunTime:0.0000s ]
SQL: SELECT `g_id`,`g_logo`,`g_name`,`g_price` FROM `goods` WHERE `g_id` = 21 AND `g_price` = 0 LIMIT 1   [ RunTime:0.0000s ]
SQL: SELECT `g_id`,`g_logo`,`g_name`,`g_price` FROM `goods` WHERE `g_id` = 20 AND `g_price` = 0 LIMIT 1   [ RunTime:0.0000s ]
SQL: SELECT `g_id`,`g_logo`,`g_name`,`g_price` FROM `goods` WHERE `g_id` = 19 AND `g_price` = 0 LIMIT 1   [ RunTime:0.0000s ]
SQL: SELECT `g_id`,`g_logo`,`g_name`,`g_price` FROM `goods` WHERE `g_id` = 16 AND `g_price` = 0 LIMIT 1   [ RunTime:0.0000s ]
SQL: SELECT `g_id`,`g_logo`,`g_name`,`g_price` FROM `goods` WHERE `g_id` = 18 AND `g_price` = 0 LIMIT 1   [ RunTime:0.0000s ]
SQL: SELECT `g_id`,`g_logo`,`g_name`,`g_price` FROM `goods` WHERE `g_id` = 17 AND `g_price` = 0 LIMIT 1   [ RunTime:0.0000s ]
SQL: SELECT * FROM `areas`  [ RunTime:0.0010s ]
NOTIC: [8] Undefined variable: y_data F:\htdocs\school\Application\Home\Controller\IndexController.class.php 第 141 行.
INFO: [ view_parse ] --START--
INFO: [ template_filter ] --START--
INFO: Run Behavior\ContentReplaceBehavior [ RunTime:0.000000s ]
INFO: [ template_filter ] --END-- [ RunTime:0.000000s ]
NOTIC: [8] Use of undefined constant y - assumed 'y' F:\htdocs\school\Application\Runtime\Cache\Home\2a94b8bda04ff446dcedd42276fc99ee.php 第 154 行.
NOTIC: [8] Use of undefined constant y - assumed 'y' F:\htdocs\school\Application\Runtime\Cache\Home\2a94b8bda04ff446dcedd42276fc99ee.php 第 154 行.
NOTIC: [8] Use of undefined constant y - assumed 'y' F:\htdocs\school\Application\Runtime\Cache\Home\2a94b8bda04ff446dcedd42276fc99ee.php 第 154 行.
NOTIC: [8] Use of undefined constant y - assumed 'y' F:\htdocs\school\Application\Runtime\Cache\Home\2a94b8bda04ff446dcedd42276fc99ee.php 第 154 行.
INFO: Run Behavior\ParseTemplateBehavior [ RunTime:0.025001s ]
INFO: [ view_parse ] --END-- [ RunTime:0.025001s ]
INFO: [ view_filter ] --START--
INFO: Run Behavior\WriteHtmlCacheBehavior [ RunTime:0.000000s ]
INFO: [ view_filter ] --END-- [ RunTime:0.000000s ]
INFO: [ app_end ] --START--
INFO: Run Behavior\ShowPageTraceBehavior [ RunTime:0.000000s ]
INFO: [ app_end ] --END-- [ RunTime:0.000000s ]

[ 2017-07-30T14:24:05+08:00 ] ::1 /index.php/Home/Login/check_online
INFO: [ app_init ] --START--
INFO: Run Behavior\BuildLiteBehavior [ RunTime:0.000000s ]
INFO: [ app_init ] --END-- [ RunTime:0.000000s ]
INFO: [ app_begin ] --START--
INFO: Run Behavior\ReadHtmlCacheBehavior [ RunTime:0.000000s ]
INFO: [ app_begin ] --END-- [ RunTime:0.000000s ]
INFO: [ app_end ] --START--
INFO: Run Behavior\ShowPageTraceBehavior [ RunTime:0.001001s ]
INFO: [ app_end ] --END-- [ RunTime:0.001001s ]

[ 2017-07-30T14:24:28+08:00 ] ::1 /
INFO: [ app_init ] --START--
INFO: Run Behavior\BuildLiteBehavior [ RunTime:0.000000s ]
INFO: [ app_init ] --END-- [ RunTime:0.000000s ]
INFO: [ app_begin ] --START--
INFO: Run Behavior\ReadHtmlCacheBehavior [ RunTime:0.001000s ]
INFO: [ app_begin ] --END-- [ RunTime:0.001000s ]
NOTIC: [2048] Declaration of Home\Model\GoodsModel::_after_insert() should be compatible with Think\Model::_after_insert($data, $options) F:\htdocs\school\Application\Home\Model\GoodsModel.class.php 第 8 行.
SQL: SHOW COLUMNS FROM `goods` [ RunTime:0.0100s ]
SQL: SHOW COLUMNS FROM `goodsuser` [ RunTime:0.0030s ]
SQL: SHOW COLUMNS FROM `helpgoods` [ RunTime:0.0030s ]
SQL: SHOW COLUMNS FROM `areas` [ RunTime:0.0030s ]
SQL: SHOW COLUMNS FROM `categorys` [ RunTime:0.0030s ]
SQL: SHOW COLUMNS FROM `tips` [ RunTime:0.0020s ]
SQL: SHOW COLUMNS FROM `picture` [ RunTime:0.0030s ]
SQL: SELECT * FROM `categorys`  [ RunTime:0.0010s ]
SQL: SELECT `c_id` FROM `categorys` WHERE `c_id` = 1 LIMIT 1   [ RunTime:0.0000s ]
SQL: SELECT `c_id` FROM `categorys` WHERE `c_id` = 1 LIMIT 1   [ RunTime:0.0010s ]
SQL: SELECT `c_id` FROM `categorys` WHERE `c_id` = 1 LIMIT 1   [ RunTime:0.0000s ]
SQL: SELECT `c_id` FROM `categorys` WHERE `c_id` = 3 LIMIT 1   [ RunTime:0.0000s ]
SQL: SELECT `c_id` FROM `categorys` WHERE `c_id` = 3 LIMIT 1   [ RunTime:0.0010s ]
SQL: SELECT `c_id` FROM `categorys` WHERE `c_id` = 4 LIMIT 1   [ RunTime:0.0000s ]
SQL: SELECT `c_id` FROM `categorys` WHERE `c_id` = 4 LIMIT 1   [ RunTime:0.0000s ]
SQL: SELECT `c_id` FROM `categorys` WHERE `c_id` = 4 LIMIT 1   [ RunTime:0.0010s ]
SQL: SELECT `c_id` FROM `categorys` WHERE `c_id` = 4 LIMIT 1   [ RunTime:0.0000s ]
SQL: SELECT `c_id` FROM `categorys` WHERE `c_id` = 4 LIMIT 1   [ RunTime:0.0000s ]
SQL: SELECT `c_id` FROM `categorys` WHERE `c_id` = 4 LIMIT 1   [ RunTime:0.0000s ]
SQL: SELECT `c_id` FROM `categorys` WHERE `c_id` = 4 LIMIT 1   [ RunTime:0.0000s ]
SQL: SELECT `c_id` FROM `categorys` WHERE `c_id` = 5 LIMIT 1   [ RunTime:0.0010s ]
SQL: SELECT `c_id` FROM `categorys` WHERE `c_id` = 5 LIMIT 1   [ RunTime:0.0000s ]
SQL: SELECT `c_id` FROM `categorys` WHERE `c_id` = 5 LIMIT 1   [ RunTime:0.0010s ]
SQL: SELECT `c_id` FROM `categorys` WHERE `c_id` = 5 LIMIT 1   [ RunTime:0.0000s ]
SQL: SELECT `c_id` FROM `categorys` WHERE `c_id` = 5 LIMIT 1   [ RunTime:0.0000s ]
SQL: SELECT `c_id` FROM `categorys` WHERE `c_id` = 5 LIMIT 1   [ RunTime:0.0000s ]
SQL: SELECT `c_id` FROM `categorys` WHERE `c_id` = 5 LIMIT 1   [ RunTime:0.0000s ]
SQL: SELECT `c_id` FROM `categorys` WHERE `c_id` = 5 LIMIT 1   [ RunTime:0.0010s ]
SQL: SELECT `c_id` FROM `categorys` WHERE `c_id` = 6 LIMIT 1   [ RunTime:0.0000s ]
SQL: SELECT `c_id` FROM `categorys` WHERE `c_id` = 6 LIMIT 1   [ RunTime:0.0010s ]
SQL: SELECT `c_id` FROM `categorys` WHERE `c_id` = 6 LIMIT 1   [ RunTime:0.0000s ]
SQL: SELECT `c_id` FROM `categorys` WHERE `c_id` = 6 LIMIT 1   [ RunTime:0.0000s ]
SQL: SELECT `c_id` FROM `categorys` WHERE `c_id` = 6 LIMIT 1   [ RunTime:0.0000s ]
SQL: SELECT `c_id` FROM `categorys` WHERE `c_id` = 6 LIMIT 1   [ RunTime:0.0000s ]
SQL: SELECT `c_id` FROM `categorys` WHERE `c_id` = 6 LIMIT 1   [ RunTime:0.0000s ]
SQL: SELECT `c_id` FROM `categorys` WHERE `c_id` = 6 LIMIT 1   [ RunTime:0.0000s ]
SQL: SELECT `c_id` FROM `categorys` WHERE `c_id` = 6 LIMIT 1   [ RunTime:0.0010s ]
SQL: SELECT `c_id` FROM `categorys` WHERE `c_id` = 6 LIMIT 1   [ RunTime:0.0000s ]
SQL: SELECT `c_id` FROM `categorys` WHERE `c_id` = 7 LIMIT 1   [ RunTime:0.0010s ]
SQL: SELECT `c_id` FROM `categorys` WHERE `c_id` = 7 LIMIT 1   [ RunTime:0.0000s ]
SQL: SELECT `c_id` FROM `categorys` WHERE `c_id` = 7 LIMIT 1   [ RunTime:0.0010s ]
SQL: SELECT `c_id` FROM `categorys` WHERE `c_id` = 7 LIMIT 1   [ RunTime:0.0000s ]
SQL: SELECT `c_id` FROM `categorys` WHERE `c_id` = 7 LIMIT 1   [ RunTime:0.0010s ]
SQL: SELECT `c_id` FROM `categorys` WHERE `c_id` = 7 LIMIT 1   [ RunTime:0.0000s ]
SQL: SELECT `c_id` FROM `categorys` WHERE `c_id` = 8 LIMIT 1   [ RunTime:0.0000s ]
SQL: SELECT `c_id` FROM `categorys` WHERE `c_id` = 8 LIMIT 1   [ RunTime:0.0000s ]
SQL: SELECT `c_id` FROM `categorys` WHERE `c_id` = 8 LIMIT 1   [ RunTime:0.0000s ]
SQL: SELECT `c_id` FROM `categorys` WHERE `c_id` = 8 LIMIT 1   [ RunTime:0.0000s ]
SQL: SELECT `c_id` FROM `categorys` WHERE `c_id` = 8 LIMIT 1   [ RunTime:0.0000s ]
SQL: SELECT `c_id` FROM `categorys` WHERE `c_id` = 8 LIMIT 1   [ RunTime:0.0000s ]
SQL: SELECT `c_id` FROM `categorys` WHERE `c_id` = 8 LIMIT 1   [ RunTime:0.0000s ]
SQL: SELECT `c_id` FROM `categorys` WHERE `c_id` = 9 LIMIT 1   [ RunTime:0.0000s ]
SQL: SELECT `c_id` FROM `categorys` WHERE `c_id` = 9 LIMIT 1   [ RunTime:0.0010s ]
SQL: SELECT `c_id` FROM `categorys` WHERE `c_id` = 9 LIMIT 1   [ RunTime:0.0000s ]
SQL: SELECT `c_id` FROM `categorys` WHERE `c_id` = 9 LIMIT 1   [ RunTime:0.0000s ]
SQL: SELECT `c_id` FROM `categorys` WHERE `c_id` = 9 LIMIT 1   [ RunTime:0.0000s ]
SQL: SELECT `c_id` FROM `categorys` WHERE `c_id` = 9 LIMIT 1   [ RunTime:0.0000s ]
SQL: SELECT `c_id` FROM `categorys` WHERE `c_id` = 9 LIMIT 1   [ RunTime:0.0010s ]
SQL: SELECT `c_id` FROM `categorys` WHERE `c_id` = 2 LIMIT 1   [ RunTime:0.0000s ]
SQL: SELECT `c_id` FROM `categorys` WHERE `c_id` = 1 LIMIT 1   [ RunTime:0.0000s ]
SQL: SELECT * FROM `categorys`  [ RunTime:0.0010s ]
SQL: SELECT * FROM `areas` WHERE `a_name` = '西安医学院' LIMIT 1   [ RunTime:0.0000s ]
SQL: SELECT `goods_id`,`gu_time` FROM `goodsuser` WHERE `gu_flag` = 'y' AND `school_id` = 4 ORDER BY gu_time desc LIMIT 10   [ RunTime:0.0000s ]
NOTIC: [8] Undefined variable: y_data F:\htdocs\school\Application\Home\Controller\IndexController.class.php 第 105 行.
NOTIC: [2] unlink(./Application/Runtime/Temp/bf49b5ebc57997d43ccbe0fa5b51f0a4.php): No such file or directory F:\htdocs\school\ThinkPHP\Library\Think\Cache\Driver\File.class.php 第 157 行.
SQL: SELECT * FROM `areas`  [ RunTime:0.0010s ]
NOTIC: [8] Undefined variable: y_data F:\htdocs\school\Application\Home\Controller\IndexController.class.php 第 141 行.
INFO: [ view_parse ] --START--
INFO: [ template_filter ] --START--
INFO: Run Behavior\ContentReplaceBehavior [ RunTime:0.000000s ]
INFO: [ template_filter ] --END-- [ RunTime:0.000000s ]
NOTIC: [8] Use of undefined constant y - assumed 'y' F:\htdocs\school\Application\Runtime\Cache\Home\2a94b8bda04ff446dcedd42276fc99ee.php 第 154 行.
NOTIC: [8] Use of undefined constant y - assumed 'y' F:\htdocs\school\Application\Runtime\Cache\Home\2a94b8bda04ff446dcedd42276fc99ee.php 第 154 行.
NOTIC: [8] Use of undefined constant y - assumed 'y' F:\htdocs\school\Application\Runtime\Cache\Home\2a94b8bda04ff446dcedd42276fc99ee.php 第 154 行.
NOTIC: [8] Use of undefined constant y - assumed 'y' F:\htdocs\school\Application\Runtime\Cache\Home\2a94b8bda04ff446dcedd42276fc99ee.php 第 154 行.
INFO: Run Behavior\ParseTemplateBehavior [ RunTime:0.029001s ]
INFO: [ view_parse ] --END-- [ RunTime:0.029001s ]
INFO: [ view_filter ] --START--
INFO: Run Behavior\WriteHtmlCacheBehavior [ RunTime:0.000000s ]
INFO: [ view_filter ] --END-- [ RunTime:0.000000s ]
INFO: [ app_end ] --START--
INFO: Run Behavior\ShowPageTraceBehavior [ RunTime:0.001000s ]
INFO: [ app_end ] --END-- [ RunTime:0.001000s ]

[ 2017-07-30T14:24:28+08:00 ] ::1 /index.php/Home/Login/check_online
INFO: [ app_init ] --START--
INFO: Run Behavior\BuildLiteBehavior [ RunTime:0.000000s ]
INFO: [ app_init ] --END-- [ RunTime:0.001000s ]
INFO: [ app_begin ] --START--
INFO: Run Behavior\ReadHtmlCacheBehavior [ RunTime:0.001000s ]
INFO: [ app_begin ] --END-- [ RunTime:0.001000s ]
INFO: [ app_end ] --START--
INFO: Run Behavior\ShowPageTraceBehavior [ RunTime:0.000000s ]
INFO: [ app_end ] --END-- [ RunTime:0.000000s ]

[ 2017-07-30T14:24:34+08:00 ] ::1 /
INFO: [ app_init ] --START--
INFO: Run Behavior\BuildLiteBehavior [ RunTime:0.000000s ]
INFO: [ app_init ] --END-- [ RunTime:0.000000s ]
INFO: [ app_begin ] --START--
INFO: Run Behavior\ReadHtmlCacheBehavior [ RunTime:0.000000s ]
INFO: [ app_begin ] --END-- [ RunTime:0.000000s ]
NOTIC: [2048] Declaration of Home\Model\GoodsModel::_after_insert() should be compatible with Think\Model::_after_insert($data, $options) F:\htdocs\school\Application\Home\Model\GoodsModel.class.php 第 8 行.
SQL: SHOW COLUMNS FROM `goods` [ RunTime:0.0050s ]
SQL: SHOW COLUMNS FROM `goodsuser` [ RunTime:0.0050s ]
SQL: SHOW COLUMNS FROM `helpgoods` [ RunTime:0.0050s ]
SQL: SHOW COLUMNS FROM `areas` [ RunTime:0.0050s ]
SQL: SHOW COLUMNS FROM `categorys` [ RunTime:0.0030s ]
SQL: SHOW COLUMNS FROM `tips` [ RunTime:0.0030s ]
SQL: SHOW COLUMNS FROM `picture` [ RunTime:0.0020s ]
SQL: SELECT * FROM `categorys`  [ RunTime:0.0010s ]
SQL: SELECT `c_id` FROM `categorys` WHERE `c_id` = 1 LIMIT 1   [ RunTime:0.0000s ]
SQL: SELECT `c_id` FROM `categorys` WHERE `c_id` = 1 LIMIT 1   [ RunTime:0.0010s ]
SQL: SELECT `c_id` FROM `categorys` WHERE `c_id` = 1 LIMIT 1   [ RunTime:0.0000s ]
SQL: SELECT `c_id` FROM `categorys` WHERE `c_id` = 3 LIMIT 1   [ RunTime:0.0000s ]
SQL: SELECT `c_id` FROM `categorys` WHERE `c_id` = 3 LIMIT 1   [ RunTime:0.0010s ]
SQL: SELECT `c_id` FROM `categorys` WHERE `c_id` = 4 LIMIT 1   [ RunTime:0.0000s ]
SQL: SELECT `c_id` FROM `categorys` WHERE `c_id` = 4 LIMIT 1   [ RunTime:0.0000s ]
SQL: SELECT `c_id` FROM `categorys` WHERE `c_id` = 4 LIMIT 1   [ RunTime:0.0010s ]
SQL: SELECT `c_id` FROM `categorys` WHERE `c_id` = 4 LIMIT 1   [ RunTime:0.0000s ]
SQL: SELECT `c_id` FROM `categorys` WHERE `c_id` = 4 LIMIT 1   [ RunTime:0.0000s ]
SQL: SELECT `c_id` FROM `categorys` WHERE `c_id` = 4 LIMIT 1   [ RunTime:0.0010s ]
SQL: SELECT `c_id` FROM `categorys` WHERE `c_id` = 4 LIMIT 1   [ RunTime:0.0000s ]
SQL: SELECT `c_id` FROM `categorys` WHERE `c_id` = 5 LIMIT 1   [ RunTime:0.0000s ]
SQL: SELECT `c_id` FROM `categorys` WHERE `c_id` = 5 LIMIT 1   [ RunTime:0.0000s ]
SQL: SELECT `c_id` FROM `categorys` WHERE `c_id` = 5 LIMIT 1   [ RunTime:0.0000s ]
SQL: SELECT `c_id` FROM `categorys` WHERE `c_id` = 5 LIMIT 1   [ RunTime:0.0010s ]
SQL: SELECT `c_id` FROM `categorys` WHERE `c_id` = 5 LIMIT 1   [ RunTime:0.0000s ]
SQL: SELECT `c_id` FROM `categorys` WHERE `c_id` = 5 LIMIT 1   [ RunTime:0.0010s ]
SQL: SELECT `c_id` FROM `categorys` WHERE `c_id` = 5 LIMIT 1   [ RunTime:0.0000s ]
SQL: SELECT `c_id` FROM `categorys` WHERE `c_id` = 5 LIMIT 1   [ RunTime:0.0000s ]
SQL: SELECT `c_id` FROM `categorys` WHERE `c_id` = 6 LIMIT 1   [ RunTime:0.0000s ]
SQL: SELECT `c_id` FROM `categorys` WHERE `c_id` = 6 LIMIT 1   [ RunTime:0.0010s ]
SQL: SELECT `c_id` FROM `categorys` WHERE `c_id` = 6 LIMIT 1   [ RunTime:0.0000s ]
SQL: SELECT `c_id` FROM `categorys` WHERE `c_id` = 6 LIMIT 1   [ RunTime:0.0010s ]
SQL: SELECT `c_id` FROM `categorys` WHERE `c_id` = 6 LIMIT 1   [ RunTime:0.0000s ]
SQL: SELECT `c_id` FROM `categorys` WHERE `c_id` = 6 LIMIT 1   [ RunTime:0.0000s ]
SQL: SELECT `c_id` FROM `categorys` WHERE `c_id` = 6 LIMIT 1   [ RunTime:0.0010s ]
SQL: SELECT `c_id` FROM `categorys` WHERE `c_id` = 6 LIMIT 1   [ RunTime:0.0000s ]
SQL: SELECT `c_id` FROM `categorys` WHERE `c_id` = 6 LIMIT 1   [ RunTime:0.0000s ]
SQL: SELECT `c_id` FROM `categorys` WHERE `c_id` = 6 LIMIT 1   [ RunTime:0.0010s ]
SQL: SELECT `c_id` FROM `categorys` WHERE `c_id` = 7 LIMIT 1   [ RunTime:0.0000s ]
SQL: SELECT `c_id` FROM `categorys` WHERE `c_id` = 7 LIMIT 1   [ RunTime:0.0000s ]
SQL: SELECT `c_id` FROM `categorys` WHERE `c_id` = 7 LIMIT 1   [ RunTime:0.0010s ]
SQL: SELECT `c_id` FROM `categorys` WHERE `c_id` = 7 LIMIT 1   [ RunTime:0.0000s ]
SQL: SELECT `c_id` FROM `categorys` WHERE `c_id` = 7 LIMIT 1   [ RunTime:0.0000s ]
SQL: SELECT `c_id` FROM `categorys` WHERE `c_id` = 7 LIMIT 1   [ RunTime:0.0010s ]
SQL: SELECT `c_id` FROM `categorys` WHERE `c_id` = 8 LIMIT 1   [ RunTime:0.0000s ]
SQL: SELECT `c_id` FROM `categorys` WHERE `c_id` = 8 LIMIT 1   [ RunTime:0.0000s ]
SQL: SELECT `c_id` FROM `categorys` WHERE `c_id` = 8 LIMIT 1   [ RunTime:0.0010s ]
SQL: SELECT `c_id` FROM `categorys` WHERE `c_id` = 8 LIMIT 1   [ RunTime:0.0000s ]
SQL: SELECT `c_id` FROM `categorys` WHERE `c_id` = 8 LIMIT 1   [ RunTime:0.0000s ]
SQL: SELECT `c_id` FROM `categorys` WHERE `c_id` = 8 LIMIT 1   [ RunTime:0.0000s ]
SQL: SELECT `c_id` FROM `categorys` WHERE `c_id` = 8 LIMIT 1   [ RunTime:0.0000s ]
SQL: SELECT `c_id` FROM `categorys` WHERE `c_id` = 9 LIMIT 1   [ RunTime:0.0000s ]
SQL: SELECT `c_id` FROM `categorys` WHERE `c_id` = 9 LIMIT 1   [ RunTime:0.0000s ]
SQL: SELECT `c_id` FROM `categorys` WHERE `c_id` = 9 LIMIT 1   [ RunTime:0.0000s ]
SQL: SELECT `c_id` FROM `categorys` WHERE `c_id` = 9 LIMIT 1   [ RunTime:0.0000s ]
SQL: SELECT `c_id` FROM `categorys` WHERE `c_id` = 9 LIMIT 1   [ RunTime:0.0000s ]
SQL: SELECT `c_id` FROM `categorys` WHERE `c_id` = 9 LIMIT 1   [ RunTime:0.0010s ]
SQL: SELECT `c_id` FROM `categorys` WHERE `c_id` = 9 LIMIT 1   [ RunTime:0.0000s ]
SQL: SELECT `c_id` FROM `categorys` WHERE `c_id` = 2 LIMIT 1   [ RunTime:0.0000s ]
SQL: SELECT `c_id` FROM `categorys` WHERE `c_id` = 1 LIMIT 1   [ RunTime:0.0000s ]
SQL: SELECT * FROM `categorys`  [ RunTime:0.0000s ]
SQL: SELECT * FROM `areas` WHERE `a_name` = '西安医学院' LIMIT 1   [ RunTime:0.0000s ]
SQL: SELECT `goods_id`,`gu_time` FROM `goodsuser` WHERE `gu_flag` = 'y' AND `school_id` = 4 ORDER BY gu_time desc LIMIT 10   [ RunTime:0.0000s ]
NOTIC: [8] Undefined variable: y_data F:\htdocs\school\Application\Home\Controller\IndexController.class.php 第 105 行.
NOTIC: [2] unlink(./Application/Runtime/Temp/bf49b5ebc57997d43ccbe0fa5b51f0a4.php): No such file or directory F:\htdocs\school\ThinkPHP\Library\Think\Cache\Driver\File.class.php 第 157 行.
SQL: SELECT * FROM `areas`  [ RunTime:0.0000s ]
NOTIC: [8] Undefined variable: y_data F:\htdocs\school\Application\Home\Controller\IndexController.class.php 第 141 行.
INFO: [ view_parse ] --START--
INFO: [ template_filter ] --START--
INFO: Run Behavior\ContentReplaceBehavior [ RunTime:0.000000s ]
INFO: [ template_filter ] --END-- [ RunTime:0.000000s ]
NOTIC: [8] Use of undefined constant y - assumed 'y' F:\htdocs\school\Application\Runtime\Cache\Home\2a94b8bda04ff446dcedd42276fc99ee.php 第 154 行.
NOTIC: [8] Use of undefined constant y - assumed 'y' F:\htdocs\school\Application\Runtime\Cache\Home\2a94b8bda04ff446dcedd42276fc99ee.php 第 154 行.
NOTIC: [8] Use of undefined constant y - assumed 'y' F:\htdocs\school\Application\Runtime\Cache\Home\2a94b8bda04ff446dcedd42276fc99ee.php 第 154 行.
NOTIC: [8] Use of undefined constant y - assumed 'y' F:\htdocs\school\Application\Runtime\Cache\Home\2a94b8bda04ff446dcedd42276fc99ee.php 第 154 行.
INFO: Run Behavior\ParseTemplateBehavior [ RunTime:0.024002s ]
INFO: [ view_parse ] --END-- [ RunTime:0.024002s ]
INFO: [ view_filter ] --START--
INFO: Run Behavior\WriteHtmlCacheBehavior [ RunTime:0.000000s ]
INFO: [ view_filter ] --END-- [ RunTime:0.000000s ]
INFO: [ app_end ] --START--
INFO: Run Behavior\ShowPageTraceBehavior [ RunTime:0.001000s ]
INFO: [ app_end ] --END-- [ RunTime:0.001000s ]

[ 2017-07-30T14:24:34+08:00 ] ::1 /index.php/Home/Login/check_online
INFO: [ app_init ] --START--
INFO: Run Behavior\BuildLiteBehavior [ RunTime:0.000000s ]
INFO: [ app_init ] --END-- [ RunTime:0.000000s ]
INFO: [ app_begin ] --START--
INFO: Run Behavior\ReadHtmlCacheBehavior [ RunTime:0.001000s ]
INFO: [ app_begin ] --END-- [ RunTime:0.001000s ]
INFO: [ app_end ] --START--
INFO: Run Behavior\ShowPageTraceBehavior [ RunTime:0.000000s ]
INFO: [ app_end ] --END-- [ RunTime:0.001000s ]

[ 2017-07-30T19:49:59+08:00 ] 127.0.0.1 /
INFO: [ app_init ] --START--
INFO: Run Behavior\BuildLiteBehavior [ RunTime:0.000000s ]
INFO: [ app_init ] --END-- [ RunTime:0.012000s ]
INFO: [ app_begin ] --START--
INFO: Run Behavior\ReadHtmlCacheBehavior [ RunTime:0.006000s ]
INFO: [ app_begin ] --END-- [ RunTime:0.006000s ]
NOTIC: [2048] Declaration of Home\Model\GoodsModel::_after_insert() should be compatible with Think\Model::_after_insert($data, $options) F:\htdocs\school\Application\Home\Model\GoodsModel.class.php 第 8 行.
SQL: SHOW COLUMNS FROM `goods` [ RunTime:0.2510s ]
SQL: SHOW COLUMNS FROM `goodsuser` [ RunTime:0.0050s ]
SQL: SHOW COLUMNS FROM `helpgoods` [ RunTime:0.0030s ]
SQL: SHOW COLUMNS FROM `areas` [ RunTime:0.0030s ]
SQL: SHOW COLUMNS FROM `categorys` [ RunTime:0.0020s ]
SQL: SHOW COLUMNS FROM `tips` [ RunTime:0.0030s ]
SQL: SHOW COLUMNS FROM `picture` [ RunTime:0.0020s ]
SQL: SELECT * FROM `picture` WHERE `flag` = 'y'  [ RunTime:0.0010s ]
SQL: SELECT * FROM `tips` ORDER BY time desc LIMIT 1   [ RunTime:0.0010s ]
SQL: SELECT * FROM `categorys`  [ RunTime:0.0010s ]
SQL: SELECT `c_id` FROM `categorys` WHERE `c_id` = 1 LIMIT 1   [ RunTime:0.0010s ]
SQL: SELECT `c_id` FROM `categorys` WHERE `c_id` = 1 LIMIT 1   [ RunTime:0.0010s ]
SQL: SELECT `c_id` FROM `categorys` WHERE `c_id` = 1 LIMIT 1   [ RunTime:0.0000s ]
SQL: SELECT `c_id` FROM `categorys` WHERE `c_id` = 3 LIMIT 1   [ RunTime:0.0000s ]
SQL: SELECT `c_id` FROM `categorys` WHERE `c_id` = 3 LIMIT 1   [ RunTime:0.0000s ]
SQL: SELECT `c_id` FROM `categorys` WHERE `c_id` = 4 LIMIT 1   [ RunTime:0.0000s ]
SQL: SELECT `c_id` FROM `categorys` WHERE `c_id` = 4 LIMIT 1   [ RunTime:0.0010s ]
SQL: SELECT `c_id` FROM `categorys` WHERE `c_id` = 4 LIMIT 1   [ RunTime:0.0000s ]
SQL: SELECT `c_id` FROM `categorys` WHERE `c_id` = 4 LIMIT 1   [ RunTime:0.0000s ]
SQL: SELECT `c_id` FROM `categorys` WHERE `c_id` = 4 LIMIT 1   [ RunTime:0.0000s ]
SQL: SELECT `c_id` FROM `categorys` WHERE `c_id` = 4 LIMIT 1   [ RunTime:0.0000s ]
SQL: SELECT `c_id` FROM `categorys` WHERE `c_id` = 4 LIMIT 1   [ RunTime:0.0000s ]
SQL: SELECT `c_id` FROM `categorys` WHERE `c_id` = 5 LIMIT 1   [ RunTime:0.0000s ]
SQL: SELECT `c_id` FROM `categorys` WHERE `c_id` = 5 LIMIT 1   [ RunTime:0.0000s ]
SQL: SELECT `c_id` FROM `categorys` WHERE `c_id` = 5 LIMIT 1   [ RunTime:0.0000s ]
SQL: SELECT `c_id` FROM `categorys` WHERE `c_id` = 5 LIMIT 1   [ RunTime:0.0010s ]
SQL: SELECT `c_id` FROM `categorys` WHERE `c_id` = 5 LIMIT 1   [ RunTime:0.0000s ]
SQL: SELECT `c_id` FROM `categorys` WHERE `c_id` = 5 LIMIT 1   [ RunTime:0.0000s ]
SQL: SELECT `c_id` FROM `categorys` WHERE `c_id` = 5 LIMIT 1   [ RunTime:0.0000s ]
SQL: SELECT `c_id` FROM `categorys` WHERE `c_id` = 5 LIMIT 1   [ RunTime:0.0000s ]
SQL: SELECT `c_id` FROM `categorys` WHERE `c_id` = 6 LIMIT 1   [ RunTime:0.0010s ]
SQL: SELECT `c_id` FROM `categorys` WHERE `c_id` = 6 LIMIT 1   [ RunTime:0.0000s ]
SQL: SELECT `c_id` FROM `categorys` WHERE `c_id` = 6 LIMIT 1   [ RunTime:0.0010s ]
SQL: SELECT `c_id` FROM `categorys` WHERE `c_id` = 6 LIMIT 1   [ RunTime:0.0000s ]
SQL: SELECT `c_id` FROM `categorys` WHERE `c_id` = 6 LIMIT 1   [ RunTime:0.0010s ]
SQL: SELECT `c_id` FROM `categorys` WHERE `c_id` = 6 LIMIT 1   [ RunTime:0.0000s ]
SQL: SELECT `c_id` FROM `categorys` WHERE `c_id` = 6 LIMIT 1   [ RunTime:0.0000s ]
SQL: SELECT `c_id` FROM `categorys` WHERE `c_id` = 6 LIMIT 1   [ RunTime:0.0000s ]
SQL: SELECT `c_id` FROM `categorys` WHERE `c_id` = 6 LIMIT 1   [ RunTime:0.0000s ]
SQL: SELECT `c_id` FROM `categorys` WHERE `c_id` = 6 LIMIT 1   [ RunTime:0.0000s ]
SQL: SELECT `c_id` FROM `categorys` WHERE `c_id` = 7 LIMIT 1   [ RunTime:0.0000s ]
SQL: SELECT `c_id` FROM `categorys` WHERE `c_id` = 7 LIMIT 1   [ RunTime:0.0010s ]
SQL: SELECT `c_id` FROM `categorys` WHERE `c_id` = 7 LIMIT 1   [ RunTime:0.0000s ]
SQL: SELECT `c_id` FROM `categorys` WHERE `c_id` = 7 LIMIT 1   [ RunTime:0.0010s ]
SQL: SELECT `c_id` FROM `categorys` WHERE `c_id` = 7 LIMIT 1   [ RunTime:0.0000s ]
SQL: SELECT `c_id` FROM `categorys` WHERE `c_id` = 7 LIMIT 1   [ RunTime:0.0000s ]
SQL: SELECT `c_id` FROM `categorys` WHERE `c_id` = 8 LIMIT 1   [ RunTime:0.0000s ]
SQL: SELECT `c_id` FROM `categorys` WHERE `c_id` = 8 LIMIT 1   [ RunTime:0.0000s ]
SQL: SELECT `c_id` FROM `categorys` WHERE `c_id` = 8 LIMIT 1   [ RunTime:0.0000s ]
SQL: SELECT `c_id` FROM `categorys` WHERE `c_id` = 8 LIMIT 1   [ RunTime:0.0010s ]
SQL: SELECT `c_id` FROM `categorys` WHERE `c_id` = 8 LIMIT 1   [ RunTime:0.0000s ]
SQL: SELECT `c_id` FROM `categorys` WHERE `c_id` = 8 LIMIT 1   [ RunTime:0.0000s ]
SQL: SELECT `c_id` FROM `categorys` WHERE `c_id` = 8 LIMIT 1   [ RunTime:0.0000s ]
SQL: SELECT `c_id` FROM `categorys` WHERE `c_id` = 9 LIMIT 1   [ RunTime:0.0010s ]
SQL: SELECT `c_id` FROM `categorys` WHERE `c_id` = 9 LIMIT 1   [ RunTime:0.0000s ]
SQL: SELECT `c_id` FROM `categorys` WHERE `c_id` = 9 LIMIT 1   [ RunTime:0.0000s ]
SQL: SELECT `c_id` FROM `categorys` WHERE `c_id` = 9 LIMIT 1   [ RunTime:0.0000s ]
SQL: SELECT `c_id` FROM `categorys` WHERE `c_id` = 9 LIMIT 1   [ RunTime:0.0000s ]
SQL: SELECT `c_id` FROM `categorys` WHERE `c_id` = 9 LIMIT 1   [ RunTime:0.0000s ]
SQL: SELECT `c_id` FROM `categorys` WHERE `c_id` = 9 LIMIT 1   [ RunTime:0.0000s ]
SQL: SELECT `c_id` FROM `categorys` WHERE `c_id` = 2 LIMIT 1   [ RunTime:0.0000s ]
SQL: SELECT `c_id` FROM `categorys` WHERE `c_id` = 1 LIMIT 1   [ RunTime:0.0000s ]
SQL: SELECT * FROM `categorys`  [ RunTime:0.0000s ]
SQL: SELECT * FROM `areas` WHERE `a_name` = '西安工业大学' LIMIT 1   [ RunTime:0.0000s ]
SQL: SELECT `goods_id`,`gu_time` FROM `goodsuser` WHERE `gu_flag` = 'y' AND `school_id` = 6 ORDER BY gu_time desc LIMIT 10   [ RunTime:0.0000s ]
SQL: SELECT `g_id`,`g_logo`,`g_name`,`g_price` FROM `goods` WHERE `g_id` = 26 AND `g_price` > 0  [ RunTime:0.0000s ]
SQL: SELECT `g_id`,`g_logo`,`g_name`,`g_price` FROM `goods` WHERE `g_id` = 24 AND `g_price` > 0  [ RunTime:0.0000s ]
SQL: SELECT `g_id`,`g_logo`,`g_name`,`g_price` FROM `goods` WHERE `g_id` = 23 AND `g_price` > 0  [ RunTime:0.0000s ]
SQL: SELECT `g_id`,`g_logo`,`g_name`,`g_price` FROM `goods` WHERE `g_id` = 22 AND `g_price` > 0  [ RunTime:0.0000s ]
SQL: SELECT `g_id`,`g_logo`,`g_name`,`g_price` FROM `goods` WHERE `g_id` = 21 AND `g_price` > 0  [ RunTime:0.0000s ]
SQL: SELECT `g_id`,`g_logo`,`g_name`,`g_price` FROM `goods` WHERE `g_id` = 20 AND `g_price` > 0  [ RunTime:0.0010s ]
SQL: SELECT `g_id`,`g_logo`,`g_name`,`g_price` FROM `goods` WHERE `g_id` = 19 AND `g_price` > 0  [ RunTime:0.0010s ]
SQL: SELECT `g_id`,`g_logo`,`g_name`,`g_price` FROM `goods` WHERE `g_id` = 16 AND `g_price` > 0  [ RunTime:0.0010s ]
SQL: SELECT `g_id`,`g_logo`,`g_name`,`g_price` FROM `goods` WHERE `g_id` = 12 AND `g_price` > 0  [ RunTime:0.0010s ]
SQL: SELECT `g_id`,`g_logo`,`g_name`,`g_price` FROM `goods` WHERE `g_id` = 11 AND `g_price` > 0  [ RunTime:0.0010s ]
SQL: SELECT * FROM `areas` WHERE `a_name` = '陕西科技大学' LIMIT 1   [ RunTime:0.0000s ]
SQL: SELECT `goods_id`,`gu_time` FROM `goodsuser` WHERE `gu_flag` = 'y' AND `school_id` = 3 ORDER BY gu_time desc LIMIT 10   [ RunTime:0.0000s ]
SQL: SELECT `g_id`,`g_logo`,`g_name`,`g_price` FROM `goods` WHERE `g_id` = 18 AND `g_price` > 0  [ RunTime:0.0000s ]
SQL: SELECT `g_id`,`g_logo`,`g_name`,`g_price` FROM `goods` WHERE `g_id` = 17 AND `g_price` > 0  [ RunTime:0.0000s ]
SQL: SELECT `g_id`,`g_logo`,`g_name`,`g_price` FROM `goods` WHERE `g_id` = 9 AND `g_price` > 0  [ RunTime:0.0000s ]
SQL: SELECT `g_id`,`g_logo`,`g_name`,`g_price` FROM `goods` WHERE `g_id` = 8 AND `g_price` > 0  [ RunTime:0.0000s ]
SQL: SELECT * FROM `areas` WHERE `a_name` = '西安医学院' LIMIT 1   [ RunTime:0.0010s ]
SQL: SELECT `goods_id`,`gu_time` FROM `goodsuser` WHERE `gu_flag` = 'y' AND `school_id` = 4 ORDER BY gu_time desc LIMIT 10   [ RunTime:0.0010s ]
NOTIC: [8] Undefined variable: y_data F:\htdocs\school\Application\Home\Controller\IndexController.class.php 第 105 行.
NOTIC: [2] unlink(./Application/Runtime/Temp/bf49b5ebc57997d43ccbe0fa5b51f0a4.php): No such file or directory F:\htdocs\school\ThinkPHP\Library\Think\Cache\Driver\File.class.php 第 157 行.
SQL: SELECT `goods_id`,`gu_time` FROM `goodsuser` WHERE `gu_flag` = 'y' ORDER BY gu_time desc LIMIT 10   [ RunTime:0.0010s ]
SQL: SELECT `g_id`,`g_logo`,`g_name`,`g_price` FROM `goods` WHERE `g_id` = 26 AND `g_price` = 0 LIMIT 1   [ RunTime:0.0000s ]
SQL: SELECT `g_id`,`g_logo`,`g_name`,`g_price` FROM `goods` WHERE `g_id` = 24 AND `g_price` = 0 LIMIT 1   [ RunTime:0.0000s ]
SQL: SELECT `g_id`,`g_logo`,`g_name`,`g_price` FROM `goods` WHERE `g_id` = 23 AND `g_price` = 0 LIMIT 1   [ RunTime:0.0010s ]
SQL: SELECT `g_id`,`g_logo`,`g_name`,`g_price` FROM `goods` WHERE `g_id` = 22 AND `g_price` = 0 LIMIT 1   [ RunTime:0.0010s ]
SQL: SELECT `g_id`,`g_logo`,`g_name`,`g_price` FROM `goods` WHERE `g_id` = 21 AND `g_price` = 0 LIMIT 1   [ RunTime:0.0000s ]
SQL: SELECT `g_id`,`g_logo`,`g_name`,`g_price` FROM `goods` WHERE `g_id` = 20 AND `g_price` = 0 LIMIT 1   [ RunTime:0.0000s ]
SQL: SELECT `g_id`,`g_logo`,`g_name`,`g_price` FROM `goods` WHERE `g_id` = 19 AND `g_price` = 0 LIMIT 1   [ RunTime:0.0000s ]
SQL: SELECT `g_id`,`g_logo`,`g_name`,`g_price` FROM `goods` WHERE `g_id` = 16 AND `g_price` = 0 LIMIT 1   [ RunTime:0.0000s ]
SQL: SELECT `g_id`,`g_logo`,`g_name`,`g_price` FROM `goods` WHERE `g_id` = 18 AND `g_price` = 0 LIMIT 1   [ RunTime:0.0000s ]
SQL: SELECT `g_id`,`g_logo`,`g_name`,`g_price` FROM `goods` WHERE `g_id` = 17 AND `g_price` = 0 LIMIT 1   [ RunTime:0.0000s ]
SQL: SELECT * FROM `areas`  [ RunTime:0.0010s ]
NOTIC: [8] Undefined variable: y_data F:\htdocs\school\Application\Home\Controller\IndexController.class.php 第 141 行.
INFO: [ view_parse ] --START--
INFO: [ template_filter ] --START--
INFO: Run Behavior\ContentReplaceBehavior [ RunTime:0.000000s ]
INFO: [ template_filter ] --END-- [ RunTime:0.000000s ]
NOTIC: [8] Use of undefined constant y - assumed 'y' F:\htdocs\school\Application\Runtime\Cache\Home\2a94b8bda04ff446dcedd42276fc99ee.php 第 154 行.
NOTIC: [8] Use of undefined constant y - assumed 'y' F:\htdocs\school\Application\Runtime\Cache\Home\2a94b8bda04ff446dcedd42276fc99ee.php 第 154 行.
NOTIC: [8] Use of undefined constant y - assumed 'y' F:\htdocs\school\Application\Runtime\Cache\Home\2a94b8bda04ff446dcedd42276fc99ee.php 第 154 行.
NOTIC: [8] Use of undefined constant y - assumed 'y' F:\htdocs\school\Application\Runtime\Cache\Home\2a94b8bda04ff446dcedd42276fc99ee.php 第 154 行.
INFO: Run Behavior\ParseTemplateBehavior [ RunTime:1.348077s ]
INFO: [ view_parse ] --END-- [ RunTime:1.348077s ]
INFO: [ view_filter ] --START--
INFO: Run Behavior\WriteHtmlCacheBehavior [ RunTime:0.341019s ]
INFO: [ view_filter ] --END-- [ RunTime:0.341019s ]
INFO: [ app_end ] --START--
INFO: Run Behavior\ShowPageTraceBehavior [ RunTime:0.387022s ]
INFO: [ app_end ] --END-- [ RunTime:0.387022s ]

