[ 2017-09-04T22:55:46+08:00 ] 127.0.0.1 /
INFO: [ app_init ] --START--
INFO: Run Behavior\BuildLiteBehavior [ RunTime:0.000000s ]
INFO: [ app_init ] --END-- [ RunTime:0.001000s ]
INFO: [ app_begin ] --START--
INFO: Run Behavior\ReadHtmlCacheBehavior [ RunTime:0.281016s ]
INFO: [ app_begin ] --END-- [ RunTime:0.281016s ]
NOTIC: [2048] Declaration of Home\Model\GoodsModel::_after_insert() should be compatible with Think\Model::_after_insert($data, $options) F:\htdocs\school\Application\Home\Model\GoodsModel.class.php 第 8 行.
SQL: SHOW COLUMNS FROM `goods` [ RunTime:0.1790s ]
SQL: SHOW COLUMNS FROM `goodsuser` [ RunTime:0.0100s ]
SQL: SHOW COLUMNS FROM `helpgoods` [ RunTime:0.0600s ]
SQL: SHOW COLUMNS FROM `areas` [ RunTime:0.1060s ]
SQL: SHOW COLUMNS FROM `categorys` [ RunTime:0.0490s ]
SQL: SHOW COLUMNS FROM `tips` [ RunTime:0.0550s ]
SQL: SHOW COLUMNS FROM `picture` [ RunTime:0.3760s ]
SQL: SELECT * FROM `picture` WHERE `flag` = 'y'  [ RunTime:0.1540s ]
SQL: SELECT * FROM `tips` ORDER BY time desc LIMIT 1   [ RunTime:1.1281s ]
SQL: SELECT * FROM `categorys`  [ RunTime:0.0010s ]
SQL: SELECT `c_id` FROM `categorys` WHERE `c_id` = 1 LIMIT 1   [ RunTime:0.2650s ]
SQL: SELECT `c_id` FROM `categorys` WHERE `c_id` = 1 LIMIT 1   [ RunTime:0.0010s ]
SQL: SELECT `c_id` FROM `categorys` WHERE `c_id` = 1 LIMIT 1   [ RunTime:0.0000s ]
SQL: SELECT `c_id` FROM `categorys` WHERE `c_id` = 3 LIMIT 1   [ RunTime:0.0010s ]
SQL: SELECT `c_id` FROM `categorys` WHERE `c_id` = 3 LIMIT 1   [ RunTime:0.0000s ]
SQL: SELECT `c_id` FROM `categorys` WHERE `c_id` = 4 LIMIT 1   [ RunTime:0.0000s ]
SQL: SELECT `c_id` FROM `categorys` WHERE `c_id` = 4 LIMIT 1   [ RunTime:0.0000s ]
SQL: SELECT `c_id` FROM `categorys` WHERE `c_id` = 4 LIMIT 1   [ RunTime:0.0000s ]
SQL: SELECT `c_id` FROM `categorys` WHERE `c_id` = 4 LIMIT 1   [ RunTime:0.0000s ]
SQL: SELECT `c_id` FROM `categorys` WHERE `c_id` = 4 LIMIT 1   [ RunTime:0.0000s ]
SQL: SELECT `c_id` FROM `categorys` WHERE `c_id` = 4 LIMIT 1   [ RunTime:0.0010s ]
SQL: SELECT `c_id` FROM `categorys` WHERE `c_id` = 4 LIMIT 1   [ RunTime:0.0000s ]
SQL: SELECT `c_id` FROM `categorys` WHERE `c_id` = 5 LIMIT 1   [ RunTime:0.0010s ]
SQL: SELECT `c_id` FROM `categorys` WHERE `c_id` = 5 LIMIT 1   [ RunTime:0.0000s ]
SQL: SELECT `c_id` FROM `categorys` WHERE `c_id` = 5 LIMIT 1   [ RunTime:0.0000s ]
SQL: SELECT `c_id` FROM `categorys` WHERE `c_id` = 5 LIMIT 1   [ RunTime:0.0000s ]
SQL: SELECT `c_id` FROM `categorys` WHERE `c_id` = 5 LIMIT 1   [ RunTime:0.0000s ]
SQL: SELECT `c_id` FROM `categorys` WHERE `c_id` = 5 LIMIT 1   [ RunTime:0.0000s ]
SQL: SELECT `c_id` FROM `categorys` WHERE `c_id` = 5 LIMIT 1   [ RunTime:0.0000s ]
SQL: SELECT `c_id` FROM `categorys` WHERE `c_id` = 5 LIMIT 1   [ RunTime:0.0000s ]
SQL: SELECT `c_id` FROM `categorys` WHERE `c_id` = 6 LIMIT 1   [ RunTime:0.0000s ]
SQL: SELECT `c_id` FROM `categorys` WHERE `c_id` = 6 LIMIT 1   [ RunTime:0.0000s ]
SQL: SELECT `c_id` FROM `categorys` WHERE `c_id` = 6 LIMIT 1   [ RunTime:0.0000s ]
SQL: SELECT `c_id` FROM `categorys` WHERE `c_id` = 6 LIMIT 1   [ RunTime:0.0000s ]
SQL: SELECT `c_id` FROM `categorys` WHERE `c_id` = 6 LIMIT 1   [ RunTime:0.0000s ]
SQL: SELECT `c_id` FROM `categorys` WHERE `c_id` = 6 LIMIT 1   [ RunTime:0.0000s ]
SQL: SELECT `c_id` FROM `categorys` WHERE `c_id` = 6 LIMIT 1   [ RunTime:0.0000s ]
SQL: SELECT `c_id` FROM `categorys` WHERE `c_id` = 6 LIMIT 1   [ RunTime:0.0010s ]
SQL: SELECT `c_id` FROM `categorys` WHERE `c_id` = 6 LIMIT 1   [ RunTime:0.0000s ]
SQL: SELECT `c_id` FROM `categorys` WHERE `c_id` = 6 LIMIT 1   [ RunTime:0.0000s ]
SQL: SELECT `c_id` FROM `categorys` WHERE `c_id` = 7 LIMIT 1   [ RunTime:0.0010s ]
SQL: SELECT `c_id` FROM `categorys` WHERE `c_id` = 7 LIMIT 1   [ RunTime:0.0000s ]
SQL: SELECT `c_id` FROM `categorys` WHERE `c_id` = 7 LIMIT 1   [ RunTime:0.0000s ]
SQL: SELECT `c_id` FROM `categorys` WHERE `c_id` = 7 LIMIT 1   [ RunTime:0.0010s ]
SQL: SELECT `c_id` FROM `categorys` WHERE `c_id` = 7 LIMIT 1   [ RunTime:0.0000s ]
SQL: SELECT `c_id` FROM `categorys` WHERE `c_id` = 7 LIMIT 1   [ RunTime:0.0000s ]
SQL: SELECT `c_id` FROM `categorys` WHERE `c_id` = 8 LIMIT 1   [ RunTime:0.0010s ]
SQL: SELECT `c_id` FROM `categorys` WHERE `c_id` = 8 LIMIT 1   [ RunTime:0.0000s ]
SQL: SELECT `c_id` FROM `categorys` WHERE `c_id` = 8 LIMIT 1   [ RunTime:0.0000s ]
SQL: SELECT `c_id` FROM `categorys` WHERE `c_id` = 8 LIMIT 1   [ RunTime:0.0000s ]
SQL: SELECT `c_id` FROM `categorys` WHERE `c_id` = 8 LIMIT 1   [ RunTime:0.0000s ]
SQL: SELECT `c_id` FROM `categorys` WHERE `c_id` = 8 LIMIT 1   [ RunTime:0.0010s ]
SQL: SELECT `c_id` FROM `categorys` WHERE `c_id` = 8 LIMIT 1   [ RunTime:0.0000s ]
SQL: SELECT `c_id` FROM `categorys` WHERE `c_id` = 9 LIMIT 1   [ RunTime:0.0000s ]
SQL: SELECT `c_id` FROM `categorys` WHERE `c_id` = 9 LIMIT 1   [ RunTime:0.0000s ]
SQL: SELECT `c_id` FROM `categorys` WHERE `c_id` = 9 LIMIT 1   [ RunTime:0.0000s ]
SQL: SELECT `c_id` FROM `categorys` WHERE `c_id` = 9 LIMIT 1   [ RunTime:0.0010s ]
SQL: SELECT `c_id` FROM `categorys` WHERE `c_id` = 9 LIMIT 1   [ RunTime:0.0000s ]
SQL: SELECT `c_id` FROM `categorys` WHERE `c_id` = 9 LIMIT 1   [ RunTime:0.0000s ]
SQL: SELECT `c_id` FROM `categorys` WHERE `c_id` = 9 LIMIT 1   [ RunTime:0.0000s ]
SQL: SELECT `c_id` FROM `categorys` WHERE `c_id` = 2 LIMIT 1   [ RunTime:0.0000s ]
SQL: SELECT `c_id` FROM `categorys` WHERE `c_id` = 1 LIMIT 1   [ RunTime:0.0000s ]
SQL: SELECT * FROM `categorys`  [ RunTime:0.0000s ]
SQL: SELECT * FROM `areas` WHERE `a_name` = '西安工业大学' LIMIT 1   [ RunTime:0.0000s ]
SQL: SELECT `goods_id`,`gu_time` FROM `goodsuser` WHERE `gu_flag` = 'y' AND `school_id` = 6 ORDER BY gu_time desc LIMIT 10   [ RunTime:0.0000s ]
SQL: SELECT `g_id`,`g_logo`,`g_name`,`g_price` FROM `goods` WHERE `g_id` = 26 AND `g_price` > 0  [ RunTime:0.2900s ]
SQL: SELECT `g_id`,`g_logo`,`g_name`,`g_price` FROM `goods` WHERE `g_id` = 24 AND `g_price` > 0  [ RunTime:0.0000s ]
SQL: SELECT `g_id`,`g_logo`,`g_name`,`g_price` FROM `goods` WHERE `g_id` = 23 AND `g_price` > 0  [ RunTime:0.0000s ]
SQL: SELECT `g_id`,`g_logo`,`g_name`,`g_price` FROM `goods` WHERE `g_id` = 22 AND `g_price` > 0  [ RunTime:0.0000s ]
SQL: SELECT `g_id`,`g_logo`,`g_name`,`g_price` FROM `goods` WHERE `g_id` = 21 AND `g_price` > 0  [ RunTime:0.0000s ]
SQL: SELECT `g_id`,`g_logo`,`g_name`,`g_price` FROM `goods` WHERE `g_id` = 20 AND `g_price` > 0  [ RunTime:0.0000s ]
SQL: SELECT `g_id`,`g_logo`,`g_name`,`g_price` FROM `goods` WHERE `g_id` = 19 AND `g_price` > 0  [ RunTime:0.0000s ]
SQL: SELECT `g_id`,`g_logo`,`g_name`,`g_price` FROM `goods` WHERE `g_id` = 16 AND `g_price` > 0  [ RunTime:0.0000s ]
SQL: SELECT `g_id`,`g_logo`,`g_name`,`g_price` FROM `goods` WHERE `g_id` = 12 AND `g_price` > 0  [ RunTime:0.0000s ]
SQL: SELECT `g_id`,`g_logo`,`g_name`,`g_price` FROM `goods` WHERE `g_id` = 11 AND `g_price` > 0  [ RunTime:0.0010s ]
SQL: SELECT * FROM `areas` WHERE `a_name` = '陕西科技大学' LIMIT 1   [ RunTime:0.0000s ]
SQL: SELECT `goods_id`,`gu_time` FROM `goodsuser` WHERE `gu_flag` = 'y' AND `school_id` = 3 ORDER BY gu_time desc LIMIT 10   [ RunTime:0.0010s ]
SQL: SELECT `g_id`,`g_logo`,`g_name`,`g_price` FROM `goods` WHERE `g_id` = 18 AND `g_price` > 0  [ RunTime:0.0000s ]
SQL: SELECT `g_id`,`g_logo`,`g_name`,`g_price` FROM `goods` WHERE `g_id` = 17 AND `g_price` > 0  [ RunTime:0.0010s ]
SQL: SELECT `g_id`,`g_logo`,`g_name`,`g_price` FROM `goods` WHERE `g_id` = 9 AND `g_price` > 0  [ RunTime:0.0010s ]
SQL: SELECT `g_id`,`g_logo`,`g_name`,`g_price` FROM `goods` WHERE `g_id` = 8 AND `g_price` > 0  [ RunTime:0.0000s ]
SQL: SELECT * FROM `areas` WHERE `a_name` = '西安医学院' LIMIT 1   [ RunTime:0.0010s ]
SQL: SELECT `goods_id`,`gu_time` FROM `goodsuser` WHERE `gu_flag` = 'y' AND `school_id` = 4 ORDER BY gu_time desc LIMIT 10   [ RunTime:0.0000s ]
NOTIC: [8] Undefined variable: y_data F:\htdocs\school\Application\Home\Controller\IndexController.class.php 第 105 行.
NOTIC: [2] unlink(./Application/Runtime/Temp/bf49b5ebc57997d43ccbe0fa5b51f0a4.php): No such file or directory F:\htdocs\school\ThinkPHP\Library\Think\Cache\Driver\File.class.php 第 157 行.
SQL: SELECT `goods_id`,`gu_time` FROM `goodsuser` WHERE `gu_flag` = 'y' ORDER BY gu_time desc LIMIT 10   [ RunTime:0.0010s ]
SQL: SELECT `g_id`,`g_logo`,`g_name`,`g_price` FROM `goods` WHERE `g_id` = 26 AND `g_price` = 0 LIMIT 1   [ RunTime:0.0000s ]
SQL: SELECT `g_id`,`g_logo`,`g_name`,`g_price` FROM `goods` WHERE `g_id` = 24 AND `g_price` = 0 LIMIT 1   [ RunTime:0.0000s ]
SQL: SELECT `g_id`,`g_logo`,`g_name`,`g_price` FROM `goods` WHERE `g_id` = 23 AND `g_price` = 0 LIMIT 1   [ RunTime:0.0010s ]
SQL: SELECT `g_id`,`g_logo`,`g_name`,`g_price` FROM `goods` WHERE `g_id` = 22 AND `g_price` = 0 LIMIT 1   [ RunTime:0.0000s ]
SQL: SELECT `g_id`,`g_logo`,`g_name`,`g_price` FROM `goods` WHERE `g_id` = 21 AND `g_price` = 0 LIMIT 1   [ RunTime:0.0000s ]
SQL: SELECT `g_id`,`g_logo`,`g_name`,`g_price` FROM `goods` WHERE `g_id` = 20 AND `g_price` = 0 LIMIT 1   [ RunTime:0.0010s ]
SQL: SELECT `g_id`,`g_logo`,`g_name`,`g_price` FROM `goods` WHERE `g_id` = 19 AND `g_price` = 0 LIMIT 1   [ RunTime:0.0000s ]
SQL: SELECT `g_id`,`g_logo`,`g_name`,`g_price` FROM `goods` WHERE `g_id` = 16 AND `g_price` = 0 LIMIT 1   [ RunTime:0.0000s ]
SQL: SELECT `g_id`,`g_logo`,`g_name`,`g_price` FROM `goods` WHERE `g_id` = 18 AND `g_price` = 0 LIMIT 1   [ RunTime:0.0000s ]
SQL: SELECT `g_id`,`g_logo`,`g_name`,`g_price` FROM `goods` WHERE `g_id` = 17 AND `g_price` = 0 LIMIT 1   [ RunTime:0.0010s ]
SQL: SELECT * FROM `areas`  [ RunTime:0.0000s ]
NOTIC: [8] Undefined variable: y_data F:\htdocs\school\Application\Home\Controller\IndexController.class.php 第 141 行.
INFO: [ view_parse ] --START--
INFO: [ template_filter ] --START--
INFO: Run Behavior\ContentReplaceBehavior [ RunTime:0.000000s ]
INFO: [ template_filter ] --END-- [ RunTime:0.000000s ]
NOTIC: [8] Use of undefined constant y - assumed 'y' F:\htdocs\school\Application\Runtime\Cache\Home\2a94b8bda04ff446dcedd42276fc99ee.php 第 154 行.
NOTIC: [8] Use of undefined constant y - assumed 'y' F:\htdocs\school\Application\Runtime\Cache\Home\2a94b8bda04ff446dcedd42276fc99ee.php 第 154 行.
NOTIC: [8] Use of undefined constant y - assumed 'y' F:\htdocs\school\Application\Runtime\Cache\Home\2a94b8bda04ff446dcedd42276fc99ee.php 第 154 行.
NOTIC: [8] Use of undefined constant y - assumed 'y' F:\htdocs\school\Application\Runtime\Cache\Home\2a94b8bda04ff446dcedd42276fc99ee.php 第 154 行.
INFO: Run Behavior\ParseTemplateBehavior [ RunTime:3.426196s ]
INFO: [ view_parse ] --END-- [ RunTime:3.426196s ]
INFO: [ view_filter ] --START--
INFO: Run Behavior\WriteHtmlCacheBehavior [ RunTime:1.110063s ]
INFO: [ view_filter ] --END-- [ RunTime:1.110063s ]
INFO: [ app_end ] --START--
INFO: Run Behavior\ShowPageTraceBehavior [ RunTime:0.326019s ]
INFO: [ app_end ] --END-- [ RunTime:0.327019s ]

