[ 2017-05-16T16:09:43+08:00 ] ::1 /school/index.php/Home/Index/index
INFO: [ app_init ] --START--
INFO: Run Behavior\BuildLiteBehavior [ RunTime:0.000048s ]
INFO: [ app_init ] --END-- [ RunTime:0.002052s ]
INFO: [ app_begin ] --START--
INFO: Run Behavior\ReadHtmlCacheBehavior [ RunTime:0.001894s ]
INFO: [ app_begin ] --END-- [ RunTime:0.002083s ]
NOTIC: [2048] Declaration of Home\Model\GoodsModel::_after_insert() should be compatible with Think\Model::_after_insert($data, $options) G:\htdocs\school\Application\Home\Model\GoodsModel.class.php 第 6 行.
SQL: SHOW COLUMNS FROM `goods` [ RunTime:0.0657s ]
SQL: SHOW COLUMNS FROM `goodsuser` [ RunTime:0.1640s ]
SQL: SHOW COLUMNS FROM `helpgoods` [ RunTime:0.0324s ]
SQL: SHOW COLUMNS FROM `categorys` [ RunTime:0.0349s ]
SQL: SELECT * FROM `categorys`  [ RunTime:0.0018s ]
SQL: SELECT `c_name` FROM `categorys` WHERE `c_id` = 1 LIMIT 1   [ RunTime:0.0012s ]
SQL: SELECT `c_name` FROM `categorys` WHERE `c_id` = 1 LIMIT 1   [ RunTime:0.0013s ]
SQL: SELECT `c_name` FROM `categorys` WHERE `c_id` = 1 LIMIT 1   [ RunTime:0.0014s ]
SQL: SELECT `c_name` FROM `categorys` WHERE `c_id` = 1 LIMIT 1   [ RunTime:0.0015s ]
SQL: SELECT `c_name` FROM `categorys` WHERE `c_id` = 3 LIMIT 1   [ RunTime:0.0013s ]
SQL: SELECT `c_name` FROM `categorys` WHERE `c_id` = 3 LIMIT 1   [ RunTime:0.0013s ]
SQL: SELECT `c_name` FROM `categorys` WHERE `c_id` = 4 LIMIT 1   [ RunTime:0.0013s ]
SQL: SELECT `c_name` FROM `categorys` WHERE `c_id` = 4 LIMIT 1   [ RunTime:0.0013s ]
SQL: SELECT `c_name` FROM `categorys` WHERE `c_id` = 4 LIMIT 1   [ RunTime:0.0014s ]
SQL: SELECT `c_name` FROM `categorys` WHERE `c_id` = 4 LIMIT 1   [ RunTime:0.0017s ]
SQL: SELECT `c_name` FROM `categorys` WHERE `c_id` = 4 LIMIT 1   [ RunTime:0.0014s ]
SQL: SELECT `c_name` FROM `categorys` WHERE `c_id` = 4 LIMIT 1   [ RunTime:0.0019s ]
SQL: SELECT `c_name` FROM `categorys` WHERE `c_id` = 4 LIMIT 1   [ RunTime:0.0014s ]
SQL: SELECT `c_name` FROM `categorys` WHERE `c_id` = 5 LIMIT 1   [ RunTime:0.0013s ]
SQL: SELECT `c_name` FROM `categorys` WHERE `c_id` = 5 LIMIT 1   [ RunTime:0.0014s ]
SQL: SELECT `c_name` FROM `categorys` WHERE `c_id` = 5 LIMIT 1   [ RunTime:0.0014s ]
SQL: SELECT `c_name` FROM `categorys` WHERE `c_id` = 5 LIMIT 1   [ RunTime:0.0014s ]
SQL: SELECT `c_name` FROM `categorys` WHERE `c_id` = 5 LIMIT 1   [ RunTime:0.0013s ]
SQL: SELECT `c_name` FROM `categorys` WHERE `c_id` = 5 LIMIT 1   [ RunTime:0.0012s ]
SQL: SELECT `c_name` FROM `categorys` WHERE `c_id` = 5 LIMIT 1   [ RunTime:0.0012s ]
SQL: SELECT `c_name` FROM `categorys` WHERE `c_id` = 5 LIMIT 1   [ RunTime:0.0013s ]
SQL: SELECT `c_name` FROM `categorys` WHERE `c_id` = 6 LIMIT 1   [ RunTime:0.0012s ]
SQL: SELECT `c_name` FROM `categorys` WHERE `c_id` = 6 LIMIT 1   [ RunTime:0.0011s ]
SQL: SELECT `c_name` FROM `categorys` WHERE `c_id` = 6 LIMIT 1   [ RunTime:0.0012s ]
SQL: SELECT `c_name` FROM `categorys` WHERE `c_id` = 6 LIMIT 1   [ RunTime:0.0012s ]
SQL: SELECT `c_name` FROM `categorys` WHERE `c_id` = 6 LIMIT 1   [ RunTime:0.0012s ]
SQL: SELECT `c_name` FROM `categorys` WHERE `c_id` = 6 LIMIT 1   [ RunTime:0.0013s ]
SQL: SELECT `c_name` FROM `categorys` WHERE `c_id` = 6 LIMIT 1   [ RunTime:0.0012s ]
SQL: SELECT `c_name` FROM `categorys` WHERE `c_id` = 6 LIMIT 1   [ RunTime:0.0012s ]
SQL: SELECT `c_name` FROM `categorys` WHERE `c_id` = 6 LIMIT 1   [ RunTime:0.0013s ]
SQL: SELECT `c_name` FROM `categorys` WHERE `c_id` = 6 LIMIT 1   [ RunTime:0.0015s ]
SQL: SELECT `c_name` FROM `categorys` WHERE `c_id` = 7 LIMIT 1   [ RunTime:0.0013s ]
SQL: SELECT `c_name` FROM `categorys` WHERE `c_id` = 7 LIMIT 1   [ RunTime:0.0013s ]
SQL: SELECT `c_name` FROM `categorys` WHERE `c_id` = 7 LIMIT 1   [ RunTime:0.0011s ]
SQL: SELECT `c_name` FROM `categorys` WHERE `c_id` = 7 LIMIT 1   [ RunTime:0.0012s ]
SQL: SELECT `c_name` FROM `categorys` WHERE `c_id` = 7 LIMIT 1   [ RunTime:0.0011s ]
SQL: SELECT `c_name` FROM `categorys` WHERE `c_id` = 7 LIMIT 1   [ RunTime:0.0012s ]
SQL: SELECT `c_name` FROM `categorys` WHERE `c_id` = 8 LIMIT 1   [ RunTime:0.0012s ]
SQL: SELECT `c_name` FROM `categorys` WHERE `c_id` = 8 LIMIT 1   [ RunTime:0.0013s ]
SQL: SELECT `c_name` FROM `categorys` WHERE `c_id` = 8 LIMIT 1   [ RunTime:0.0012s ]
SQL: SELECT `c_name` FROM `categorys` WHERE `c_id` = 8 LIMIT 1   [ RunTime:0.0013s ]
SQL: SELECT `c_name` FROM `categorys` WHERE `c_id` = 8 LIMIT 1   [ RunTime:0.0015s ]
SQL: SELECT `c_name` FROM `categorys` WHERE `c_id` = 8 LIMIT 1   [ RunTime:0.0012s ]
SQL: SELECT `c_name` FROM `categorys` WHERE `c_id` = 8 LIMIT 1   [ RunTime:0.0013s ]
SQL: SELECT `c_name` FROM `categorys` WHERE `c_id` = 9 LIMIT 1   [ RunTime:0.0012s ]
SQL: SELECT `c_name` FROM `categorys` WHERE `c_id` = 9 LIMIT 1   [ RunTime:0.0012s ]
SQL: SELECT `c_name` FROM `categorys` WHERE `c_id` = 9 LIMIT 1   [ RunTime:0.0011s ]
SQL: SELECT `c_name` FROM `categorys` WHERE `c_id` = 9 LIMIT 1   [ RunTime:0.0012s ]
SQL: SELECT `c_name` FROM `categorys` WHERE `c_id` = 9 LIMIT 1   [ RunTime:0.0012s ]
SQL: SELECT `c_name` FROM `categorys` WHERE `c_id` = 9 LIMIT 1   [ RunTime:0.0012s ]
SQL: SELECT `c_name` FROM `categorys` WHERE `c_id` = 9 LIMIT 1   [ RunTime:0.0012s ]
SQL: SELECT `c_name` FROM `categorys` WHERE `c_id` = 2 LIMIT 1   [ RunTime:0.0013s ]
SQL: SELECT `goods_id`,`gu_time` FROM `goodsuser` WHERE `gu_flag` = 'y' AND `school_id` = 2 ORDER BY gu_time desc LIMIT 10   [ RunTime:0.0013s ]
SQL: SELECT `g_id`,`g_logo`,`g_name`,`g_price` FROM `goods` WHERE `g_id` = 16  [ RunTime:0.0012s ]
SQL: SELECT `g_id`,`g_logo`,`g_name`,`g_price` FROM `goods` WHERE `g_id` = 17  [ RunTime:0.0013s ]
SQL: SELECT `goods_id`,`gu_time` FROM `goodsuser` WHERE `gu_flag` = 'y' AND `school_id` = 3 ORDER BY gu_time desc LIMIT 10   [ RunTime:0.0013s ]
SQL: SELECT `g_id`,`g_logo`,`g_name`,`g_price` FROM `goods` WHERE `g_id` = 6  [ RunTime:0.0012s ]
SQL: SELECT `goods_id`,`gu_time` FROM `goodsuser` WHERE `gu_flag` = 'y' AND `school_id` = 4 ORDER BY gu_time desc LIMIT 10   [ RunTime:0.0013s ]
SQL: SELECT `g_id`,`g_logo`,`g_name`,`g_price` FROM `goods` WHERE `g_id` = 15  [ RunTime:0.0012s ]
SQL: SELECT `h_id`,`h_name`,`h_time`,`user_id`,`h_school` FROM `helpgoods` ORDER BY h_time desc LIMIT 8   [ RunTime:0.0014s ]
INFO: [ view_parse ] --START--
INFO: [ template_filter ] --START--
INFO: Run Behavior\ContentReplaceBehavior [ RunTime:0.000431s ]
INFO: [ template_filter ] --END-- [ RunTime:0.000612s ]
INFO: Run Behavior\ParseTemplateBehavior [ RunTime:1.254108s ]
INFO: [ view_parse ] --END-- [ RunTime:1.254297s ]
INFO: [ view_filter ] --START--
INFO: Run Behavior\WriteHtmlCacheBehavior [ RunTime:0.001055s ]
INFO: [ view_filter ] --END-- [ RunTime:0.001184s ]
INFO: [ app_end ] --START--
INFO: Run Behavior\ShowPageTraceBehavior [ RunTime:0.002012s ]
INFO: [ app_end ] --END-- [ RunTime:0.002160s ]

[ 2017-05-16T16:09:45+08:00 ] ::1 /school/index.php/Home/Login/check_online
INFO: [ app_init ] --START--
INFO: Run Behavior\BuildLiteBehavior [ RunTime:0.000042s ]
INFO: [ app_init ] --END-- [ RunTime:0.001232s ]
INFO: [ app_begin ] --START--
INFO: Run Behavior\ReadHtmlCacheBehavior [ RunTime:0.003728s ]
INFO: [ app_begin ] --END-- [ RunTime:0.003917s ]
INFO: [ app_end ] --START--
INFO: Run Behavior\ShowPageTraceBehavior [ RunTime:0.001414s ]
INFO: [ app_end ] --END-- [ RunTime:0.001743s ]

[ 2017-05-16T16:14:55+08:00 ] ::1 /school/index.php/Home/Index/index
INFO: [ app_init ] --START--
INFO: Run Behavior\BuildLiteBehavior [ RunTime:0.000034s ]
INFO: [ app_init ] --END-- [ RunTime:0.001252s ]
INFO: [ app_begin ] --START--
INFO: Run Behavior\ReadHtmlCacheBehavior [ RunTime:0.001411s ]
INFO: [ app_begin ] --END-- [ RunTime:0.001561s ]
NOTIC: [2048] Declaration of Home\Model\GoodsModel::_after_insert() should be compatible with Think\Model::_after_insert($data, $options) G:\htdocs\school\Application\Home\Model\GoodsModel.class.php 第 6 行.
SQL: SHOW COLUMNS FROM `goods` [ RunTime:0.0726s ]
SQL: SHOW COLUMNS FROM `goodsuser` [ RunTime:0.1276s ]
SQL: SHOW COLUMNS FROM `helpgoods` [ RunTime:0.0406s ]
SQL: SHOW COLUMNS FROM `categorys` [ RunTime:0.0334s ]
SQL: SHOW COLUMNS FROM `tips` [ RunTime:0.0374s ]
SQL: SELECT * FROM `tips` ORDER BY time desc  [ RunTime:0.0019s ]

[ 2017-05-16T16:16:15+08:00 ] ::1 /school/index.php/Home/Index/index
INFO: [ app_init ] --START--
INFO: Run Behavior\BuildLiteBehavior [ RunTime:0.000032s ]
INFO: [ app_init ] --END-- [ RunTime:0.001036s ]
INFO: [ app_begin ] --START--
INFO: Run Behavior\ReadHtmlCacheBehavior [ RunTime:0.001262s ]
INFO: [ app_begin ] --END-- [ RunTime:0.001423s ]
NOTIC: [2048] Declaration of Home\Model\GoodsModel::_after_insert() should be compatible with Think\Model::_after_insert($data, $options) G:\htdocs\school\Application\Home\Model\GoodsModel.class.php 第 6 行.
SQL: SHOW COLUMNS FROM `goods` [ RunTime:0.0528s ]
SQL: SHOW COLUMNS FROM `goodsuser` [ RunTime:0.0515s ]
SQL: SHOW COLUMNS FROM `helpgoods` [ RunTime:0.0344s ]
SQL: SHOW COLUMNS FROM `categorys` [ RunTime:0.0356s ]
SQL: SHOW COLUMNS FROM `tips` [ RunTime:0.0473s ]
SQL: SELECT * FROM `tips` ORDER BY time desc LIMIT 8   [ RunTime:0.0019s ]
SQL: SELECT * FROM `categorys`  [ RunTime:0.0017s ]
SQL: SELECT `c_name` FROM `categorys` WHERE `c_id` = 1 LIMIT 1   [ RunTime:0.0014s ]
SQL: SELECT `c_name` FROM `categorys` WHERE `c_id` = 1 LIMIT 1   [ RunTime:0.0014s ]
SQL: SELECT `c_name` FROM `categorys` WHERE `c_id` = 1 LIMIT 1   [ RunTime:0.0014s ]
SQL: SELECT `c_name` FROM `categorys` WHERE `c_id` = 1 LIMIT 1   [ RunTime:0.0013s ]
SQL: SELECT `c_name` FROM `categorys` WHERE `c_id` = 3 LIMIT 1   [ RunTime:0.0014s ]
SQL: SELECT `c_name` FROM `categorys` WHERE `c_id` = 3 LIMIT 1   [ RunTime:0.0013s ]
SQL: SELECT `c_name` FROM `categorys` WHERE `c_id` = 4 LIMIT 1   [ RunTime:0.0013s ]
SQL: SELECT `c_name` FROM `categorys` WHERE `c_id` = 4 LIMIT 1   [ RunTime:0.0013s ]
SQL: SELECT `c_name` FROM `categorys` WHERE `c_id` = 4 LIMIT 1   [ RunTime:0.0013s ]
SQL: SELECT `c_name` FROM `categorys` WHERE `c_id` = 4 LIMIT 1   [ RunTime:0.0013s ]
SQL: SELECT `c_name` FROM `categorys` WHERE `c_id` = 4 LIMIT 1   [ RunTime:0.0014s ]
SQL: SELECT `c_name` FROM `categorys` WHERE `c_id` = 4 LIMIT 1   [ RunTime:0.0014s ]
SQL: SELECT `c_name` FROM `categorys` WHERE `c_id` = 4 LIMIT 1   [ RunTime:0.0014s ]
SQL: SELECT `c_name` FROM `categorys` WHERE `c_id` = 5 LIMIT 1   [ RunTime:0.0013s ]
SQL: SELECT `c_name` FROM `categorys` WHERE `c_id` = 5 LIMIT 1   [ RunTime:0.0013s ]
SQL: SELECT `c_name` FROM `categorys` WHERE `c_id` = 5 LIMIT 1   [ RunTime:0.0013s ]
SQL: SELECT `c_name` FROM `categorys` WHERE `c_id` = 5 LIMIT 1   [ RunTime:0.0013s ]
SQL: SELECT `c_name` FROM `categorys` WHERE `c_id` = 5 LIMIT 1   [ RunTime:0.0013s ]
SQL: SELECT `c_name` FROM `categorys` WHERE `c_id` = 5 LIMIT 1   [ RunTime:0.0013s ]
SQL: SELECT `c_name` FROM `categorys` WHERE `c_id` = 5 LIMIT 1   [ RunTime:0.0013s ]
SQL: SELECT `c_name` FROM `categorys` WHERE `c_id` = 5 LIMIT 1   [ RunTime:0.0014s ]
SQL: SELECT `c_name` FROM `categorys` WHERE `c_id` = 6 LIMIT 1   [ RunTime:0.0015s ]
SQL: SELECT `c_name` FROM `categorys` WHERE `c_id` = 6 LIMIT 1   [ RunTime:0.0013s ]
SQL: SELECT `c_name` FROM `categorys` WHERE `c_id` = 6 LIMIT 1   [ RunTime:0.0014s ]
SQL: SELECT `c_name` FROM `categorys` WHERE `c_id` = 6 LIMIT 1   [ RunTime:0.0013s ]
SQL: SELECT `c_name` FROM `categorys` WHERE `c_id` = 6 LIMIT 1   [ RunTime:0.0013s ]
SQL: SELECT `c_name` FROM `categorys` WHERE `c_id` = 6 LIMIT 1   [ RunTime:0.0013s ]
SQL: SELECT `c_name` FROM `categorys` WHERE `c_id` = 6 LIMIT 1   [ RunTime:0.0013s ]
SQL: SELECT `c_name` FROM `categorys` WHERE `c_id` = 6 LIMIT 1   [ RunTime:0.0013s ]
SQL: SELECT `c_name` FROM `categorys` WHERE `c_id` = 6 LIMIT 1   [ RunTime:0.0013s ]
SQL: SELECT `c_name` FROM `categorys` WHERE `c_id` = 6 LIMIT 1   [ RunTime:0.0014s ]
SQL: SELECT `c_name` FROM `categorys` WHERE `c_id` = 7 LIMIT 1   [ RunTime:0.0014s ]
SQL: SELECT `c_name` FROM `categorys` WHERE `c_id` = 7 LIMIT 1   [ RunTime:0.0012s ]
SQL: SELECT `c_name` FROM `categorys` WHERE `c_id` = 7 LIMIT 1   [ RunTime:0.0013s ]
SQL: SELECT `c_name` FROM `categorys` WHERE `c_id` = 7 LIMIT 1   [ RunTime:0.0014s ]
SQL: SELECT `c_name` FROM `categorys` WHERE `c_id` = 7 LIMIT 1   [ RunTime:0.0014s ]
SQL: SELECT `c_name` FROM `categorys` WHERE `c_id` = 7 LIMIT 1   [ RunTime:0.0013s ]
SQL: SELECT `c_name` FROM `categorys` WHERE `c_id` = 8 LIMIT 1   [ RunTime:0.0013s ]
SQL: SELECT `c_name` FROM `categorys` WHERE `c_id` = 8 LIMIT 1   [ RunTime:0.0013s ]
SQL: SELECT `c_name` FROM `categorys` WHERE `c_id` = 8 LIMIT 1   [ RunTime:0.0016s ]
SQL: SELECT `c_name` FROM `categorys` WHERE `c_id` = 8 LIMIT 1   [ RunTime:0.0013s ]
SQL: SELECT `c_name` FROM `categorys` WHERE `c_id` = 8 LIMIT 1   [ RunTime:0.0013s ]
SQL: SELECT `c_name` FROM `categorys` WHERE `c_id` = 8 LIMIT 1   [ RunTime:0.0014s ]
SQL: SELECT `c_name` FROM `categorys` WHERE `c_id` = 8 LIMIT 1   [ RunTime:0.0013s ]
SQL: SELECT `c_name` FROM `categorys` WHERE `c_id` = 9 LIMIT 1   [ RunTime:0.0013s ]
SQL: SELECT `c_name` FROM `categorys` WHERE `c_id` = 9 LIMIT 1   [ RunTime:0.0013s ]
SQL: SELECT `c_name` FROM `categorys` WHERE `c_id` = 9 LIMIT 1   [ RunTime:0.0014s ]
SQL: SELECT `c_name` FROM `categorys` WHERE `c_id` = 9 LIMIT 1   [ RunTime:0.0013s ]
SQL: SELECT `c_name` FROM `categorys` WHERE `c_id` = 9 LIMIT 1   [ RunTime:0.0032s ]
SQL: SELECT `c_name` FROM `categorys` WHERE `c_id` = 9 LIMIT 1   [ RunTime:0.0016s ]
SQL: SELECT `c_name` FROM `categorys` WHERE `c_id` = 9 LIMIT 1   [ RunTime:0.0015s ]
SQL: SELECT `c_name` FROM `categorys` WHERE `c_id` = 2 LIMIT 1   [ RunTime:0.0013s ]
SQL: SELECT `goods_id`,`gu_time` FROM `goodsuser` WHERE `gu_flag` = 'y' AND `school_id` = 2 ORDER BY gu_time desc LIMIT 10   [ RunTime:0.0015s ]
SQL: SELECT `g_id`,`g_logo`,`g_name`,`g_price` FROM `goods` WHERE `g_id` = 16  [ RunTime:0.0013s ]
SQL: SELECT `g_id`,`g_logo`,`g_name`,`g_price` FROM `goods` WHERE `g_id` = 17  [ RunTime:0.0014s ]
SQL: SELECT `goods_id`,`gu_time` FROM `goodsuser` WHERE `gu_flag` = 'y' AND `school_id` = 3 ORDER BY gu_time desc LIMIT 10   [ RunTime:0.0014s ]
SQL: SELECT `g_id`,`g_logo`,`g_name`,`g_price` FROM `goods` WHERE `g_id` = 6  [ RunTime:0.0019s ]
SQL: SELECT `goods_id`,`gu_time` FROM `goodsuser` WHERE `gu_flag` = 'y' AND `school_id` = 4 ORDER BY gu_time desc LIMIT 10   [ RunTime:0.0017s ]
SQL: SELECT `g_id`,`g_logo`,`g_name`,`g_price` FROM `goods` WHERE `g_id` = 15  [ RunTime:0.0014s ]
SQL: SELECT `h_id`,`h_name`,`h_time`,`user_id`,`h_school` FROM `helpgoods` ORDER BY h_time desc LIMIT 8   [ RunTime:0.0015s ]
INFO: [ view_parse ] --START--
INFO: [ template_filter ] --START--
INFO: Run Behavior\ContentReplaceBehavior [ RunTime:0.000597s ]
INFO: [ template_filter ] --END-- [ RunTime:0.000835s ]
INFO: Run Behavior\ParseTemplateBehavior [ RunTime:0.213799s ]
INFO: [ view_parse ] --END-- [ RunTime:0.213937s ]
INFO: [ view_filter ] --START--
INFO: Run Behavior\WriteHtmlCacheBehavior [ RunTime:0.000779s ]
INFO: [ view_filter ] --END-- [ RunTime:0.000865s ]
INFO: [ app_end ] --START--
INFO: Run Behavior\ShowPageTraceBehavior [ RunTime:0.001806s ]
INFO: [ app_end ] --END-- [ RunTime:0.001945s ]

[ 2017-05-16T16:16:16+08:00 ] ::1 /school/index.php/Home/Login/check_online
INFO: [ app_init ] --START--
INFO: Run Behavior\BuildLiteBehavior [ RunTime:0.000103s ]
INFO: [ app_init ] --END-- [ RunTime:0.001295s ]
INFO: [ app_begin ] --START--
INFO: Run Behavior\ReadHtmlCacheBehavior [ RunTime:0.002752s ]
INFO: [ app_begin ] --END-- [ RunTime:0.002904s ]
INFO: [ app_end ] --START--
INFO: Run Behavior\ShowPageTraceBehavior [ RunTime:0.001467s ]
INFO: [ app_end ] --END-- [ RunTime:0.001625s ]

[ 2017-05-16T16:17:31+08:00 ] ::1 /school/index.php/Home/Index/index
INFO: [ app_init ] --START--
INFO: Run Behavior\BuildLiteBehavior [ RunTime:0.000043s ]
INFO: [ app_init ] --END-- [ RunTime:0.001515s ]
INFO: [ app_begin ] --START--
INFO: Run Behavior\ReadHtmlCacheBehavior [ RunTime:0.001353s ]
INFO: [ app_begin ] --END-- [ RunTime:0.001505s ]
NOTIC: [2048] Declaration of Home\Model\GoodsModel::_after_insert() should be compatible with Think\Model::_after_insert($data, $options) G:\htdocs\school\Application\Home\Model\GoodsModel.class.php 第 6 行.
SQL: SHOW COLUMNS FROM `goods` [ RunTime:0.0492s ]
SQL: SHOW COLUMNS FROM `goodsuser` [ RunTime:0.0780s ]
SQL: SHOW COLUMNS FROM `helpgoods` [ RunTime:0.0461s ]
SQL: SHOW COLUMNS FROM `categorys` [ RunTime:0.0421s ]
SQL: SHOW COLUMNS FROM `tips` [ RunTime:0.0478s ]
SQL: SELECT * FROM `tips` ORDER BY time desc LIMIT 8   [ RunTime:0.0019s ]
SQL: SELECT * FROM `categorys`  [ RunTime:0.0021s ]
SQL: SELECT `c_name` FROM `categorys` WHERE `c_id` = 1 LIMIT 1   [ RunTime:0.0016s ]
SQL: SELECT `c_name` FROM `categorys` WHERE `c_id` = 1 LIMIT 1   [ RunTime:0.0015s ]
SQL: SELECT `c_name` FROM `categorys` WHERE `c_id` = 1 LIMIT 1   [ RunTime:0.0014s ]
SQL: SELECT `c_name` FROM `categorys` WHERE `c_id` = 1 LIMIT 1   [ RunTime:0.0013s ]
SQL: SELECT `c_name` FROM `categorys` WHERE `c_id` = 3 LIMIT 1   [ RunTime:0.0015s ]
SQL: SELECT `c_name` FROM `categorys` WHERE `c_id` = 3 LIMIT 1   [ RunTime:0.0017s ]
SQL: SELECT `c_name` FROM `categorys` WHERE `c_id` = 4 LIMIT 1   [ RunTime:0.0016s ]
SQL: SELECT `c_name` FROM `categorys` WHERE `c_id` = 4 LIMIT 1   [ RunTime:0.0017s ]
SQL: SELECT `c_name` FROM `categorys` WHERE `c_id` = 4 LIMIT 1   [ RunTime:0.0016s ]
SQL: SELECT `c_name` FROM `categorys` WHERE `c_id` = 4 LIMIT 1   [ RunTime:0.0018s ]
SQL: SELECT `c_name` FROM `categorys` WHERE `c_id` = 4 LIMIT 1   [ RunTime:0.0017s ]
SQL: SELECT `c_name` FROM `categorys` WHERE `c_id` = 4 LIMIT 1   [ RunTime:0.0014s ]
SQL: SELECT `c_name` FROM `categorys` WHERE `c_id` = 4 LIMIT 1   [ RunTime:0.0014s ]
SQL: SELECT `c_name` FROM `categorys` WHERE `c_id` = 5 LIMIT 1   [ RunTime:0.0013s ]
SQL: SELECT `c_name` FROM `categorys` WHERE `c_id` = 5 LIMIT 1   [ RunTime:0.0012s ]
SQL: SELECT `c_name` FROM `categorys` WHERE `c_id` = 5 LIMIT 1   [ RunTime:0.0018s ]
SQL: SELECT `c_name` FROM `categorys` WHERE `c_id` = 5 LIMIT 1   [ RunTime:0.0014s ]
SQL: SELECT `c_name` FROM `categorys` WHERE `c_id` = 5 LIMIT 1   [ RunTime:0.0014s ]
SQL: SELECT `c_name` FROM `categorys` WHERE `c_id` = 5 LIMIT 1   [ RunTime:0.0014s ]
SQL: SELECT `c_name` FROM `categorys` WHERE `c_id` = 5 LIMIT 1   [ RunTime:0.0013s ]
SQL: SELECT `c_name` FROM `categorys` WHERE `c_id` = 5 LIMIT 1   [ RunTime:0.0015s ]
SQL: SELECT `c_name` FROM `categorys` WHERE `c_id` = 6 LIMIT 1   [ RunTime:0.0015s ]
SQL: SELECT `c_name` FROM `categorys` WHERE `c_id` = 6 LIMIT 1   [ RunTime:0.0015s ]
SQL: SELECT `c_name` FROM `categorys` WHERE `c_id` = 6 LIMIT 1   [ RunTime:0.0014s ]
SQL: SELECT `c_name` FROM `categorys` WHERE `c_id` = 6 LIMIT 1   [ RunTime:0.0017s ]
SQL: SELECT `c_name` FROM `categorys` WHERE `c_id` = 6 LIMIT 1   [ RunTime:0.0015s ]
SQL: SELECT `c_name` FROM `categorys` WHERE `c_id` = 6 LIMIT 1   [ RunTime:0.0015s ]
SQL: SELECT `c_name` FROM `categorys` WHERE `c_id` = 6 LIMIT 1   [ RunTime:0.0017s ]
SQL: SELECT `c_name` FROM `categorys` WHERE `c_id` = 6 LIMIT 1   [ RunTime:0.0013s ]
SQL: SELECT `c_name` FROM `categorys` WHERE `c_id` = 6 LIMIT 1   [ RunTime:0.0015s ]
SQL: SELECT `c_name` FROM `categorys` WHERE `c_id` = 6 LIMIT 1   [ RunTime:0.0014s ]
SQL: SELECT `c_name` FROM `categorys` WHERE `c_id` = 7 LIMIT 1   [ RunTime:0.0013s ]
SQL: SELECT `c_name` FROM `categorys` WHERE `c_id` = 7 LIMIT 1   [ RunTime:0.0016s ]
SQL: SELECT `c_name` FROM `categorys` WHERE `c_id` = 7 LIMIT 1   [ RunTime:0.0015s ]
SQL: SELECT `c_name` FROM `categorys` WHERE `c_id` = 7 LIMIT 1   [ RunTime:0.0016s ]
SQL: SELECT `c_name` FROM `categorys` WHERE `c_id` = 7 LIMIT 1   [ RunTime:0.0015s ]
SQL: SELECT `c_name` FROM `categorys` WHERE `c_id` = 7 LIMIT 1   [ RunTime:0.0016s ]
SQL: SELECT `c_name` FROM `categorys` WHERE `c_id` = 8 LIMIT 1   [ RunTime:0.0016s ]
SQL: SELECT `c_name` FROM `categorys` WHERE `c_id` = 8 LIMIT 1   [ RunTime:0.0015s ]
SQL: SELECT `c_name` FROM `categorys` WHERE `c_id` = 8 LIMIT 1   [ RunTime:0.0015s ]
SQL: SELECT `c_name` FROM `categorys` WHERE `c_id` = 8 LIMIT 1   [ RunTime:0.0016s ]
SQL: SELECT `c_name` FROM `categorys` WHERE `c_id` = 8 LIMIT 1   [ RunTime:0.0016s ]
SQL: SELECT `c_name` FROM `categorys` WHERE `c_id` = 8 LIMIT 1   [ RunTime:0.0015s ]
SQL: SELECT `c_name` FROM `categorys` WHERE `c_id` = 8 LIMIT 1   [ RunTime:0.0015s ]
SQL: SELECT `c_name` FROM `categorys` WHERE `c_id` = 9 LIMIT 1   [ RunTime:0.0014s ]
SQL: SELECT `c_name` FROM `categorys` WHERE `c_id` = 9 LIMIT 1   [ RunTime:0.0014s ]
SQL: SELECT `c_name` FROM `categorys` WHERE `c_id` = 9 LIMIT 1   [ RunTime:0.0018s ]
SQL: SELECT `c_name` FROM `categorys` WHERE `c_id` = 9 LIMIT 1   [ RunTime:0.0016s ]
SQL: SELECT `c_name` FROM `categorys` WHERE `c_id` = 9 LIMIT 1   [ RunTime:0.0017s ]
SQL: SELECT `c_name` FROM `categorys` WHERE `c_id` = 9 LIMIT 1   [ RunTime:0.0016s ]
SQL: SELECT `c_name` FROM `categorys` WHERE `c_id` = 9 LIMIT 1   [ RunTime:0.0014s ]
SQL: SELECT `c_name` FROM `categorys` WHERE `c_id` = 2 LIMIT 1   [ RunTime:0.0014s ]
SQL: SELECT `goods_id`,`gu_time` FROM `goodsuser` WHERE `gu_flag` = 'y' AND `school_id` = 2 ORDER BY gu_time desc LIMIT 10   [ RunTime:0.0016s ]
SQL: SELECT `g_id`,`g_logo`,`g_name`,`g_price` FROM `goods` WHERE `g_id` = 16  [ RunTime:0.0014s ]
SQL: SELECT `g_id`,`g_logo`,`g_name`,`g_price` FROM `goods` WHERE `g_id` = 17  [ RunTime:0.0013s ]
SQL: SELECT `goods_id`,`gu_time` FROM `goodsuser` WHERE `gu_flag` = 'y' AND `school_id` = 3 ORDER BY gu_time desc LIMIT 10   [ RunTime:0.0013s ]
SQL: SELECT `g_id`,`g_logo`,`g_name`,`g_price` FROM `goods` WHERE `g_id` = 6  [ RunTime:0.0016s ]
SQL: SELECT `goods_id`,`gu_time` FROM `goodsuser` WHERE `gu_flag` = 'y' AND `school_id` = 4 ORDER BY gu_time desc LIMIT 10   [ RunTime:0.0018s ]
SQL: SELECT `g_id`,`g_logo`,`g_name`,`g_price` FROM `goods` WHERE `g_id` = 15  [ RunTime:0.0015s ]
SQL: SELECT `h_id`,`h_name`,`h_time`,`user_id`,`h_school` FROM `helpgoods` ORDER BY h_time desc LIMIT 8   [ RunTime:0.0015s ]
INFO: [ view_parse ] --START--
INFO: [ template_filter ] --START--
INFO: Run Behavior\ContentReplaceBehavior [ RunTime:0.000399s ]
INFO: [ template_filter ] --END-- [ RunTime:0.000587s ]
NOTIC: [8] Undefined variable: title G:\htdocs\school\Application\Runtime\Cache\Home\2a94b8bda04ff446dcedd42276fc99ee.php 第 163 行.
NOTIC: [8] Undefined variable: title G:\htdocs\school\Application\Runtime\Cache\Home\2a94b8bda04ff446dcedd42276fc99ee.php 第 163 行.
NOTIC: [8] Undefined variable: title G:\htdocs\school\Application\Runtime\Cache\Home\2a94b8bda04ff446dcedd42276fc99ee.php 第 163 行.
NOTIC: [8] Undefined variable: title G:\htdocs\school\Application\Runtime\Cache\Home\2a94b8bda04ff446dcedd42276fc99ee.php 第 163 行.
NOTIC: [8] Undefined variable: title G:\htdocs\school\Application\Runtime\Cache\Home\2a94b8bda04ff446dcedd42276fc99ee.php 第 163 行.
NOTIC: [8] Undefined variable: title G:\htdocs\school\Application\Runtime\Cache\Home\2a94b8bda04ff446dcedd42276fc99ee.php 第 163 行.
NOTIC: [8] Undefined variable: title G:\htdocs\school\Application\Runtime\Cache\Home\2a94b8bda04ff446dcedd42276fc99ee.php 第 163 行.
NOTIC: [8] Undefined variable: title G:\htdocs\school\Application\Runtime\Cache\Home\2a94b8bda04ff446dcedd42276fc99ee.php 第 163 行.
INFO: Run Behavior\ParseTemplateBehavior [ RunTime:0.383318s ]
INFO: [ view_parse ] --END-- [ RunTime:0.383448s ]
INFO: [ view_filter ] --START--
INFO: Run Behavior\WriteHtmlCacheBehavior [ RunTime:0.000688s ]
INFO: [ view_filter ] --END-- [ RunTime:0.000786s ]
INFO: [ app_end ] --START--
INFO: Run Behavior\ShowPageTraceBehavior [ RunTime:0.001602s ]
INFO: [ app_end ] --END-- [ RunTime:0.001723s ]

[ 2017-05-16T16:17:32+08:00 ] ::1 /school/index.php/Home/Login/check_online
INFO: [ app_init ] --START--
INFO: Run Behavior\BuildLiteBehavior [ RunTime:0.000040s ]
INFO: [ app_init ] --END-- [ RunTime:0.001107s ]
INFO: [ app_begin ] --START--
INFO: Run Behavior\ReadHtmlCacheBehavior [ RunTime:0.001461s ]
INFO: [ app_begin ] --END-- [ RunTime:0.001602s ]
INFO: [ app_end ] --START--
INFO: Run Behavior\ShowPageTraceBehavior [ RunTime:0.001467s ]
INFO: [ app_end ] --END-- [ RunTime:0.001642s ]

[ 2017-05-16T16:17:52+08:00 ] ::1 /school/index.php/Home/Index/index
INFO: [ app_init ] --START--
INFO: Run Behavior\BuildLiteBehavior [ RunTime:0.000039s ]
INFO: [ app_init ] --END-- [ RunTime:0.001140s ]
INFO: [ app_begin ] --START--
INFO: Run Behavior\ReadHtmlCacheBehavior [ RunTime:0.001324s ]
INFO: [ app_begin ] --END-- [ RunTime:0.001486s ]
NOTIC: [2048] Declaration of Home\Model\GoodsModel::_after_insert() should be compatible with Think\Model::_after_insert($data, $options) G:\htdocs\school\Application\Home\Model\GoodsModel.class.php 第 6 行.
SQL: SHOW COLUMNS FROM `goods` [ RunTime:0.0728s ]
SQL: SHOW COLUMNS FROM `goodsuser` [ RunTime:0.0554s ]
SQL: SHOW COLUMNS FROM `helpgoods` [ RunTime:0.0386s ]
SQL: SHOW COLUMNS FROM `categorys` [ RunTime:0.0385s ]
SQL: SHOW COLUMNS FROM `tips` [ RunTime:0.0437s ]
SQL: SELECT * FROM `tips` ORDER BY time desc LIMIT 8   [ RunTime:0.0020s ]
SQL: SELECT * FROM `categorys`  [ RunTime:0.0019s ]
SQL: SELECT `c_name` FROM `categorys` WHERE `c_id` = 1 LIMIT 1   [ RunTime:0.0014s ]
SQL: SELECT `c_name` FROM `categorys` WHERE `c_id` = 1 LIMIT 1   [ RunTime:0.0014s ]
SQL: SELECT `c_name` FROM `categorys` WHERE `c_id` = 1 LIMIT 1   [ RunTime:0.0016s ]
SQL: SELECT `c_name` FROM `categorys` WHERE `c_id` = 1 LIMIT 1   [ RunTime:0.0016s ]
SQL: SELECT `c_name` FROM `categorys` WHERE `c_id` = 3 LIMIT 1   [ RunTime:0.0013s ]
SQL: SELECT `c_name` FROM `categorys` WHERE `c_id` = 3 LIMIT 1   [ RunTime:0.0014s ]
SQL: SELECT `c_name` FROM `categorys` WHERE `c_id` = 4 LIMIT 1   [ RunTime:0.0014s ]
SQL: SELECT `c_name` FROM `categorys` WHERE `c_id` = 4 LIMIT 1   [ RunTime:0.0015s ]
SQL: SELECT `c_name` FROM `categorys` WHERE `c_id` = 4 LIMIT 1   [ RunTime:0.0013s ]
SQL: SELECT `c_name` FROM `categorys` WHERE `c_id` = 4 LIMIT 1   [ RunTime:0.0014s ]
SQL: SELECT `c_name` FROM `categorys` WHERE `c_id` = 4 LIMIT 1   [ RunTime:0.0014s ]
SQL: SELECT `c_name` FROM `categorys` WHERE `c_id` = 4 LIMIT 1   [ RunTime:0.0014s ]
SQL: SELECT `c_name` FROM `categorys` WHERE `c_id` = 4 LIMIT 1   [ RunTime:0.0016s ]
SQL: SELECT `c_name` FROM `categorys` WHERE `c_id` = 5 LIMIT 1   [ RunTime:0.0014s ]
SQL: SELECT `c_name` FROM `categorys` WHERE `c_id` = 5 LIMIT 1   [ RunTime:0.0014s ]
SQL: SELECT `c_name` FROM `categorys` WHERE `c_id` = 5 LIMIT 1   [ RunTime:0.0013s ]
SQL: SELECT `c_name` FROM `categorys` WHERE `c_id` = 5 LIMIT 1   [ RunTime:0.0014s ]
SQL: SELECT `c_name` FROM `categorys` WHERE `c_id` = 5 LIMIT 1   [ RunTime:0.0014s ]
SQL: SELECT `c_name` FROM `categorys` WHERE `c_id` = 5 LIMIT 1   [ RunTime:0.0013s ]
SQL: SELECT `c_name` FROM `categorys` WHERE `c_id` = 5 LIMIT 1   [ RunTime:0.0013s ]
SQL: SELECT `c_name` FROM `categorys` WHERE `c_id` = 5 LIMIT 1   [ RunTime:0.0026s ]
SQL: SELECT `c_name` FROM `categorys` WHERE `c_id` = 6 LIMIT 1   [ RunTime:0.0016s ]
SQL: SELECT `c_name` FROM `categorys` WHERE `c_id` = 6 LIMIT 1   [ RunTime:0.0014s ]
SQL: SELECT `c_name` FROM `categorys` WHERE `c_id` = 6 LIMIT 1   [ RunTime:0.0014s ]
SQL: SELECT `c_name` FROM `categorys` WHERE `c_id` = 6 LIMIT 1   [ RunTime:0.0015s ]
SQL: SELECT `c_name` FROM `categorys` WHERE `c_id` = 6 LIMIT 1   [ RunTime:0.0015s ]
SQL: SELECT `c_name` FROM `categorys` WHERE `c_id` = 6 LIMIT 1   [ RunTime:0.0015s ]
SQL: SELECT `c_name` FROM `categorys` WHERE `c_id` = 6 LIMIT 1   [ RunTime:0.0016s ]
SQL: SELECT `c_name` FROM `categorys` WHERE `c_id` = 6 LIMIT 1   [ RunTime:0.0020s ]
SQL: SELECT `c_name` FROM `categorys` WHERE `c_id` = 6 LIMIT 1   [ RunTime:0.0015s ]
SQL: SELECT `c_name` FROM `categorys` WHERE `c_id` = 6 LIMIT 1   [ RunTime:0.0015s ]
SQL: SELECT `c_name` FROM `categorys` WHERE `c_id` = 7 LIMIT 1   [ RunTime:0.0015s ]
SQL: SELECT `c_name` FROM `categorys` WHERE `c_id` = 7 LIMIT 1   [ RunTime:0.0015s ]
SQL: SELECT `c_name` FROM `categorys` WHERE `c_id` = 7 LIMIT 1   [ RunTime:0.0016s ]
SQL: SELECT `c_name` FROM `categorys` WHERE `c_id` = 7 LIMIT 1   [ RunTime:0.0016s ]
SQL: SELECT `c_name` FROM `categorys` WHERE `c_id` = 7 LIMIT 1   [ RunTime:0.0015s ]
SQL: SELECT `c_name` FROM `categorys` WHERE `c_id` = 7 LIMIT 1   [ RunTime:0.0015s ]
SQL: SELECT `c_name` FROM `categorys` WHERE `c_id` = 8 LIMIT 1   [ RunTime:0.0014s ]
SQL: SELECT `c_name` FROM `categorys` WHERE `c_id` = 8 LIMIT 1   [ RunTime:0.0014s ]
SQL: SELECT `c_name` FROM `categorys` WHERE `c_id` = 8 LIMIT 1   [ RunTime:0.0017s ]
SQL: SELECT `c_name` FROM `categorys` WHERE `c_id` = 8 LIMIT 1   [ RunTime:0.0014s ]
SQL: SELECT `c_name` FROM `categorys` WHERE `c_id` = 8 LIMIT 1   [ RunTime:0.0014s ]
SQL: SELECT `c_name` FROM `categorys` WHERE `c_id` = 8 LIMIT 1   [ RunTime:0.0015s ]
SQL: SELECT `c_name` FROM `categorys` WHERE `c_id` = 8 LIMIT 1   [ RunTime:0.0014s ]
SQL: SELECT `c_name` FROM `categorys` WHERE `c_id` = 9 LIMIT 1   [ RunTime:0.0015s ]
SQL: SELECT `c_name` FROM `categorys` WHERE `c_id` = 9 LIMIT 1   [ RunTime:0.0015s ]
SQL: SELECT `c_name` FROM `categorys` WHERE `c_id` = 9 LIMIT 1   [ RunTime:0.0014s ]
SQL: SELECT `c_name` FROM `categorys` WHERE `c_id` = 9 LIMIT 1   [ RunTime:0.0013s ]
SQL: SELECT `c_name` FROM `categorys` WHERE `c_id` = 9 LIMIT 1   [ RunTime:0.0014s ]
SQL: SELECT `c_name` FROM `categorys` WHERE `c_id` = 9 LIMIT 1   [ RunTime:0.0015s ]
SQL: SELECT `c_name` FROM `categorys` WHERE `c_id` = 9 LIMIT 1   [ RunTime:0.0015s ]
SQL: SELECT `c_name` FROM `categorys` WHERE `c_id` = 2 LIMIT 1   [ RunTime:0.0015s ]
SQL: SELECT `goods_id`,`gu_time` FROM `goodsuser` WHERE `gu_flag` = 'y' AND `school_id` = 2 ORDER BY gu_time desc LIMIT 10   [ RunTime:0.0018s ]
SQL: SELECT `g_id`,`g_logo`,`g_name`,`g_price` FROM `goods` WHERE `g_id` = 16  [ RunTime:0.0017s ]
SQL: SELECT `g_id`,`g_logo`,`g_name`,`g_price` FROM `goods` WHERE `g_id` = 17  [ RunTime:0.0016s ]
SQL: SELECT `goods_id`,`gu_time` FROM `goodsuser` WHERE `gu_flag` = 'y' AND `school_id` = 3 ORDER BY gu_time desc LIMIT 10   [ RunTime:0.0016s ]
SQL: SELECT `g_id`,`g_logo`,`g_name`,`g_price` FROM `goods` WHERE `g_id` = 6  [ RunTime:0.0016s ]
SQL: SELECT `goods_id`,`gu_time` FROM `goodsuser` WHERE `gu_flag` = 'y' AND `school_id` = 4 ORDER BY gu_time desc LIMIT 10   [ RunTime:0.0017s ]
SQL: SELECT `g_id`,`g_logo`,`g_name`,`g_price` FROM `goods` WHERE `g_id` = 15  [ RunTime:0.0017s ]
SQL: SELECT `h_id`,`h_name`,`h_time`,`user_id`,`h_school` FROM `helpgoods` ORDER BY h_time desc LIMIT 8   [ RunTime:0.0020s ]
INFO: [ view_parse ] --START--
INFO: [ template_filter ] --START--
INFO: Run Behavior\ContentReplaceBehavior [ RunTime:0.000426s ]
INFO: [ template_filter ] --END-- [ RunTime:0.000810s ]
INFO: Run Behavior\ParseTemplateBehavior [ RunTime:0.313992s ]
INFO: [ view_parse ] --END-- [ RunTime:0.314186s ]
INFO: [ view_filter ] --START--
INFO: Run Behavior\WriteHtmlCacheBehavior [ RunTime:0.000735s ]
INFO: [ view_filter ] --END-- [ RunTime:0.000870s ]
INFO: [ app_end ] --START--
INFO: Run Behavior\ShowPageTraceBehavior [ RunTime:0.002438s ]
INFO: [ app_end ] --END-- [ RunTime:0.002616s ]

[ 2017-05-16T16:17:53+08:00 ] ::1 /school/index.php/Home/Login/check_online
INFO: [ app_init ] --START--
INFO: Run Behavior\BuildLiteBehavior [ RunTime:0.000035s ]
INFO: [ app_init ] --END-- [ RunTime:0.001050s ]
INFO: [ app_begin ] --START--
INFO: Run Behavior\ReadHtmlCacheBehavior [ RunTime:0.001330s ]
INFO: [ app_begin ] --END-- [ RunTime:0.001474s ]
INFO: [ app_end ] --START--
INFO: Run Behavior\ShowPageTraceBehavior [ RunTime:0.001294s ]
INFO: [ app_end ] --END-- [ RunTime:0.001442s ]

[ 2017-05-16T16:42:25+08:00 ] ::1 /school/index.php/Home/Index/index
INFO: [ app_init ] --START--
INFO: Run Behavior\BuildLiteBehavior [ RunTime:0.000033s ]
INFO: [ app_init ] --END-- [ RunTime:0.001262s ]
INFO: [ app_begin ] --START--
INFO: Run Behavior\ReadHtmlCacheBehavior [ RunTime:0.001296s ]
INFO: [ app_begin ] --END-- [ RunTime:0.001463s ]
NOTIC: [2048] Declaration of Home\Model\GoodsModel::_after_insert() should be compatible with Think\Model::_after_insert($data, $options) G:\htdocs\school\Application\Home\Model\GoodsModel.class.php 第 6 行.
SQL: SHOW COLUMNS FROM `goods` [ RunTime:0.0622s ]
SQL: SHOW COLUMNS FROM `goodsuser` [ RunTime:0.0578s ]
SQL: SHOW COLUMNS FROM `helpgoods` [ RunTime:0.0348s ]
SQL: SHOW COLUMNS FROM `categorys` [ RunTime:0.0446s ]
SQL: SHOW COLUMNS FROM `tips` [ RunTime:0.0456s ]
SQL: SELECT * FROM `tips` ORDER BY time desc LIMIT 8   [ RunTime:0.0021s ]
SQL: SELECT * FROM `categorys`  [ RunTime:0.0021s ]
SQL: SELECT `c_name` FROM `categorys` WHERE `c_id` = 1 LIMIT 1   [ RunTime:0.0016s ]
SQL: SELECT `c_name` FROM `categorys` WHERE `c_id` = 1 LIMIT 1   [ RunTime:0.0015s ]
SQL: SELECT `c_name` FROM `categorys` WHERE `c_id` = 1 LIMIT 1   [ RunTime:0.0017s ]
SQL: SELECT `c_name` FROM `categorys` WHERE `c_id` = 1 LIMIT 1   [ RunTime:0.0016s ]
SQL: SELECT `c_name` FROM `categorys` WHERE `c_id` = 3 LIMIT 1   [ RunTime:0.0016s ]
SQL: SELECT `c_name` FROM `categorys` WHERE `c_id` = 3 LIMIT 1   [ RunTime:0.0015s ]
SQL: SELECT `c_name` FROM `categorys` WHERE `c_id` = 4 LIMIT 1   [ RunTime:0.0016s ]
SQL: SELECT `c_name` FROM `categorys` WHERE `c_id` = 4 LIMIT 1   [ RunTime:0.0016s ]
SQL: SELECT `c_name` FROM `categorys` WHERE `c_id` = 4 LIMIT 1   [ RunTime:0.0016s ]
SQL: SELECT `c_name` FROM `categorys` WHERE `c_id` = 4 LIMIT 1   [ RunTime:0.0015s ]
SQL: SELECT `c_name` FROM `categorys` WHERE `c_id` = 4 LIMIT 1   [ RunTime:0.0015s ]
SQL: SELECT `c_name` FROM `categorys` WHERE `c_id` = 4 LIMIT 1   [ RunTime:0.0014s ]
SQL: SELECT `c_name` FROM `categorys` WHERE `c_id` = 4 LIMIT 1   [ RunTime:0.0015s ]
SQL: SELECT `c_name` FROM `categorys` WHERE `c_id` = 5 LIMIT 1   [ RunTime:0.0014s ]
SQL: SELECT `c_name` FROM `categorys` WHERE `c_id` = 5 LIMIT 1   [ RunTime:0.0014s ]
SQL: SELECT `c_name` FROM `categorys` WHERE `c_id` = 5 LIMIT 1   [ RunTime:0.0016s ]
SQL: SELECT `c_name` FROM `categorys` WHERE `c_id` = 5 LIMIT 1   [ RunTime:0.0016s ]
SQL: SELECT `c_name` FROM `categorys` WHERE `c_id` = 5 LIMIT 1   [ RunTime:0.0015s ]
SQL: SELECT `c_name` FROM `categorys` WHERE `c_id` = 5 LIMIT 1   [ RunTime:0.0015s ]
SQL: SELECT `c_name` FROM `categorys` WHERE `c_id` = 5 LIMIT 1   [ RunTime:0.0015s ]
SQL: SELECT `c_name` FROM `categorys` WHERE `c_id` = 5 LIMIT 1   [ RunTime:0.0017s ]
SQL: SELECT `c_name` FROM `categorys` WHERE `c_id` = 6 LIMIT 1   [ RunTime:0.0021s ]
SQL: SELECT `c_name` FROM `categorys` WHERE `c_id` = 6 LIMIT 1   [ RunTime:0.0017s ]
SQL: SELECT `c_name` FROM `categorys` WHERE `c_id` = 6 LIMIT 1   [ RunTime:0.0016s ]
SQL: SELECT `c_name` FROM `categorys` WHERE `c_id` = 6 LIMIT 1   [ RunTime:0.0015s ]
SQL: SELECT `c_name` FROM `categorys` WHERE `c_id` = 6 LIMIT 1   [ RunTime:0.0015s ]
SQL: SELECT `c_name` FROM `categorys` WHERE `c_id` = 6 LIMIT 1   [ RunTime:0.0014s ]
SQL: SELECT `c_name` FROM `categorys` WHERE `c_id` = 6 LIMIT 1   [ RunTime:0.0015s ]
SQL: SELECT `c_name` FROM `categorys` WHERE `c_id` = 6 LIMIT 1   [ RunTime:0.0018s ]
SQL: SELECT `c_name` FROM `categorys` WHERE `c_id` = 6 LIMIT 1   [ RunTime:0.0016s ]
SQL: SELECT `c_name` FROM `categorys` WHERE `c_id` = 6 LIMIT 1   [ RunTime:0.0015s ]
SQL: SELECT `c_name` FROM `categorys` WHERE `c_id` = 7 LIMIT 1   [ RunTime:0.0014s ]
SQL: SELECT `c_name` FROM `categorys` WHERE `c_id` = 7 LIMIT 1   [ RunTime:0.0013s ]
SQL: SELECT `c_name` FROM `categorys` WHERE `c_id` = 7 LIMIT 1   [ RunTime:0.0014s ]
SQL: SELECT `c_name` FROM `categorys` WHERE `c_id` = 7 LIMIT 1   [ RunTime:0.0013s ]
SQL: SELECT `c_name` FROM `categorys` WHERE `c_id` = 7 LIMIT 1   [ RunTime:0.0016s ]
SQL: SELECT `c_name` FROM `categorys` WHERE `c_id` = 7 LIMIT 1   [ RunTime:0.0017s ]
SQL: SELECT `c_name` FROM `categorys` WHERE `c_id` = 8 LIMIT 1   [ RunTime:0.0016s ]
SQL: SELECT `c_name` FROM `categorys` WHERE `c_id` = 8 LIMIT 1   [ RunTime:0.0014s ]
SQL: SELECT `c_name` FROM `categorys` WHERE `c_id` = 8 LIMIT 1   [ RunTime:0.0016s ]
SQL: SELECT `c_name` FROM `categorys` WHERE `c_id` = 8 LIMIT 1   [ RunTime:0.0016s ]
SQL: SELECT `c_name` FROM `categorys` WHERE `c_id` = 8 LIMIT 1   [ RunTime:0.0015s ]
SQL: SELECT `c_name` FROM `categorys` WHERE `c_id` = 8 LIMIT 1   [ RunTime:0.0041s ]
SQL: SELECT `c_name` FROM `categorys` WHERE `c_id` = 8 LIMIT 1   [ RunTime:0.0017s ]
SQL: SELECT `c_name` FROM `categorys` WHERE `c_id` = 9 LIMIT 1   [ RunTime:0.0015s ]
SQL: SELECT `c_name` FROM `categorys` WHERE `c_id` = 9 LIMIT 1   [ RunTime:0.0017s ]
SQL: SELECT `c_name` FROM `categorys` WHERE `c_id` = 9 LIMIT 1   [ RunTime:0.0015s ]
SQL: SELECT `c_name` FROM `categorys` WHERE `c_id` = 9 LIMIT 1   [ RunTime:0.0015s ]
SQL: SELECT `c_name` FROM `categorys` WHERE `c_id` = 9 LIMIT 1   [ RunTime:0.0016s ]
SQL: SELECT `c_name` FROM `categorys` WHERE `c_id` = 9 LIMIT 1   [ RunTime:0.0014s ]
SQL: SELECT `c_name` FROM `categorys` WHERE `c_id` = 9 LIMIT 1   [ RunTime:0.0015s ]
SQL: SELECT `c_name` FROM `categorys` WHERE `c_id` = 2 LIMIT 1   [ RunTime:0.0015s ]
SQL: SELECT `goods_id`,`gu_time` FROM `goodsuser` WHERE `gu_flag` = 'y' AND `school_id` = 2 ORDER BY gu_time desc LIMIT 10   [ RunTime:0.0016s ]
SQL: SELECT `g_id`,`g_logo`,`g_name`,`g_price` FROM `goods` WHERE `g_id` = 16  [ RunTime:0.0013s ]
SQL: SELECT `g_id`,`g_logo`,`g_name`,`g_price` FROM `goods` WHERE `g_id` = 17  [ RunTime:0.0014s ]
SQL: SELECT `goods_id`,`gu_time` FROM `goodsuser` WHERE `gu_flag` = 'y' AND `school_id` = 3 ORDER BY gu_time desc LIMIT 10   [ RunTime:0.0014s ]
SQL: SELECT `g_id`,`g_logo`,`g_name`,`g_price` FROM `goods` WHERE `g_id` = 6  [ RunTime:0.0014s ]
SQL: SELECT `goods_id`,`gu_time` FROM `goodsuser` WHERE `gu_flag` = 'y' AND `school_id` = 4 ORDER BY gu_time desc LIMIT 10   [ RunTime:0.0015s ]
SQL: SELECT `g_id`,`g_logo`,`g_name`,`g_price` FROM `goods` WHERE `g_id` = 15  [ RunTime:0.0016s ]
SQL: SELECT `h_id`,`h_name`,`h_time`,`user_id`,`h_school` FROM `helpgoods` ORDER BY h_time desc LIMIT 8   [ RunTime:0.0016s ]
INFO: [ view_parse ] --START--
INFO: [ template_filter ] --START--
INFO: Run Behavior\ContentReplaceBehavior [ RunTime:0.000438s ]
INFO: [ template_filter ] --END-- [ RunTime:0.000623s ]
INFO: Run Behavior\ParseTemplateBehavior [ RunTime:0.393234s ]
INFO: [ view_parse ] --END-- [ RunTime:0.393426s ]
INFO: [ view_filter ] --START--
INFO: Run Behavior\WriteHtmlCacheBehavior [ RunTime:0.001049s ]
INFO: [ view_filter ] --END-- [ RunTime:0.001188s ]
INFO: [ app_end ] --START--
INFO: Run Behavior\ShowPageTraceBehavior [ RunTime:0.002535s ]
INFO: [ app_end ] --END-- [ RunTime:0.002758s ]

[ 2017-05-16T16:42:26+08:00 ] ::1 /school/index.php/Home/Login/check_online
INFO: [ app_init ] --START--
INFO: Run Behavior\BuildLiteBehavior [ RunTime:0.000036s ]
INFO: [ app_init ] --END-- [ RunTime:0.001052s ]
INFO: [ app_begin ] --START--
INFO: Run Behavior\ReadHtmlCacheBehavior [ RunTime:0.001257s ]
INFO: [ app_begin ] --END-- [ RunTime:0.001396s ]
INFO: [ app_end ] --START--
INFO: Run Behavior\ShowPageTraceBehavior [ RunTime:0.001127s ]
INFO: [ app_end ] --END-- [ RunTime:0.001266s ]

[ 2017-05-16T16:42:33+08:00 ] ::1 /school/index.php/Home/Messages/showmsg.html
INFO: [ app_init ] --START--
INFO: Run Behavior\BuildLiteBehavior [ RunTime:0.000043s ]
INFO: [ app_init ] --END-- [ RunTime:0.001153s ]
INFO: [ app_begin ] --START--
INFO: Run Behavior\ReadHtmlCacheBehavior [ RunTime:0.001354s ]
INFO: [ app_begin ] --END-- [ RunTime:0.001491s ]
INFO: [ view_parse ] --START--
INFO: [ template_filter ] --START--
INFO: Run Behavior\ContentReplaceBehavior [ RunTime:0.000101s ]
INFO: [ template_filter ] --END-- [ RunTime:0.000245s ]
INFO: Run Behavior\ParseTemplateBehavior [ RunTime:0.101828s ]
INFO: [ view_parse ] --END-- [ RunTime:0.101987s ]
INFO: [ view_filter ] --START--
INFO: Run Behavior\WriteHtmlCacheBehavior [ RunTime:0.000718s ]
INFO: [ view_filter ] --END-- [ RunTime:0.000843s ]

[ 2017-05-16T16:42:38+08:00 ] ::1 /school/index.php/Home/Login/showlogin.html
INFO: [ app_init ] --START--
INFO: Run Behavior\BuildLiteBehavior [ RunTime:0.000027s ]
INFO: [ app_init ] --END-- [ RunTime:0.000770s ]
INFO: [ app_begin ] --START--
INFO: Run Behavior\ReadHtmlCacheBehavior [ RunTime:0.001335s ]
INFO: [ app_begin ] --END-- [ RunTime:0.001495s ]
INFO: [ view_parse ] --START--
INFO: [ template_filter ] --START--
INFO: Run Behavior\ContentReplaceBehavior [ RunTime:0.000336s ]
INFO: [ template_filter ] --END-- [ RunTime:0.000479s ]
INFO: Run Behavior\ParseTemplateBehavior [ RunTime:0.646982s ]
INFO: [ view_parse ] --END-- [ RunTime:0.647144s ]
INFO: [ view_filter ] --START--
INFO: Run Behavior\WriteHtmlCacheBehavior [ RunTime:0.000706s ]
INFO: [ view_filter ] --END-- [ RunTime:0.000828s ]
INFO: [ app_end ] --START--
INFO: Run Behavior\ShowPageTraceBehavior [ RunTime:0.001797s ]
INFO: [ app_end ] --END-- [ RunTime:0.001965s ]

[ 2017-05-16T16:42:39+08:00 ] ::1 /school/index.php/Home/Login/checkcode.html
INFO: [ app_init ] --START--
INFO: Run Behavior\BuildLiteBehavior [ RunTime:0.000057s ]
INFO: [ app_init ] --END-- [ RunTime:0.001656s ]
INFO: [ app_begin ] --START--
INFO: Run Behavior\ReadHtmlCacheBehavior [ RunTime:0.001858s ]
INFO: [ app_begin ] --END-- [ RunTime:0.002058s ]
INFO: [ app_end ] --START--
INFO: Run Behavior\ShowPageTraceBehavior [ RunTime:0.001438s ]
INFO: [ app_end ] --END-- [ RunTime:0.001663s ]

[ 2017-05-16T16:42:44+08:00 ] ::1 /school/index.php/Home/Login/check_online
INFO: [ app_init ] --START--
INFO: Run Behavior\BuildLiteBehavior [ RunTime:0.000043s ]
INFO: [ app_init ] --END-- [ RunTime:0.001177s ]
INFO: [ app_begin ] --START--
INFO: Run Behavior\ReadHtmlCacheBehavior [ RunTime:0.001587s ]
INFO: [ app_begin ] --END-- [ RunTime:0.001758s ]
INFO: [ app_end ] --START--
INFO: Run Behavior\ShowPageTraceBehavior [ RunTime:0.001498s ]
INFO: [ app_end ] --END-- [ RunTime:0.001687s ]

[ 2017-05-16T16:42:49+08:00 ] ::1 /school/index.php/Home/HelpGoods/hg_detail/hg_id/4.html
INFO: [ app_init ] --START--
INFO: Run Behavior\BuildLiteBehavior [ RunTime:0.000047s ]
INFO: [ app_init ] --END-- [ RunTime:0.001400s ]
INFO: [ app_begin ] --START--
INFO: Run Behavior\ReadHtmlCacheBehavior [ RunTime:0.001200s ]
INFO: [ app_begin ] --END-- [ RunTime:0.001364s ]
SQL: SHOW COLUMNS FROM `helpgoods` [ RunTime:0.0512s ]
SQL: SELECT * FROM `helpgoods` WHERE `h_id` = 4 LIMIT 1   [ RunTime:0.0018s ]
NOTIC: [2048] Declaration of Home\Model\UsersModel::_after_insert() should be compatible with Think\Model::_after_insert($data, $options) G:\htdocs\school\Application\Home\Model\UsersModel.class.php 第 114 行.
SQL: SHOW COLUMNS FROM `users` [ RunTime:0.0587s ]
SQL: SELECT `u_qq` FROM `users` WHERE `u_id` = 9 LIMIT 1   [ RunTime:0.0021s ]
SQL: SHOW COLUMNS FROM `areas` [ RunTime:0.0550s ]
SQL: SELECT `a_name` FROM `areas` WHERE `a_id` = 2 LIMIT 1   [ RunTime:0.0017s ]
INFO: [ view_parse ] --START--
INFO: [ template_filter ] --START--
INFO: Run Behavior\ContentReplaceBehavior [ RunTime:0.000155s ]
INFO: [ template_filter ] --END-- [ RunTime:0.000276s ]
INFO: Run Behavior\ParseTemplateBehavior [ RunTime:0.274500s ]
INFO: [ view_parse ] --END-- [ RunTime:0.274718s ]
INFO: [ view_filter ] --START--
INFO: Run Behavior\WriteHtmlCacheBehavior [ RunTime:0.000814s ]
INFO: [ view_filter ] --END-- [ RunTime:0.000950s ]
INFO: [ app_end ] --START--
INFO: Run Behavior\ShowPageTraceBehavior [ RunTime:0.002621s ]
INFO: [ app_end ] --END-- [ RunTime:0.002994s ]

[ 2017-05-16T16:42:51+08:00 ] ::1 /school/index.php/Home/HelpGoods/hg_detail/hg_id/js/jquery.js
INFO: [ app_init ] --START--
INFO: Run Behavior\BuildLiteBehavior [ RunTime:0.000049s ]
INFO: [ app_init ] --END-- [ RunTime:0.001638s ]
INFO: [ app_begin ] --START--
INFO: Run Behavior\ReadHtmlCacheBehavior [ RunTime:0.001651s ]
INFO: [ app_begin ] --END-- [ RunTime:0.001858s ]
SQL: SHOW COLUMNS FROM `helpgoods` [ RunTime:0.0496s ]
SQL: SELECT * FROM `helpgoods` WHERE `h_id` = 0 LIMIT 1   [ RunTime:0.0018s ]
NOTIC: [2048] Declaration of Home\Model\UsersModel::_after_insert() should be compatible with Think\Model::_after_insert($data, $options) G:\htdocs\school\Application\Home\Model\UsersModel.class.php 第 114 行.
SQL: SHOW COLUMNS FROM `users` [ RunTime:0.0594s ]
SQL: SELECT `u_qq` FROM `users` WHERE `u_id` = null LIMIT 1   [ RunTime:0.0848s ]
SQL: SHOW COLUMNS FROM `areas` [ RunTime:0.0482s ]
SQL: SELECT `a_name` FROM `areas` WHERE `a_id` = null LIMIT 1   [ RunTime:0.0016s ]
INFO: [ view_parse ] --START--
INFO: [ template_filter ] --START--
INFO: Run Behavior\ContentReplaceBehavior [ RunTime:0.000234s ]
INFO: [ template_filter ] --END-- [ RunTime:0.000400s ]
INFO: Run Behavior\ParseTemplateBehavior [ RunTime:0.024240s ]
INFO: [ view_parse ] --END-- [ RunTime:0.024438s ]
INFO: [ view_filter ] --START--
INFO: Run Behavior\WriteHtmlCacheBehavior [ RunTime:0.000634s ]
INFO: [ view_filter ] --END-- [ RunTime:0.000738s ]
INFO: [ app_end ] --START--
INFO: Run Behavior\ShowPageTraceBehavior [ RunTime:0.001110s ]
INFO: [ app_end ] --END-- [ RunTime:0.001212s ]

[ 2017-05-16T16:42:53+08:00 ] ::1 /school/index.php/Home/HelpGoods/hg_detail/hg_id/js/bootstrap.min.js
INFO: [ app_init ] --START--
INFO: Run Behavior\BuildLiteBehavior [ RunTime:0.000049s ]
INFO: [ app_init ] --END-- [ RunTime:0.001727s ]
INFO: [ app_begin ] --START--
INFO: Run Behavior\ReadHtmlCacheBehavior [ RunTime:0.002179s ]
INFO: [ app_begin ] --END-- [ RunTime:0.002664s ]
SQL: SHOW COLUMNS FROM `helpgoods` [ RunTime:0.0464s ]
SQL: SELECT * FROM `helpgoods` WHERE `h_id` = 0 LIMIT 1   [ RunTime:0.0020s ]
NOTIC: [2048] Declaration of Home\Model\UsersModel::_after_insert() should be compatible with Think\Model::_after_insert($data, $options) G:\htdocs\school\Application\Home\Model\UsersModel.class.php 第 114 行.
SQL: SHOW COLUMNS FROM `users` [ RunTime:0.0454s ]
SQL: SELECT `u_qq` FROM `users` WHERE `u_id` = null LIMIT 1   [ RunTime:0.0016s ]
SQL: SHOW COLUMNS FROM `areas` [ RunTime:0.0385s ]
SQL: SELECT `a_name` FROM `areas` WHERE `a_id` = null LIMIT 1   [ RunTime:0.0013s ]
INFO: [ view_parse ] --START--
INFO: [ template_filter ] --START--
INFO: Run Behavior\ContentReplaceBehavior [ RunTime:0.000231s ]
INFO: [ template_filter ] --END-- [ RunTime:0.000417s ]
INFO: Run Behavior\ParseTemplateBehavior [ RunTime:0.053747s ]
INFO: [ view_parse ] --END-- [ RunTime:0.053904s ]
INFO: [ view_filter ] --START--
INFO: Run Behavior\WriteHtmlCacheBehavior [ RunTime:0.001037s ]
INFO: [ view_filter ] --END-- [ RunTime:0.001146s ]
INFO: [ app_end ] --START--
INFO: Run Behavior\ShowPageTraceBehavior [ RunTime:0.001505s ]
INFO: [ app_end ] --END-- [ RunTime:0.001664s ]

[ 2017-05-16T16:42:54+08:00 ] ::1 /school/index.php/Home/HelpGoods/hg_detail/hg_id/js/js.js
INFO: [ app_init ] --START--
INFO: Run Behavior\BuildLiteBehavior [ RunTime:0.000047s ]
INFO: [ app_init ] --END-- [ RunTime:0.001515s ]
INFO: [ app_begin ] --START--
INFO: Run Behavior\ReadHtmlCacheBehavior [ RunTime:0.001387s ]
INFO: [ app_begin ] --END-- [ RunTime:0.001529s ]
SQL: SHOW COLUMNS FROM `helpgoods` [ RunTime:0.2121s ]
SQL: SELECT * FROM `helpgoods` WHERE `h_id` = 0 LIMIT 1   [ RunTime:0.0019s ]
NOTIC: [2048] Declaration of Home\Model\UsersModel::_after_insert() should be compatible with Think\Model::_after_insert($data, $options) G:\htdocs\school\Application\Home\Model\UsersModel.class.php 第 114 行.
SQL: SHOW COLUMNS FROM `users` [ RunTime:0.0497s ]
SQL: SELECT `u_qq` FROM `users` WHERE `u_id` = null LIMIT 1   [ RunTime:0.0017s ]
SQL: SHOW COLUMNS FROM `areas` [ RunTime:0.0470s ]
SQL: SELECT `a_name` FROM `areas` WHERE `a_id` = null LIMIT 1   [ RunTime:0.0015s ]
INFO: [ view_parse ] --START--
INFO: [ template_filter ] --START--
INFO: Run Behavior\ContentReplaceBehavior [ RunTime:0.000307s ]
INFO: [ template_filter ] --END-- [ RunTime:0.000505s ]
INFO: Run Behavior\ParseTemplateBehavior [ RunTime:0.056440s ]
INFO: [ view_parse ] --END-- [ RunTime:0.056737s ]
INFO: [ view_filter ] --START--
INFO: Run Behavior\WriteHtmlCacheBehavior [ RunTime:0.001381s ]
INFO: [ view_filter ] --END-- [ RunTime:0.001530s ]
INFO: [ app_end ] --START--
INFO: Run Behavior\ShowPageTraceBehavior [ RunTime:0.002546s ]
INFO: [ app_end ] --END-- [ RunTime:0.002726s ]

[ 2017-05-16T16:42:58+08:00 ] ::1 /school/index.php/Home/Login/check_online
INFO: [ app_init ] --START--
INFO: Run Behavior\BuildLiteBehavior [ RunTime:0.000039s ]
INFO: [ app_init ] --END-- [ RunTime:0.001161s ]
INFO: [ app_begin ] --START--
INFO: Run Behavior\ReadHtmlCacheBehavior [ RunTime:0.001950s ]
INFO: [ app_begin ] --END-- [ RunTime:0.002096s ]
INFO: [ app_end ] --START--
INFO: Run Behavior\ShowPageTraceBehavior [ RunTime:0.001383s ]
INFO: [ app_end ] --END-- [ RunTime:0.001551s ]

[ 2017-05-16T16:43:02+08:00 ] ::1 /school/index.php/Home/HelpGoods/hg_detail/hg_id/4.html
INFO: [ app_init ] --START--
INFO: Run Behavior\BuildLiteBehavior [ RunTime:0.000052s ]
INFO: [ app_init ] --END-- [ RunTime:0.001353s ]
INFO: [ app_begin ] --START--
INFO: Run Behavior\ReadHtmlCacheBehavior [ RunTime:0.001879s ]
INFO: [ app_begin ] --END-- [ RunTime:0.002207s ]
SQL: SHOW COLUMNS FROM `helpgoods` [ RunTime:0.0400s ]
SQL: SELECT * FROM `helpgoods` WHERE `h_id` = 4 LIMIT 1   [ RunTime:0.0017s ]
NOTIC: [2048] Declaration of Home\Model\UsersModel::_after_insert() should be compatible with Think\Model::_after_insert($data, $options) G:\htdocs\school\Application\Home\Model\UsersModel.class.php 第 114 行.
SQL: SHOW COLUMNS FROM `users` [ RunTime:0.0536s ]
SQL: SELECT `u_qq` FROM `users` WHERE `u_id` = 9 LIMIT 1   [ RunTime:0.0017s ]
SQL: SHOW COLUMNS FROM `areas` [ RunTime:0.0391s ]
SQL: SELECT `a_name` FROM `areas` WHERE `a_id` = 2 LIMIT 1   [ RunTime:0.0016s ]
INFO: [ view_parse ] --START--
INFO: [ template_filter ] --START--
INFO: Run Behavior\ContentReplaceBehavior [ RunTime:0.000153s ]
INFO: [ template_filter ] --END-- [ RunTime:0.000275s ]
INFO: Run Behavior\ParseTemplateBehavior [ RunTime:0.024364s ]
INFO: [ view_parse ] --END-- [ RunTime:0.024525s ]
INFO: [ view_filter ] --START--
INFO: Run Behavior\WriteHtmlCacheBehavior [ RunTime:0.000570s ]
INFO: [ view_filter ] --END-- [ RunTime:0.000656s ]
INFO: [ app_end ] --START--
INFO: Run Behavior\ShowPageTraceBehavior [ RunTime:0.001406s ]
INFO: [ app_end ] --END-- [ RunTime:0.001526s ]

[ 2017-05-16T16:43:03+08:00 ] ::1 /school/index.php/Home/HelpGoods/hg_detail/hg_id/js/jquery.js
INFO: [ app_init ] --START--
INFO: Run Behavior\BuildLiteBehavior [ RunTime:0.000050s ]
INFO: [ app_init ] --END-- [ RunTime:0.001267s ]
INFO: [ app_begin ] --START--
INFO: Run Behavior\ReadHtmlCacheBehavior [ RunTime:0.001829s ]
INFO: [ app_begin ] --END-- [ RunTime:0.002033s ]
SQL: SHOW COLUMNS FROM `helpgoods` [ RunTime:0.0609s ]
SQL: SELECT * FROM `helpgoods` WHERE `h_id` = 0 LIMIT 1   [ RunTime:0.0020s ]
NOTIC: [2048] Declaration of Home\Model\UsersModel::_after_insert() should be compatible with Think\Model::_after_insert($data, $options) G:\htdocs\school\Application\Home\Model\UsersModel.class.php 第 114 行.
SQL: SHOW COLUMNS FROM `users` [ RunTime:0.0638s ]
SQL: SELECT `u_qq` FROM `users` WHERE `u_id` = null LIMIT 1   [ RunTime:0.0023s ]
SQL: SHOW COLUMNS FROM `areas` [ RunTime:0.0507s ]
SQL: SELECT `a_name` FROM `areas` WHERE `a_id` = null LIMIT 1   [ RunTime:0.0015s ]
INFO: [ view_parse ] --START--
INFO: [ template_filter ] --START--
INFO: Run Behavior\ContentReplaceBehavior [ RunTime:0.000244s ]
INFO: [ template_filter ] --END-- [ RunTime:0.000442s ]
INFO: Run Behavior\ParseTemplateBehavior [ RunTime:0.028032s ]
INFO: [ view_parse ] --END-- [ RunTime:0.028327s ]
INFO: [ view_filter ] --START--
INFO: Run Behavior\WriteHtmlCacheBehavior [ RunTime:0.000965s ]
INFO: [ view_filter ] --END-- [ RunTime:0.001150s ]
INFO: [ app_end ] --START--
INFO: Run Behavior\ShowPageTraceBehavior [ RunTime:0.001652s ]
INFO: [ app_end ] --END-- [ RunTime:0.001826s ]

[ 2017-05-16T16:43:04+08:00 ] ::1 /school/index.php/Home/HelpGoods/hg_detail/hg_id/js/bootstrap.min.js
INFO: [ app_init ] --START--
INFO: Run Behavior\BuildLiteBehavior [ RunTime:0.000041s ]
INFO: [ app_init ] --END-- [ RunTime:0.001245s ]
INFO: [ app_begin ] --START--
INFO: Run Behavior\ReadHtmlCacheBehavior [ RunTime:0.001453s ]
INFO: [ app_begin ] --END-- [ RunTime:0.001678s ]
SQL: SHOW COLUMNS FROM `helpgoods` [ RunTime:0.0473s ]
SQL: SELECT * FROM `helpgoods` WHERE `h_id` = 0 LIMIT 1   [ RunTime:0.0022s ]
NOTIC: [2048] Declaration of Home\Model\UsersModel::_after_insert() should be compatible with Think\Model::_after_insert($data, $options) G:\htdocs\school\Application\Home\Model\UsersModel.class.php 第 114 行.
SQL: SHOW COLUMNS FROM `users` [ RunTime:0.0456s ]
SQL: SELECT `u_qq` FROM `users` WHERE `u_id` = null LIMIT 1   [ RunTime:0.0015s ]
SQL: SHOW COLUMNS FROM `areas` [ RunTime:0.0396s ]
SQL: SELECT `a_name` FROM `areas` WHERE `a_id` = null LIMIT 1   [ RunTime:0.0014s ]
INFO: [ view_parse ] --START--
INFO: [ template_filter ] --START--
INFO: Run Behavior\ContentReplaceBehavior [ RunTime:0.000186s ]
INFO: [ template_filter ] --END-- [ RunTime:0.000306s ]
INFO: Run Behavior\ParseTemplateBehavior [ RunTime:0.020523s ]
INFO: [ view_parse ] --END-- [ RunTime:0.020679s ]
INFO: [ view_filter ] --START--
INFO: Run Behavior\WriteHtmlCacheBehavior [ RunTime:0.000621s ]
INFO: [ view_filter ] --END-- [ RunTime:0.000711s ]
INFO: [ app_end ] --START--
INFO: Run Behavior\ShowPageTraceBehavior [ RunTime:0.001099s ]
INFO: [ app_end ] --END-- [ RunTime:0.001201s ]

[ 2017-05-16T16:43:06+08:00 ] ::1 /school/index.php/Home/HelpGoods/hg_detail/hg_id/js/js.js
INFO: [ app_init ] --START--
INFO: Run Behavior\BuildLiteBehavior [ RunTime:0.000038s ]
INFO: [ app_init ] --END-- [ RunTime:0.001239s ]
INFO: [ app_begin ] --START--
INFO: Run Behavior\ReadHtmlCacheBehavior [ RunTime:0.001446s ]
INFO: [ app_begin ] --END-- [ RunTime:0.001611s ]
SQL: SHOW COLUMNS FROM `helpgoods` [ RunTime:0.1412s ]
SQL: SELECT * FROM `helpgoods` WHERE `h_id` = 0 LIMIT 1   [ RunTime:0.0019s ]
NOTIC: [2048] Declaration of Home\Model\UsersModel::_after_insert() should be compatible with Think\Model::_after_insert($data, $options) G:\htdocs\school\Application\Home\Model\UsersModel.class.php 第 114 行.
SQL: SHOW COLUMNS FROM `users` [ RunTime:0.0539s ]
SQL: SELECT `u_qq` FROM `users` WHERE `u_id` = null LIMIT 1   [ RunTime:0.0015s ]
SQL: SHOW COLUMNS FROM `areas` [ RunTime:0.0356s ]
SQL: SELECT `a_name` FROM `areas` WHERE `a_id` = null LIMIT 1   [ RunTime:0.0014s ]
INFO: [ view_parse ] --START--
INFO: [ template_filter ] --START--
INFO: Run Behavior\ContentReplaceBehavior [ RunTime:0.000193s ]
INFO: [ template_filter ] --END-- [ RunTime:0.000349s ]
INFO: Run Behavior\ParseTemplateBehavior [ RunTime:0.022838s ]
INFO: [ view_parse ] --END-- [ RunTime:0.023063s ]
INFO: [ view_filter ] --START--
INFO: Run Behavior\WriteHtmlCacheBehavior [ RunTime:0.000809s ]
INFO: [ view_filter ] --END-- [ RunTime:0.000945s ]
INFO: [ app_end ] --START--
INFO: Run Behavior\ShowPageTraceBehavior [ RunTime:0.001435s ]
INFO: [ app_end ] --END-- [ RunTime:0.001600s ]

[ 2017-05-16T16:43:34+08:00 ] ::1 /school/index.php/Home/Login/check_online
INFO: [ app_init ] --START--
INFO: Run Behavior\BuildLiteBehavior [ RunTime:0.000035s ]
INFO: [ app_init ] --END-- [ RunTime:0.001109s ]
INFO: [ app_begin ] --START--
INFO: Run Behavior\ReadHtmlCacheBehavior [ RunTime:0.001256s ]
INFO: [ app_begin ] --END-- [ RunTime:0.001386s ]
INFO: [ app_end ] --START--
INFO: Run Behavior\ShowPageTraceBehavior [ RunTime:0.001711s ]
INFO: [ app_end ] --END-- [ RunTime:0.001890s ]

[ 2017-05-16T16:43:37+08:00 ] ::1 /school/index.php/Home/Goods/goods_detail/g_id/6.html
INFO: [ app_init ] --START--
INFO: Run Behavior\BuildLiteBehavior [ RunTime:0.000043s ]
INFO: [ app_init ] --END-- [ RunTime:0.000883s ]
INFO: [ app_begin ] --START--
INFO: Run Behavior\ReadHtmlCacheBehavior [ RunTime:0.001675s ]
INFO: [ app_begin ] --END-- [ RunTime:0.001856s ]
NOTIC: [2048] Declaration of Home\Model\GoodsModel::_after_insert() should be compatible with Think\Model::_after_insert($data, $options) G:\htdocs\school\Application\Home\Model\GoodsModel.class.php 第 6 行.
SQL: SHOW COLUMNS FROM `goods` [ RunTime:0.0471s ]
SQL: SELECT * FROM `goods` WHERE `g_id` = 6 LIMIT 1   [ RunTime:0.0018s ]
SQL: SHOW COLUMNS FROM `goodsnew` [ RunTime:0.0377s ]
SQL: SELECT `gn_name` FROM `goodsnew` WHERE `gn_id` = 1 LIMIT 1   [ RunTime:0.0017s ]
NOTIC: [2048] Declaration of Home\Model\UsersModel::_after_insert() should be compatible with Think\Model::_after_insert($data, $options) G:\htdocs\school\Application\Home\Model\UsersModel.class.php 第 114 行.
SQL: SHOW COLUMNS FROM `users` [ RunTime:0.0509s ]
SQL: SELECT `u_qq` FROM `users` WHERE `u_id` = 1 LIMIT 1   [ RunTime:0.0016s ]
SQL: SHOW COLUMNS FROM `categorys` [ RunTime:0.0383s ]
SQL: SELECT * FROM `categorys`  [ RunTime:0.0016s ]
SQL: SHOW COLUMNS FROM `areas` [ RunTime:0.0396s ]
SQL: SELECT * FROM `areas`  [ RunTime:0.0017s ]
INFO: [ view_parse ] --START--
INFO: [ template_filter ] --START--
INFO: Run Behavior\ContentReplaceBehavior [ RunTime:0.000173s ]
INFO: [ template_filter ] --END-- [ RunTime:0.000310s ]
INFO: Run Behavior\ParseTemplateBehavior [ RunTime:0.182966s ]
INFO: [ view_parse ] --END-- [ RunTime:0.183151s ]
INFO: [ view_filter ] --START--
INFO: Run Behavior\WriteHtmlCacheBehavior [ RunTime:0.000827s ]
INFO: [ view_filter ] --END-- [ RunTime:0.000968s ]
INFO: [ app_end ] --START--
INFO: Run Behavior\ShowPageTraceBehavior [ RunTime:0.008782s ]
INFO: [ app_end ] --END-- [ RunTime:0.008962s ]

[ 2017-05-16T16:43:39+08:00 ] ::1 /school/index.php/Home/Goods/goods_detail/g_id/js/jquery.js
INFO: [ app_init ] --START--
INFO: Run Behavior\BuildLiteBehavior [ RunTime:0.000042s ]
INFO: [ app_init ] --END-- [ RunTime:0.001469s ]
INFO: [ app_begin ] --START--
INFO: Run Behavior\ReadHtmlCacheBehavior [ RunTime:0.001467s ]
INFO: [ app_begin ] --END-- [ RunTime:0.001628s ]
NOTIC: [2048] Declaration of Home\Model\GoodsModel::_after_insert() should be compatible with Think\Model::_after_insert($data, $options) G:\htdocs\school\Application\Home\Model\GoodsModel.class.php 第 6 行.
SQL: SHOW COLUMNS FROM `goods` [ RunTime:0.0507s ]
SQL: SELECT * FROM `goods` WHERE `g_id` = 0 LIMIT 1   [ RunTime:0.0019s ]
SQL: SHOW COLUMNS FROM `goodsnew` [ RunTime:0.0414s ]
SQL: SELECT `gn_name` FROM `goodsnew` WHERE `gn_id` = null LIMIT 1   [ RunTime:0.0016s ]
NOTIC: [2048] Declaration of Home\Model\UsersModel::_after_insert() should be compatible with Think\Model::_after_insert($data, $options) G:\htdocs\school\Application\Home\Model\UsersModel.class.php 第 114 行.
SQL: SHOW COLUMNS FROM `users` [ RunTime:0.0479s ]
SQL: SELECT `u_qq` FROM `users` WHERE `u_id` = null LIMIT 1   [ RunTime:0.0015s ]
SQL: SHOW COLUMNS FROM `categorys` [ RunTime:0.0380s ]
SQL: SELECT * FROM `categorys`  [ RunTime:0.0018s ]
SQL: SHOW COLUMNS FROM `areas` [ RunTime:0.0358s ]
SQL: SELECT * FROM `areas`  [ RunTime:0.0019s ]
NOTIC: [8] Undefined index: g_school G:\htdocs\school\Application\Home\Controller\GoodsController.class.php 第 51 行.
NOTIC: [8] Undefined index: g_school G:\htdocs\school\Application\Home\Controller\GoodsController.class.php 第 51 行.
NOTIC: [8] Undefined index: g_school G:\htdocs\school\Application\Home\Controller\GoodsController.class.php 第 51 行.
NOTIC: [8] Undefined index: g_school G:\htdocs\school\Application\Home\Controller\GoodsController.class.php 第 51 行.
INFO: [ view_parse ] --START--
INFO: [ template_filter ] --START--
INFO: Run Behavior\ContentReplaceBehavior [ RunTime:0.000231s ]
INFO: [ template_filter ] --END-- [ RunTime:0.000355s ]
NOTIC: [8] Undefined index: g_logo G:\htdocs\school\Application\Runtime\Cache\Home\d24b9c92f9d923a06ae113dfcdf269a0.php 第 80 行.
NOTIC: [8] Undefined index: g_name G:\htdocs\school\Application\Runtime\Cache\Home\d24b9c92f9d923a06ae113dfcdf269a0.php 第 87 行.
NOTIC: [8] Undefined index: g_num G:\htdocs\school\Application\Runtime\Cache\Home\d24b9c92f9d923a06ae113dfcdf269a0.php 第 89 行.
NOTIC: [8] Undefined index: g_price G:\htdocs\school\Application\Runtime\Cache\Home\d24b9c92f9d923a06ae113dfcdf269a0.php 第 91 行.
NOTIC: [8] Undefined index: g_category G:\htdocs\school\Application\Runtime\Cache\Home\d24b9c92f9d923a06ae113dfcdf269a0.php 第 93 行.
NOTIC: [8] Undefined index: g_categorys G:\htdocs\school\Application\Runtime\Cache\Home\d24b9c92f9d923a06ae113dfcdf269a0.php 第 93 行.
NOTIC: [8] Undefined index: g_school G:\htdocs\school\Application\Runtime\Cache\Home\d24b9c92f9d923a06ae113dfcdf269a0.php 第 95 行.
NOTIC: [8] Undefined index: g_desc G:\htdocs\school\Application\Runtime\Cache\Home\d24b9c92f9d923a06ae113dfcdf269a0.php 第 114 行.
INFO: Run Behavior\ParseTemplateBehavior [ RunTime:0.021267s ]
INFO: [ view_parse ] --END-- [ RunTime:0.021403s ]
INFO: [ view_filter ] --START--
INFO: Run Behavior\WriteHtmlCacheBehavior [ RunTime:0.000602s ]
INFO: [ view_filter ] --END-- [ RunTime:0.000689s ]
INFO: [ app_end ] --START--
INFO: Run Behavior\ShowPageTraceBehavior [ RunTime:0.001137s ]
INFO: [ app_end ] --END-- [ RunTime:0.001237s ]

[ 2017-05-16T16:43:40+08:00 ] ::1 /school/index.php/Home/Goods/goods_detail/g_id/js/bootstrap.min.js
INFO: [ app_init ] --START--
INFO: Run Behavior\BuildLiteBehavior [ RunTime:0.000029s ]
INFO: [ app_init ] --END-- [ RunTime:0.000918s ]
INFO: [ app_begin ] --START--
INFO: Run Behavior\ReadHtmlCacheBehavior [ RunTime:0.001241s ]
INFO: [ app_begin ] --END-- [ RunTime:0.001415s ]
NOTIC: [2048] Declaration of Home\Model\GoodsModel::_after_insert() should be compatible with Think\Model::_after_insert($data, $options) G:\htdocs\school\Application\Home\Model\GoodsModel.class.php 第 6 行.
SQL: SHOW COLUMNS FROM `goods` [ RunTime:0.0475s ]
SQL: SELECT * FROM `goods` WHERE `g_id` = 0 LIMIT 1   [ RunTime:0.0024s ]
SQL: SHOW COLUMNS FROM `goodsnew` [ RunTime:0.0457s ]
SQL: SELECT `gn_name` FROM `goodsnew` WHERE `gn_id` = null LIMIT 1   [ RunTime:0.0015s ]
NOTIC: [2048] Declaration of Home\Model\UsersModel::_after_insert() should be compatible with Think\Model::_after_insert($data, $options) G:\htdocs\school\Application\Home\Model\UsersModel.class.php 第 114 行.
SQL: SHOW COLUMNS FROM `users` [ RunTime:0.0465s ]
SQL: SELECT `u_qq` FROM `users` WHERE `u_id` = null LIMIT 1   [ RunTime:0.0014s ]
SQL: SHOW COLUMNS FROM `categorys` [ RunTime:0.0337s ]
SQL: SELECT * FROM `categorys`  [ RunTime:0.0022s ]
SQL: SHOW COLUMNS FROM `areas` [ RunTime:0.0406s ]
SQL: SELECT * FROM `areas`  [ RunTime:0.0015s ]
NOTIC: [8] Undefined index: g_school G:\htdocs\school\Application\Home\Controller\GoodsController.class.php 第 51 行.
NOTIC: [8] Undefined index: g_school G:\htdocs\school\Application\Home\Controller\GoodsController.class.php 第 51 行.
NOTIC: [8] Undefined index: g_school G:\htdocs\school\Application\Home\Controller\GoodsController.class.php 第 51 行.
NOTIC: [8] Undefined index: g_school G:\htdocs\school\Application\Home\Controller\GoodsController.class.php 第 51 行.
INFO: [ view_parse ] --START--
INFO: [ template_filter ] --START--
INFO: Run Behavior\ContentReplaceBehavior [ RunTime:0.000195s ]
INFO: [ template_filter ] --END-- [ RunTime:0.000339s ]
NOTIC: [8] Undefined index: g_logo G:\htdocs\school\Application\Runtime\Cache\Home\d24b9c92f9d923a06ae113dfcdf269a0.php 第 80 行.
NOTIC: [8] Undefined index: g_name G:\htdocs\school\Application\Runtime\Cache\Home\d24b9c92f9d923a06ae113dfcdf269a0.php 第 87 行.
NOTIC: [8] Undefined index: g_num G:\htdocs\school\Application\Runtime\Cache\Home\d24b9c92f9d923a06ae113dfcdf269a0.php 第 89 行.
NOTIC: [8] Undefined index: g_price G:\htdocs\school\Application\Runtime\Cache\Home\d24b9c92f9d923a06ae113dfcdf269a0.php 第 91 行.
NOTIC: [8] Undefined index: g_category G:\htdocs\school\Application\Runtime\Cache\Home\d24b9c92f9d923a06ae113dfcdf269a0.php 第 93 行.
NOTIC: [8] Undefined index: g_categorys G:\htdocs\school\Application\Runtime\Cache\Home\d24b9c92f9d923a06ae113dfcdf269a0.php 第 93 行.
NOTIC: [8] Undefined index: g_school G:\htdocs\school\Application\Runtime\Cache\Home\d24b9c92f9d923a06ae113dfcdf269a0.php 第 95 行.
NOTIC: [8] Undefined index: g_desc G:\htdocs\school\Application\Runtime\Cache\Home\d24b9c92f9d923a06ae113dfcdf269a0.php 第 114 行.
INFO: Run Behavior\ParseTemplateBehavior [ RunTime:0.020954s ]
INFO: [ view_parse ] --END-- [ RunTime:0.021888s ]
INFO: [ view_filter ] --START--
INFO: Run Behavior\WriteHtmlCacheBehavior [ RunTime:0.000678s ]
INFO: [ view_filter ] --END-- [ RunTime:0.000788s ]
INFO: [ app_end ] --START--
INFO: Run Behavior\ShowPageTraceBehavior [ RunTime:0.001086s ]
INFO: [ app_end ] --END-- [ RunTime:0.001189s ]

[ 2017-05-16T16:43:42+08:00 ] ::1 /school/index.php/Home/Goods/goods_detail/g_id/js/js.js
INFO: [ app_init ] --START--
INFO: Run Behavior\BuildLiteBehavior [ RunTime:0.000038s ]
INFO: [ app_init ] --END-- [ RunTime:0.001245s ]
INFO: [ app_begin ] --START--
INFO: Run Behavior\ReadHtmlCacheBehavior [ RunTime:0.001423s ]
INFO: [ app_begin ] --END-- [ RunTime:0.001587s ]
NOTIC: [2048] Declaration of Home\Model\GoodsModel::_after_insert() should be compatible with Think\Model::_after_insert($data, $options) G:\htdocs\school\Application\Home\Model\GoodsModel.class.php 第 6 行.
SQL: SHOW COLUMNS FROM `goods` [ RunTime:0.0704s ]
SQL: SELECT * FROM `goods` WHERE `g_id` = 0 LIMIT 1   [ RunTime:0.0018s ]
SQL: SHOW COLUMNS FROM `goodsnew` [ RunTime:0.0450s ]
SQL: SELECT `gn_name` FROM `goodsnew` WHERE `gn_id` = null LIMIT 1   [ RunTime:0.0015s ]
NOTIC: [2048] Declaration of Home\Model\UsersModel::_after_insert() should be compatible with Think\Model::_after_insert($data, $options) G:\htdocs\school\Application\Home\Model\UsersModel.class.php 第 114 行.
SQL: SHOW COLUMNS FROM `users` [ RunTime:0.0517s ]
SQL: SELECT `u_qq` FROM `users` WHERE `u_id` = null LIMIT 1   [ RunTime:0.0014s ]
SQL: SHOW COLUMNS FROM `categorys` [ RunTime:0.0515s ]
SQL: SELECT * FROM `categorys`  [ RunTime:0.0021s ]
SQL: SHOW COLUMNS FROM `areas` [ RunTime:0.0475s ]
SQL: SELECT * FROM `areas`  [ RunTime:0.0016s ]
NOTIC: [8] Undefined index: g_school G:\htdocs\school\Application\Home\Controller\GoodsController.class.php 第 51 行.
NOTIC: [8] Undefined index: g_school G:\htdocs\school\Application\Home\Controller\GoodsController.class.php 第 51 行.
NOTIC: [8] Undefined index: g_school G:\htdocs\school\Application\Home\Controller\GoodsController.class.php 第 51 行.
NOTIC: [8] Undefined index: g_school G:\htdocs\school\Application\Home\Controller\GoodsController.class.php 第 51 行.
INFO: [ view_parse ] --START--
INFO: [ template_filter ] --START--
INFO: Run Behavior\ContentReplaceBehavior [ RunTime:0.000278s ]
INFO: [ template_filter ] --END-- [ RunTime:0.000467s ]
NOTIC: [8] Undefined index: g_logo G:\htdocs\school\Application\Runtime\Cache\Home\d24b9c92f9d923a06ae113dfcdf269a0.php 第 80 行.
NOTIC: [8] Undefined index: g_name G:\htdocs\school\Application\Runtime\Cache\Home\d24b9c92f9d923a06ae113dfcdf269a0.php 第 87 行.
NOTIC: [8] Undefined index: g_num G:\htdocs\school\Application\Runtime\Cache\Home\d24b9c92f9d923a06ae113dfcdf269a0.php 第 89 行.
NOTIC: [8] Undefined index: g_price G:\htdocs\school\Application\Runtime\Cache\Home\d24b9c92f9d923a06ae113dfcdf269a0.php 第 91 行.
NOTIC: [8] Undefined index: g_category G:\htdocs\school\Application\Runtime\Cache\Home\d24b9c92f9d923a06ae113dfcdf269a0.php 第 93 行.
NOTIC: [8] Undefined index: g_categorys G:\htdocs\school\Application\Runtime\Cache\Home\d24b9c92f9d923a06ae113dfcdf269a0.php 第 93 行.
NOTIC: [8] Undefined index: g_school G:\htdocs\school\Application\Runtime\Cache\Home\d24b9c92f9d923a06ae113dfcdf269a0.php 第 95 行.
NOTIC: [8] Undefined index: g_desc G:\htdocs\school\Application\Runtime\Cache\Home\d24b9c92f9d923a06ae113dfcdf269a0.php 第 114 行.
INFO: Run Behavior\ParseTemplateBehavior [ RunTime:0.027667s ]
INFO: [ view_parse ] --END-- [ RunTime:0.027815s ]
INFO: [ view_filter ] --START--
INFO: Run Behavior\WriteHtmlCacheBehavior [ RunTime:0.000899s ]
INFO: [ view_filter ] --END-- [ RunTime:0.001089s ]
INFO: [ app_end ] --START--
INFO: Run Behavior\ShowPageTraceBehavior [ RunTime:0.001808s ]
INFO: [ app_end ] --END-- [ RunTime:0.002024s ]

[ 2017-05-16T16:44:20+08:00 ] ::1 /school/index.php/Home/Login/check_online
INFO: [ app_init ] --START--
INFO: Run Behavior\BuildLiteBehavior [ RunTime:0.000040s ]
INFO: [ app_init ] --END-- [ RunTime:0.001362s ]
INFO: [ app_begin ] --START--
INFO: Run Behavior\ReadHtmlCacheBehavior [ RunTime:0.004331s ]
INFO: [ app_begin ] --END-- [ RunTime:0.004496s ]
INFO: [ app_end ] --START--
INFO: Run Behavior\ShowPageTraceBehavior [ RunTime:0.001709s ]
INFO: [ app_end ] --END-- [ RunTime:0.001880s ]

[ 2017-05-16T18:31:24+08:00 ] ::1 /school/index.php/Home/Index/index
INFO: [ app_init ] --START--
INFO: Run Behavior\BuildLiteBehavior [ RunTime:0.000034s ]
INFO: [ app_init ] --END-- [ RunTime:0.001321s ]
INFO: [ app_begin ] --START--
INFO: Run Behavior\ReadHtmlCacheBehavior [ RunTime:0.002172s ]
INFO: [ app_begin ] --END-- [ RunTime:0.002358s ]
NOTIC: [2048] Declaration of Home\Model\GoodsModel::_after_insert() should be compatible with Think\Model::_after_insert($data, $options) G:\htdocs\school\Application\Home\Model\GoodsModel.class.php 第 6 行.
SQL: SHOW COLUMNS FROM `goods` [ RunTime:0.0613s ]
SQL: SHOW COLUMNS FROM `goodsuser` [ RunTime:0.0589s ]
SQL: SHOW COLUMNS FROM `helpgoods` [ RunTime:0.0353s ]
SQL: SHOW COLUMNS FROM `categorys` [ RunTime:0.0337s ]
SQL: SHOW COLUMNS FROM `tips` [ RunTime:0.0411s ]
SQL: SELECT * FROM `tips` ORDER BY time desc LIMIT 8   [ RunTime:0.0019s ]
SQL: SELECT * FROM `categorys`  [ RunTime:0.0018s ]
SQL: SELECT `c_name` FROM `categorys` WHERE `c_id` = 1 LIMIT 1   [ RunTime:0.0015s ]
SQL: SELECT `c_name` FROM `categorys` WHERE `c_id` = 1 LIMIT 1   [ RunTime:0.0014s ]
SQL: SELECT `c_name` FROM `categorys` WHERE `c_id` = 1 LIMIT 1   [ RunTime:0.0015s ]
SQL: SELECT `c_name` FROM `categorys` WHERE `c_id` = 1 LIMIT 1   [ RunTime:0.0015s ]
SQL: SELECT `c_name` FROM `categorys` WHERE `c_id` = 3 LIMIT 1   [ RunTime:0.0015s ]
SQL: SELECT `c_name` FROM `categorys` WHERE `c_id` = 3 LIMIT 1   [ RunTime:0.0015s ]
SQL: SELECT `c_name` FROM `categorys` WHERE `c_id` = 4 LIMIT 1   [ RunTime:0.0014s ]
SQL: SELECT `c_name` FROM `categorys` WHERE `c_id` = 4 LIMIT 1   [ RunTime:0.0016s ]
SQL: SELECT `c_name` FROM `categorys` WHERE `c_id` = 4 LIMIT 1   [ RunTime:0.0015s ]
SQL: SELECT `c_name` FROM `categorys` WHERE `c_id` = 4 LIMIT 1   [ RunTime:0.0014s ]
SQL: SELECT `c_name` FROM `categorys` WHERE `c_id` = 4 LIMIT 1   [ RunTime:0.0013s ]
SQL: SELECT `c_name` FROM `categorys` WHERE `c_id` = 4 LIMIT 1   [ RunTime:0.0013s ]
SQL: SELECT `c_name` FROM `categorys` WHERE `c_id` = 4 LIMIT 1   [ RunTime:0.0013s ]
SQL: SELECT `c_name` FROM `categorys` WHERE `c_id` = 5 LIMIT 1   [ RunTime:0.0014s ]
SQL: SELECT `c_name` FROM `categorys` WHERE `c_id` = 5 LIMIT 1   [ RunTime:0.0013s ]
SQL: SELECT `c_name` FROM `categorys` WHERE `c_id` = 5 LIMIT 1   [ RunTime:0.0013s ]
SQL: SELECT `c_name` FROM `categorys` WHERE `c_id` = 5 LIMIT 1   [ RunTime:0.0013s ]
SQL: SELECT `c_name` FROM `categorys` WHERE `c_id` = 5 LIMIT 1   [ RunTime:0.0014s ]
SQL: SELECT `c_name` FROM `categorys` WHERE `c_id` = 5 LIMIT 1   [ RunTime:0.0014s ]
SQL: SELECT `c_name` FROM `categorys` WHERE `c_id` = 5 LIMIT 1   [ RunTime:0.0015s ]
SQL: SELECT `c_name` FROM `categorys` WHERE `c_id` = 5 LIMIT 1   [ RunTime:0.0015s ]
SQL: SELECT `c_name` FROM `categorys` WHERE `c_id` = 6 LIMIT 1   [ RunTime:0.0013s ]
SQL: SELECT `c_name` FROM `categorys` WHERE `c_id` = 6 LIMIT 1   [ RunTime:0.0016s ]
SQL: SELECT `c_name` FROM `categorys` WHERE `c_id` = 6 LIMIT 1   [ RunTime:0.0016s ]
SQL: SELECT `c_name` FROM `categorys` WHERE `c_id` = 6 LIMIT 1   [ RunTime:0.0014s ]
SQL: SELECT `c_name` FROM `categorys` WHERE `c_id` = 6 LIMIT 1   [ RunTime:0.0014s ]
SQL: SELECT `c_name` FROM `categorys` WHERE `c_id` = 6 LIMIT 1   [ RunTime:0.0014s ]
SQL: SELECT `c_name` FROM `categorys` WHERE `c_id` = 6 LIMIT 1   [ RunTime:0.0016s ]
SQL: SELECT `c_name` FROM `categorys` WHERE `c_id` = 6 LIMIT 1   [ RunTime:0.0014s ]
SQL: SELECT `c_name` FROM `categorys` WHERE `c_id` = 6 LIMIT 1   [ RunTime:0.0014s ]
SQL: SELECT `c_name` FROM `categorys` WHERE `c_id` = 6 LIMIT 1   [ RunTime:0.0014s ]
SQL: SELECT `c_name` FROM `categorys` WHERE `c_id` = 7 LIMIT 1   [ RunTime:0.0015s ]
SQL: SELECT `c_name` FROM `categorys` WHERE `c_id` = 7 LIMIT 1   [ RunTime:0.0014s ]
SQL: SELECT `c_name` FROM `categorys` WHERE `c_id` = 7 LIMIT 1   [ RunTime:0.0013s ]
SQL: SELECT `c_name` FROM `categorys` WHERE `c_id` = 7 LIMIT 1   [ RunTime:0.0013s ]
SQL: SELECT `c_name` FROM `categorys` WHERE `c_id` = 7 LIMIT 1   [ RunTime:0.0013s ]
SQL: SELECT `c_name` FROM `categorys` WHERE `c_id` = 7 LIMIT 1   [ RunTime:0.0013s ]
SQL: SELECT `c_name` FROM `categorys` WHERE `c_id` = 8 LIMIT 1   [ RunTime:0.0015s ]
SQL: SELECT `c_name` FROM `categorys` WHERE `c_id` = 8 LIMIT 1   [ RunTime:0.0015s ]
SQL: SELECT `c_name` FROM `categorys` WHERE `c_id` = 8 LIMIT 1   [ RunTime:0.0015s ]
SQL: SELECT `c_name` FROM `categorys` WHERE `c_id` = 8 LIMIT 1   [ RunTime:0.0017s ]
SQL: SELECT `c_name` FROM `categorys` WHERE `c_id` = 8 LIMIT 1   [ RunTime:0.0016s ]
SQL: SELECT `c_name` FROM `categorys` WHERE `c_id` = 8 LIMIT 1   [ RunTime:0.0017s ]
SQL: SELECT `c_name` FROM `categorys` WHERE `c_id` = 8 LIMIT 1   [ RunTime:0.0015s ]
SQL: SELECT `c_name` FROM `categorys` WHERE `c_id` = 9 LIMIT 1   [ RunTime:0.0014s ]
SQL: SELECT `c_name` FROM `categorys` WHERE `c_id` = 9 LIMIT 1   [ RunTime:0.0014s ]
SQL: SELECT `c_name` FROM `categorys` WHERE `c_id` = 9 LIMIT 1   [ RunTime:0.0014s ]
SQL: SELECT `c_name` FROM `categorys` WHERE `c_id` = 9 LIMIT 1   [ RunTime:0.0013s ]
SQL: SELECT `c_name` FROM `categorys` WHERE `c_id` = 9 LIMIT 1   [ RunTime:0.0015s ]
SQL: SELECT `c_name` FROM `categorys` WHERE `c_id` = 9 LIMIT 1   [ RunTime:0.0016s ]
SQL: SELECT `c_name` FROM `categorys` WHERE `c_id` = 9 LIMIT 1   [ RunTime:0.0015s ]
SQL: SELECT `c_name` FROM `categorys` WHERE `c_id` = 2 LIMIT 1   [ RunTime:0.0013s ]
SQL: SELECT `goods_id`,`gu_time` FROM `goodsuser` WHERE `gu_flag` = 'y' AND `school_id` = 2 ORDER BY gu_time desc LIMIT 10   [ RunTime:0.0015s ]
SQL: SELECT `g_id`,`g_logo`,`g_name`,`g_price` FROM `goods` WHERE `g_id` = 16  [ RunTime:0.0014s ]
SQL: SELECT `g_id`,`g_logo`,`g_name`,`g_price` FROM `goods` WHERE `g_id` = 17  [ RunTime:0.0016s ]
SQL: SELECT `goods_id`,`gu_time` FROM `goodsuser` WHERE `gu_flag` = 'y' AND `school_id` = 3 ORDER BY gu_time desc LIMIT 10   [ RunTime:0.0015s ]
SQL: SELECT `g_id`,`g_logo`,`g_name`,`g_price` FROM `goods` WHERE `g_id` = 6  [ RunTime:0.0014s ]
SQL: SELECT `goods_id`,`gu_time` FROM `goodsuser` WHERE `gu_flag` = 'y' AND `school_id` = 4 ORDER BY gu_time desc LIMIT 10   [ RunTime:0.0015s ]
SQL: SELECT `g_id`,`g_logo`,`g_name`,`g_price` FROM `goods` WHERE `g_id` = 15  [ RunTime:0.0014s ]
SQL: SELECT `h_id`,`h_name`,`h_time`,`user_id`,`h_school` FROM `helpgoods` ORDER BY h_time desc LIMIT 8   [ RunTime:0.0016s ]
INFO: [ view_parse ] --START--
INFO: [ template_filter ] --START--
INFO: Run Behavior\ContentReplaceBehavior [ RunTime:0.000266s ]
INFO: [ template_filter ] --END-- [ RunTime:0.000384s ]
INFO: Run Behavior\ParseTemplateBehavior [ RunTime:0.303994s ]
INFO: [ view_parse ] --END-- [ RunTime:0.304168s ]
INFO: [ view_filter ] --START--
INFO: Run Behavior\WriteHtmlCacheBehavior [ RunTime:0.001132s ]
INFO: [ view_filter ] --END-- [ RunTime:0.001258s ]
INFO: [ app_end ] --START--
INFO: Run Behavior\ShowPageTraceBehavior [ RunTime:0.002475s ]
INFO: [ app_end ] --END-- [ RunTime:0.002671s ]

[ 2017-05-16T18:31:49+08:00 ] ::1 /school/index.php/Home/Index/index
INFO: [ app_init ] --START--
INFO: Run Behavior\BuildLiteBehavior [ RunTime:0.000046s ]
INFO: [ app_init ] --END-- [ RunTime:0.001355s ]
INFO: [ app_begin ] --START--
INFO: Run Behavior\ReadHtmlCacheBehavior [ RunTime:0.001748s ]
INFO: [ app_begin ] --END-- [ RunTime:0.001984s ]
NOTIC: [2048] Declaration of Home\Model\GoodsModel::_after_insert() should be compatible with Think\Model::_after_insert($data, $options) G:\htdocs\school\Application\Home\Model\GoodsModel.class.php 第 6 行.
SQL: SHOW COLUMNS FROM `goods` [ RunTime:0.0514s ]
SQL: SHOW COLUMNS FROM `goodsuser` [ RunTime:0.0509s ]
SQL: SHOW COLUMNS FROM `helpgoods` [ RunTime:0.0349s ]
SQL: SHOW COLUMNS FROM `categorys` [ RunTime:0.0325s ]
SQL: SHOW COLUMNS FROM `tips` [ RunTime:0.0397s ]
SQL: SELECT * FROM `tips` ORDER BY time desc LIMIT 8   [ RunTime:0.0020s ]
SQL: SELECT * FROM `categorys`  [ RunTime:0.0016s ]
SQL: SELECT `c_name` FROM `categorys` WHERE `c_id` = 1 LIMIT 1   [ RunTime:0.0013s ]
SQL: SELECT `c_name` FROM `categorys` WHERE `c_id` = 1 LIMIT 1   [ RunTime:0.0013s ]
SQL: SELECT `c_name` FROM `categorys` WHERE `c_id` = 1 LIMIT 1   [ RunTime:0.0013s ]
SQL: SELECT `c_name` FROM `categorys` WHERE `c_id` = 1 LIMIT 1   [ RunTime:0.0017s ]
SQL: SELECT `c_name` FROM `categorys` WHERE `c_id` = 3 LIMIT 1   [ RunTime:0.0014s ]
SQL: SELECT `c_name` FROM `categorys` WHERE `c_id` = 3 LIMIT 1   [ RunTime:0.0014s ]
SQL: SELECT `c_name` FROM `categorys` WHERE `c_id` = 4 LIMIT 1   [ RunTime:0.0013s ]
SQL: SELECT `c_name` FROM `categorys` WHERE `c_id` = 4 LIMIT 1   [ RunTime:0.0015s ]
SQL: SELECT `c_name` FROM `categorys` WHERE `c_id` = 4 LIMIT 1   [ RunTime:0.0014s ]
SQL: SELECT `c_name` FROM `categorys` WHERE `c_id` = 4 LIMIT 1   [ RunTime:0.0013s ]
SQL: SELECT `c_name` FROM `categorys` WHERE `c_id` = 4 LIMIT 1   [ RunTime:0.0013s ]
SQL: SELECT `c_name` FROM `categorys` WHERE `c_id` = 4 LIMIT 1   [ RunTime:0.0014s ]
SQL: SELECT `c_name` FROM `categorys` WHERE `c_id` = 4 LIMIT 1   [ RunTime:0.0013s ]
SQL: SELECT `c_name` FROM `categorys` WHERE `c_id` = 5 LIMIT 1   [ RunTime:0.0013s ]
SQL: SELECT `c_name` FROM `categorys` WHERE `c_id` = 5 LIMIT 1   [ RunTime:0.0013s ]
SQL: SELECT `c_name` FROM `categorys` WHERE `c_id` = 5 LIMIT 1   [ RunTime:0.0013s ]
SQL: SELECT `c_name` FROM `categorys` WHERE `c_id` = 5 LIMIT 1   [ RunTime:0.0014s ]
SQL: SELECT `c_name` FROM `categorys` WHERE `c_id` = 5 LIMIT 1   [ RunTime:0.0014s ]
SQL: SELECT `c_name` FROM `categorys` WHERE `c_id` = 5 LIMIT 1   [ RunTime:0.0014s ]
SQL: SELECT `c_name` FROM `categorys` WHERE `c_id` = 5 LIMIT 1   [ RunTime:0.0013s ]
SQL: SELECT `c_name` FROM `categorys` WHERE `c_id` = 5 LIMIT 1   [ RunTime:0.0014s ]
SQL: SELECT `c_name` FROM `categorys` WHERE `c_id` = 6 LIMIT 1   [ RunTime:0.0013s ]
SQL: SELECT `c_name` FROM `categorys` WHERE `c_id` = 6 LIMIT 1   [ RunTime:0.0013s ]
SQL: SELECT `c_name` FROM `categorys` WHERE `c_id` = 6 LIMIT 1   [ RunTime:0.0014s ]
SQL: SELECT `c_name` FROM `categorys` WHERE `c_id` = 6 LIMIT 1   [ RunTime:0.0014s ]
SQL: SELECT `c_name` FROM `categorys` WHERE `c_id` = 6 LIMIT 1   [ RunTime:0.0015s ]
SQL: SELECT `c_name` FROM `categorys` WHERE `c_id` = 6 LIMIT 1   [ RunTime:0.0016s ]
SQL: SELECT `c_name` FROM `categorys` WHERE `c_id` = 6 LIMIT 1   [ RunTime:0.0013s ]
SQL: SELECT `c_name` FROM `categorys` WHERE `c_id` = 6 LIMIT 1   [ RunTime:0.0013s ]
SQL: SELECT `c_name` FROM `categorys` WHERE `c_id` = 6 LIMIT 1   [ RunTime:0.0015s ]
SQL: SELECT `c_name` FROM `categorys` WHERE `c_id` = 6 LIMIT 1   [ RunTime:0.0014s ]
SQL: SELECT `c_name` FROM `categorys` WHERE `c_id` = 7 LIMIT 1   [ RunTime:0.0013s ]
SQL: SELECT `c_name` FROM `categorys` WHERE `c_id` = 7 LIMIT 1   [ RunTime:0.0013s ]
SQL: SELECT `c_name` FROM `categorys` WHERE `c_id` = 7 LIMIT 1   [ RunTime:0.0014s ]
SQL: SELECT `c_name` FROM `categorys` WHERE `c_id` = 7 LIMIT 1   [ RunTime:0.0014s ]
SQL: SELECT `c_name` FROM `categorys` WHERE `c_id` = 7 LIMIT 1   [ RunTime:0.0015s ]
SQL: SELECT `c_name` FROM `categorys` WHERE `c_id` = 7 LIMIT 1   [ RunTime:0.0014s ]
SQL: SELECT `c_name` FROM `categorys` WHERE `c_id` = 8 LIMIT 1   [ RunTime:0.0013s ]
SQL: SELECT `c_name` FROM `categorys` WHERE `c_id` = 8 LIMIT 1   [ RunTime:0.0013s ]
SQL: SELECT `c_name` FROM `categorys` WHERE `c_id` = 8 LIMIT 1   [ RunTime:0.0015s ]
SQL: SELECT `c_name` FROM `categorys` WHERE `c_id` = 8 LIMIT 1   [ RunTime:0.0013s ]
SQL: SELECT `c_name` FROM `categorys` WHERE `c_id` = 8 LIMIT 1   [ RunTime:0.0013s ]
SQL: SELECT `c_name` FROM `categorys` WHERE `c_id` = 8 LIMIT 1   [ RunTime:0.0013s ]
SQL: SELECT `c_name` FROM `categorys` WHERE `c_id` = 8 LIMIT 1   [ RunTime:0.0013s ]
SQL: SELECT `c_name` FROM `categorys` WHERE `c_id` = 9 LIMIT 1   [ RunTime:0.0014s ]
SQL: SELECT `c_name` FROM `categorys` WHERE `c_id` = 9 LIMIT 1   [ RunTime:0.0015s ]
SQL: SELECT `c_name` FROM `categorys` WHERE `c_id` = 9 LIMIT 1   [ RunTime:0.0014s ]
SQL: SELECT `c_name` FROM `categorys` WHERE `c_id` = 9 LIMIT 1   [ RunTime:0.0013s ]
SQL: SELECT `c_name` FROM `categorys` WHERE `c_id` = 9 LIMIT 1   [ RunTime:0.0013s ]
SQL: SELECT `c_name` FROM `categorys` WHERE `c_id` = 9 LIMIT 1   [ RunTime:0.0013s ]
SQL: SELECT `c_name` FROM `categorys` WHERE `c_id` = 9 LIMIT 1   [ RunTime:0.0013s ]
SQL: SELECT `c_name` FROM `categorys` WHERE `c_id` = 2 LIMIT 1   [ RunTime:0.0013s ]
SQL: SELECT `goods_id`,`gu_time` FROM `goodsuser` WHERE `gu_flag` = 'y' AND `school_id` = 2 ORDER BY gu_time desc LIMIT 10   [ RunTime:0.0015s ]
SQL: SELECT `g_id`,`g_logo`,`g_name`,`g_price` FROM `goods` WHERE `g_id` = 16  [ RunTime:0.0014s ]
SQL: SELECT `g_id`,`g_logo`,`g_name`,`g_price` FROM `goods` WHERE `g_id` = 17  [ RunTime:0.0014s ]
SQL: SELECT `goods_id`,`gu_time` FROM `goodsuser` WHERE `gu_flag` = 'y' AND `school_id` = 3 ORDER BY gu_time desc LIMIT 10   [ RunTime:0.0016s ]
SQL: SELECT `g_id`,`g_logo`,`g_name`,`g_price` FROM `goods` WHERE `g_id` = 6  [ RunTime:0.0015s ]
SQL: SELECT `goods_id`,`gu_time` FROM `goodsuser` WHERE `gu_flag` = 'y' AND `school_id` = 4 ORDER BY gu_time desc LIMIT 10   [ RunTime:0.0015s ]
SQL: SELECT `g_id`,`g_logo`,`g_name`,`g_price` FROM `goods` WHERE `g_id` = 15  [ RunTime:0.0014s ]
SQL: SELECT `h_id`,`h_name`,`h_time`,`user_id`,`h_school` FROM `helpgoods` ORDER BY h_time desc LIMIT 8   [ RunTime:0.0018s ]
INFO: [ view_parse ] --START--
INFO: [ template_filter ] --START--
INFO: Run Behavior\ContentReplaceBehavior [ RunTime:0.000272s ]
INFO: [ template_filter ] --END-- [ RunTime:0.000402s ]
INFO: Run Behavior\ParseTemplateBehavior [ RunTime:0.196961s ]
INFO: [ view_parse ] --END-- [ RunTime:0.197085s ]
INFO: [ view_filter ] --START--
INFO: Run Behavior\WriteHtmlCacheBehavior [ RunTime:0.000612s ]
INFO: [ view_filter ] --END-- [ RunTime:0.000833s ]
INFO: [ app_end ] --START--
INFO: Run Behavior\ShowPageTraceBehavior [ RunTime:0.002070s ]
INFO: [ app_end ] --END-- [ RunTime:0.002234s ]

[ 2017-05-16T18:31:50+08:00 ] ::1 /school/index.php/Home/Login/check_online
INFO: [ app_init ] --START--
INFO: Run Behavior\BuildLiteBehavior [ RunTime:0.000026s ]
INFO: [ app_init ] --END-- [ RunTime:0.000751s ]
INFO: [ app_begin ] --START--
INFO: Run Behavior\ReadHtmlCacheBehavior [ RunTime:0.000900s ]
INFO: [ app_begin ] --END-- [ RunTime:0.000989s ]
INFO: [ app_end ] --START--
INFO: Run Behavior\ShowPageTraceBehavior [ RunTime:0.000878s ]
INFO: [ app_end ] --END-- [ RunTime:0.000979s ]

[ 2017-05-16T20:55:01+08:00 ] ::1 /school/index.php/Home/Goods/goods_detail/g_id/15.html
INFO: [ app_init ] --START--
INFO: Run Behavior\BuildLiteBehavior [ RunTime:0.000048s ]
INFO: [ app_init ] --END-- [ RunTime:0.001653s ]
INFO: [ app_begin ] --START--
INFO: Run Behavior\ReadHtmlCacheBehavior [ RunTime:0.001307s ]
INFO: [ app_begin ] --END-- [ RunTime:0.001475s ]
NOTIC: [2048] Declaration of Home\Model\GoodsModel::_after_insert() should be compatible with Think\Model::_after_insert($data, $options) G:\htdocs\school\Application\Home\Model\GoodsModel.class.php 第 6 行.
SQL: SHOW COLUMNS FROM `goods` [ RunTime:0.0540s ]
SQL: SELECT * FROM `goods` WHERE `g_id` = 15 LIMIT 1   [ RunTime:0.0022s ]
SQL: SHOW COLUMNS FROM `goodsnew` [ RunTime:0.0404s ]
SQL: SELECT `gn_name` FROM `goodsnew` WHERE `gn_id` = 3 LIMIT 1   [ RunTime:0.0017s ]
NOTIC: [2048] Declaration of Home\Model\UsersModel::_after_insert() should be compatible with Think\Model::_after_insert($data, $options) G:\htdocs\school\Application\Home\Model\UsersModel.class.php 第 114 行.
SQL: SHOW COLUMNS FROM `users` [ RunTime:0.0475s ]
SQL: SELECT `u_qq` FROM `users` WHERE `u_id` = 9 LIMIT 1   [ RunTime:0.0017s ]
SQL: SHOW COLUMNS FROM `categorys` [ RunTime:0.0329s ]
SQL: SELECT * FROM `categorys`  [ RunTime:0.0017s ]
SQL: SHOW COLUMNS FROM `areas` [ RunTime:0.0425s ]
SQL: SELECT * FROM `areas`  [ RunTime:0.0018s ]
INFO: [ view_parse ] --START--
INFO: [ template_filter ] --START--
INFO: Run Behavior\ContentReplaceBehavior [ RunTime:0.000175s ]
INFO: [ template_filter ] --END-- [ RunTime:0.000293s ]
INFO: Run Behavior\ParseTemplateBehavior [ RunTime:0.145623s ]
INFO: [ view_parse ] --END-- [ RunTime:0.145824s ]
INFO: [ view_filter ] --START--
INFO: Run Behavior\WriteHtmlCacheBehavior [ RunTime:0.001025s ]
INFO: [ view_filter ] --END-- [ RunTime:0.001174s ]
INFO: [ app_end ] --START--
INFO: Run Behavior\ShowPageTraceBehavior [ RunTime:0.002423s ]
INFO: [ app_end ] --END-- [ RunTime:0.002616s ]

[ 2017-05-16T20:55:02+08:00 ] ::1 /school/index.php/Home/HelpGoods/hg_detail/hg_id/4.html
INFO: [ app_init ] --START--
INFO: Run Behavior\BuildLiteBehavior [ RunTime:0.000044s ]
INFO: [ app_init ] --END-- [ RunTime:0.002142s ]
INFO: [ app_begin ] --START--
INFO: Run Behavior\ReadHtmlCacheBehavior [ RunTime:0.001543s ]
INFO: [ app_begin ] --END-- [ RunTime:0.001726s ]
SQL: SHOW COLUMNS FROM `helpgoods` [ RunTime:0.0437s ]
SQL: SELECT * FROM `helpgoods` WHERE `h_id` = 4 LIMIT 1   [ RunTime:0.0018s ]
NOTIC: [2048] Declaration of Home\Model\UsersModel::_after_insert() should be compatible with Think\Model::_after_insert($data, $options) G:\htdocs\school\Application\Home\Model\UsersModel.class.php 第 114 行.
SQL: SHOW COLUMNS FROM `users` [ RunTime:0.0450s ]
SQL: SELECT `u_qq` FROM `users` WHERE `u_id` = 9 LIMIT 1   [ RunTime:0.0016s ]
SQL: SHOW COLUMNS FROM `areas` [ RunTime:0.0373s ]
SQL: SELECT `a_name` FROM `areas` WHERE `a_id` = 2 LIMIT 1   [ RunTime:0.0016s ]
INFO: [ view_parse ] --START--
INFO: [ template_filter ] --START--
INFO: Run Behavior\ContentReplaceBehavior [ RunTime:0.000136s ]
INFO: [ template_filter ] --END-- [ RunTime:0.000244s ]
INFO: Run Behavior\ParseTemplateBehavior [ RunTime:0.070265s ]
INFO: [ view_parse ] --END-- [ RunTime:0.070472s ]
INFO: [ view_filter ] --START--
INFO: Run Behavior\WriteHtmlCacheBehavior [ RunTime:0.001078s ]
INFO: [ view_filter ] --END-- [ RunTime:0.001444s ]
INFO: [ app_end ] --START--
INFO: Run Behavior\ShowPageTraceBehavior [ RunTime:0.001463s ]
INFO: [ app_end ] --END-- [ RunTime:0.001608s ]

[ 2017-05-16T20:55:04+08:00 ] ::1 /school/index.php/Home/HelpGoods/hg_detail/hg_id/js/jquery.js
INFO: [ app_init ] --START--
INFO: Run Behavior\BuildLiteBehavior [ RunTime:0.000029s ]
INFO: [ app_init ] --END-- [ RunTime:0.000793s ]
INFO: [ app_begin ] --START--
INFO: Run Behavior\ReadHtmlCacheBehavior [ RunTime:0.001286s ]
INFO: [ app_begin ] --END-- [ RunTime:0.001431s ]
SQL: SHOW COLUMNS FROM `helpgoods` [ RunTime:0.0594s ]
SQL: SELECT * FROM `helpgoods` WHERE `h_id` = 0 LIMIT 1   [ RunTime:0.0019s ]
NOTIC: [2048] Declaration of Home\Model\UsersModel::_after_insert() should be compatible with Think\Model::_after_insert($data, $options) G:\htdocs\school\Application\Home\Model\UsersModel.class.php 第 114 行.
SQL: SHOW COLUMNS FROM `users` [ RunTime:0.0494s ]
SQL: SELECT `u_qq` FROM `users` WHERE `u_id` = null LIMIT 1   [ RunTime:0.0016s ]
SQL: SHOW COLUMNS FROM `areas` [ RunTime:0.0398s ]
SQL: SELECT `a_name` FROM `areas` WHERE `a_id` = null LIMIT 1   [ RunTime:0.0015s ]
INFO: [ view_parse ] --START--
INFO: [ template_filter ] --START--
INFO: Run Behavior\ContentReplaceBehavior [ RunTime:0.000222s ]
INFO: [ template_filter ] --END-- [ RunTime:0.000384s ]
INFO: Run Behavior\ParseTemplateBehavior [ RunTime:0.020626s ]
INFO: [ view_parse ] --END-- [ RunTime:0.020785s ]
INFO: [ view_filter ] --START--
INFO: Run Behavior\WriteHtmlCacheBehavior [ RunTime:0.000933s ]
INFO: [ view_filter ] --END-- [ RunTime:0.001065s ]
INFO: [ app_end ] --START--
INFO: Run Behavior\ShowPageTraceBehavior [ RunTime:0.001514s ]
INFO: [ app_end ] --END-- [ RunTime:0.001644s ]

[ 2017-05-16T20:55:05+08:00 ] ::1 /school/index.php/Home/HelpGoods/hg_detail/hg_id/js/bootstrap.min.js
INFO: [ app_init ] --START--
INFO: Run Behavior\BuildLiteBehavior [ RunTime:0.000034s ]
INFO: [ app_init ] --END-- [ RunTime:0.001467s ]
INFO: [ app_begin ] --START--
INFO: Run Behavior\ReadHtmlCacheBehavior [ RunTime:0.002029s ]
INFO: [ app_begin ] --END-- [ RunTime:0.002258s ]
SQL: SHOW COLUMNS FROM `helpgoods` [ RunTime:0.0502s ]
SQL: SELECT * FROM `helpgoods` WHERE `h_id` = 0 LIMIT 1   [ RunTime:0.0027s ]
NOTIC: [2048] Declaration of Home\Model\UsersModel::_after_insert() should be compatible with Think\Model::_after_insert($data, $options) G:\htdocs\school\Application\Home\Model\UsersModel.class.php 第 114 行.
SQL: SHOW COLUMNS FROM `users` [ RunTime:0.0798s ]
SQL: SELECT `u_qq` FROM `users` WHERE `u_id` = null LIMIT 1   [ RunTime:0.0018s ]
SQL: SHOW COLUMNS FROM `areas` [ RunTime:0.0608s ]
SQL: SELECT `a_name` FROM `areas` WHERE `a_id` = null LIMIT 1   [ RunTime:0.0016s ]
INFO: [ view_parse ] --START--
INFO: [ template_filter ] --START--
INFO: Run Behavior\ContentReplaceBehavior [ RunTime:0.000384s ]
INFO: [ template_filter ] --END-- [ RunTime:0.000613s ]
INFO: Run Behavior\ParseTemplateBehavior [ RunTime:0.082967s ]
INFO: [ view_parse ] --END-- [ RunTime:0.083166s ]
INFO: [ view_filter ] --START--
INFO: Run Behavior\WriteHtmlCacheBehavior [ RunTime:0.003564s ]
INFO: [ view_filter ] --END-- [ RunTime:0.003729s ]
INFO: [ app_end ] --START--
INFO: Run Behavior\ShowPageTraceBehavior [ RunTime:0.001974s ]
INFO: [ app_end ] --END-- [ RunTime:0.002182s ]

[ 2017-05-16T20:55:06+08:00 ] ::1 /school/index.php/Home/HelpGoods/hg_detail/hg_id/js/js.js
INFO: [ app_init ] --START--
INFO: Run Behavior\BuildLiteBehavior [ RunTime:0.000032s ]
INFO: [ app_init ] --END-- [ RunTime:0.001294s ]
INFO: [ app_begin ] --START--
INFO: Run Behavior\ReadHtmlCacheBehavior [ RunTime:0.003261s ]
INFO: [ app_begin ] --END-- [ RunTime:0.003424s ]
SQL: SHOW COLUMNS FROM `helpgoods` [ RunTime:0.0659s ]
SQL: SELECT * FROM `helpgoods` WHERE `h_id` = 0 LIMIT 1   [ RunTime:0.0025s ]
NOTIC: [2048] Declaration of Home\Model\UsersModel::_after_insert() should be compatible with Think\Model::_after_insert($data, $options) G:\htdocs\school\Application\Home\Model\UsersModel.class.php 第 114 行.
SQL: SHOW COLUMNS FROM `users` [ RunTime:0.0510s ]
SQL: SELECT `u_qq` FROM `users` WHERE `u_id` = null LIMIT 1   [ RunTime:0.0013s ]
SQL: SHOW COLUMNS FROM `areas` [ RunTime:0.0344s ]
SQL: SELECT `a_name` FROM `areas` WHERE `a_id` = null LIMIT 1   [ RunTime:0.0013s ]
INFO: [ view_parse ] --START--
INFO: [ template_filter ] --START--
INFO: Run Behavior\ContentReplaceBehavior [ RunTime:0.000114s ]
INFO: [ template_filter ] --END-- [ RunTime:0.000219s ]
INFO: Run Behavior\ParseTemplateBehavior [ RunTime:0.043981s ]
INFO: [ view_parse ] --END-- [ RunTime:0.044143s ]
INFO: [ view_filter ] --START--
INFO: Run Behavior\WriteHtmlCacheBehavior [ RunTime:0.000807s ]
INFO: [ view_filter ] --END-- [ RunTime:0.000902s ]
INFO: [ app_end ] --START--
INFO: Run Behavior\ShowPageTraceBehavior [ RunTime:0.001386s ]
INFO: [ app_end ] --END-- [ RunTime:0.001562s ]

[ 2017-05-16T20:55:18+08:00 ] ::1 /school/index.php/Home/HelpGoods/hg_detail/hg_id/4.html
INFO: [ app_init ] --START--
INFO: Run Behavior\BuildLiteBehavior [ RunTime:0.000031s ]
INFO: [ app_init ] --END-- [ RunTime:0.000872s ]
INFO: [ app_begin ] --START--
INFO: Run Behavior\ReadHtmlCacheBehavior [ RunTime:0.001133s ]
INFO: [ app_begin ] --END-- [ RunTime:0.001256s ]
SQL: SHOW COLUMNS FROM `helpgoods` [ RunTime:0.0614s ]
SQL: SELECT * FROM `helpgoods` WHERE `h_id` = 4 LIMIT 1   [ RunTime:0.0020s ]
NOTIC: [2048] Declaration of Home\Model\UsersModel::_after_insert() should be compatible with Think\Model::_after_insert($data, $options) G:\htdocs\school\Application\Home\Model\UsersModel.class.php 第 114 行.
SQL: SHOW COLUMNS FROM `users` [ RunTime:0.0674s ]
SQL: SELECT `u_qq` FROM `users` WHERE `u_id` = 9 LIMIT 1   [ RunTime:0.0018s ]
SQL: SHOW COLUMNS FROM `areas` [ RunTime:0.0502s ]
SQL: SELECT `a_name` FROM `areas` WHERE `a_id` = 2 LIMIT 1   [ RunTime:0.0018s ]
INFO: [ view_parse ] --START--
INFO: [ template_filter ] --START--
INFO: Run Behavior\ContentReplaceBehavior [ RunTime:0.000252s ]
INFO: [ template_filter ] --END-- [ RunTime:0.000455s ]
INFO: Run Behavior\ParseTemplateBehavior [ RunTime:0.030054s ]
INFO: [ view_parse ] --END-- [ RunTime:0.030286s ]
INFO: [ view_filter ] --START--
INFO: Run Behavior\WriteHtmlCacheBehavior [ RunTime:0.000857s ]
INFO: [ view_filter ] --END-- [ RunTime:0.001032s ]
INFO: [ app_end ] --START--
INFO: Run Behavior\ShowPageTraceBehavior [ RunTime:0.001591s ]
INFO: [ app_end ] --END-- [ RunTime:0.001763s ]

[ 2017-05-16T20:55:20+08:00 ] ::1 /school/index.php/Home/HelpGoods/hg_detail/hg_id/js/jquery.js
INFO: [ app_init ] --START--
INFO: Run Behavior\BuildLiteBehavior [ RunTime:0.000041s ]
INFO: [ app_init ] --END-- [ RunTime:0.001128s ]
INFO: [ app_begin ] --START--
INFO: Run Behavior\ReadHtmlCacheBehavior [ RunTime:0.001356s ]
INFO: [ app_begin ] --END-- [ RunTime:0.001518s ]
SQL: SHOW COLUMNS FROM `helpgoods` [ RunTime:0.0464s ]
SQL: SELECT * FROM `helpgoods` WHERE `h_id` = 0 LIMIT 1   [ RunTime:0.0020s ]
NOTIC: [2048] Declaration of Home\Model\UsersModel::_after_insert() should be compatible with Think\Model::_after_insert($data, $options) G:\htdocs\school\Application\Home\Model\UsersModel.class.php 第 114 行.
SQL: SHOW COLUMNS FROM `users` [ RunTime:0.0520s ]
SQL: SELECT `u_qq` FROM `users` WHERE `u_id` = null LIMIT 1   [ RunTime:0.0016s ]
SQL: SHOW COLUMNS FROM `areas` [ RunTime:0.0388s ]
SQL: SELECT `a_name` FROM `areas` WHERE `a_id` = null LIMIT 1   [ RunTime:0.0016s ]
INFO: [ view_parse ] --START--
INFO: [ template_filter ] --START--
INFO: Run Behavior\ContentReplaceBehavior [ RunTime:0.000164s ]
INFO: [ template_filter ] --END-- [ RunTime:0.000284s ]
INFO: Run Behavior\ParseTemplateBehavior [ RunTime:0.021379s ]
INFO: [ view_parse ] --END-- [ RunTime:0.021587s ]
INFO: [ view_filter ] --START--
INFO: Run Behavior\WriteHtmlCacheBehavior [ RunTime:0.000682s ]
INFO: [ view_filter ] --END-- [ RunTime:0.000802s ]
INFO: [ app_end ] --START--
INFO: Run Behavior\ShowPageTraceBehavior [ RunTime:0.001084s ]
INFO: [ app_end ] --END-- [ RunTime:0.001210s ]

[ 2017-05-16T20:55:21+08:00 ] ::1 /school/index.php/Home/HelpGoods/hg_detail/hg_id/js/bootstrap.min.js
INFO: [ app_init ] --START--
INFO: Run Behavior\BuildLiteBehavior [ RunTime:0.000033s ]
INFO: [ app_init ] --END-- [ RunTime:0.001018s ]
INFO: [ app_begin ] --START--
INFO: Run Behavior\ReadHtmlCacheBehavior [ RunTime:0.001275s ]
INFO: [ app_begin ] --END-- [ RunTime:0.001462s ]
SQL: SHOW COLUMNS FROM `helpgoods` [ RunTime:0.0447s ]
SQL: SELECT * FROM `helpgoods` WHERE `h_id` = 0 LIMIT 1   [ RunTime:0.0019s ]
NOTIC: [2048] Declaration of Home\Model\UsersModel::_after_insert() should be compatible with Think\Model::_after_insert($data, $options) G:\htdocs\school\Application\Home\Model\UsersModel.class.php 第 114 行.
SQL: SHOW COLUMNS FROM `users` [ RunTime:0.0481s ]
SQL: SELECT `u_qq` FROM `users` WHERE `u_id` = null LIMIT 1   [ RunTime:0.0019s ]
SQL: SHOW COLUMNS FROM `areas` [ RunTime:0.0393s ]
SQL: SELECT `a_name` FROM `areas` WHERE `a_id` = null LIMIT 1   [ RunTime:0.0018s ]
INFO: [ view_parse ] --START--
INFO: [ template_filter ] --START--
INFO: Run Behavior\ContentReplaceBehavior [ RunTime:0.000227s ]
INFO: [ template_filter ] --END-- [ RunTime:0.000421s ]
INFO: Run Behavior\ParseTemplateBehavior [ RunTime:0.022797s ]
INFO: [ view_parse ] --END-- [ RunTime:0.022957s ]
INFO: [ view_filter ] --START--
INFO: Run Behavior\WriteHtmlCacheBehavior [ RunTime:0.000583s ]
INFO: [ view_filter ] --END-- [ RunTime:0.000669s ]
INFO: [ app_end ] --START--
INFO: Run Behavior\ShowPageTraceBehavior [ RunTime:0.001054s ]
INFO: [ app_end ] --END-- [ RunTime:0.001151s ]

[ 2017-05-16T20:55:22+08:00 ] ::1 /school/index.php/Home/HelpGoods/hg_detail/hg_id/js/js.js
INFO: [ app_init ] --START--
INFO: Run Behavior\BuildLiteBehavior [ RunTime:0.000035s ]
INFO: [ app_init ] --END-- [ RunTime:0.001008s ]
INFO: [ app_begin ] --START--
INFO: Run Behavior\ReadHtmlCacheBehavior [ RunTime:0.001345s ]
INFO: [ app_begin ] --END-- [ RunTime:0.001506s ]
SQL: SHOW COLUMNS FROM `helpgoods` [ RunTime:0.0675s ]
SQL: SELECT * FROM `helpgoods` WHERE `h_id` = 0 LIMIT 1   [ RunTime:0.0022s ]
NOTIC: [2048] Declaration of Home\Model\UsersModel::_after_insert() should be compatible with Think\Model::_after_insert($data, $options) G:\htdocs\school\Application\Home\Model\UsersModel.class.php 第 114 行.
SQL: SHOW COLUMNS FROM `users` [ RunTime:0.0615s ]
SQL: SELECT `u_qq` FROM `users` WHERE `u_id` = null LIMIT 1   [ RunTime:0.0018s ]
SQL: SHOW COLUMNS FROM `areas` [ RunTime:0.0696s ]
SQL: SELECT `a_name` FROM `areas` WHERE `a_id` = null LIMIT 1   [ RunTime:0.0017s ]
INFO: [ view_parse ] --START--
INFO: [ template_filter ] --START--
INFO: Run Behavior\ContentReplaceBehavior [ RunTime:0.000212s ]
INFO: [ template_filter ] --END-- [ RunTime:0.000363s ]
INFO: Run Behavior\ParseTemplateBehavior [ RunTime:0.025752s ]
INFO: [ view_parse ] --END-- [ RunTime:0.025954s ]
INFO: [ view_filter ] --START--
INFO: Run Behavior\WriteHtmlCacheBehavior [ RunTime:0.000742s ]
INFO: [ view_filter ] --END-- [ RunTime:0.000871s ]
INFO: [ app_end ] --START--
INFO: Run Behavior\ShowPageTraceBehavior [ RunTime:0.001405s ]
INFO: [ app_end ] --END-- [ RunTime:0.001543s ]

