[ 2016-12-28T19:22:05+08:00 ] ::1 /school/index.php/Admin/Admins/admin_list
INFO: [ app_init ] --START--
INFO: Run Behavior\BuildLiteBehavior [ RunTime:0.000084s ]
INFO: [ app_init ] --END-- [ RunTime:0.139581s ]
INFO: [ app_begin ] --START--
INFO: Run Behavior\ReadHtmlCacheBehavior [ RunTime:0.104131s ]
INFO: [ app_begin ] --END-- [ RunTime:0.104467s ]
NOTIC: [2048] Declaration of Admin\Model\AdminsModel::_before_delete() should be compatible with that of Think\Model::_before_delete() G:\htdocs\school\Application\Admin\Model\AdminsModel.class.php 第 6 行.
SQL: SHOW COLUMNS FROM `admins` [ RunTime:0.0883s ]
SQL: SELECT * FROM `admins`  [ RunTime:0.0340s ]
INFO: [ view_parse ] --START--
INFO: [ template_filter ] --START--
INFO: Run Behavior\ContentReplaceBehavior [ RunTime:0.000331s ]
INFO: [ template_filter ] --END-- [ RunTime:0.000624s ]
NOTIC: [8] Undefined variable: page G:\htdocs\school\Application\Runtime\Cache\Admin\fa7115e32824dc84031f77db44590d15.php 第 226 行.
INFO: Run Behavior\ParseTemplateBehavior [ RunTime:1.238089s ]
INFO: [ view_parse ] --END-- [ RunTime:1.238331s ]
INFO: [ view_filter ] --START--
INFO: Run Behavior\WriteHtmlCacheBehavior [ RunTime:0.084422s ]
INFO: [ view_filter ] --END-- [ RunTime:0.084716s ]
INFO: [ app_end ] --START--
INFO: Run Behavior\ShowPageTraceBehavior [ RunTime:0.113846s ]
INFO: [ app_end ] --END-- [ RunTime:0.114118s ]

