[ 2017-07-16T14:46:59+08:00 ] ::1 /school/index.php/Admin/index/index
INFO: [ app_init ] --START--
INFO: Run Behavior\BuildLiteBehavior [ RunTime:0.000000s ]
INFO: [ app_init ] --END-- [ RunTime:0.000000s ]
INFO: [ app_begin ] --START--
INFO: Run Behavior\ReadHtmlCacheBehavior [ RunTime:0.000000s ]
INFO: [ app_begin ] --END-- [ RunTime:0.000000s ]
INFO: [ view_parse ] --START--
INFO: [ template_filter ] --START--
INFO: Run Behavior\ContentReplaceBehavior [ RunTime:0.000000s ]
INFO: [ template_filter ] --END-- [ RunTime:0.000000s ]
INFO: Run Behavior\ParseTemplateBehavior [ RunTime:0.277016s ]
INFO: [ view_parse ] --END-- [ RunTime:0.277016s ]
INFO: [ view_filter ] --START--
INFO: Run Behavior\WriteHtmlCacheBehavior [ RunTime:0.001000s ]
INFO: [ view_filter ] --END-- [ RunTime:0.001000s ]

[ 2017-07-16T14:47:02+08:00 ] ::1 /school/index.php/Admin/Login/login.html
INFO: [ app_init ] --START--
INFO: Run Behavior\BuildLiteBehavior [ RunTime:0.000000s ]
INFO: [ app_init ] --END-- [ RunTime:0.000000s ]
INFO: [ app_begin ] --START--
INFO: Run Behavior\ReadHtmlCacheBehavior [ RunTime:0.000000s ]
INFO: [ app_begin ] --END-- [ RunTime:0.000000s ]
INFO: [ view_parse ] --START--
INFO: [ template_filter ] --START--
INFO: Run Behavior\ContentReplaceBehavior [ RunTime:0.000000s ]
INFO: [ template_filter ] --END-- [ RunTime:0.000000s ]
INFO: Run Behavior\ParseTemplateBehavior [ RunTime:0.017001s ]
INFO: [ view_parse ] --END-- [ RunTime:0.017001s ]
INFO: [ view_filter ] --START--
INFO: Run Behavior\WriteHtmlCacheBehavior [ RunTime:0.001000s ]
INFO: [ view_filter ] --END-- [ RunTime:0.001000s ]
INFO: [ app_end ] --START--
INFO: Run Behavior\ShowPageTraceBehavior [ RunTime:0.000000s ]
INFO: [ app_end ] --END-- [ RunTime:0.000000s ]

[ 2017-07-16T14:47:22+08:00 ] ::1 /school/index.php/Admin/Login/login.html
INFO: [ app_init ] --START--
INFO: Run Behavior\BuildLiteBehavior [ RunTime:0.000000s ]
INFO: [ app_init ] --END-- [ RunTime:0.000000s ]
INFO: [ app_begin ] --START--
INFO: Run Behavior\ReadHtmlCacheBehavior [ RunTime:0.001000s ]
INFO: [ app_begin ] --END-- [ RunTime:0.001000s ]
NOTIC: [2048] Declaration of Admin\Model\AdminsModel::_before_delete() should be compatible with Think\Model::_before_delete($options) F:\htdocs\school\Application\Admin\Model\AdminsModel.class.php 第 8 行.
SQL: SHOW COLUMNS FROM `admins` [ RunTime:0.0460s ]
SQL: SELECT * FROM `admins` WHERE `a_account` = 'admin0701' LIMIT 1   [ RunTime:0.0000s ]
INFO: [ view_parse ] --START--
INFO: [ template_filter ] --START--
INFO: Run Behavior\ContentReplaceBehavior [ RunTime:0.000000s ]
INFO: [ template_filter ] --END-- [ RunTime:0.000000s ]
INFO: Run Behavior\ParseTemplateBehavior [ RunTime:0.016001s ]
INFO: [ view_parse ] --END-- [ RunTime:0.016001s ]
INFO: [ view_filter ] --START--
INFO: Run Behavior\WriteHtmlCacheBehavior [ RunTime:0.001000s ]
INFO: [ view_filter ] --END-- [ RunTime:0.001000s ]

[ 2017-07-16T14:47:23+08:00 ] ::1 /school/index.php/Admin/Index/index.html
INFO: [ app_init ] --START--
INFO: Run Behavior\BuildLiteBehavior [ RunTime:0.000000s ]
INFO: [ app_init ] --END-- [ RunTime:0.000000s ]
INFO: [ app_begin ] --START--
INFO: Run Behavior\ReadHtmlCacheBehavior [ RunTime:0.001000s ]
INFO: [ app_begin ] --END-- [ RunTime:0.001000s ]
INFO: [ view_parse ] --START--
INFO: [ template_filter ] --START--
INFO: Run Behavior\ContentReplaceBehavior [ RunTime:0.000000s ]
INFO: [ template_filter ] --END-- [ RunTime:0.000000s ]
INFO: Run Behavior\ParseTemplateBehavior [ RunTime:0.070004s ]
INFO: [ view_parse ] --END-- [ RunTime:0.070004s ]
INFO: [ view_filter ] --START--
INFO: Run Behavior\WriteHtmlCacheBehavior [ RunTime:0.000000s ]
INFO: [ view_filter ] --END-- [ RunTime:0.000000s ]
INFO: [ app_end ] --START--
INFO: Run Behavior\ShowPageTraceBehavior [ RunTime:0.000000s ]
INFO: [ app_end ] --END-- [ RunTime:0.001000s ]

[ 2017-07-16T14:47:25+08:00 ] ::1 /school/index.php/Admin/Interface/get_register_num
INFO: [ app_init ] --START--
INFO: Run Behavior\BuildLiteBehavior [ RunTime:0.000000s ]
INFO: [ app_init ] --END-- [ RunTime:0.000000s ]
INFO: [ app_begin ] --START--
INFO: Run Behavior\ReadHtmlCacheBehavior [ RunTime:0.001000s ]
INFO: [ app_begin ] --END-- [ RunTime:0.001000s ]
SQL: SHOW COLUMNS FROM `areas` [ RunTime:0.0000s ]
SQL: SHOW COLUMNS FROM `users` [ RunTime:0.0000s ]
SQL: SELECT * FROM `areas` WHERE `a_name` = '西安工业大学' LIMIT 1   [ RunTime:0.0000s ]
SQL: SELECT * FROM `users` WHERE `u_school` = '6'  [ RunTime:0.0000s ]
SQL: SELECT * FROM `areas` WHERE `a_name` = '陕西科技大学' LIMIT 1   [ RunTime:0.0000s ]
SQL: SELECT * FROM `users` WHERE `u_school` = '3'  [ RunTime:0.0000s ]
SQL: SELECT * FROM `areas` WHERE `a_name` = '西安医学院' LIMIT 1   [ RunTime:0.0156s ]
SQL: SELECT * FROM `users` WHERE `u_school` = '4'  [ RunTime:0.0000s ]
INFO: [ app_end ] --START--
INFO: Run Behavior\ShowPageTraceBehavior [ RunTime:0.000000s ]
INFO: [ app_end ] --END-- [ RunTime:0.000000s ]

[ 2017-07-16T14:47:26+08:00 ] ::1 /school/index.php/Admin/Interface/get_help_num
INFO: [ app_init ] --START--
INFO: Run Behavior\BuildLiteBehavior [ RunTime:0.000000s ]
INFO: [ app_init ] --END-- [ RunTime:0.000000s ]
INFO: [ app_begin ] --START--
INFO: Run Behavior\ReadHtmlCacheBehavior [ RunTime:0.000000s ]
INFO: [ app_begin ] --END-- [ RunTime:0.000000s ]
SQL: SHOW COLUMNS FROM `areas` [ RunTime:0.0020s ]
SQL: SHOW COLUMNS FROM `helpgoods` [ RunTime:0.0030s ]
SQL: SELECT * FROM `areas` WHERE `a_name` = '西安工业大学' LIMIT 1   [ RunTime:0.0010s ]
SQL: SELECT * FROM `areas` WHERE `a_name` = '陕西科技大学' LIMIT 1   [ RunTime:0.0000s ]
SQL: SELECT * FROM `areas` WHERE `a_name` = '西安医学院' LIMIT 1   [ RunTime:0.0000s ]
SQL: SELECT * FROM `helpgoods` WHERE `h_school` = 6  [ RunTime:0.0000s ]
SQL: SELECT * FROM `helpgoods` WHERE `h_school` = 3  [ RunTime:0.0000s ]
SQL: SELECT * FROM `helpgoods` WHERE `h_school` = 4  [ RunTime:0.0000s ]
INFO: [ app_end ] --START--
INFO: Run Behavior\ShowPageTraceBehavior [ RunTime:0.001000s ]
INFO: [ app_end ] --END-- [ RunTime:0.001000s ]

[ 2017-07-16T14:47:27+08:00 ] ::1 /school/index.php/Admin/Interface/get_goods_num
INFO: [ app_init ] --START--
INFO: Run Behavior\BuildLiteBehavior [ RunTime:0.000000s ]
INFO: [ app_init ] --END-- [ RunTime:0.001000s ]
INFO: [ app_begin ] --START--
INFO: Run Behavior\ReadHtmlCacheBehavior [ RunTime:0.001000s ]
INFO: [ app_begin ] --END-- [ RunTime:0.001000s ]
SQL: SHOW COLUMNS FROM `areas` [ RunTime:0.0020s ]
SQL: SHOW COLUMNS FROM `goods` [ RunTime:0.0030s ]
SQL: SELECT * FROM `areas` WHERE `a_name` = '西安工业大学' LIMIT 1   [ RunTime:0.0000s ]
SQL: SELECT * FROM `areas` WHERE `a_name` = '陕西科技大学' LIMIT 1   [ RunTime:0.0000s ]
SQL: SELECT * FROM `areas` WHERE `a_name` = '西安医学院' LIMIT 1   [ RunTime:0.0000s ]
SQL: SELECT * FROM `goods` WHERE `g_school` = 6 AND `g_flag` = 'y'  [ RunTime:0.0010s ]
SQL: SELECT * FROM `goods` WHERE `g_school` = 3 AND `g_flag` = 'y'  [ RunTime:0.0000s ]
SQL: SELECT * FROM `goods` WHERE `g_school` = 4 AND `g_flag` = 'y'  [ RunTime:0.0000s ]
INFO: [ app_end ] --START--
INFO: Run Behavior\ShowPageTraceBehavior [ RunTime:0.001000s ]
INFO: [ app_end ] --END-- [ RunTime:0.001000s ]

[ 2017-07-16T14:47:31+08:00 ] ::1 /school/index.php/Admin/Index/index.html
INFO: [ app_init ] --START--
INFO: Run Behavior\BuildLiteBehavior [ RunTime:0.000000s ]
INFO: [ app_init ] --END-- [ RunTime:0.000000s ]
INFO: [ app_begin ] --START--
INFO: Run Behavior\ReadHtmlCacheBehavior [ RunTime:0.000000s ]
INFO: [ app_begin ] --END-- [ RunTime:0.000000s ]
INFO: [ view_parse ] --START--
INFO: [ template_filter ] --START--
INFO: Run Behavior\ContentReplaceBehavior [ RunTime:0.000000s ]
INFO: [ template_filter ] --END-- [ RunTime:0.000000s ]
INFO: Run Behavior\ParseTemplateBehavior [ RunTime:0.009001s ]
INFO: [ view_parse ] --END-- [ RunTime:0.009001s ]
INFO: [ view_filter ] --START--
INFO: Run Behavior\WriteHtmlCacheBehavior [ RunTime:0.000000s ]
INFO: [ view_filter ] --END-- [ RunTime:0.000000s ]
INFO: [ app_end ] --START--
INFO: Run Behavior\ShowPageTraceBehavior [ RunTime:0.000000s ]
INFO: [ app_end ] --END-- [ RunTime:0.000000s ]

[ 2017-07-16T14:47:32+08:00 ] ::1 /school/index.php/Admin/Interface/get_goods_num
INFO: [ app_init ] --START--
INFO: Run Behavior\BuildLiteBehavior [ RunTime:0.000000s ]
INFO: [ app_init ] --END-- [ RunTime:0.001000s ]
INFO: [ app_begin ] --START--
INFO: Run Behavior\ReadHtmlCacheBehavior [ RunTime:0.000000s ]
INFO: [ app_begin ] --END-- [ RunTime:0.000000s ]
SQL: SHOW COLUMNS FROM `areas` [ RunTime:0.0060s ]
SQL: SHOW COLUMNS FROM `goods` [ RunTime:0.0070s ]
SQL: SELECT * FROM `areas` WHERE `a_name` = '西安工业大学' LIMIT 1   [ RunTime:0.0010s ]
SQL: SELECT * FROM `areas` WHERE `a_name` = '陕西科技大学' LIMIT 1   [ RunTime:0.0010s ]
SQL: SELECT * FROM `areas` WHERE `a_name` = '西安医学院' LIMIT 1   [ RunTime:0.0010s ]
SQL: SELECT * FROM `goods` WHERE `g_school` = 6 AND `g_flag` = 'y'  [ RunTime:0.0010s ]
SQL: SELECT * FROM `goods` WHERE `g_school` = 3 AND `g_flag` = 'y'  [ RunTime:0.0010s ]
SQL: SELECT * FROM `goods` WHERE `g_school` = 4 AND `g_flag` = 'y'  [ RunTime:0.0000s ]
INFO: [ app_end ] --START--
INFO: Run Behavior\ShowPageTraceBehavior [ RunTime:0.001000s ]
INFO: [ app_end ] --END-- [ RunTime:0.001000s ]

[ 2017-07-16T14:47:33+08:00 ] ::1 /school/index.php/Admin/Interface/get_register_num
INFO: [ app_init ] --START--
INFO: Run Behavior\BuildLiteBehavior [ RunTime:0.000000s ]
INFO: [ app_init ] --END-- [ RunTime:0.000000s ]
INFO: [ app_begin ] --START--
INFO: Run Behavior\ReadHtmlCacheBehavior [ RunTime:0.001000s ]
INFO: [ app_begin ] --END-- [ RunTime:0.001000s ]
SQL: SHOW COLUMNS FROM `areas` [ RunTime:0.0020s ]
SQL: SHOW COLUMNS FROM `users` [ RunTime:0.0020s ]
SQL: SELECT * FROM `areas` WHERE `a_name` = '西安工业大学' LIMIT 1   [ RunTime:0.0000s ]
SQL: SELECT * FROM `users` WHERE `u_school` = '6'  [ RunTime:0.0000s ]
SQL: SELECT * FROM `areas` WHERE `a_name` = '陕西科技大学' LIMIT 1   [ RunTime:0.0000s ]
SQL: SELECT * FROM `users` WHERE `u_school` = '3'  [ RunTime:0.0000s ]
SQL: SELECT * FROM `areas` WHERE `a_name` = '西安医学院' LIMIT 1   [ RunTime:0.0000s ]
SQL: SELECT * FROM `users` WHERE `u_school` = '4'  [ RunTime:0.0000s ]
INFO: [ app_end ] --START--
INFO: Run Behavior\ShowPageTraceBehavior [ RunTime:0.001000s ]
INFO: [ app_end ] --END-- [ RunTime:0.001000s ]

[ 2017-07-16T14:47:34+08:00 ] ::1 /school/index.php/Admin/Interface/get_help_num
INFO: [ app_init ] --START--
INFO: Run Behavior\BuildLiteBehavior [ RunTime:0.000000s ]
INFO: [ app_init ] --END-- [ RunTime:0.000000s ]
INFO: [ app_begin ] --START--
INFO: Run Behavior\ReadHtmlCacheBehavior [ RunTime:0.001000s ]
INFO: [ app_begin ] --END-- [ RunTime:0.001000s ]
SQL: SHOW COLUMNS FROM `areas` [ RunTime:0.0020s ]
SQL: SHOW COLUMNS FROM `helpgoods` [ RunTime:0.0020s ]
SQL: SELECT * FROM `areas` WHERE `a_name` = '西安工业大学' LIMIT 1   [ RunTime:0.0000s ]
SQL: SELECT * FROM `areas` WHERE `a_name` = '陕西科技大学' LIMIT 1   [ RunTime:0.0010s ]
SQL: SELECT * FROM `areas` WHERE `a_name` = '西安医学院' LIMIT 1   [ RunTime:0.0000s ]
SQL: SELECT * FROM `helpgoods` WHERE `h_school` = 6  [ RunTime:0.0000s ]
SQL: SELECT * FROM `helpgoods` WHERE `h_school` = 3  [ RunTime:0.0000s ]
SQL: SELECT * FROM `helpgoods` WHERE `h_school` = 4  [ RunTime:0.0000s ]
INFO: [ app_end ] --START--
INFO: Run Behavior\ShowPageTraceBehavior [ RunTime:0.001000s ]
INFO: [ app_end ] --END-- [ RunTime:0.001000s ]

