[ 2017-01-11T20:25:46+08:00 ] ::1 /school/index.php/Admin/Areas/area_add
INFO: [ app_init ] --START--
INFO: Run Behavior\BuildLiteBehavior [ RunTime:0.000371s ]
INFO: [ app_init ] --END-- [ RunTime:0.040550s ]
INFO: [ app_begin ] --START--
INFO: Run Behavior\ReadHtmlCacheBehavior [ RunTime:0.044844s ]
INFO: [ app_begin ] --END-- [ RunTime:0.044976s ]
SQL: SHOW COLUMNS FROM `areas` [ RunTime:0.8812s ]
SQL: SELECT * FROM `areas` WHERE ( a_pid=0 )  [ RunTime:0.1096s ]
INFO: [ view_parse ] --START--
INFO: [ template_filter ] --START--
INFO: Run Behavior\ContentReplaceBehavior [ RunTime:0.000110s ]
INFO: [ template_filter ] --END-- [ RunTime:0.000215s ]
INFO: Run Behavior\ParseTemplateBehavior [ RunTime:0.897264s ]
INFO: [ view_parse ] --END-- [ RunTime:0.897413s ]
INFO: [ view_filter ] --START--
INFO: Run Behavior\WriteHtmlCacheBehavior [ RunTime:0.081780s ]
INFO: [ view_filter ] --END-- [ RunTime:0.081901s ]
INFO: [ app_end ] --START--
INFO: Run Behavior\ShowPageTraceBehavior [ RunTime:0.044479s ]
INFO: [ app_end ] --END-- [ RunTime:0.044572s ]

