[ 2017-06-17T21:17:33+08:00 ] ::1 /school/index.php/Admin/Index/index
INFO: [ app_init ] --START--
INFO: Run Behavior\BuildLiteBehavior [ RunTime:0.000044s ]
INFO: [ app_init ] --END-- [ RunTime:0.001829s ]
INFO: [ app_begin ] --START--
INFO: Run Behavior\ReadHtmlCacheBehavior [ RunTime:0.001565s ]
INFO: [ app_begin ] --END-- [ RunTime:0.001812s ]
INFO: [ view_parse ] --START--
INFO: [ template_filter ] --START--
INFO: Run Behavior\ContentReplaceBehavior [ RunTime:0.000174s ]
INFO: [ template_filter ] --END-- [ RunTime:0.000332s ]
INFO: Run Behavior\ParseTemplateBehavior [ RunTime:0.041562s ]
INFO: [ view_parse ] --END-- [ RunTime:0.041733s ]
INFO: [ view_filter ] --START--
INFO: Run Behavior\WriteHtmlCacheBehavior [ RunTime:0.000705s ]
INFO: [ view_filter ] --END-- [ RunTime:0.000826s ]

[ 2017-06-17T21:17:36+08:00 ] ::1 /school/index.php/Admin/Login/login.html
INFO: [ app_init ] --START--
INFO: Run Behavior\BuildLiteBehavior [ RunTime:0.000025s ]
INFO: [ app_init ] --END-- [ RunTime:0.000746s ]
INFO: [ app_begin ] --START--
INFO: Run Behavior\ReadHtmlCacheBehavior [ RunTime:0.001881s ]
INFO: [ app_begin ] --END-- [ RunTime:0.002016s ]
INFO: [ view_parse ] --START--
INFO: [ template_filter ] --START--
INFO: Run Behavior\ContentReplaceBehavior [ RunTime:0.000153s ]
INFO: [ template_filter ] --END-- [ RunTime:0.000341s ]
INFO: Run Behavior\ParseTemplateBehavior [ RunTime:0.122938s ]
INFO: [ view_parse ] --END-- [ RunTime:0.123103s ]
INFO: [ view_filter ] --START--
INFO: Run Behavior\WriteHtmlCacheBehavior [ RunTime:0.000471s ]
INFO: [ view_filter ] --END-- [ RunTime:0.000550s ]
INFO: [ app_end ] --START--
INFO: Run Behavior\ShowPageTraceBehavior [ RunTime:0.000987s ]
INFO: [ app_end ] --END-- [ RunTime:0.001116s ]

[ 2017-06-17T21:17:44+08:00 ] ::1 /school/index.php/Admin/Login/login.html
INFO: [ app_init ] --START--
INFO: Run Behavior\BuildLiteBehavior [ RunTime:0.000016s ]
INFO: [ app_init ] --END-- [ RunTime:0.000391s ]
INFO: [ app_begin ] --START--
INFO: Run Behavior\ReadHtmlCacheBehavior [ RunTime:0.000552s ]
INFO: [ app_begin ] --END-- [ RunTime:0.000622s ]
NOTIC: [2048] Declaration of Admin\Model\AdminsModel::_before_delete() should be compatible with Think\Model::_before_delete($options) G:\htdocs\school\Application\Admin\Model\AdminsModel.class.php 第 6 行.
SQL: SHOW COLUMNS FROM `admins` [ RunTime:0.0918s ]
SQL: SELECT * FROM `admins` WHERE `a_account` = 'admin0701' LIMIT 1   [ RunTime:0.0033s ]
INFO: [ view_parse ] --START--
INFO: [ template_filter ] --START--
INFO: Run Behavior\ContentReplaceBehavior [ RunTime:0.000129s ]
INFO: [ template_filter ] --END-- [ RunTime:0.000308s ]
INFO: Run Behavior\ParseTemplateBehavior [ RunTime:0.022587s ]
INFO: [ view_parse ] --END-- [ RunTime:0.022756s ]
INFO: [ view_filter ] --START--
INFO: Run Behavior\WriteHtmlCacheBehavior [ RunTime:0.000667s ]
INFO: [ view_filter ] --END-- [ RunTime:0.000961s ]

[ 2017-06-17T21:17:45+08:00 ] ::1 /school/index.php/Admin/Index/index.html
INFO: [ app_init ] --START--
INFO: Run Behavior\BuildLiteBehavior [ RunTime:0.000030s ]
INFO: [ app_init ] --END-- [ RunTime:0.000937s ]
INFO: [ app_begin ] --START--
INFO: Run Behavior\ReadHtmlCacheBehavior [ RunTime:0.001419s ]
INFO: [ app_begin ] --END-- [ RunTime:0.001574s ]
INFO: [ view_parse ] --START--
INFO: [ template_filter ] --START--
INFO: Run Behavior\ContentReplaceBehavior [ RunTime:0.000337s ]
INFO: [ template_filter ] --END-- [ RunTime:0.000465s ]
INFO: Run Behavior\ParseTemplateBehavior [ RunTime:0.500513s ]
INFO: [ view_parse ] --END-- [ RunTime:0.500641s ]
INFO: [ view_filter ] --START--
INFO: Run Behavior\WriteHtmlCacheBehavior [ RunTime:0.000718s ]
INFO: [ view_filter ] --END-- [ RunTime:0.000802s ]
INFO: [ app_end ] --START--
INFO: Run Behavior\ShowPageTraceBehavior [ RunTime:0.001872s ]
INFO: [ app_end ] --END-- [ RunTime:0.002022s ]

[ 2017-06-17T21:17:48+08:00 ] ::1 /school/index.php/Admin/Interface/get_register_num
INFO: [ app_init ] --START--
INFO: Run Behavior\BuildLiteBehavior [ RunTime:0.000027s ]
INFO: [ app_init ] --END-- [ RunTime:0.000787s ]
INFO: [ app_begin ] --START--
INFO: Run Behavior\ReadHtmlCacheBehavior [ RunTime:0.001111s ]
INFO: [ app_begin ] --END-- [ RunTime:0.001227s ]
SQL: SHOW COLUMNS FROM `areas` [ RunTime:0.0415s ]
SQL: SHOW COLUMNS FROM `users` [ RunTime:0.0394s ]
SQL: SELECT * FROM `areas` WHERE `a_name` = '西安工业大学' LIMIT 1   [ RunTime:0.0013s ]
SQL: SELECT * FROM `users` WHERE `u_school` = '6'  [ RunTime:0.0013s ]
SQL: SELECT * FROM `areas` WHERE `a_name` = '陕西科技大学' LIMIT 1   [ RunTime:0.0011s ]
SQL: SELECT * FROM `users` WHERE `u_school` = '3'  [ RunTime:0.0012s ]
SQL: SELECT * FROM `areas` WHERE `a_name` = '西安医学院' LIMIT 1   [ RunTime:0.0011s ]
SQL: SELECT * FROM `users` WHERE `u_school` = '4'  [ RunTime:0.0012s ]
INFO: [ app_end ] --START--
INFO: Run Behavior\ShowPageTraceBehavior [ RunTime:0.000986s ]
INFO: [ app_end ] --END-- [ RunTime:0.001068s ]

[ 2017-06-17T21:17:50+08:00 ] ::1 /school/index.php/Admin/Interface/get_goods_num
INFO: [ app_init ] --START--
INFO: Run Behavior\BuildLiteBehavior [ RunTime:0.000030s ]
INFO: [ app_init ] --END-- [ RunTime:0.009723s ]
INFO: [ app_begin ] --START--
INFO: Run Behavior\ReadHtmlCacheBehavior [ RunTime:0.000987s ]
INFO: [ app_begin ] --END-- [ RunTime:0.001087s ]
SQL: SHOW COLUMNS FROM `areas` [ RunTime:0.0679s ]
SQL: SHOW COLUMNS FROM `goods` [ RunTime:0.0252s ]
SQL: SELECT * FROM `areas` WHERE `a_name` = '西安工业大学' LIMIT 1   [ RunTime:0.0010s ]
SQL: SELECT * FROM `areas` WHERE `a_name` = '陕西科技大学' LIMIT 1   [ RunTime:0.0009s ]
SQL: SELECT * FROM `areas` WHERE `a_name` = '西安医学院' LIMIT 1   [ RunTime:0.0008s ]
SQL: SELECT * FROM `goods` WHERE `g_school` = 6 AND `g_flag` = 'y'  [ RunTime:0.0010s ]
SQL: SELECT * FROM `goods` WHERE `g_school` = 3 AND `g_flag` = 'y'  [ RunTime:0.0008s ]
SQL: SELECT * FROM `goods` WHERE `g_school` = 4 AND `g_flag` = 'y'  [ RunTime:0.0009s ]
INFO: [ app_end ] --START--
INFO: Run Behavior\ShowPageTraceBehavior [ RunTime:0.000556s ]
INFO: [ app_end ] --END-- [ RunTime:0.000593s ]

[ 2017-06-17T21:17:51+08:00 ] ::1 /school/index.php/Admin/Interface/get_help_num
INFO: [ app_init ] --START--
INFO: Run Behavior\BuildLiteBehavior [ RunTime:0.000023s ]
INFO: [ app_init ] --END-- [ RunTime:0.000901s ]
INFO: [ app_begin ] --START--
INFO: Run Behavior\ReadHtmlCacheBehavior [ RunTime:0.000950s ]
INFO: [ app_begin ] --END-- [ RunTime:0.001038s ]
SQL: SHOW COLUMNS FROM `areas` [ RunTime:0.0241s ]
SQL: SHOW COLUMNS FROM `helpgoods` [ RunTime:0.0176s ]
SQL: SELECT * FROM `areas` WHERE `a_name` = '西安工业大学' LIMIT 1   [ RunTime:0.0010s ]
SQL: SELECT * FROM `areas` WHERE `a_name` = '陕西科技大学' LIMIT 1   [ RunTime:0.0009s ]
SQL: SELECT * FROM `areas` WHERE `a_name` = '西安医学院' LIMIT 1   [ RunTime:0.0008s ]
SQL: SELECT * FROM `helpgoods` WHERE `h_school` = 6  [ RunTime:0.0009s ]
SQL: SELECT * FROM `helpgoods` WHERE `h_school` = 3  [ RunTime:0.0008s ]
SQL: SELECT * FROM `helpgoods` WHERE `h_school` = 4  [ RunTime:0.0009s ]
INFO: [ app_end ] --START--
INFO: Run Behavior\ShowPageTraceBehavior [ RunTime:0.000722s ]
INFO: [ app_end ] --END-- [ RunTime:0.000779s ]

[ 2017-06-17T21:18:46+08:00 ] ::1 /school/index.php/Admin/Areas/area_list.html
INFO: [ app_init ] --START--
INFO: Run Behavior\BuildLiteBehavior [ RunTime:0.000016s ]
INFO: [ app_init ] --END-- [ RunTime:0.000521s ]
INFO: [ app_begin ] --START--
INFO: Run Behavior\ReadHtmlCacheBehavior [ RunTime:0.000628s ]
INFO: [ app_begin ] --END-- [ RunTime:0.000692s ]
SQL: SHOW COLUMNS FROM `areas` [ RunTime:0.0197s ]
SQL: SELECT * FROM `areas`  [ RunTime:0.0010s ]
INFO: [ view_parse ] --START--
INFO: [ template_filter ] --START--
INFO: Run Behavior\ContentReplaceBehavior [ RunTime:0.000102s ]
INFO: [ template_filter ] --END-- [ RunTime:0.000157s ]
INFO: Run Behavior\ParseTemplateBehavior [ RunTime:0.093126s ]
INFO: [ view_parse ] --END-- [ RunTime:0.093203s ]
INFO: [ view_filter ] --START--
INFO: Run Behavior\WriteHtmlCacheBehavior [ RunTime:0.000247s ]
INFO: [ view_filter ] --END-- [ RunTime:0.000288s ]
INFO: [ app_end ] --START--
INFO: Run Behavior\ShowPageTraceBehavior [ RunTime:0.000906s ]
INFO: [ app_end ] --END-- [ RunTime:0.001053s ]

[ 2017-06-17T21:18:53+08:00 ] ::1 /school/index.php/Admin/Categorys/cat_list.html
INFO: [ app_init ] --START--
INFO: Run Behavior\BuildLiteBehavior [ RunTime:0.000030s ]
INFO: [ app_init ] --END-- [ RunTime:0.000883s ]
INFO: [ app_begin ] --START--
INFO: Run Behavior\ReadHtmlCacheBehavior [ RunTime:0.001151s ]
INFO: [ app_begin ] --END-- [ RunTime:0.001282s ]
SQL: SHOW COLUMNS FROM `categorys` [ RunTime:0.2812s ]
SQL: SELECT * FROM `categorys`  [ RunTime:0.0017s ]
INFO: [ view_parse ] --START--
INFO: [ template_filter ] --START--
INFO: Run Behavior\ContentReplaceBehavior [ RunTime:0.000187s ]
INFO: [ template_filter ] --END-- [ RunTime:0.000299s ]
INFO: Run Behavior\ParseTemplateBehavior [ RunTime:0.231215s ]
INFO: [ view_parse ] --END-- [ RunTime:0.231660s ]
INFO: [ view_filter ] --START--
INFO: Run Behavior\WriteHtmlCacheBehavior [ RunTime:0.000535s ]
INFO: [ view_filter ] --END-- [ RunTime:0.000605s ]
INFO: [ app_end ] --START--
INFO: Run Behavior\ShowPageTraceBehavior [ RunTime:0.001115s ]
INFO: [ app_end ] --END-- [ RunTime:0.001702s ]

[ 2017-06-17T21:18:59+08:00 ] ::1 /school/index.php/Admin/Login/logout.html
INFO: [ app_init ] --START--
INFO: Run Behavior\BuildLiteBehavior [ RunTime:0.000018s ]
INFO: [ app_init ] --END-- [ RunTime:0.000531s ]
INFO: [ app_begin ] --START--
INFO: Run Behavior\ReadHtmlCacheBehavior [ RunTime:0.000578s ]
INFO: [ app_begin ] --END-- [ RunTime:0.000645s ]
NOTIC: [2048] Declaration of Admin\Model\AdminsModel::_before_delete() should be compatible with Think\Model::_before_delete($options) G:\htdocs\school\Application\Admin\Model\AdminsModel.class.php 第 6 行.
SQL: SHOW COLUMNS FROM `admins` [ RunTime:0.0819s ]

[ 2017-06-17T21:18:59+08:00 ] ::1 /school/index.php/Admin/Login/login
INFO: [ app_init ] --START--
INFO: Run Behavior\BuildLiteBehavior [ RunTime:0.000223s ]
INFO: [ app_init ] --END-- [ RunTime:0.001516s ]
INFO: [ app_begin ] --START--
INFO: Run Behavior\ReadHtmlCacheBehavior [ RunTime:0.001567s ]
INFO: [ app_begin ] --END-- [ RunTime:0.001786s ]
INFO: [ view_parse ] --START--
INFO: [ template_filter ] --START--
INFO: Run Behavior\ContentReplaceBehavior [ RunTime:0.000113s ]
INFO: [ template_filter ] --END-- [ RunTime:0.000272s ]
INFO: Run Behavior\ParseTemplateBehavior [ RunTime:0.062779s ]
INFO: [ view_parse ] --END-- [ RunTime:0.062982s ]
INFO: [ view_filter ] --START--
INFO: Run Behavior\WriteHtmlCacheBehavior [ RunTime:0.000764s ]
INFO: [ view_filter ] --END-- [ RunTime:0.000905s ]
INFO: [ app_end ] --START--
INFO: Run Behavior\ShowPageTraceBehavior [ RunTime:0.003685s ]
INFO: [ app_end ] --END-- [ RunTime:0.003866s ]

