[ 2017-01-10T11:34:29+08:00 ] ::1 /school/index.php/Admin/Login/login
INFO: [ app_init ] --START--
INFO: Run Behavior\BuildLiteBehavior [ RunTime:0.000054s ]
INFO: [ app_init ] --END-- [ RunTime:0.002521s ]
INFO: [ app_begin ] --START--
INFO: Run Behavior\ReadHtmlCacheBehavior [ RunTime:0.004469s ]
INFO: [ app_begin ] --END-- [ RunTime:0.005681s ]
INFO: [ view_parse ] --START--
INFO: [ template_filter ] --START--
INFO: Run Behavior\ContentReplaceBehavior [ RunTime:0.000186s ]
INFO: [ template_filter ] --END-- [ RunTime:0.000492s ]
INFO: Run Behavior\ParseTemplateBehavior [ RunTime:0.309811s ]
INFO: [ view_parse ] --END-- [ RunTime:0.310154s ]
INFO: [ view_filter ] --START--
INFO: Run Behavior\WriteHtmlCacheBehavior [ RunTime:0.001453s ]
INFO: [ view_filter ] --END-- [ RunTime:0.002455s ]
INFO: [ app_end ] --START--
INFO: Run Behavior\ShowPageTraceBehavior [ RunTime:0.005120s ]
INFO: [ app_end ] --END-- [ RunTime:0.005355s ]

[ 2017-01-10T11:34:47+08:00 ] ::1 /school/index.php/Admin/Login/login
INFO: [ app_init ] --START--
INFO: Run Behavior\BuildLiteBehavior [ RunTime:0.000021s ]
INFO: [ app_init ] --END-- [ RunTime:0.000453s ]
INFO: [ app_begin ] --START--
INFO: Run Behavior\ReadHtmlCacheBehavior [ RunTime:0.000569s ]
INFO: [ app_begin ] --END-- [ RunTime:0.000656s ]
NOTIC: [2048] Declaration of Admin\Model\AdminsModel::_before_delete() should be compatible with that of Think\Model::_before_delete() G:\htdocs\school\Application\Admin\Model\AdminsModel.class.php 第 6 行.
SQL: SHOW COLUMNS FROM `admins` [ RunTime:0.2703s ]
SQL: SELECT * FROM `admins` WHERE `a_account` = '789' LIMIT 1   [ RunTime:0.1204s ]
INFO: [ view_parse ] --START--
INFO: [ template_filter ] --START--
INFO: Run Behavior\ContentReplaceBehavior [ RunTime:0.000692s ]
INFO: [ template_filter ] --END-- [ RunTime:0.001227s ]
INFO: Run Behavior\ParseTemplateBehavior [ RunTime:0.144790s ]
INFO: [ view_parse ] --END-- [ RunTime:0.145020s ]
INFO: [ view_filter ] --START--
INFO: Run Behavior\WriteHtmlCacheBehavior [ RunTime:0.000757s ]
INFO: [ view_filter ] --END-- [ RunTime:0.000929s ]

[ 2017-01-10T11:34:48+08:00 ] ::1 /school/index.php/Admin/Index/index.html
INFO: [ app_init ] --START--
INFO: Run Behavior\BuildLiteBehavior [ RunTime:0.000048s ]
INFO: [ app_init ] --END-- [ RunTime:0.000990s ]
INFO: [ app_begin ] --START--
INFO: Run Behavior\ReadHtmlCacheBehavior [ RunTime:0.001165s ]
INFO: [ app_begin ] --END-- [ RunTime:0.001342s ]
INFO: [ view_parse ] --START--
INFO: [ template_filter ] --START--
INFO: Run Behavior\ContentReplaceBehavior [ RunTime:0.000232s ]
INFO: [ template_filter ] --END-- [ RunTime:0.000508s ]
INFO: Run Behavior\ParseTemplateBehavior [ RunTime:0.192798s ]
INFO: [ view_parse ] --END-- [ RunTime:0.193013s ]
INFO: [ view_filter ] --START--
INFO: Run Behavior\WriteHtmlCacheBehavior [ RunTime:0.000653s ]
INFO: [ view_filter ] --END-- [ RunTime:0.000804s ]
INFO: [ app_end ] --START--
INFO: Run Behavior\ShowPageTraceBehavior [ RunTime:0.001752s ]
INFO: [ app_end ] --END-- [ RunTime:0.001957s ]

[ 2017-01-10T11:35:53+08:00 ] ::1 /school/index.php/Admin/Messages.message_list
INFO: [ app_init ] --START--
INFO: Run Behavior\BuildLiteBehavior [ RunTime:0.000104s ]
INFO: [ app_init ] --END-- [ RunTime:0.001284s ]
INFO: [ app_begin ] --START--
INFO: Run Behavior\ReadHtmlCacheBehavior [ RunTime:0.001431s ]
INFO: [ app_begin ] --END-- [ RunTime:0.001638s ]
ERR: 无法加载控制器:Messages.message_list

[ 2017-01-10T11:36:00+08:00 ] ::1 /school/index.php/Admin/Messages/message_list
INFO: [ app_init ] --START--
INFO: Run Behavior\BuildLiteBehavior [ RunTime:0.000070s ]
INFO: [ app_init ] --END-- [ RunTime:0.001516s ]
INFO: [ app_begin ] --START--
INFO: Run Behavior\ReadHtmlCacheBehavior [ RunTime:0.001846s ]
INFO: [ app_begin ] --END-- [ RunTime:0.002099s ]

[ 2017-01-10T11:36:27+08:00 ] ::1 /school/index.php/Admin/Messages/message_list
INFO: [ app_init ] --START--
INFO: Run Behavior\BuildLiteBehavior [ RunTime:0.000067s ]
INFO: [ app_init ] --END-- [ RunTime:0.012070s ]
INFO: [ app_begin ] --START--
INFO: Run Behavior\ReadHtmlCacheBehavior [ RunTime:0.001942s ]
INFO: [ app_begin ] --END-- [ RunTime:0.002170s ]
INFO: [ view_parse ] --START--
INFO: [ template_filter ] --START--
INFO: Run Behavior\ContentReplaceBehavior [ RunTime:0.000109s ]
INFO: [ template_filter ] --END-- [ RunTime:0.000313s ]
INFO: Run Behavior\ParseTemplateBehavior [ RunTime:0.044928s ]
INFO: [ view_parse ] --END-- [ RunTime:0.045167s ]
INFO: [ view_filter ] --START--
INFO: Run Behavior\WriteHtmlCacheBehavior [ RunTime:0.000879s ]
INFO: [ view_filter ] --END-- [ RunTime:0.001052s ]
INFO: [ app_end ] --START--
INFO: Run Behavior\ShowPageTraceBehavior [ RunTime:0.001494s ]
INFO: [ app_end ] --END-- [ RunTime:0.001673s ]

[ 2017-01-10T11:37:49+08:00 ] ::1 /school/index.php/Admin/Messages/message_list
INFO: [ app_init ] --START--
INFO: Run Behavior\BuildLiteBehavior [ RunTime:0.000063s ]
INFO: [ app_init ] --END-- [ RunTime:0.001514s ]
INFO: [ app_begin ] --START--
INFO: Run Behavior\ReadHtmlCacheBehavior [ RunTime:0.001633s ]
INFO: [ app_begin ] --END-- [ RunTime:0.001898s ]
INFO: [ view_parse ] --START--
INFO: [ template_filter ] --START--
INFO: Run Behavior\ContentReplaceBehavior [ RunTime:0.000202s ]
INFO: [ template_filter ] --END-- [ RunTime:0.000368s ]
NOTIC: [8] Undefined variable: nav1 G:\htdocs\school\Application\Runtime\Cache\Admin\83d4799b5403aa64469a7fc19010beae.php 第 196 行.
NOTIC: [8] Undefined variable: nav2 G:\htdocs\school\Application\Runtime\Cache\Admin\83d4799b5403aa64469a7fc19010beae.php 第 197 行.
NOTIC: [8] Undefined variable: nav3 G:\htdocs\school\Application\Runtime\Cache\Admin\83d4799b5403aa64469a7fc19010beae.php 第 198 行.
NOTIC: [8] Undefined variable: s_type G:\htdocs\school\Application\Runtime\Cache\Admin\83d4799b5403aa64469a7fc19010beae.php 第 212 行.
NOTIC: [8] Undefined variable: s_type G:\htdocs\school\Application\Runtime\Cache\Admin\83d4799b5403aa64469a7fc19010beae.php 第 213 行.
NOTIC: [8] Undefined variable: data G:\htdocs\school\Application\Runtime\Cache\Admin\83d4799b5403aa64469a7fc19010beae.php 第 273 行.
NOTIC: [8] Undefined variable: page G:\htdocs\school\Application\Runtime\Cache\Admin\83d4799b5403aa64469a7fc19010beae.php 第 288 行.
INFO: Run Behavior\ParseTemplateBehavior [ RunTime:0.120873s ]
INFO: [ view_parse ] --END-- [ RunTime:0.121082s ]
INFO: [ view_filter ] --START--
INFO: Run Behavior\WriteHtmlCacheBehavior [ RunTime:0.000899s ]
INFO: [ view_filter ] --END-- [ RunTime:0.001050s ]
INFO: [ app_end ] --START--
INFO: Run Behavior\ShowPageTraceBehavior [ RunTime:0.001525s ]
INFO: [ app_end ] --END-- [ RunTime:0.001692s ]

[ 2017-01-10T11:38:39+08:00 ] ::1 /school/index.php/Admin/Messages/message_list
INFO: [ app_init ] --START--
INFO: Run Behavior\BuildLiteBehavior [ RunTime:0.000037s ]
INFO: [ app_init ] --END-- [ RunTime:0.000780s ]
INFO: [ app_begin ] --START--
INFO: Run Behavior\ReadHtmlCacheBehavior [ RunTime:0.000983s ]
INFO: [ app_begin ] --END-- [ RunTime:0.001125s ]
INFO: [ view_parse ] --START--
INFO: [ template_filter ] --START--
INFO: Run Behavior\ContentReplaceBehavior [ RunTime:0.000162s ]
INFO: [ template_filter ] --END-- [ RunTime:0.000320s ]
NOTIC: [8] Undefined variable: nav1 G:\htdocs\school\Application\Runtime\Cache\Admin\83d4799b5403aa64469a7fc19010beae.php 第 196 行.
NOTIC: [8] Undefined variable: nav2 G:\htdocs\school\Application\Runtime\Cache\Admin\83d4799b5403aa64469a7fc19010beae.php 第 197 行.
NOTIC: [8] Undefined variable: nav3 G:\htdocs\school\Application\Runtime\Cache\Admin\83d4799b5403aa64469a7fc19010beae.php 第 198 行.
NOTIC: [8] Undefined variable: data G:\htdocs\school\Application\Runtime\Cache\Admin\83d4799b5403aa64469a7fc19010beae.php 第 225 行.
NOTIC: [8] Undefined variable: page G:\htdocs\school\Application\Runtime\Cache\Admin\83d4799b5403aa64469a7fc19010beae.php 第 240 行.
INFO: Run Behavior\ParseTemplateBehavior [ RunTime:0.087384s ]
INFO: [ view_parse ] --END-- [ RunTime:0.087528s ]
INFO: [ view_filter ] --START--
INFO: Run Behavior\WriteHtmlCacheBehavior [ RunTime:0.000603s ]
INFO: [ view_filter ] --END-- [ RunTime:0.000723s ]
INFO: [ app_end ] --START--
INFO: Run Behavior\ShowPageTraceBehavior [ RunTime:0.001417s ]
INFO: [ app_end ] --END-- [ RunTime:0.005320s ]

[ 2017-01-10T11:38:57+08:00 ] ::1 /school/index.php/Admin/Messages/message_list
INFO: [ app_init ] --START--
INFO: Run Behavior\BuildLiteBehavior [ RunTime:0.000059s ]
INFO: [ app_init ] --END-- [ RunTime:0.001491s ]
INFO: [ app_begin ] --START--
INFO: Run Behavior\ReadHtmlCacheBehavior [ RunTime:0.001768s ]
INFO: [ app_begin ] --END-- [ RunTime:0.002109s ]
INFO: [ view_parse ] --START--
INFO: [ template_filter ] --START--
INFO: Run Behavior\ContentReplaceBehavior [ RunTime:0.000237s ]
INFO: [ template_filter ] --END-- [ RunTime:0.000452s ]
NOTIC: [8] Undefined variable: nav1 G:\htdocs\school\Application\Runtime\Cache\Admin\83d4799b5403aa64469a7fc19010beae.php 第 196 行.
NOTIC: [8] Undefined variable: nav2 G:\htdocs\school\Application\Runtime\Cache\Admin\83d4799b5403aa64469a7fc19010beae.php 第 197 行.
NOTIC: [8] Undefined variable: nav3 G:\htdocs\school\Application\Runtime\Cache\Admin\83d4799b5403aa64469a7fc19010beae.php 第 198 行.
NOTIC: [8] Undefined variable: data G:\htdocs\school\Application\Runtime\Cache\Admin\83d4799b5403aa64469a7fc19010beae.php 第 223 行.
NOTIC: [8] Undefined variable: page G:\htdocs\school\Application\Runtime\Cache\Admin\83d4799b5403aa64469a7fc19010beae.php 第 238 行.
INFO: Run Behavior\ParseTemplateBehavior [ RunTime:0.167186s ]
INFO: [ view_parse ] --END-- [ RunTime:0.167437s ]
INFO: [ view_filter ] --START--
INFO: Run Behavior\WriteHtmlCacheBehavior [ RunTime:0.000863s ]
INFO: [ view_filter ] --END-- [ RunTime:0.001039s ]
INFO: [ app_end ] --START--
INFO: Run Behavior\ShowPageTraceBehavior [ RunTime:0.001829s ]
INFO: [ app_end ] --END-- [ RunTime:0.002168s ]

[ 2017-01-10T11:39:28+08:00 ] ::1 /school/index.php/Admin/Messages/message_list
INFO: [ app_init ] --START--
INFO: Run Behavior\BuildLiteBehavior [ RunTime:0.000098s ]
INFO: [ app_init ] --END-- [ RunTime:0.001562s ]
INFO: [ app_begin ] --START--
INFO: Run Behavior\ReadHtmlCacheBehavior [ RunTime:0.001494s ]
INFO: [ app_begin ] --END-- [ RunTime:0.001702s ]
INFO: [ view_parse ] --START--
INFO: [ template_filter ] --START--
INFO: Run Behavior\ContentReplaceBehavior [ RunTime:0.000271s ]
INFO: [ template_filter ] --END-- [ RunTime:0.000532s ]
NOTIC: [8] Undefined variable: nav1 G:\htdocs\school\Application\Runtime\Cache\Admin\83d4799b5403aa64469a7fc19010beae.php 第 196 行.
NOTIC: [8] Undefined variable: nav2 G:\htdocs\school\Application\Runtime\Cache\Admin\83d4799b5403aa64469a7fc19010beae.php 第 197 行.
NOTIC: [8] Undefined variable: nav3 G:\htdocs\school\Application\Runtime\Cache\Admin\83d4799b5403aa64469a7fc19010beae.php 第 198 行.
NOTIC: [8] Undefined variable: data G:\htdocs\school\Application\Runtime\Cache\Admin\83d4799b5403aa64469a7fc19010beae.php 第 219 行.
NOTIC: [8] Undefined variable: page G:\htdocs\school\Application\Runtime\Cache\Admin\83d4799b5403aa64469a7fc19010beae.php 第 234 行.
INFO: Run Behavior\ParseTemplateBehavior [ RunTime:0.143588s ]
INFO: [ view_parse ] --END-- [ RunTime:0.143808s ]
INFO: [ view_filter ] --START--
INFO: Run Behavior\WriteHtmlCacheBehavior [ RunTime:0.000850s ]
INFO: [ view_filter ] --END-- [ RunTime:0.001026s ]
INFO: [ app_end ] --START--
INFO: Run Behavior\ShowPageTraceBehavior [ RunTime:0.001490s ]
INFO: [ app_end ] --END-- [ RunTime:0.001666s ]

[ 2017-01-10T11:44:09+08:00 ] ::1 /school/index.php/Admin/Messages/message_list
INFO: [ app_init ] --START--
INFO: Run Behavior\BuildLiteBehavior [ RunTime:0.000073s ]
INFO: [ app_init ] --END-- [ RunTime:0.001673s ]
INFO: [ app_begin ] --START--
INFO: Run Behavior\ReadHtmlCacheBehavior [ RunTime:0.001971s ]
INFO: [ app_begin ] --END-- [ RunTime:0.002262s ]
INFO: [ view_parse ] --START--
INFO: [ template_filter ] --START--
INFO: Run Behavior\ContentReplaceBehavior [ RunTime:0.000232s ]
INFO: [ template_filter ] --END-- [ RunTime:0.000446s ]
NOTIC: [8] Undefined variable: nav1 G:\htdocs\school\Application\Runtime\Cache\Admin\83d4799b5403aa64469a7fc19010beae.php 第 196 行.
NOTIC: [8] Undefined variable: nav2 G:\htdocs\school\Application\Runtime\Cache\Admin\83d4799b5403aa64469a7fc19010beae.php 第 197 行.
NOTIC: [8] Undefined variable: nav3 G:\htdocs\school\Application\Runtime\Cache\Admin\83d4799b5403aa64469a7fc19010beae.php 第 198 行.
NOTIC: [8] Undefined variable: data G:\htdocs\school\Application\Runtime\Cache\Admin\83d4799b5403aa64469a7fc19010beae.php 第 215 行.
NOTIC: [8] Undefined variable: page G:\htdocs\school\Application\Runtime\Cache\Admin\83d4799b5403aa64469a7fc19010beae.php 第 230 行.
INFO: Run Behavior\ParseTemplateBehavior [ RunTime:0.244303s ]
INFO: [ view_parse ] --END-- [ RunTime:0.244521s ]
INFO: [ view_filter ] --START--
INFO: Run Behavior\WriteHtmlCacheBehavior [ RunTime:0.001018s ]
INFO: [ view_filter ] --END-- [ RunTime:0.001265s ]
INFO: [ app_end ] --START--
INFO: Run Behavior\ShowPageTraceBehavior [ RunTime:0.001663s ]
INFO: [ app_end ] --END-- [ RunTime:0.001822s ]

[ 2017-01-10T11:50:16+08:00 ] ::1 /school/index.php/Admin/Messages/message_list
INFO: [ app_init ] --START--
INFO: Run Behavior\BuildLiteBehavior [ RunTime:0.000032s ]
INFO: [ app_init ] --END-- [ RunTime:0.000887s ]
INFO: [ app_begin ] --START--
INFO: Run Behavior\ReadHtmlCacheBehavior [ RunTime:0.001355s ]
INFO: [ app_begin ] --END-- [ RunTime:0.001509s ]
INFO: [ view_parse ] --START--
INFO: [ template_filter ] --START--
INFO: Run Behavior\ContentReplaceBehavior [ RunTime:0.000152s ]
INFO: [ template_filter ] --END-- [ RunTime:0.000295s ]
NOTIC: [8] Undefined variable: nav1 G:\htdocs\school\Application\Runtime\Cache\Admin\83d4799b5403aa64469a7fc19010beae.php 第 196 行.
NOTIC: [8] Undefined variable: nav2 G:\htdocs\school\Application\Runtime\Cache\Admin\83d4799b5403aa64469a7fc19010beae.php 第 197 行.
NOTIC: [8] Undefined variable: nav3 G:\htdocs\school\Application\Runtime\Cache\Admin\83d4799b5403aa64469a7fc19010beae.php 第 198 行.
NOTIC: [8] Undefined variable: data G:\htdocs\school\Application\Runtime\Cache\Admin\83d4799b5403aa64469a7fc19010beae.php 第 215 行.
NOTIC: [8] Undefined variable: page G:\htdocs\school\Application\Runtime\Cache\Admin\83d4799b5403aa64469a7fc19010beae.php 第 230 行.
INFO: Run Behavior\ParseTemplateBehavior [ RunTime:0.169212s ]
INFO: [ view_parse ] --END-- [ RunTime:0.169339s ]
INFO: [ view_filter ] --START--
INFO: Run Behavior\WriteHtmlCacheBehavior [ RunTime:0.000970s ]
INFO: [ view_filter ] --END-- [ RunTime:0.001192s ]
INFO: [ app_end ] --START--
INFO: Run Behavior\ShowPageTraceBehavior [ RunTime:0.001786s ]
INFO: [ app_end ] --END-- [ RunTime:0.001947s ]

